#! /usr/local/iverilog/bin/vvp
:ivl_version "11.0 (devel)";
:ivl_delay_selection "TYPICAL";
:vpi_time_precision - 12;
:vpi_module "Y:\iverilog\lib\ivl\system.vpi";
:vpi_module "Y:\iverilog\lib\ivl\vhdl_sys.vpi";
:vpi_module "Y:\iverilog\lib\ivl\vhdl_textio.vpi";
:vpi_module "Y:\iverilog\lib\ivl\v2005_math.vpi";
:vpi_module "Y:\iverilog\lib\ivl\va_math.vpi";
S_0000000000862780 .scope module, "M_DP" "M_DP" 2 5;
 .timescale -9 -12;
    .port_info 0 /INPUT 32 "dm_temp";
    .port_info 1 /INPUT 3 "dp_sel";
    .port_info 2 /INPUT 32 "dp_a";
    .port_info 3 /OUTPUT 32 "dm_out";
o000000000089aa78 .functor BUFZ 32, C4<zzzzzzzzzzzzzzzzzzzzzzzzzzzzzzzz>; HiZ drive
L_000000000088ca50 .functor BUFZ 32, o000000000089aa78, C4<00000000000000000000000000000000>, C4<00000000000000000000000000000000>, C4<00000000000000000000000000000000>;
L_00000000008f3d08 .functor BUFT 1, C4<00000000000000000000000000010000>, C4<0>, C4<0>, C4<0>;
v000000000088d6b0_0 .net/2u *"_ivl_10", 31 0, L_00000000008f3d08;  1 drivers
v000000000088ccb0_0 .net *"_ivl_100", 31 0, L_000000000093ca90;  1 drivers
L_00000000008f41d0 .functor BUFT 1, C4<010>, C4<0>, C4<0>, C4<0>;
v000000000088e830_0 .net/2u *"_ivl_102", 2 0, L_00000000008f41d0;  1 drivers
v000000000088dbb0_0 .net *"_ivl_104", 0 0, L_000000000093c3b0;  1 drivers
L_00000000008f4218 .functor BUFT 1, C4<0000000000000000>, C4<0>, C4<0>, C4<0>;
v000000000088ce90_0 .net/2u *"_ivl_106", 15 0, L_00000000008f4218;  1 drivers
v000000000088cf30_0 .net *"_ivl_108", 31 0, L_000000000093bff0;  1 drivers
L_00000000008f4260 .functor BUFT 1, C4<100>, C4<0>, C4<0>, C4<0>;
v000000000088e0b0_0 .net/2u *"_ivl_110", 2 0, L_00000000008f4260;  1 drivers
v000000000088e8d0_0 .net *"_ivl_112", 0 0, L_000000000093cbd0;  1 drivers
L_00000000008f42a8 .functor BUFT 1, C4<000000000000000000000000>, C4<0>, C4<0>, C4<0>;
v000000000088d750_0 .net/2u *"_ivl_114", 23 0, L_00000000008f42a8;  1 drivers
v000000000088d930_0 .net *"_ivl_116", 31 0, L_000000000093d710;  1 drivers
v000000000088d110_0 .net *"_ivl_118", 31 0, L_000000000093d5d0;  1 drivers
v000000000088e470_0 .net *"_ivl_120", 31 0, L_000000000093da30;  1 drivers
v000000000088e150_0 .net *"_ivl_122", 31 0, L_000000000093d670;  1 drivers
v000000000088e510_0 .net *"_ivl_124", 31 0, L_000000000093d7b0;  1 drivers
v000000000088de30_0 .net *"_ivl_13", 31 0, L_00000000008f19e0;  1 drivers
v000000000088e5b0_0 .net *"_ivl_14", 31 0, L_00000000008f18a0;  1 drivers
v000000000088d250_0 .net *"_ivl_16", 33 0, L_00000000008f1a80;  1 drivers
L_00000000008f3d50 .functor BUFT 1, C4<00>, C4<0>, C4<0>, C4<0>;
v000000000088d7f0_0 .net *"_ivl_19", 1 0, L_00000000008f3d50;  1 drivers
L_00000000008f3c78 .functor BUFT 1, C4<00000000000000000000000000001111>, C4<0>, C4<0>, C4<0>;
v000000000088e330_0 .net/2u *"_ivl_2", 31 0, L_00000000008f3c78;  1 drivers
L_00000000008f3d98 .functor BUFT 1, C4<0000000000000000000000000000001111>, C4<0>, C4<0>, C4<0>;
v000000000088e3d0_0 .net/2s *"_ivl_20", 33 0, L_00000000008f3d98;  1 drivers
v000000000088d9d0_0 .net/s *"_ivl_22", 33 0, L_00000000008f2200;  1 drivers
L_00000000008f3de0 .functor BUFT 1, C4<00000000000000000000000000000111>, C4<0>, C4<0>, C4<0>;
v000000000088dc50_0 .net/2u *"_ivl_26", 31 0, L_00000000008f3de0;  1 drivers
v000000000088dcf0_0 .net *"_ivl_29", 1 0, L_00000000008f2340;  1 drivers
v000000000088df70_0 .net *"_ivl_30", 31 0, L_00000000008f23e0;  1 drivers
L_00000000008f3e28 .functor BUFT 1, C4<000000000000000000000000000000>, C4<0>, C4<0>, C4<0>;
v000000000088d390_0 .net *"_ivl_33", 29 0, L_00000000008f3e28;  1 drivers
L_00000000008f3e70 .functor BUFT 1, C4<00000000000000000000000000001000>, C4<0>, C4<0>, C4<0>;
v000000000088dd90_0 .net/2u *"_ivl_34", 31 0, L_00000000008f3e70;  1 drivers
v000000000088ded0_0 .net *"_ivl_37", 31 0, L_00000000008f2520;  1 drivers
v000000000088e1f0_0 .net *"_ivl_38", 31 0, L_00000000008f27a0;  1 drivers
v000000000088ea10_0 .net *"_ivl_40", 33 0, L_00000000008f2840;  1 drivers
L_00000000008f3eb8 .functor BUFT 1, C4<00>, C4<0>, C4<0>, C4<0>;
v000000000088eab0_0 .net *"_ivl_43", 1 0, L_00000000008f3eb8;  1 drivers
L_00000000008f3f00 .functor BUFT 1, C4<0000000000000000000000000000000111>, C4<0>, C4<0>, C4<0>;
v000000000088cfd0_0 .net/2s *"_ivl_44", 33 0, L_00000000008f3f00;  1 drivers
v000000000088d430_0 .net/s *"_ivl_46", 33 0, L_00000000008f28e0;  1 drivers
v000000000088d4d0_0 .net *"_ivl_5", 0 0, L_00000000008f2020;  1 drivers
L_00000000008f3f48 .functor BUFT 1, C4<00000000000000000000000000001111>, C4<0>, C4<0>, C4<0>;
v00000000008f25c0_0 .net/2u *"_ivl_50", 31 0, L_00000000008f3f48;  1 drivers
v00000000008f3560_0 .net *"_ivl_53", 0 0, L_00000000008f2a20;  1 drivers
v00000000008f34c0_0 .net *"_ivl_54", 31 0, L_00000000008f2b60;  1 drivers
L_00000000008f3f90 .functor BUFT 1, C4<0000000000000000000000000000000>, C4<0>, C4<0>, C4<0>;
v00000000008f1ee0_0 .net *"_ivl_57", 30 0, L_00000000008f3f90;  1 drivers
L_00000000008f3fd8 .functor BUFT 1, C4<00000000000000000000000000010000>, C4<0>, C4<0>, C4<0>;
v00000000008f2660_0 .net/2u *"_ivl_58", 31 0, L_00000000008f3fd8;  1 drivers
v00000000008f2ca0_0 .net *"_ivl_6", 31 0, L_00000000008f20c0;  1 drivers
v00000000008f1da0_0 .net *"_ivl_61", 31 0, L_000000000093d990;  1 drivers
v00000000008f2d40_0 .net *"_ivl_62", 31 0, L_000000000093d3f0;  1 drivers
L_00000000008f4020 .functor BUFT 1, C4<00000000000000000000000000000111>, C4<0>, C4<0>, C4<0>;
v00000000008f1b20_0 .net/2u *"_ivl_66", 31 0, L_00000000008f4020;  1 drivers
v00000000008f2c00_0 .net *"_ivl_69", 1 0, L_000000000093d2b0;  1 drivers
v00000000008f1940_0 .net *"_ivl_70", 31 0, L_000000000093ce50;  1 drivers
L_00000000008f4068 .functor BUFT 1, C4<000000000000000000000000000000>, C4<0>, C4<0>, C4<0>;
v00000000008f3420_0 .net *"_ivl_73", 29 0, L_00000000008f4068;  1 drivers
L_00000000008f40b0 .functor BUFT 1, C4<00000000000000000000000000001000>, C4<0>, C4<0>, C4<0>;
v00000000008f3100_0 .net/2u *"_ivl_74", 31 0, L_00000000008f40b0;  1 drivers
v00000000008f1d00_0 .net *"_ivl_77", 31 0, L_000000000093c270;  1 drivers
v00000000008f1bc0_0 .net *"_ivl_78", 31 0, L_000000000093d490;  1 drivers
L_00000000008f40f8 .functor BUFT 1, C4<000>, C4<0>, C4<0>, C4<0>;
v00000000008f2f20_0 .net/2u *"_ivl_82", 2 0, L_00000000008f40f8;  1 drivers
v00000000008f2fc0_0 .net *"_ivl_84", 0 0, L_000000000093cef0;  1 drivers
L_00000000008f4140 .functor BUFT 1, C4<001>, C4<0>, C4<0>, C4<0>;
v00000000008f2480_0 .net/2u *"_ivl_86", 2 0, L_00000000008f4140;  1 drivers
v00000000008f32e0_0 .net *"_ivl_88", 0 0, L_000000000093d030;  1 drivers
L_00000000008f3cc0 .functor BUFT 1, C4<0000000000000000000000000000000>, C4<0>, C4<0>, C4<0>;
v00000000008f3740_0 .net *"_ivl_9", 30 0, L_00000000008f3cc0;  1 drivers
v00000000008f3060_0 .net *"_ivl_90", 15 0, L_000000000093c810;  1 drivers
v00000000008f2160_0 .net *"_ivl_92", 31 0, L_000000000093c450;  1 drivers
L_00000000008f4188 .functor BUFT 1, C4<011>, C4<0>, C4<0>, C4<0>;
v00000000008f2de0_0 .net/2u *"_ivl_94", 2 0, L_00000000008f4188;  1 drivers
v00000000008f3240_0 .net *"_ivl_96", 0 0, L_000000000093c310;  1 drivers
v00000000008f1e40_0 .net *"_ivl_98", 23 0, L_000000000093bcd0;  1 drivers
v00000000008f2e80_0 .net "bt", 7 0, L_00000000008f2980;  1 drivers
v00000000008f3600_0 .net "dm_out", 31 0, L_000000000093d8f0;  1 drivers
v00000000008f31a0_0 .net "dm_temp", 31 0, o000000000089aa78;  0 drivers
o000000000089aaa8 .functor BUFZ 32, C4<zzzzzzzzzzzzzzzzzzzzzzzzzzzzzzzz>; HiZ drive
v00000000008f3380_0 .net "dp_a", 31 0, o000000000089aaa8;  0 drivers
o000000000089aad8 .functor BUFZ 3, C4<zzz>; HiZ drive
v00000000008f2700_0 .net "dp_sel", 2 0, o000000000089aad8;  0 drivers
v00000000008f36a0_0 .net "hf", 15 0, L_00000000008f22a0;  1 drivers
v00000000008f1f80_0 .net "sign_bt", 0 0, L_000000000093c6d0;  1 drivers
v00000000008f2ac0_0 .net "sign_hf", 0 0, L_000000000093cc70;  1 drivers
v00000000008f1c60_0 .net "word", 31 0, L_000000000088ca50;  1 drivers
L_00000000008f2020 .part o000000000089aaa8, 1, 1;
L_00000000008f20c0 .concat [ 1 31 0 0], L_00000000008f2020, L_00000000008f3cc0;
L_00000000008f19e0 .arith/mult 32, L_00000000008f20c0, L_00000000008f3d08;
L_00000000008f18a0 .arith/sum 32, L_00000000008f3c78, L_00000000008f19e0;
L_00000000008f1a80 .concat [ 32 2 0 0], L_00000000008f18a0, L_00000000008f3d50;
L_00000000008f2200 .arith/sub 34, L_00000000008f1a80, L_00000000008f3d98;
L_00000000008f22a0 .part/v.s L_000000000088ca50, L_00000000008f2200, 16;
L_00000000008f2340 .part o000000000089aaa8, 0, 2;
L_00000000008f23e0 .concat [ 2 30 0 0], L_00000000008f2340, L_00000000008f3e28;
L_00000000008f2520 .arith/mult 32, L_00000000008f23e0, L_00000000008f3e70;
L_00000000008f27a0 .arith/sum 32, L_00000000008f3de0, L_00000000008f2520;
L_00000000008f2840 .concat [ 32 2 0 0], L_00000000008f27a0, L_00000000008f3eb8;
L_00000000008f28e0 .arith/sub 34, L_00000000008f2840, L_00000000008f3f00;
L_00000000008f2980 .part/v.s L_000000000088ca50, L_00000000008f28e0, 8;
L_00000000008f2a20 .part o000000000089aaa8, 1, 1;
L_00000000008f2b60 .concat [ 1 31 0 0], L_00000000008f2a20, L_00000000008f3f90;
L_000000000093d990 .arith/mult 32, L_00000000008f2b60, L_00000000008f3fd8;
L_000000000093d3f0 .arith/sum 32, L_00000000008f3f48, L_000000000093d990;
L_000000000093cc70 .part/v L_000000000088ca50, L_000000000093d3f0, 1;
L_000000000093d2b0 .part o000000000089aaa8, 0, 2;
L_000000000093ce50 .concat [ 2 30 0 0], L_000000000093d2b0, L_00000000008f4068;
L_000000000093c270 .arith/mult 32, L_000000000093ce50, L_00000000008f40b0;
L_000000000093d490 .arith/sum 32, L_00000000008f4020, L_000000000093c270;
L_000000000093c6d0 .part/v L_000000000088ca50, L_000000000093d490, 1;
L_000000000093cef0 .cmp/eq 3, o000000000089aad8, L_00000000008f40f8;
L_000000000093d030 .cmp/eq 3, o000000000089aad8, L_00000000008f4140;
LS_000000000093c810_0_0 .concat [ 1 1 1 1], L_000000000093cc70, L_000000000093cc70, L_000000000093cc70, L_000000000093cc70;
LS_000000000093c810_0_4 .concat [ 1 1 1 1], L_000000000093cc70, L_000000000093cc70, L_000000000093cc70, L_000000000093cc70;
LS_000000000093c810_0_8 .concat [ 1 1 1 1], L_000000000093cc70, L_000000000093cc70, L_000000000093cc70, L_000000000093cc70;
LS_000000000093c810_0_12 .concat [ 1 1 1 1], L_000000000093cc70, L_000000000093cc70, L_000000000093cc70, L_000000000093cc70;
L_000000000093c810 .concat [ 4 4 4 4], LS_000000000093c810_0_0, LS_000000000093c810_0_4, LS_000000000093c810_0_8, LS_000000000093c810_0_12;
L_000000000093c450 .concat [ 16 16 0 0], L_00000000008f22a0, L_000000000093c810;
L_000000000093c310 .cmp/eq 3, o000000000089aad8, L_00000000008f4188;
LS_000000000093bcd0_0_0 .concat [ 1 1 1 1], L_000000000093c6d0, L_000000000093c6d0, L_000000000093c6d0, L_000000000093c6d0;
LS_000000000093bcd0_0_4 .concat [ 1 1 1 1], L_000000000093c6d0, L_000000000093c6d0, L_000000000093c6d0, L_000000000093c6d0;
LS_000000000093bcd0_0_8 .concat [ 1 1 1 1], L_000000000093c6d0, L_000000000093c6d0, L_000000000093c6d0, L_000000000093c6d0;
LS_000000000093bcd0_0_12 .concat [ 1 1 1 1], L_000000000093c6d0, L_000000000093c6d0, L_000000000093c6d0, L_000000000093c6d0;
LS_000000000093bcd0_0_16 .concat [ 1 1 1 1], L_000000000093c6d0, L_000000000093c6d0, L_000000000093c6d0, L_000000000093c6d0;
LS_000000000093bcd0_0_20 .concat [ 1 1 1 1], L_000000000093c6d0, L_000000000093c6d0, L_000000000093c6d0, L_000000000093c6d0;
LS_000000000093bcd0_1_0 .concat [ 4 4 4 4], LS_000000000093bcd0_0_0, LS_000000000093bcd0_0_4, LS_000000000093bcd0_0_8, LS_000000000093bcd0_0_12;
LS_000000000093bcd0_1_4 .concat [ 4 4 0 0], LS_000000000093bcd0_0_16, LS_000000000093bcd0_0_20;
L_000000000093bcd0 .concat [ 16 8 0 0], LS_000000000093bcd0_1_0, LS_000000000093bcd0_1_4;
L_000000000093ca90 .concat [ 8 24 0 0], L_00000000008f2980, L_000000000093bcd0;
L_000000000093c3b0 .cmp/eq 3, o000000000089aad8, L_00000000008f41d0;
L_000000000093bff0 .concat [ 16 16 0 0], L_00000000008f22a0, L_00000000008f4218;
L_000000000093cbd0 .cmp/eq 3, o000000000089aad8, L_00000000008f4260;
L_000000000093d710 .concat [ 8 24 0 0], L_00000000008f2980, L_00000000008f42a8;
L_000000000093d5d0 .functor MUXZ 32, L_000000000088ca50, L_000000000093d710, L_000000000093cbd0, C4<>;
L_000000000093da30 .functor MUXZ 32, L_000000000093d5d0, L_000000000093bff0, L_000000000093c3b0, C4<>;
L_000000000093d670 .functor MUXZ 32, L_000000000093da30, L_000000000093ca90, L_000000000093c310, C4<>;
L_000000000093d7b0 .functor MUXZ 32, L_000000000093d670, L_000000000093c450, L_000000000093d030, C4<>;
L_000000000093d8f0 .functor MUXZ 32, L_000000000093d7b0, L_000000000088ca50, L_000000000093cef0, C4<>;
# The file index is used to find the file name in the following table.
:file_names 3;
    "N/A";
    "<interactive>";
    "M_DP.v";
