@00003000: $ 1 <= 00000001
@00003004: $ 2 <= 0000000b
@00003008: $ 3 <= 00000000
@0000300c: $ 4 <= 0000000b
@00003010: *00000000 <= 00000001
@00003014: *00000004 <= 00000000
@00003018: *00000008 <= 00000000
@0000301c: *0000000c <= 0000000b
@00003020: *00000010 <= 00000001
@00003024: *00000014 <= 00000000
@00003028: *00000018 <= 00000001
@0000302c: *0000001c <= 0000000b
@00003030: *00000020 <= 00000000
@00003034: *00000024 <= 00000000
@00003038: *00000028 <= 0000000b
@0000303c: *0000002c <= 0000000b
@00003040: *00000030 <= 0000000b
@00003044: *00000034 <= 00000001
@00003048: *00000038 <= 00000000
@0000304c: *0000003c <= 00000000
@00003050: *00000040 <= 0000000b
@00003054: *00000044 <= 0000000b
@00003058: *00000048 <= 00000001
@0000305c: *0000004c <= 0000000b
@00003060: *00000050 <= 0000000b
@00003064: *00000054 <= 0000000b
@00003068: *00000058 <= 0000000b
@0000306c: *0000005c <= 0000000b
@00003070: *00000060 <= 00000001
@00003074: *00000064 <= 00000000
@00003078: *00000068 <= 00000000
@0000307c: *0000006c <= 0000000b
@00003080: *00000070 <= 0000000b
@00003084: *00000074 <= 0000000b
@00003088: *00000078 <= 0000000b
@0000308c: *0000007c <= 0000000b
@00003090: $ 4 <= 000d0000
@00003094: $ 1 <= 00000000
@0000309c: $ 4 <= 00000000
@000030a4: $ 4 <= 00000001
@000030b0: *00000000 <= 00000101
@000030b4: $ 1 <= 000a0000
@000030b8: $ 3 <= 00000000
@000030bc: $ 4 <= 00000003
@000030c8: $ 4 <= 00000000
@000030cc: $ 1 <= 00000101
@000030d0: $ 1 <= 00000000
@000030d4: $ 2 <= 00000000
@000030e0: *00000000 <= 00000100
@000030e4: *00000000 <= 00000100
@000030ec: $ 4 <= 00000000
@000030f0: *00000000 <= 00000000
@000030f4: *00000000 <= 00000000
@000030f8: $ 2 <= 00000000
@00003100: $ 4 <= 00090000
@00003108: $ 2 <= 00090008
@00003114: $ 4 <= 00000000
@00003118: $ 2 <= 00000000
@00003120: $ 4 <= 00000000
@00003134: $ 3 <= 00000000
@0000313c: $ 3 <= 00000000
@00003140: $ 2 <= 00000000
@00003144: *00000000 <= 00000000
@0000314c: *00000000 <= 00000000
@00003150: $ 4 <= 000c0000
@00003158: $ 3 <= 00000000
@00003160: *00000000 <= 00000000
@00003164: *00000000 <= 00000000
@00003168: $ 2 <= 00080000
@0000316c: $ 2 <= 00000000
@00003174: $ 1 <= 00070000
@0000317c: *00000000 <= 00070000
@00003180: $ 3 <= 000c0000
@00003188: $ 1 <= 00070000
@00003190: $ 3 <= 00000000
@00003198: $ 4 <= 00000000
@000031a0: $ 4 <= 00000000
@000031a4: $ 4 <= 00000000
@000031a8: $ 1 <= 00000000
@000031ac: *00000000 <= 00070000
@000031b0: $ 4 <= 00000000
@000031b4: $ 3 <= 00000000
@000031c0: $ 4 <= ffffffff
@000031c8: $ 4 <= 00000000
@000031d4: $ 2 <= 00000000
@000031d8: *00000000 <= 00000000
@000031e0: $ 4 <= 00000000
@000031e0: $ 4 <= 00000000
@000031e4: $ 1 <= 00000000
@000031f4: *00000000 <= 00000000
@000031f8: $ 3 <= 000c0000
@00003200: $ 4 <= 00000000
@00003204: $ 3 <= 00090000
@00003210: $ 2 <= 00030000
@00003220: $ 4 <= 00000000
@00003224: $ 1 <= 00000000
@00003228: $ 4 <= 00000000
@0000322c: $ 1 <= 000a0000
@00003230: $ 3 <= 00000000
@00003234: $ 3 <= 000a000f
@00003238: $ 2 <= 0a000f00
@00003244: $ 1 <= 00000000
@00003248: *00000000 <= 00000000
@0000324c: $ 4 <= 00000000
@00003250: $ 2 <= 00000000
@00003254: $ 1 <= 00000000
@0000325c: $ 4 <= 00000005
@00003260: $ 2 <= 00000000
@00003268: $ 3 <= 00000000
@0000326c: $ 1 <= 00000001
@00003274: $ 3 <= 00000009
@00003280: $ 3 <= 00000000
@00003288: $ 2 <= 00090000
@0000328c: $ 1 <= 00000000
@00003290: $ 2 <= 00000000
@0000329c: $ 4 <= 00000000
@000032a0: $ 1 <= 00000007
@000032a4: $ 1 <= 00000001
@000032a8: *00000000 <= 00000000
@000032ac: $ 1 <= 00000000
@000032b0: $ 3 <= 00090000
@000032bc: $ 4 <= 00000000
@000032c0: $ 4 <= 00000000
@000032c8: *00000000 <= 00000000
@000032d0: $ 2 <= 00000000
@000032d4: $ 3 <= 00010000
@000032e4: $ 2 <= 00000001
@000032e8: *00000000 <= 00000000
@000032ec: $ 2 <= 000d0000
@000032f0: $ 4 <= 000d000c
@000032f4: $ 4 <= 00000001
@000032fc: $ 2 <= 00000000
@00003300: $ 1 <= 00000000
@00003304: *00000000 <= 00000000
@00003308: *00000000 <= 00000000
@00003314: *00000000 <= 00000000
@00003318: $ 2 <= 00000000
@00003320: $ 4 <= 00000000
@00003330: $ 4 <= 00000000
@00003334: $ 4 <= 00000001
@00003338: $ 1 <= 00000000
@0000333c: $ 1 <= 00000000
@00003340: *00000000 <= 00000000
@00003344: $ 1 <= 00000000
@00003348: *00000000 <= 00000000
@00003350: *00000000 <= 00000000
@00003354: $ 2 <= 00000000
@00003358: $ 1 <= 00000000
@0000335c: $ 4 <= 000a0000
@00003364: $ 4 <= 000e0000
@0000336c: $ 2 <= 00000000
@00003370: $ 3 <= 000d0000
@00003378: *00000000 <= 000d0000
@00003390: $ 3 <= 000d0007
@00003390: $ 3 <= 000d000e
@00003398: $ 4 <= 000d001a
@000033a0: $ 4 <= 00000000
@000033a0: $ 4 <= 00000000
@000033a4: $ 1 <= 00000000
@000033ac: $ 1 <= 00000000
@000033b4: $ 1 <= 00000000
@000033b8: $ 4 <= 00000006
@000033bc: $ 1 <= 00020000
@000033c0: $ 3 <= 00000000
@000033c4: $ 3 <= 00000007
@000033c8: $ 3 <= 00020007
@000033cc: $ 3 <= 00020007
@000033d0: $ 4 <= 00000000
@000033d4: $ 1 <= 000d0000
@000033e4: $ 4 <= 000d0006
@00003400: $ 1 <= 00000007
@00003404: $ 3 <= 00000000
@00003408: $ 3 <= 00000001
@0000340c: $ 3 <= 00000001
@00003414: *00000000 <= 000d0100
@0000341c: $ 4 <= 00000000
@00003420: *00000000 <= 000d0100
@00003424: *00000000 <= 000d0100
@0000342c: $ 3 <= ffffffff
@00003430: $ 3 <= 00070000
@00003440: *00000000 <= 000d0100
@00003444: $ 3 <= 00000000
@00003448: $ 4 <= 00000001
@0000344c: $ 4 <= 00000031
@00003454: *00000030 <= 0000310b
@00003458: $ 4 <= 00000000
@00003460: $ 3 <= 00000000
@00003474: $ 4 <= 00000000
@00003480: $ 1 <= 00000000
@00003488: $ 1 <= 00000100
@00003490: $ 2 <= 00000000
@00003494: $ 2 <= 00000000
@000034a4: $ 4 <= 00000100
@000034ac: $ 4 <= 00000000
@000034b4: $ 4 <= 00000000
@000034c0: $ 1 <= 00000000
@000034c8: $ 3 <= 000a0000
@000034cc: $ 3 <= 00000000
@000034d4: $ 2 <= 00000000
@000034e0: $ 4 <= 00000000
@000034e8: $ 1 <= 000c0000
@000034f4: $ 3 <= 000c0002
@000034f8: $ 3 <= 18000400
@00003504: $ 4 <= 00050000
@00003510: $ 1 <= 000c0000
@00003514: $ 2 <= 00040000
@00003520: $ 4 <= 00040005
@00003528: $ 2 <= 000c0000
@0000352c: $ 4 <= 00000000
@00003534: $ 1 <= 00000001
@0000353c: $ 1 <= 00000001
@00003554: $ 1 <= 000a0000
@00003564: $ 1 <= 00000000
@0000356c: $ 1 <= 00000000
@00003574: $ 1 <= 00000004
@00003578: $ 1 <= 00000000
@00003580: *00000000 <= 000d0100
@00003588: $ 4 <= 00010000
@00003590: $ 4 <= 00000000
@00003594: $ 3 <= 00000000
@00003598: $ 1 <= 00000000
@000035a4: *00000000 <= 00000000
@000035a8: *00000000 <= 00000000
@000035b0: $ 2 <= 00000000
@000035b8: *00000000 <= 00000000
@000035c0: $ 2 <= 00000000
@000035c4: *00000000 <= 00000000
@000035d0: $ 2 <= 00000000
@000035d8: $ 3 <= 00050000
@000035e0: $ 4 <= 0005000d
@000035e8: $ 1 <= 00050000
@000035ec: $ 2 <= 00140000
@000035f0: $ 2 <= 00005000
@000035f4: $ 3 <= 00000000
@000035f8: $ 2 <= 00000000
@000035fc: $ 4 <= 000d0000
@00003614: $ 3 <= 00090000
@0000362c: $ 1 <= 00050008
@00003630: $ 1 <= 00000000
@00003634: $ 3 <= 00000000
@00003638: $ 1 <= 00000000
@00003640: $ 1 <= 00000000
@00003640: $ 1 <= 00000000
@00003644: $ 2 <= 00000000
@00003648: $ 1 <= 00040000
@00003650: $ 1 <= 00000000
@00003658: $ 4 <= 00000000
@00003660: $ 4 <= 00000019
@00003664: *00000018 <= 00001901
@00003668: $ 3 <= 00000019
@0000366c: *00000018 <= 00001901
@00003674: $ 1 <= 00080000
@0000367c: $ 2 <= 000d0000
@00003684: $ 2 <= 00000000
@0000368c: $ 3 <= 00000000
@00003690: $ 4 <= 00000000
@00003694: *00000000 <= 00000000
@000036a0: $ 3 <= 000c0000
@000036a4: $ 4 <= 00000000
@000036a8: $ 3 <= c0000000
@000036ac: $ 4 <= 00020000
@000036c8: $ 1 <= 00000000
@000036d8: $ 3 <= 00070000
@000036dc: $ 1 <= 00000000
@000036e4: $ 2 <= 00000000
@000036e8: $ 4 <= 00000001
@000036ec: $ 1 <= 00000000
@000036f0: $ 2 <= 00030000
@00003708: $ 2 <= 00040000
@00003710: $ 1 <= 00000000
@00003714: $ 1 <= 000c0000
@0000371c: $ 2 <= 00000000
@00003724: $ 1 <= 00000000
@00003728: *00000000 <= 00000000
@00003730: $ 3 <= 00000000
@00003734: $ 3 <= 00040000
@0000373c: $ 2 <= 00000000
@00003740: $ 4 <= 00000000
@00003748: $ 2 <= 00000000
@0000374c: $ 4 <= 00000000
@00003750: $ 3 <= 0000000c
@0000375c: *00000000 <= 00000000
@00003764: $ 1 <= 00000000
@00003768: $ 2 <= fffffff3
@00003774: $ 1 <= 00020000
@00003778: $ 3 <= 00080000
@00003780: $ 2 <= 0008000f
@00003784: $ 3 <= 00000000
@00003790: $ 1 <= 00010000
@00003790: $ 1 <= 00010000
@000037a4: $ 2 <= 00010000
@000037b8: $ 1 <= 00010000
@000037bc: $ 2 <= 00000000
@000037c0: *00000000 <= 00000000
@000037c4: $ 3 <= 00000000
@000037c8: $ 1 <= 00000000
@000037d0: $ 3 <= 00000000
@000037d8: $ 3 <= 00000000
@000037e0: $ 1 <= 00090000
@000037e8: *00000000 <= 00000000
@000037f0: $ 4 <= 0000000b
@000037fc: $ 1 <= 00000001
@00003800: $ 1 <= 00040000
@00003810: $ 3 <= 00080000
@00003814: $ 3 <= 00030000
@00003824: $ 4 <= 00030000
@0000383c: $ 4 <= 00060000
@00003848: $ 4 <= 00000060
@0000384c: $ 1 <= 00000000
@00003854: $ 4 <= 00000000
@00003858: $ 3 <= 00000000
@0000385c: $ 2 <= 00000000
@00003860: $ 2 <= 00000000
@0000386c: $ 2 <= 00000000
@00003870: $ 1 <= 00000000
@00003874: *00000000 <= 00000000
@00003878: $ 1 <= 00000000
@0000387c: $ 4 <= 00000000
@00003880: $ 4 <= 00000000
@00003884: $ 4 <= 00000000
@00003888: $ 4 <= 00000000
@00003894: $ 2 <= 00000000
@00003898: $ 2 <= 000b0000
@0000389c: $ 2 <= 00000000
@000038ac: $ 1 <= 00000001
@000038b4: $ 3 <= 00000000
@000038b8: *00000000 <= 00000001
@000038bc: $ 1 <= 00000001
@000038c0: $ 4 <= 00000000
@000038c4: $ 2 <= 00000001
@000038d0: *00000000 <= 00000101
@000038d0: *00000000 <= 00000101
@000038d4: $ 1 <= 000a0000
@000038f0: $ 2 <= 00000001
@000038f4: $ 4 <= 00000000
@000038f8: $ 2 <= 00020000
@00003900: $ 1 <= 00000000
@00003908: $ 2 <= 00000000
@00003910: $ 2 <= 00000001
@00003914: $ 3 <= 00000001
@00003918: $ 4 <= 00000001
@0000391c: *00000000 <= 00000101
@00003924: $ 4 <= 00040000
@00003928: $ 1 <= 00000000
@0000392c: $ 3 <= 00040000
@00003934: $ 4 <= 00090000
@00003938: $ 2 <= 00040000
@00003944: $ 4 <= 00080000
@00003950: $ 3 <= 00000000
@00003954: $ 2 <= 00000001
@00003958: $ 1 <= ffffffff
@00003960: $ 4 <= fffffc00
@00003964: $ 1 <= 00000000
@0000396c: *00000000 <= 00000100
@00003970: $ 1 <= 00000000
@00003974: $ 2 <= 00000000
@00003978: *00000000 <= 00000000
@00003988: *00000000 <= 00000000
@00003990: $ 3 <= 00000000
@00003998: $ 2 <= 00050000
@000039b4: $ 4 <= 00050000
@000039c0: $ 2 <= 00050001
@000039c4: $ 1 <= fffafffe
@000039c8: $ 4 <= 00000000
@000039cc: $ 3 <= fffafffe
@000039d8: $ 3 <= 00000000
@000039e0: $ 1 <= 00000000
@000039e4: *00000000 <= 00000000
@000039e8: $ 2 <= 00000000
@000039f0: *00000000 <= 00000000
@000039f8: $ 2 <= 00000000
@00003a04: $ 2 <= 00000000
@00003a0c: $ 4 <= 00000000
@00003a14: $ 4 <= 00000000
@00003a1c: $ 2 <= 00000000
@00003a20: $ 2 <= 00000000
@00003a24: *00000000 <= 00000000
@00003a30: $ 1 <= 000a0000
@00003a40: *00000000 <= 00000000
@00003a44: $ 4 <= 00000000
@00003a48: $ 3 <= 00000000
@00003a50: $ 3 <= 00000000
@00003a58: $ 3 <= 00000000
@00003a5c: $ 4 <= 00000000
@00003a60: *00000000 <= 00000000
@00003a68: *00000000 <= 00000000
@00003a70: $ 4 <= 000d0000
@00003a74: $ 4 <= 00000000
@00003a7c: $ 1 <= 00000001
@00003a80: $ 4 <= 00000000
@00003a98: $ 3 <= 00000000
@00003aa0: $ 4 <= 00000000
@00003aa4: $ 3 <= 00000000
@00003aa8: $ 1 <= 00000000
@00003ab4: *00000000 <= 00000000
@00003ac0: $ 2 <= 00000000
@00003ac8: $ 1 <= 00000000
@00003ad0: $ 2 <= 000a0000
@00003ad4: $ 3 <= 00000000
@00003ad8: $ 1 <= 00000000
@00003adc: $ 3 <= 00000000
@00003ae0: $ 1 <= 00000000
@00003ae4: $ 4 <= 00000000
@00003aec: *00000000 <= 00000000
@00003b08: $ 3 <= 00000000
@00003b0c: $ 2 <= 000f0000
@00003b10: $ 4 <= 00050000
@00003b2c: $ 1 <= 00000000
@00003b34: $ 1 <= 00000000
@00003b38: $ 4 <= 00020000
@00003b3c: $ 3 <= 00000000
@00003b4c: $ 4 <= 00000005
@00003b50: $ 1 <= 00000000
@00003b54: $ 3 <= 00000005
@00003b58: *00000000 <= 00000005
@00003b5c: $ 3 <= 00000005
@00003b60: $ 1 <= 00050000
@00003b64: $ 4 <= 00000000
@00003b6c: $ 1 <= 00000001
@00003b70: $ 3 <= 00000002
@00003b74: $ 1 <= 00000000
@00003b7c: $ 4 <= 00000000
@00003b80: $ 4 <= 00000000
@00003b84: *00000000 <= 00000000
@00003b8c: $ 1 <= 00000000
@00003b90: $ 4 <= 00000000
@00003b98: $ 1 <= 00000000
@00003ba0: $ 4 <= 00000000
@00003ba0: $ 4 <= 00000000
@00003ba4: $ 4 <= 00000000
@00003bac: $ 3 <= 0000000b
@00003bb0: $ 4 <= 00000000
@00003bcc: *00000000 <= 00000000
@00003bd4: $ 3 <= 00000000
@00003bd8: $ 3 <= 00000000
@00003be4: $ 4 <= 00000000
@00003bf0: $ 1 <= 00000000
@00003c04: $ 2 <= 00000000
@00003c14: $ 1 <= 00000007
@00003c20: $ 3 <= fffffff8
@00003c20: $ 3 <= fffffff8
@00003c30: *00000000 <= 000000f8
@00003c34: $ 3 <= 000000f8
@00003c40: $ 3 <= 00000000
@00003c48: $ 2 <= 0000000b
@00003c4c: $ 4 <= 00000001
@00003c50: $ 2 <= 00000000
@00003c54: $ 1 <= 00000001
@00003c5c: $ 3 <= 00000000
@00003c60: $ 3 <= 00000000
@00003c64: $ 1 <= 000000f8
@00003c68: *00000000 <= 000000f8
@00003c6c: $ 1 <= 00000001
@00003c70: $ 4 <= 00000000
@00003c7c: $ 2 <= 000000f8
@00003c84: $ 2 <= fffffff8
@00003c88: *00000000 <= 000000f8
@00003c8c: $ 3 <= 00000001
@00003c90: $ 4 <= 00000000
@00003c98: $ 4 <= 0000000d
@00003c9c: $ 3 <= fffffff2
@00003ca0: *00000000 <= 000000f2
@00003ca4: *00000000 <= fffffff2
@00003ca8: $ 4 <= 00000001
@00003cb0: *00000000 <= ffff01f2
@00003cb4: $ 4 <= 00000002
@00003cb8: $ 1 <= 00000000
@00003cbc: $ 3 <= 00030000
@00003cc0: $ 4 <= 00030005
@00003cc4: $ 4 <= 00030005
@00003cc8: $ 1 <= 00030000
@00003ccc: $ 1 <= 0003000b
@00003cd8: $ 3 <= 00000006
@00003ce0: *00000004 <= 00060000
@00003ce0: *00000004 <= 00060000
@00003ce4: $ 4 <= 0003000b
@00003ce8: $ 1 <= 00000000
@00003cf0: $ 1 <= 0003000b
@00003cf0: $ 1 <= 0003000b
@00003cf4: $ 2 <= 00090000
@00003cf8: $ 3 <= 00000001
@00003cfc: $ 1 <= 00120000
@00003d04: $ 4 <= 00120000
@00003d08: $ 1 <= 00000000
@00003d0c: $ 3 <= 00120005
@00003d10: $ 4 <= 000f0000
@00003d20: $ 1 <= 00090000
@00003d24: $ 2 <= 00000000
@00003d34: $ 2 <= 000001f2
@00003d38: *00000000 <= ffff01f2
@00003d44: $ 2 <= 00000000
@00003d50: $ 4 <= ffffffff
@00003d54: $ 1 <= 000001f2
@00003d5c: $ 1 <= 00000000
@00003d60: $ 1 <= 00000000
@00003d64: $ 2 <= 00000000
@00003d6c: $ 1 <= ffffffff
@00003d78: $ 4 <= 00080000
@00003d84: $ 1 <= 0008000d
@00003d8c: $ 3 <= 00000040
@00003d94: *00000040 <= 00000040
@00003d9c: $ 3 <= 00000000
@00003da0: $ 4 <= 000a0000
@00003da4: *00000000 <= ffff0100
@00003da8: $ 1 <= 00000000
@00003dc0: $ 4 <= 00000000
@00003dc4: $ 3 <= 00000000
@00003dc8: $ 1 <= 00000000
@00003dd0: $ 2 <= 00000000
@00003dd0: $ 2 <= 00000000
@00003dd8: $ 2 <= 00000000
@00003ddc: $ 1 <= 00000000
@00003de4: $ 4 <= 00000100
@00003de8: *00000000 <= ffff0100
@00003df4: $ 1 <= 00010000
@00003dfc: *00000000 <= 00010000
@00003e14: $ 2 <= 00000000
@00003e18: $ 2 <= 00000000
@00003e1c: *00000000 <= 00000000
@00003e28: *00000000 <= 00000000
@00003e34: *00000000 <= 00000000
@00003e38: $ 4 <= 00000000
@00003e3c: $ 2 <= 00000000
@00003e44: $ 1 <= 00000000
@00003e48: $ 2 <= ffffffff
@00003e4c: $ 1 <= 00000000
@00003e58: $ 2 <= 00000000
@00003e64: $ 4 <= 00000000
@00003e70: $ 3 <= 00020000
@00003e7c: $ 4 <= 00000000
@00003e84: $ 1 <= 00000000
@00003e88: $ 4 <= 00000000
@00003e90: $ 1 <= 000e0000
@00003e90: $ 1 <= 000e0000
@00003e98: $ 2 <= 00090000
@00003eb0: $ 2 <= 00000000
@00003eb4: $ 3 <= 00000000
@00003eb8: *00000000 <= 00000000
@00003ebc: $ 2 <= 00000000
@00003ec0: $ 3 <= 00000000
@00003ec4: $ 4 <= 00000000
@00003ec8: $ 3 <= 00000000
@00003ed0: $ 2 <= 00000000
@00003ed4: $ 2 <= 00000000
@00003ed8: $ 4 <= 00000007
@00003ee4: $ 3 <= 00000000
@00003ef0: *00000000 <= 00000000
@00003ef4: $ 4 <= 00000001
@00003f00: $ 2 <= 0000000c
@00003f08: $ 4 <= 00000001
@00003f18: $ 4 <= 00000000
@00003f1c: $ 4 <= 00000001
@00003f20: *00000000 <= 00000100
@00003f28: $ 3 <= 00000001
@00003f40: $ 4 <= 00000001
@00003f44: $ 3 <= 00000000
@00003f4c: $ 1 <= 00000001
@00003f50: $ 4 <= 00000000
@00003f58: $ 1 <= 00000000
@00003f5c: $ 3 <= 00000000
@00003f64: $ 4 <= 00000000
@00003f70: $ 2 <= 00000000
@00003f74: *00000000 <= 00000100
@00003f78: *00000000 <= 00000000
@00003f7c: $ 2 <= 00000000
@00003f88: *00000000 <= 00000000
@00003f8c: $ 4 <= 00000000
@00003f90: *00000000 <= 00000000
@00003f98: $ 1 <= 000e0000
@00003fa0: $ 3 <= 00000000
@00003fa8: $ 1 <= 00000000
@00003fac: *00000000 <= 00000000
@00003fb0: *00000000 <= 00000000
@00003fb4: $ 1 <= 00000000
@00003fbc: $ 2 <= 00000000
@00003fc8: $ 3 <= 00000000
@00003fcc: $ 1 <= 00000000
@00003fd0: $ 3 <= 00000000
@00003fd4: $ 2 <= 00000000
@00003fd8: $ 3 <= 00030000
@00003fe8: $ 3 <= 00060000
@00003ff4: $ 3 <= 00000000
@00003ffc: $ 3 <= 00000000
@00004008: *00000000 <= 00000000
@00004010: $ 3 <= 00000000
@00004014: $ 3 <= 00000000
@00004018: $ 1 <= 00000001
@0000401c: $ 3 <= 00000001
@00004020: $ 4 <= 00000000
@00004028: $ 1 <= 00000000
@00004030: $ 4 <= 00000000
@00004034: $ 1 <= 00000000
@0000403c: $ 3 <= 00000000
@00004044: *00000000 <= 00000000
@00004048: $ 3 <= 00000000
@00004050: *00000000 <= 00000000
@00004054: $ 1 <= 00000000
@00004058: $ 3 <= 00000000
@00004060: $ 1 <= 00000000
@00004060: $ 1 <= 00000000
@00004068: $ 4 <= 00000006
@00004080: $ 2 <= 00000000
@00004080: $ 2 <= 00000000
@00004084: $ 1 <= 00000001
@00004090: $ 2 <= 00000001
@00004094: $ 3 <= 00000000
@0000409c: *00000000 <= 00000000
@000040a0: $ 1 <= 000f0000
@000040a8: $ 1 <= 000f0000
@000040b0: $ 2 <= 00080000
@000040b4: $ 2 <= 00000000
@000040c0: *00000000 <= 00000000
@000040c8: $ 1 <= 00000001
@000040cc: $ 1 <= 000c0000
@000040d0: $ 2 <= 00080000
@000040d4: $ 4 <= 00010000
@000040d8: $ 1 <= 00000000
@000040e0: $ 4 <= 000f0000
@000040ec: *00000000 <= 000f0000
@000040f8: $ 3 <= 00000000
@000040fc: $ 2 <= 00000001
@00004100: $ 3 <= 00000000
@00004104: $ 2 <= 00000000
@0000410c: $ 3 <= 00000000
@00004114: $ 1 <= 00000000
@00004120: $ 2 <= 00000000
@00004128: $ 2 <= 00000000
@0000412c: $ 2 <= 3c000000
@00004130: $ 2 <= 00080000
@00004134: $ 2 <= 00000000
@0000413c: $ 4 <= 00000000
@00004140: $ 3 <= 00000000
@00004154: *00000000 <= 000f0000
@00004158: *00000000 <= 000f0000
@00004160: $ 4 <= 00000000
@00004160: $ 4 <= 00000000
@00004168: $ 4 <= 00000000
@00004174: $ 3 <= 00000000
@00004178: $ 1 <= 00000000
@00004180: $ 4 <= 00000000
@00004188: $ 3 <= 00000000
@00004194: *00000000 <= 000f0000
@000041a0: $ 1 <= 0000000a
@000041a4: $ 2 <= 000c0000
@000041a8: $ 3 <= 00000000
@000041b0: $ 1 <= ffffffff
@000041bc: $ 3 <= 000f0000
@000041c4: $ 2 <= 000f000a
@000041c8: $ 1 <= 00000002
@000041d0: $ 2 <= 00000002
@000041d4: $ 1 <= 00000000
@000041dc: $ 2 <= 000f0000
@000041e0: $ 4 <= 00000000
@000041e4: $ 4 <= 000f0008
@000041e8: $ 2 <= 000f0001
@000041f0: $ 3 <= 000b0000
@000041f0: $ 3 <= 000b0000
@000041f4: $ 2 <= 00000000
@000041f8: $ 3 <= 00000000
@000041fc: $ 2 <= 00080000
@00004200: $ 2 <= 00000000
@0000420c: *00000000 <= 000f0000
@00004214: $ 4 <= 00000000
@00004218: $ 2 <= 000e0000
@00004228: $ 4 <= 00060000
@00004230: $ 1 <= 00000000
@00004234: $ 2 <= 000c0000
@0000423c: $ 3 <= 00000000
@00004248: $ 1 <= 00000000
@00004250: $ 4 <= 00000000
@00004258: $ 3 <= 00000000
@00004260: $ 2 <= 00000000
@00004268: $ 1 <= 00000000
@0000426c: $ 2 <= 00000000
@00004270: $ 4 <= 0000000c
@00004278: *00000000 <= 00000000
@0000427c: $ 4 <= 00000000
@00004280: *00000000 <= 00000000
@00004284: $ 4 <= 00000000
@00004288: *00000000 <= 00000000
@0000428c: $ 1 <= 00000000
@00004290: $ 1 <= 00000000
@00004294: $ 3 <= 00000000
@00004298: $ 3 <= 00000000
@000042a0: $ 2 <= 00090000
@000042bc: $ 3 <= 00000000
@000042c0: $ 3 <= 00000000
@000042c4: $ 3 <= 00000000
@000042cc: $ 1 <= 00000000
@000042d0: $ 4 <= 00000000
@000042d4: $ 3 <= 00000000
@000042d8: $ 2 <= 00000001
@000042dc: $ 1 <= 00000000
@000042e0: $ 4 <= 00000000
@000042e4: $ 2 <= 00000000
@000042ec: $ 2 <= 00000000
@000042f0: *00000000 <= 00000000
@000042f4: $ 3 <= 00000000
@000042f8: $ 2 <= 00000000
@000042fc: $ 2 <= 000d0000
@00004300: $ 3 <= 00000000
@00004304: $ 2 <= 00000000
@0000430c: $ 3 <= 00000008
@00004310: *00000008 <= 00000008
@00004314: *00000008 <= 00000008
@0000431c: $ 4 <= 000f0000
@00004320: $ 2 <= 00000000
@00004324: $ 2 <= 00000000
@00004328: *00000000 <= 00000000
@00004348: $ 3 <= 00010000
@0000434c: $ 4 <= 00000000
@00004354: $ 2 <= 00000000
@00004364: $ 3 <= 00000000
@00004370: $ 3 <= 00000000
@00004374: $ 1 <= 00000000
@00004378: $ 3 <= 00000007
@0000437c: $ 4 <= 00000005
@00004380: $ 4 <= 00000000
@00004384: $ 2 <= 00000000
@00004388: $ 3 <= 00090000
@00004394: $ 1 <= 000d0000
@0000439c: $ 2 <= 00000000
@000043a4: $ 1 <= 00000008
@000043b0: $ 4 <= 00090000
@000043c4: $ 1 <= 000a0000
@000043d4: $ 3 <= 000a0000
@000043f4: $ 2 <= 00000000
@000043f8: $ 3 <= 00000000
@000043fc: $ 2 <= 000a0000
@00004404: $ 4 <= 000a0009
@00004434: $ 2 <= 00140000
@00004440: $ 4 <= 000b0000
@00004444: $ 1 <= 00030000
@00004468: $ 4 <= 00090000
@00004478: $ 1 <= 00060000
@0000447c: $ 3 <= 000f0000
@00004488: $ 4 <= 00090000
@00004490: $ 1 <= 00090000
@00004490: $ 1 <= 00090000
@0000449c: $ 2 <= 00000000
@000044a0: $ 4 <= 00090000
@000044a4: $ 1 <= 00010000
@000044a8: $ 4 <= 00090000
@000044b0: $ 2 <= 00090006
@000044b0: $ 2 <= 00090006
@000044b8: $ 3 <= 000d0000
@000044c0: $ 3 <= 00080000
@000044c0: $ 3 <= 00080000
@000044c8: $ 4 <= 00000000
@000044cc: $ 4 <= 00090000
@000044d0: $ 1 <= 00090000
@000044d8: $ 3 <= 00090000
@000044dc: $ 1 <= 00000000
@000044e8: $ 4 <= 00020000
@000044ec: $ 2 <= 00000000
@000044f0: $ 2 <= 00000000
@000044f4: $ 3 <= 00000000
@000044f8: $ 2 <= 0000000b
@000044fc: *00000008 <= 0b000008
@00004500: *00000008 <= 0b000008
@00004510: $ 1 <= 000b0000
@00004510: $ 1 <= 000b0000
@00004514: $ 4 <= 0000000b
@00004520: *00000008 <= 0b000008
@00004520: *00000008 <= 0b000008
@0000452c: $ 2 <= 00070000
@00004534: $ 3 <= 00070000
@00004540: $ 4 <= 000b0000
@00004544: $ 1 <= 00040000
@00004548: $ 1 <= 00000001
@00004550: *00000000 <= 00000100
@00004558: $ 4 <= 00060000
@0000455c: $ 4 <= 00030000
@00004564: $ 3 <= 00000000
@00004568: $ 2 <= 00030009
@00004570: $ 4 <= 000f0000
@00004578: $ 4 <= 00000009
@00004584: $ 2 <= 00000001
@00004590: $ 4 <= 00000000
@00004594: $ 3 <= 00000000
@0000459c: *00000000 <= 00000100
@000045a4: $ 1 <= 00080000
@000045b0: $ 2 <= 00000000
@000045b4: $ 1 <= 00000000
@000045bc: $ 4 <= 00000100
@000045c0: $ 3 <= 000c0000
@000045cc: $ 4 <= 00000000
@000045d0: *00000000 <= 00000000
@000045d4: $ 1 <= 00010000
@000045d8: $ 4 <= 00010000
@000045e0: $ 3 <= 000d0000
@000045e0: $ 3 <= 000d0000
@000045ec: $ 4 <= 000d0000
@000045f0: $ 2 <= 000d0000
@000045f4: $ 2 <= 000d0000
@00004604: $ 3 <= 00030000
@0000460c: $ 4 <= 00070000
@00004614: $ 1 <= 000e0000
@00004620: $ 1 <= 00080000
@00004624: $ 2 <= 00000000
@00004628: $ 3 <= 00000000
@0000462c: $ 3 <= fff80000
@00004630: $ 4 <= 000000a9
@00004634: $ 4 <= 000000af
@00004638: $ 2 <= 00080000
@00004640: $ 3 <= 00010000
@00004640: $ 3 <= 00010000
@00004644: $ 2 <= 000a0000
@0000464c: $ 4 <= 00080000
@00004654: $ 2 <= 00000000
@0000465c: $ 2 <= fff80000
@00004668: $ 4 <= 00000000
@00004670: $ 2 <= 00000000
@00004674: $ 3 <= 000c0000
@0000467c: $ 3 <= 00000000
@00004680: $ 2 <= 00000007
@00004688: *00000004 <= 07060000
@0000468c: *00000000 <= 00000000
@00004690: $ 3 <= 00030000
@00004698: $ 2 <= 00000000
@0000469c: $ 1 <= 0000000d
@000046a0: *0000000c <= 00000d0b
@000046a4: $ 3 <= 00000000
@000046ac: $ 2 <= 0000000d
@000046b0: $ 4 <= 00000000
@000046b8: $ 3 <= 000b0000
@000046c0: $ 2 <= 000b0000
@000046cc: $ 2 <= 00010000
@000046d0: $ 3 <= 000b0000
@000046d8: $ 1 <= 00000000
@000046e4: $ 3 <= 00000000
@000046e8: $ 1 <= 00000000
@000046ec: *00000000 <= 00000000
@000046f4: *00000000 <= 00000000
@000046f8: $ 3 <= 00000000
@000046fc: $ 4 <= 00000000
@00004700: *00000000 <= 00000000
@00004708: $ 1 <= 00000000
@00004714: $ 4 <= 00010000
@0000472c: $ 3 <= 00000000
@00004730: $ 3 <= 00000001
@00004734: $ 1 <= 00000000
@00004738: $ 3 <= 00000000
@0000473c: $ 4 <= 000f0000
@00004744: $ 4 <= 00000001
@0000474c: $ 3 <= 00070000
@00004750: $ 1 <= 000c0000
@00004764: $ 3 <= 00000001
@0000476c: $ 2 <= 000d0000
@00004780: $ 3 <= 00000000
@00004784: $ 4 <= 00000000
@00004788: $ 3 <= 00000000
@0000478c: $ 4 <= 000d0000
@000047a0: $ 4 <= 00050000
@000047b0: $ 2 <= 00000000
@000047b4: $ 3 <= 00000000
@000047b8: $ 3 <= 00000000
@000047bc: $ 1 <= 00000000
@000047c4: $ 3 <= 000a0000
@000047c8: $ 2 <= 00000000
@000047cc: $ 4 <= 000a0000
@000047d0: $ 3 <= 00000000
@000047dc: $ 1 <= 000a0000
@000047ec: $ 4 <= 00000000
@000047f0: *00000000 <= 00000000
@000047f4: $ 4 <= 00000000
@000047fc: $ 3 <= 00000000
@00004804: $ 2 <= 00000000
@00004810: $ 2 <= 00000000
@00004814: $ 4 <= 0000000e
@00004818: $ 2 <= 00040000
@00004820: $ 3 <= 00080000
@00004824: $ 1 <= 00000000
@00004828: $ 4 <= 000a0000
@0000482c: $ 2 <= 00080000
@00004838: $ 2 <= 00000000
@00004840: $ 4 <= 00000000
@0000484c: *00000000 <= 00000000
@00004854: $ 2 <= 00000001
@00004864: $ 4 <= 00000000
@00004870: $ 3 <= 00000000
@00004874: $ 4 <= 00000000
@00004878: $ 3 <= 00000000
@0000487c: $ 1 <= 00000000
@00004884: $ 4 <= 00000000
@00004888: $ 4 <= 00000000
@00004890: $ 3 <= 00040000
@00004898: $ 3 <= 00070000
@000048a4: $ 4 <= 00000001
@000048b4: $ 1 <= 00000000
@000048c8: $ 3 <= 00030000
@000048d0: $ 3 <= 00060000
@000048dc: $ 3 <= 00060000
@000048e4: $ 1 <= 000e0000
@000048e8: $ 1 <= 00040000
@000048ec: $ 3 <= 000d0000
@000048f4: $ 2 <= 00000000
@000048f8: $ 3 <= 00000000
@000048fc: $ 1 <= 00000000
@00004908: $ 1 <= 00000000
@00004910: $ 2 <= 00000000
@00004914: $ 1 <= 00000000
@00004920: $ 1 <= 00000002
@00004928: $ 3 <= 00000002
@00004938: $ 2 <= 00000000
@0000493c: $ 4 <= 00000002
@00004944: $ 4 <= 00000000
@00004948: $ 1 <= 00090000
@00004958: $ 4 <= 00000000
@0000495c: $ 3 <= 00000000
@00004960: $ 3 <= 00040000
@00004964: $ 2 <= 00080000
@00004968: $ 4 <= 00040000
@00004970: $ 3 <= 00000000
@00004974: $ 4 <= 00040000
@00004978: $ 2 <= 00040000
@0000497c: $ 4 <= 00080000
@00004980: $ 3 <= 00050000
@00004984: $ 3 <= 00000000
@00004988: *00000000 <= 00000000
@00004994: $ 2 <= 00000000
@000049a0: $ 1 <= 00000000
@000049a8: $ 2 <= 00000000
@000049b0: *00000000 <= 00000000
@000049b4: $ 3 <= 00060000
@000049b8: $ 4 <= 00000000
@000049bc: *00000000 <= 00000000
@000049c4: $ 4 <= 00000000
@000049c8: $ 4 <= 00000000
@000049cc: $ 1 <= 00000000
@000049d0: $ 1 <= 00000000
@000049d8: *00000000 <= 00000000
@000049e0: $ 4 <= 00000000
@000049e4: $ 2 <= 00000000
@000049e8: $ 4 <= 00010000
@000049ec: $ 2 <= 00000000
@000049f4: $ 3 <= 00010000
@00004a00: $ 2 <= 00020000
@00004a04: $ 2 <= fffeffff
@00004a08: $ 2 <= 00000000
@00004a0c: $ 3 <= 00000000
@00004a10: $ 1 <= 00000000
@00004a14: $ 2 <= 00000000
@00004a1c: $ 2 <= 0000000d
@00004a20: $ 4 <= 0000000d
@00004a28: $ 2 <= 00000000
@00004a2c: $ 4 <= 00000000
@00004a30: $ 4 <= 00000000
@00004a40: $ 4 <= 00000000
@00004a48: $ 1 <= 00000000
@00004a4c: $ 4 <= 000d0000
@00004a5c: $ 1 <= 00000680
@00004a64: $ 2 <= 00000000
@00004a68: $ 2 <= 00000000
@00004a6c: $ 3 <= 00030000
@00004a74: $ 1 <= 80000000
@00004a7c: $ 2 <= 00000001
@00004a80: $ 2 <= 00000000
@00004a90: $ 2 <= 00000000
@00004a98: $ 1 <= 0000000f
@00004a9c: $ 1 <= 00000000
@00004aa4: *00000000 <= 00000000
@00004aa8: $ 4 <= 00000000
@00004ab4: $ 2 <= 00020000
@00004abc: $ 3 <= 00000000
@00004ac0: $ 3 <= 000d0000
@00004ac4: $ 4 <= 000d0000
@00004ac8: $ 2 <= 00000000
@00004acc: $ 4 <= 00070000
@00004ad4: $ 2 <= 00000000
@00004ad8: $ 4 <= 00060000
@00004ae0: $ 3 <= 00000000
@00004aec: $ 2 <= 00000000
@00004af0: $ 3 <= 00000000
@00004af4: $ 2 <= 00000007
@00004af8: $ 2 <= 00060000
@00004b00: $ 4 <= 000c0000
@00004b04: $ 3 <= 000c000e
@00004b10: $ 3 <= 00000030
@00004b14: *00000030 <= 00000030
@00004b24: $ 1 <= 00000030
@00004b2c: $ 3 <= 00000000
@00004b30: $ 4 <= 00000000
@00004b34: *00000000 <= 00000000
@00004b3c: $ 3 <= 00040000
@00004b4c: $ 1 <= fffbffff
@00004b50: $ 1 <= fff7fffe
@00004b54: $ 3 <= fff7ffff
@00004b64: $ 3 <= 00020000
@00004b6c: $ 2 <= 00020009
@00004b7c: $ 3 <= fff7fffe
@00004b80: $ 2 <= 00000000
@00004b84: $ 1 <= fbffff00
@00004b88: $ 1 <= 00030000
@00004b94: $ 2 <= 00030000
@00004b9c: $ 3 <= 00010000
@00004ba0: $ 4 <= 00000000
@00004ba8: $ 4 <= 00010000
@00004bb0: $ 4 <= 00000009
@00004bb8: $ 2 <= 00000000
@00004bc0: $ 2 <= 00000000
@00004bc4: $ 3 <= 00040000
@00004bc8: $ 3 <= 000b0000
@00004bd0: $ 3 <= 000b0000
@00004bd4: $ 4 <= 00000000
@00004be0: $ 2 <= 00000000
@00004be4: $ 2 <= 000b0000
@00004be8: $ 4 <= 00030000
@00004bf4: $ 1 <= 00030000
@00004bfc: $ 3 <= 00000000
@00004c04: $ 1 <= 00000001
@00004c08: $ 2 <= 00000000
@00004c0c: *00000000 <= 00000000
@00004c10: $ 2 <= 00000000
@00004c14: $ 2 <= ffffffff
@00004c1c: $ 3 <= 00000000
@00004c20: $ 1 <= 00000000
@00004c2c: $ 3 <= 00000000
@00004c30: $ 1 <= 00000000
@00004c34: $ 1 <= 00000000
@00004c38: $ 1 <= 00000000
@00004c48: *00000000 <= 00000000
@00004c4c: $ 3 <= 00000000
@00004c50: $ 4 <= 00000000
@00004c54: $ 2 <= 000f0000
@00004c58: $ 2 <= 00000000
@00004c5c: $ 4 <= 00000001
@00004c6c: $ 1 <= 00000001
@00004c70: $ 4 <= 00000000
@00004c78: $ 2 <= 00000000
@00004c88: $ 4 <= 00070000
@00004c8c: $ 4 <= 00070000
@00004c90: $ 1 <= 0001c000
@00004c94: $ 4 <= 00000000
@00004c98: $ 4 <= 00000380
@00004c9c: $ 3 <= 00050000
@00004cb0: $ 3 <= 00000380
@00004cb4: $ 4 <= 00000000
@00004cb8: *00000000 <= 00000000
@00004cbc: *00000000 <= 00000380
@00004cc0: *00000000 <= 00000000
@00004ccc: $ 4 <= 00000000
@00004cd0: $ 2 <= 00000000
@00004cd4: $ 3 <= 00000000
@00004ce0: *00000000 <= 00000000
@00004ce8: *00000000 <= 00000000
@00004cf4: $ 4 <= 000d0000
@00004d00: $ 2 <= 00000000
@00004d08: $ 1 <= 00000000
@00004d0c: $ 1 <= 000e0000
@00004d10: $ 3 <= 00090000
@00004d20: $ 3 <= 000f0000
@00004d38: $ 2 <= 00000000
@00004d3c: *00000000 <= 00000000
@00004d40: $ 4 <= 00000002
@00004d44: *00000000 <= 00000002
@00004d48: $ 1 <= 000000e1
@00004d4c: $ 1 <= 00000000
@00004d54: $ 2 <= 000d0000
@00004d64: $ 2 <= 00000000
@00004d68: *00000000 <= 00020002
@00004d6c: *00000000 <= 00000002
@00004d74: $ 1 <= 00000000
@00004d78: $ 2 <= 00000000
@00004d7c: $ 4 <= ffffffff
@00004d84: $ 3 <= 00000001
@00004d90: $ 4 <= 00000000
@00004d98: $ 2 <= 00020000
@00004da0: $ 2 <= 000f0000
@00004da4: $ 4 <= 000f0009
@00004dc0: $ 1 <= 00000000
@00004dd0: $ 3 <= 00000000
@00004dd8: $ 1 <= 00000002
@00004ddc: *00000000 <= 00000000
@00004de0: $ 3 <= 00000000
@00004de4: $ 1 <= 00000001
@00004de8: $ 2 <= 00000009
@00004dec: *00000000 <= 00000100
@00004df0: $ 1 <= 00000000
@00004df4: $ 2 <= 00000000
@00004df8: $ 1 <= 00000000
@00004dfc: $ 2 <= 00000000
@00004e00: $ 1 <= 00000000
@00004e04: $ 3 <= 00000000
@00004e08: $ 3 <= 00000000
@00004e0c: $ 4 <= 00000000
@00004e10: $ 4 <= 00000000
@00004e14: $ 2 <= ffffffff
@00004e1c: $ 2 <= 000c0000
@00004e20: $ 2 <= 000a0000
@00004e24: $ 3 <= 00080000
@00004e28: $ 3 <= 00040000
@00004e2c: $ 1 <= 00000000
@00004e34: $ 1 <= 00000000
@00004e40: $ 1 <= 00000100
@00004e48: $ 2 <= 00000100
@00004e50: $ 4 <= 00000101
@00004e50: $ 4 <= 00000101
@00004e54: $ 1 <= 00000100
@00004e58: $ 1 <= 00000001
@00004e5c: $ 1 <= ffffff00
@00004e64: $ 4 <= 00000000
@00004e78: *00000000 <= 00000000
@00004e7c: $ 1 <= 00000000
@00004e84: $ 2 <= 00000000
@00004e88: $ 2 <= 000b0000
@00004e8c: $ 1 <= 000b0000
@00004e90: $ 3 <= 00000000
@00004e94: $ 4 <= 00000000
@00004e98: *00000000 <= 000b0000
@00004e9c: $ 3 <= 00000000
@00004ea4: *00000000 <= 000b0000
@00004eac: *00000000 <= 000b0000
@00004eb0: $ 2 <= 00000000
@00004ebc: *00000000 <= 00000000
@00004ec0: $ 2 <= 00000000
@00004ec4: $ 2 <= 0000000f
@00004ecc: $ 1 <= fffffff0
@00004ee0: $ 4 <= 00000000
@00004ee8: $ 2 <= 00000000
@00004eec: $ 4 <= 00000001
@00004ef4: $ 3 <= 00000000
@00004f04: $ 3 <= 00000000
@00004f08: $ 3 <= 00000000
@00004f10: $ 1 <= 00000000
@00004f14: $ 1 <= 00000000
@00004f20: $ 1 <= 000d0000
@00004f34: $ 2 <= 00000000
@00004f38: $ 1 <= 00000000
@00004f40: $ 4 <= 0000000e
@00004f44: $ 4 <= 000000a9
@00004f4c: $ 1 <= 00060000
@00004f54: $ 2 <= 00060001
@00004f60: $ 1 <= 00030000
@00004f70: $ 3 <= 00000000
@00004f78: $ 3 <= 00000000
@00004f80: $ 3 <= 00030000
@00004f88: $ 4 <= 00040000
@00004f90: $ 3 <= 00040000
@00004f98: $ 3 <= 00040000
@00004f9c: $ 3 <= 00000000
@00004fa0: $ 4 <= 00000000
@00004fa8: $ 3 <= 00000000
@00004fac: $ 1 <= 00000000
@00004fb0: $ 3 <= ffffffff
@00004fb4: $ 4 <= fffffffd
@00004fb8: $ 1 <= 00000008
@00004fc4: *00000008 <= 0b000008
@00004fcc: $ 4 <= 00000008
@00004fd4: $ 2 <= 00000008
@00004fd8: *00000008 <= 0b000008
@00004fe0: *00000008 <= 0b000008
@00004fe0: *00000008 <= 0b000008
@00004fe8: $ 3 <= 00000000
@00004fec: $ 1 <= 00000000
@00004ff4: $ 1 <= 00000000
@00004ffc: $ 2 <= 00000000
@00005000: $ 1 <= 00000000
@00005008: $ 2 <= 00000000
@0000500c: $ 1 <= 00000000
@00005010: $ 2 <= 00000000
@00005014: $ 2 <= 00000000
@00005018: *00000000 <= 00000000
@00005024: $ 2 <= 00000001
@0000502c: $ 3 <= 00000001
@00005030: $ 1 <= 00000000
@00005034: $ 4 <= 00000000
@0000503c: $ 1 <= 00000000
@00005040: $ 3 <= 00000000
@00005044: $ 1 <= 00000000
@00005048: $ 4 <= 00000000
@00005050: $ 1 <= 00040000
@00005050: $ 1 <= 00040000
@00005054: *00000000 <= 00000000
@0000505c: *00000000 <= 00000000
@00005064: $ 4 <= 00000000
@00005078: $ 2 <= 00000000
@00005084: $ 4 <= 00000006
@000050a0: $ 4 <= 00000001
@000050a4: *00000000 <= 00000100
@000050a8: $ 1 <= 00000100
@000050ac: $ 3 <= 00000000
@000050bc: $ 3 <= 000a0000
@000050c0: $ 3 <= 000e0000
@000050c4: $ 1 <= 00000000
@000050c8: $ 1 <= 00000000
@000050d4: $ 2 <= 00000000
@000050d8: $ 2 <= 00000000
@000050e4: *00000000 <= 00000100
@000050f4: $ 4 <= 00000000
@000050fc: $ 2 <= 00000100
@00005100: $ 2 <= 00000100
@00005108: $ 3 <= 00000105
@00005110: $ 3 <= 00000000
@00005114: *00000000 <= 00000000
@00005120: $ 4 <= 00000000
@00005124: $ 3 <= 00000000
@00005128: *00000000 <= 00000000
@0000512c: $ 2 <= 00000000
@00005130: $ 1 <= 00000000
@00005134: $ 1 <= 00000008
@00005138: $ 3 <= 00000008
@00005140: $ 3 <= 00000000
@00005140: $ 3 <= 00000000
@00005144: $ 1 <= 000a0000
@00005148: $ 2 <= 00000000
@00005150: $ 3 <= 00000002
@00005150: $ 3 <= 00000002
@00005158: *00000000 <= 00000002
@0000515c: $ 2 <= 00000000
@00005164: $ 1 <= 0000000a
@0000516c: *00000000 <= 0000000a
@00005178: $ 4 <= 00000064
@00005180: *00000008 <= 0b0a0008
@00005184: *00000008 <= 0b0a0008
@00005194: $ 1 <= 00000a00
@00005198: $ 3 <= 00000a00
@0000519c: $ 3 <= 00000a07
@000051a8: $ 2 <= 00000014
@000051ac: $ 3 <= 00000000
@000051b0: $ 2 <= 00000000
@000051b4: *00000000 <= 00000000
@000051bc: $ 2 <= 00000000
@000051d8: $ 3 <= 0000000f
@000051dc: $ 4 <= 00000000
@000051e0: $ 1 <= 00000000
@000051e8: *00000000 <= 00000000
@000051ec: *00000000 <= 00000000
@000051f0: $ 4 <= 00000000
@000051f8: $ 3 <= 00000000
@000051fc: *00000000 <= 00000000
@00005200: $ 3 <= 00000000
@00005204: $ 2 <= 00000000
@0000520c: $ 1 <= 00000000
@00005214: $ 3 <= 00000000
@00005224: *00000000 <= 00000000
@00005228: $ 3 <= 000a0000
@00005230: $ 2 <= 000a0000
@00005238: $ 3 <= 00001400
@00005240: $ 1 <= 00050000
@00005244: $ 1 <= 00000000
@00005248: *00000000 <= 00000000
@0000524c: $ 3 <= 00020000
@00005254: $ 3 <= 00050000
@00005278: *00000000 <= 00000000
@0000527c: $ 1 <= 00000000
@00005284: *00000000 <= 00000000
@00005290: $ 1 <= 00000000
@00005298: $ 1 <= 00000000
@000052a0: $ 4 <= 00090000
@000052ac: $ 2 <= 00000000
@000052c0: *00000000 <= 00000000
@000052c8: $ 4 <= 00020000
@000052cc: $ 4 <= 00000000
@000052d0: *00000000 <= 00000000
@000052e0: $ 1 <= 000a0000
@000052e8: $ 1 <= 00000000
@000052ec: *00000000 <= 00000000
@000052f0: $ 3 <= 00000000
@000052f8: $ 4 <= 00000001
@00005308: *00000000 <= 00000100
@00005310: $ 1 <= 00000000
@00005314: $ 3 <= 00000000
@0000531c: *00000000 <= 00000000
@00005320: $ 2 <= 00000000
@00005324: $ 4 <= 00080000
@00005328: *00000000 <= 00000000
@0000532c: $ 2 <= 00080000
@00005334: $ 1 <= 00080000
@00005338: $ 4 <= 000a0000
@00005340: $ 1 <= 000a0001
@0000534c: $ 2 <= 00090000
@00005350: $ 2 <= 00000000
@00005358: $ 4 <= 00050000
@0000535c: $ 4 <= 00050000
@00005368: $ 4 <= 00000064
@00005370: $ 4 <= 00000000
@00005370: $ 4 <= 00000000
@00005378: $ 1 <= 0000000e
@0000537c: $ 2 <= 00000000
@00005380: $ 1 <= 00000000
@00005384: *00000000 <= 00000000
@00005388: $ 4 <= 00060000
@00005394: $ 1 <= fff9ffff
@00005398: $ 4 <= 00020000
@000053a8: $ 2 <= 00020000
@000053b0: $ 3 <= 00080000
@000053b8: $ 2 <= 00080007
@000053c8: $ 3 <= 00080007
@000053cc: $ 4 <= 00008000
@000053d0: $ 4 <= 0000800c
@000053dc: $ 4 <= 00040000
@000053e0: $ 1 <= 00000040
@000053e8: $ 2 <= 00400000
@000053ec: $ 1 <= 00040000
@000053f0: $ 4 <= 0004000d
@000053fc: $ 3 <= 00700031
@00005410: $ 1 <= 00030000
@00005418: $ 3 <= 00000000
@00005424: $ 4 <= 00020000
@00005430: $ 3 <= 00000000
@00005434: $ 3 <= 00000000
@00005438: $ 1 <= 00000000
@00005444: *00000000 <= 00000000
@00005450: $ 1 <= 00000000
@00005458: $ 4 <= 00000009
@00005460: $ 1 <= 00000000
@00005468: $ 1 <= 00000000
@0000546c: *00000000 <= 00000000
@00005470: $ 1 <= 00000000
@00005478: $ 2 <= 00000000
@00005498: $ 3 <= 00000000
@000054a8: $ 4 <= 00060000
@000054b4: $ 3 <= 000b0000
@000054b8: $ 3 <= fffb0000
@000054c4: $ 3 <= fffb0000
@000054cc: $ 3 <= 00000000
@000054d4: $ 4 <= 00000001
@000054dc: $ 4 <= 00000001
@000054e4: $ 1 <= 00000002
@000054f0: $ 4 <= 00000000
@000054f4: $ 3 <= 00000000
@000054fc: $ 1 <= 00000000
@00005504: $ 1 <= 00000000
@0000550c: $ 1 <= 0000000a
@00005510: *00000008 <= 0b0a0008
@00005518: *00000008 <= 000a0008
@00005520: $ 1 <= 0000000a
@00005524: $ 4 <= 00000000
@00005528: $ 3 <= 00000000
@00005530: $ 1 <= 00040000
@00005540: $ 4 <= 00000000
@00005544: $ 3 <= 00000000
@00005548: $ 1 <= 00000000
@00005550: $ 1 <= 00000000
@00005554: *00000000 <= 00000000
@00005558: $ 1 <= 0000000c
@0000555c: $ 4 <= 00000000
@00005568: $ 4 <= 000a0000
@00005574: $ 3 <= 00000000
@00005578: $ 4 <= 00000001
@0000557c: $ 1 <= 00000003
@00005584: $ 2 <= 00050000
@00005588: $ 3 <= 00000001
@00005590: $ 4 <= 00000003
@00005590: $ 4 <= 00000003
@00005594: $ 3 <= 00000002
@0000559c: $ 4 <= 00000000
@000055a4: $ 4 <= 00000000
@000055a8: $ 3 <= 00000000
@000055b4: *00000000 <= 00000000
@000055c0: *00000000 <= 00000000
@000055c4: *00000000 <= 00000000
@000055c8: $ 1 <= 00010000
@000055d0: $ 4 <= 000e0000
@000055d0: $ 4 <= 000e0000
@000055e8: $ 3 <= 00000000
@000055ec: $ 4 <= 00000000
@000055f0: $ 2 <= 00000000
@000055f4: *00000000 <= 00000000
@000055f8: *00000000 <= 00000000
@000055fc: $ 2 <= 00090000
@00005600: $ 1 <= 00000000
@00005604: $ 1 <= 00000000
@00005608: $ 4 <= 00000000
@00005610: $ 2 <= 00000000
@00005614: $ 4 <= 00000000
@00005628: $ 2 <= 00000000
@0000562c: $ 1 <= 00000000
@00005644: $ 2 <= 00080000
@00005650: $ 1 <= 00080000
@00005654: $ 3 <= 00000000
@00005658: $ 2 <= 00000000
@00005660: $ 4 <= 00070000
@00005664: $ 2 <= 00000000
@00005668: $ 4 <= 00000000
@00005670: $ 1 <= 00070000
@00005684: $ 3 <= 000e0000
@00005688: $ 1 <= 00000000
@0000568c: $ 1 <= 00000031
@0000569c: $ 2 <= 00000000
@000056a0: $ 2 <= 00080000
@000056a4: $ 4 <= 00000001
@000056a8: $ 1 <= 0008000b
@000056b4: $ 1 <= 00070000
@000056b8: $ 3 <= 00080000
@000056c4: $ 2 <= 00000000
@000056d4: *00000000 <= 00000100
@000056e4: $ 2 <= 00000000
@000056f4: *00000000 <= 00000000
@000056f8: $ 1 <= 00000000
@00005700: $ 4 <= 00000000
@00005704: $ 3 <= 00090000
@00005708: *00000000 <= 00000000
@00005710: $ 4 <= 000a0000
@00005714: $ 1 <= 00080000
@0000571c: $ 2 <= fffe0000
@0000572c: $ 2 <= fffe0000
@00005740: $ 3 <= 00030000
@0000574c: $ 2 <= 000b0000
@00005754: $ 4 <= 00580000
@00005764: $ 1 <= 000b0000
@00005768: $ 3 <= 000b0000
@0000576c: $ 4 <= 00000000
@00005770: $ 1 <= 00000000
@00005778: $ 3 <= 00000000
@00005784: $ 2 <= 00000000
@0000578c: *00000000 <= 00000000
@00005794: $ 3 <= 00000000
@000057a0: $ 1 <= 00000000
@000057a4: $ 2 <= 000f0000
@000057ac: $ 1 <= 00000000
@000057b0: $ 3 <= 00000006
@000057b4: $ 1 <= 00000000
@000057bc: *00000000 <= 00000000
@000057c4: $ 4 <= 00000000
@000057c8: *00000000 <= 00000000
@000057cc: $ 1 <= 00090000
@000057e0: $ 1 <= 000f0000
@000057e4: $ 1 <= 000f0000
@000057e8: $ 2 <= 000f0000
@000057f8: $ 2 <= 000f0003
@000057fc: $ 3 <= 000f0003
@0000580c: $ 2 <= 000e0000
@0000581c: *00000000 <= 00000000
@00005820: $ 4 <= 00000001
@00005824: $ 1 <= 00000000
@0000582c: $ 3 <= 000c0000
@00005830: $ 4 <= 00000000
@00005840: $ 3 <= 00040000
@00005850: $ 1 <= 00000000
@00005858: $ 2 <= 00090000
@0000585c: $ 3 <= 00000010
@00005864: $ 4 <= 00000001
@00005868: $ 2 <= 00000001
@00005874: *00000000 <= 00000100
@00005880: *00000000 <= 00000100
@00005884: $ 1 <= 00000001
@00005888: $ 3 <= 00090000
@000058a0: $ 4 <= 00090000
@000058a0: $ 4 <= 00090000
@000058a8: $ 3 <= 00000001
@000058b0: $ 1 <= 0000000b
@000058b4: *00000000 <= 00000b00
@000058bc: $ 4 <= 00000000
@000058c0: $ 3 <= 00000000
@000058c8: $ 2 <= 00000000
@000058d4: $ 2 <= 00070000
@000058e8: $ 1 <= 00000003
@000058f0: $ 4 <= 00070000
@000058f0: $ 4 <= 00070000
@000058f4: $ 4 <= 00070000
@000058f8: $ 4 <= 00070000
@00005904: $ 4 <= 00070000
@00005910: $ 4 <= 0007000d
@00005914: $ 2 <= 00000003
@00005918: $ 4 <= 00000000
@00005924: $ 3 <= 00000000
@00005928: $ 4 <= 00000000
@0000592c: $ 3 <= 00000b00
@00005930: *00000000 <= 00000b00
@00005938: $ 1 <= 00000b00
@00005948: $ 1 <= 00020000
@00005950: $ 2 <= 00000400
@00005954: *00000000 <= 00020000
@00005958: $ 3 <= 000a0000
@0000595c: $ 3 <= 0002000b
@00005960: $ 2 <= 00000000
@00005964: $ 1 <= 000c0000
@00005968: $ 1 <= 000f0000
@00005974: $ 2 <= 00000000
@0000597c: $ 1 <= 00000000
@00005980: $ 1 <= 00000000
@00005984: $ 2 <= 00000000
@00005988: $ 3 <= 00000000
@00005994: $ 2 <= 00020000
@00005998: $ 2 <= 000f0000
@0000599c: $ 3 <= 00000000
@000059a4: $ 1 <= 00070000
@000059b0: $ 1 <= 00000000
@000059bc: $ 4 <= 00000000
@000059c4: $ 1 <= 00000000
@000059d0: $ 4 <= 00070000
@000059d4: $ 4 <= 00070000
@000059d8: $ 3 <= 00000000
@000059dc: $ 3 <= 00010000
@000059e4: $ 1 <= 00000040
@000059e8: $ 4 <= 00020000
@000059f4: $ 1 <= ffff0000
@000059f8: $ 3 <= 00000000
@00005a04: *00000000 <= 00000000
@00005a0c: *00000000 <= 00000000
@00005a10: $ 2 <= 00000001
@00005a18: $ 3 <= 00000000
@00005a1c: $ 4 <= fffffffe
@00005a28: $ 1 <= fffffffe
@00005a30: $ 4 <= 00000001
@00005a30: $ 4 <= 00000001
@00005a38: $ 2 <= 00000000
@00005a3c: $ 3 <= 00000000
@00005a50: $ 1 <= 00000000
@00005a54: *00000000 <= 00000000
@00005a58: $ 2 <= 00000000
@00005a60: $ 3 <= 00000000
@00005a60: $ 3 <= 00000000
@00005a78: *00000000 <= 00000000
@00005a7c: $ 3 <= 00060000
@00005a88: $ 1 <= 00000000
@00005a8c: $ 2 <= 00060000
@00005a90: $ 4 <= 00060000
@00005aa8: $ 3 <= 00000000
@00005aac: $ 4 <= 00000001
@00005ab4: $ 1 <= 00000001
@00005ac4: $ 2 <= 00000001
@00005ad0: $ 1 <= 00000001
@00005ad4: *00000000 <= 00000100
@00005ad8: $ 4 <= 000e0000
@00005adc: $ 4 <= 00000001
@00005ae0: *00000000 <= 00000100
@00005ae8: $ 2 <= 00000001
@00005af0: $ 4 <= 00000001
@00005afc: $ 4 <= 00004000
@00005b04: *00000000 <= 00004000
@00005b0c: $ 2 <= 00004000
@00005b14: $ 2 <= 00004008
@00005b24: *00000000 <= 00004008
@00005b28: $ 2 <= 00000000
@00005b30: $ 4 <= 00000000
@00005b34: $ 2 <= 00040000
@00005b48: $ 2 <= 08000000
@00005b54: $ 4 <= 00000000
@00005b58: $ 2 <= 0000000a
@00005b60: $ 4 <= 00060000
@00005b64: $ 4 <= 00000180
@00005b68: $ 4 <= 00004008
@00005b70: $ 1 <= 00090000
@00005b70: $ 1 <= 00090000
@00005b78: $ 2 <= 00000024
@00005b7c: $ 4 <= 00000000
@00005b94: $ 2 <= 00090000
@00005b9c: *00000000 <= 00004000
@00005bb4: $ 3 <= 00000000
@00005bb8: $ 3 <= 00000000
@00005bc0: $ 3 <= 00000000
@00005bc4: $ 4 <= 00000000
@00005bcc: $ 4 <= 00000000
@00005bd0: $ 2 <= 00000000
@00005bd4: *00000000 <= 00004000
@00005bd8: *00000000 <= 00000000
@00005be0: $ 1 <= 00000000
@00005be0: $ 1 <= 00000000
@00005be4: $ 3 <= 00000000
@00005bf0: $ 1 <= 00000006
@00005bf8: $ 2 <= 00000006
@00005c00: $ 4 <= 00000706
@00005c04: $ 3 <= 00000000
@00005c0c: $ 2 <= 00000e0c
@00005c10: *00000000 <= 00000e0c
@00005c18: *00000000 <= 00000e0c
@00005c1c: $ 3 <= 00000000
@00005c30: $ 4 <= 00000000
@00005c34: $ 1 <= 00000e12
@00005c38: $ 3 <= 00000000
@00005c3c: $ 4 <= 00010000
@00005c40: $ 3 <= 00000000
@00005c48: $ 2 <= 00000000
@00005c4c: $ 3 <= 00000000
@00005c50: *00000000 <= 00000000
@00005c54: $ 4 <= 00070000
@00005c60: $ 1 <= 00000000
@00005c60: $ 1 <= 00000000
@00005c68: $ 3 <= 00070004
@00005c70: $ 2 <= 000a0000
@00005c74: $ 2 <= 00000001
@00005c78: $ 3 <= 00070000
@00005c80: $ 1 <= 00000038
@00005c98: $ 3 <= 00000000
@00005c9c: $ 3 <= 00060000
@00005ca8: $ 4 <= 00000001
@00005cb0: $ 1 <= 0000000b
@00005cb4: $ 1 <= 00030000
@00005cb8: $ 2 <= 00060000
@00005cbc: $ 4 <= 000b0000
@00005cdc: $ 3 <= 00080000
@00005ce4: $ 3 <= 00000001
@00005cf0: $ 4 <= 00000001
@00005cf4: $ 4 <= 00000001
@00005d04: $ 4 <= 00000000
@00005d08: $ 4 <= 00000001
@00005d10: $ 1 <= 00000001
@00005d10: $ 1 <= 00000001
@00005d14: $ 1 <= 00000000
@00005d18: $ 3 <= 0000000b
@00005d24: $ 4 <= 000f0000
@00005d34: $ 2 <= 000f000f
@00005d3c: $ 2 <= 00000000
@00005d44: *00000000 <= 00000000
@00005d50: $ 4 <= 000a0000
@00005d58: $ 2 <= 000f0000
@00005d60: $ 4 <= e0000000
@00005d70: $ 3 <= 00000008
@00005d70: $ 3 <= 00000008
@00005d74: $ 1 <= 00000000
@00005d78: $ 4 <= 00000000
@00005d7c: $ 2 <= 00000000
@00005d84: $ 4 <= 00000001
@00005d90: $ 1 <= 00000000
@00005d9c: $ 3 <= 00000000
@00005da0: $ 4 <= 00000000
@00005da8: $ 2 <= 00000000
@00005dac: $ 2 <= 00000001
@00005db0: *00000000 <= 00000100
@00005db4: *00000000 <= 00000100
@00005db8: *00000000 <= 00000100
@00005dbc: $ 4 <= 00000000
@00005dc4: $ 4 <= 00000000
@00005dd4: *00000000 <= 00000000
@00005dd8: *00000000 <= 00000000
@00005ddc: *00000000 <= 00000000
@00005de4: $ 1 <= 00000000
@00005df8: $ 3 <= 00000000
@00005dfc: $ 3 <= 00000000
@00005e00: $ 1 <= 00000000
@00005e08: $ 4 <= 00090000
@00005e0c: $ 2 <= 00090000
@00005e10: $ 4 <= 00000000
@00005e1c: $ 4 <= 01200000
@00005e24: $ 2 <= 01200006
@00005e2c: $ 3 <= 00000000
@00005e34: $ 3 <= 00090000
@00005e40: $ 4 <= 00000000
@00005e48: $ 2 <= 000d0000
@00005e54: $ 4 <= 000d0009
@00005e60: $ 4 <= 001a0012
@00005e60: $ 4 <= 00340024
@00005e70: $ 1 <= 00120000
@00005e74: $ 3 <= 00340024
@00005e78: $ 2 <= 0034002c
@00005e7c: $ 1 <= 0034002f
@00005e98: $ 1 <= 00000001
@00005e9c: $ 1 <= 00050000
@00005ea0: $ 1 <= fffaffff
@00005eb0: $ 2 <= 00000000
@00005eb4: $ 4 <= 00070000
@00005ebc: $ 3 <= 00000000
@00005ec0: $ 1 <= 00000000
@00005ec4: *00000000 <= 00000000
@00005ed0: $ 3 <= 00000000
@00005ed0: $ 3 <= 00000000
@00005ed4: $ 1 <= 00000000
@00005edc: $ 4 <= 000b0000
@00005ee4: $ 3 <= 000b0000
@00005ef0: $ 1 <= 00000000
@00005ef4: $ 1 <= 00000000
@00005f04: $ 4 <= 00000000
@00005f14: $ 2 <= 0000000a
@00005f20: $ 2 <= 000a0000
@00005f24: $ 4 <= 00000000
@00005f2c: $ 3 <= 00000000
@00005f30: $ 1 <= 00000000
@00005f3c: $ 3 <= 00000000
@00005f40: *00000000 <= 00000000
@00005f50: $ 2 <= 0000000a
@00005f54: $ 2 <= 00000000
@00005f5c: *00000000 <= 00000000
@00005f60: $ 1 <= 00000006
@00005f64: $ 3 <= 00000000
@00005f68: $ 1 <= 00000006
@00005f6c: $ 1 <= 00000000
