#! /usr/local/iverilog/bin/vvp
:ivl_version "11.0 (devel)";
:ivl_delay_selection "TYPICAL";
:vpi_time_precision - 12;
:vpi_module "Y:\iverilog\lib\ivl\system.vpi";
:vpi_module "Y:\iverilog\lib\ivl\vhdl_sys.vpi";
:vpi_module "Y:\iverilog\lib\ivl\vhdl_textio.vpi";
:vpi_module "Y:\iverilog\lib\ivl\v2005_math.vpi";
:vpi_module "Y:\iverilog\lib\ivl\va_math.vpi";
S_00000000010784e0 .scope module, "mips_tb" "mips_tb" 2 25;
 .timescale -9 -12;
v0000000001547d40_0 .var "clk", 0 0;
v0000000001547a20_0 .var "reset", 0 0;
S_0000000001078670 .scope module, "uut" "mips" 2 32, 3 30 0, S_00000000010784e0;
 .timescale -9 -12;
    .port_info 0 /INPUT 1 "clk";
    .port_info 1 /INPUT 1 "reset";
v000000000154c660_0 .net "A3Sel", 1 0, L_00000000015bfb40;  1 drivers
v000000000154d380_0 .net "ALUControl", 3 0, L_00000000015c0040;  1 drivers
v000000000154cc00_0 .net "ALUOut", 31 0, L_00000000015ab360;  1 drivers
v000000000154dce0_0 .net "ALUZero", 0 0, L_00000000015aa820;  1 drivers
v000000000154d560_0 .net "DMOut", 31 0, L_00000000015aea60;  1 drivers
v000000000154cf20_0 .net "DMSel", 2 0, L_00000000015bed80;  1 drivers
v000000000154cfc0_0 .net "DWE", 0 0, L_00000000015c60f0;  1 drivers
v000000000154d060_0 .net "ExtOp", 0 0, L_00000000015c4e50;  1 drivers
v000000000154c0c0_0 .net "ExtOut", 31 0, L_00000000015a9740;  1 drivers
v000000000154d100_0 .net "GWDSel", 1 0, L_00000000015c07c0;  1 drivers
v000000000154d740_0 .net "GWE", 0 0, L_00000000015c4ad0;  1 drivers
v000000000154d7e0_0 .net "NPC", 31 0, L_0000000001549780;  1 drivers
v000000000154d9c0_0 .net "NPCSel", 2 0, L_00000000015bece0;  1 drivers
v000000000154d920_0 .net "PC", 31 0, v000000000154d4c0_0;  1 drivers
v000000000154da60_0 .net "PC4", 31 0, L_00000000015482e0;  1 drivers
v000000000154e960_0 .net "RD1", 31 0, L_00000000014d9020;  1 drivers
v000000000154edc0_0 .net "RD2", 31 0, L_00000000014d9170;  1 drivers
v000000000154eaa0_0 .net "SrcBSel", 1 0, L_00000000015be7e0;  1 drivers
L_000000000154f6a8 .functor BUFT 1, C4<00>, C4<0>, C4<0>, C4<0>;
v000000000154e8c0_0 .net/2u *"_ivl_0", 1 0, L_000000000154f6a8;  1 drivers
v000000000154ed20_0 .net *"_ivl_10", 0 0, L_00000000015a94c0;  1 drivers
L_000000000154f780 .functor BUFT 1, C4<11111>, C4<0>, C4<0>, C4<0>;
v000000000154ee60_0 .net/2u *"_ivl_12", 4 0, L_000000000154f780;  1 drivers
L_000000000154f7c8 .functor BUFT 1, C4<00000>, C4<0>, C4<0>, C4<0>;
v000000000154ec80_0 .net/2u *"_ivl_14", 4 0, L_000000000154f7c8;  1 drivers
v000000000154ea00_0 .net *"_ivl_16", 4 0, L_00000000015aa8c0;  1 drivers
v000000000154efa0_0 .net *"_ivl_18", 4 0, L_00000000015a9ba0;  1 drivers
v000000000154ef00_0 .net *"_ivl_2", 0 0, L_00000000015aa780;  1 drivers
L_000000000154f810 .functor BUFT 1, C4<00>, C4<0>, C4<0>, C4<0>;
v000000000154eb40_0 .net/2u *"_ivl_22", 1 0, L_000000000154f810;  1 drivers
v000000000154ebe0_0 .net *"_ivl_24", 0 0, L_00000000015a9ce0;  1 drivers
L_000000000154f858 .functor BUFT 1, C4<01>, C4<0>, C4<0>, C4<0>;
v00000000015481a0_0 .net/2u *"_ivl_26", 1 0, L_000000000154f858;  1 drivers
v0000000001548ce0_0 .net *"_ivl_28", 0 0, L_00000000015a96a0;  1 drivers
L_000000000154f8a0 .functor BUFT 1, C4<10>, C4<0>, C4<0>, C4<0>;
v0000000001548740_0 .net/2u *"_ivl_30", 1 0, L_000000000154f8a0;  1 drivers
v00000000015487e0_0 .net *"_ivl_32", 0 0, L_00000000015a9100;  1 drivers
L_000000000154f8e8 .functor BUFT 1, C4<00000000000000000000000000000000>, C4<0>, C4<0>, C4<0>;
v0000000001548560_0 .net/2u *"_ivl_34", 31 0, L_000000000154f8e8;  1 drivers
v0000000001548880_0 .net *"_ivl_36", 31 0, L_00000000015ab0e0;  1 drivers
v0000000001548420_0 .net *"_ivl_38", 31 0, L_00000000015aa5a0;  1 drivers
L_000000000154f6f0 .functor BUFT 1, C4<01>, C4<0>, C4<0>, C4<0>;
v0000000001547480_0 .net/2u *"_ivl_4", 1 0, L_000000000154f6f0;  1 drivers
L_000000000154ffa8 .functor BUFT 1, C4<00>, C4<0>, C4<0>, C4<0>;
v0000000001548240_0 .net/2u *"_ivl_42", 1 0, L_000000000154ffa8;  1 drivers
v00000000015478e0_0 .net *"_ivl_44", 0 0, L_00000000015abcc0;  1 drivers
L_000000000154fff0 .functor BUFT 1, C4<01>, C4<0>, C4<0>, C4<0>;
v0000000001549140_0 .net/2u *"_ivl_46", 1 0, L_000000000154fff0;  1 drivers
v00000000015491e0_0 .net *"_ivl_48", 0 0, L_00000000015ac120;  1 drivers
L_0000000001550038 .functor BUFT 1, C4<00000000000000000000000000000000>, C4<0>, C4<0>, C4<0>;
v0000000001547700_0 .net/2u *"_ivl_50", 31 0, L_0000000001550038;  1 drivers
v00000000015475c0_0 .net *"_ivl_52", 31 0, L_00000000015ac080;  1 drivers
v0000000001548d80_0 .net *"_ivl_6", 0 0, L_00000000015a9880;  1 drivers
L_000000000154f738 .functor BUFT 1, C4<10>, C4<0>, C4<0>, C4<0>;
v0000000001548060_0 .net/2u *"_ivl_8", 1 0, L_000000000154f738;  1 drivers
v00000000015470c0_0 .net "clk", 0 0, v0000000001547d40_0;  1 drivers
v0000000001547660_0 .net "im16_offest", 15 0, L_00000000015aadc0;  1 drivers
v0000000001547ca0_0 .net "im26", 25 0, L_00000000015aaaa0;  1 drivers
v0000000001548c40_0 .net "instr", 31 0, L_00000000014d8a70;  1 drivers
v00000000015477a0_0 .net "rd", 4 0, L_00000000015a9b00;  1 drivers
v0000000001548920_0 .net "reset", 0 0, v0000000001547a20_0;  1 drivers
v0000000001549460_0 .net "rs_base", 4 0, L_00000000015472a0;  1 drivers
v0000000001547980_0 .net "rt", 4 0, L_00000000015ab180;  1 drivers
v0000000001547840_0 .net "shamt", 4 0, L_00000000015a9560;  1 drivers
L_00000000015aa780 .cmp/eq 2, L_00000000015bfb40, L_000000000154f6a8;
L_00000000015a9880 .cmp/eq 2, L_00000000015bfb40, L_000000000154f6f0;
L_00000000015a94c0 .cmp/eq 2, L_00000000015bfb40, L_000000000154f738;
L_00000000015aa8c0 .functor MUXZ 5, L_000000000154f7c8, L_000000000154f780, L_00000000015a94c0, C4<>;
L_00000000015a9ba0 .functor MUXZ 5, L_00000000015aa8c0, L_00000000015ab180, L_00000000015a9880, C4<>;
L_00000000015ab540 .functor MUXZ 5, L_00000000015a9ba0, L_00000000015a9b00, L_00000000015aa780, C4<>;
L_00000000015a9ce0 .cmp/eq 2, L_00000000015c07c0, L_000000000154f810;
L_00000000015a96a0 .cmp/eq 2, L_00000000015c07c0, L_000000000154f858;
L_00000000015a9100 .cmp/eq 2, L_00000000015c07c0, L_000000000154f8a0;
L_00000000015ab0e0 .functor MUXZ 32, L_000000000154f8e8, L_00000000015482e0, L_00000000015a9100, C4<>;
L_00000000015aa5a0 .functor MUXZ 32, L_00000000015ab0e0, L_00000000015aea60, L_00000000015a96a0, C4<>;
L_00000000015aa280 .functor MUXZ 32, L_00000000015aa5a0, L_00000000015ab360, L_00000000015a9ce0, C4<>;
L_00000000015abcc0 .cmp/eq 2, L_00000000015be7e0, L_000000000154ffa8;
L_00000000015ac120 .cmp/eq 2, L_00000000015be7e0, L_000000000154fff0;
L_00000000015ac080 .functor MUXZ 32, L_0000000001550038, L_00000000015a9740, L_00000000015ac120, C4<>;
L_00000000015ad660 .functor MUXZ 32, L_00000000015ac080, L_00000000014d9170, L_00000000015abcc0, C4<>;
S_0000000001078800 .scope module, "alu" "ALU" 3 98, 4 22 0, S_0000000001078670;
 .timescale -9 -12;
    .port_info 0 /INPUT 32 "SrcA";
    .port_info 1 /INPUT 32 "SrcB";
    .port_info 2 /OUTPUT 32 "ALUOut";
    .port_info 3 /OUTPUT 1 "ALUZero";
    .port_info 4 /INPUT 5 "shamt";
    .port_info 5 /INPUT 4 "ALUControl";
L_00000000014d8b50 .functor OR 32, L_00000000014d9020, L_00000000015ad660, C4<00000000000000000000000000000000>, C4<00000000000000000000000000000000>;
v00000000010ec2b0_0 .net "ALUControl", 3 0, L_00000000015c0040;  alias, 1 drivers
v00000000010ecb70_0 .net "ALUOut", 31 0, L_00000000015ab360;  alias, 1 drivers
v00000000010ecc10_0 .net "ALUZero", 0 0, L_00000000015aa820;  alias, 1 drivers
v00000000010eccb0_0 .net "SrcA", 31 0, L_00000000014d9020;  alias, 1 drivers
v00000000010ed250_0 .net "SrcB", 31 0, L_00000000015ad660;  1 drivers
L_000000000154f978 .functor BUFT 1, C4<00000000000000000000000000000001>, C4<0>, C4<0>, C4<0>;
v00000000010ed7f0_0 .net/2u *"_ivl_0", 31 0, L_000000000154f978;  1 drivers
L_000000000154ff60 .functor BUFT 1, C4<00000000000000000000000000000000>, C4<0>, C4<0>, C4<0>;
v000000000108f750_0 .net/2u *"_ivl_100", 31 0, L_000000000154ff60;  1 drivers
v000000000106b5f0_0 .net *"_ivl_102", 31 0, L_00000000015a9240;  1 drivers
v00000000015352f0_0 .net *"_ivl_104", 31 0, L_00000000015aa0a0;  1 drivers
v00000000015361f0_0 .net *"_ivl_106", 31 0, L_00000000015ab400;  1 drivers
v0000000001537050_0 .net *"_ivl_108", 31 0, L_00000000015aaa00;  1 drivers
v00000000015360b0_0 .net *"_ivl_110", 31 0, L_00000000015aac80;  1 drivers
v00000000015370f0_0 .net *"_ivl_112", 31 0, L_00000000015aafa0;  1 drivers
v0000000001536fb0_0 .net *"_ivl_114", 31 0, L_00000000015aad20;  1 drivers
v0000000001535750_0 .net *"_ivl_116", 31 0, L_00000000015ab040;  1 drivers
v00000000015375f0_0 .net *"_ivl_118", 31 0, L_00000000015ab220;  1 drivers
L_000000000154fa50 .functor BUFT 1, C4<0000>, C4<0>, C4<0>, C4<0>;
v00000000015374b0_0 .net/2u *"_ivl_12", 3 0, L_000000000154fa50;  1 drivers
v00000000015356b0_0 .net *"_ivl_14", 0 0, L_00000000015ab860;  1 drivers
v0000000001535110_0 .net *"_ivl_16", 31 0, L_00000000015aa460;  1 drivers
L_000000000154fa98 .functor BUFT 1, C4<0001>, C4<0>, C4<0>, C4<0>;
v00000000015377d0_0 .net/2u *"_ivl_18", 3 0, L_000000000154fa98;  1 drivers
v0000000001536970_0 .net *"_ivl_2", 0 0, L_00000000015a9e20;  1 drivers
v0000000001537370_0 .net *"_ivl_20", 0 0, L_00000000015aa640;  1 drivers
v0000000001535bb0_0 .net *"_ivl_22", 31 0, L_00000000015aae60;  1 drivers
L_000000000154fae0 .functor BUFT 1, C4<0010>, C4<0>, C4<0>, C4<0>;
v0000000001535d90_0 .net/2u *"_ivl_24", 3 0, L_000000000154fae0;  1 drivers
v0000000001536dd0_0 .net *"_ivl_26", 0 0, L_00000000015aa140;  1 drivers
v0000000001536a10_0 .net *"_ivl_28", 31 0, L_00000000014d8b50;  1 drivers
L_000000000154fb28 .functor BUFT 1, C4<0011>, C4<0>, C4<0>, C4<0>;
v0000000001536650_0 .net/2u *"_ivl_30", 3 0, L_000000000154fb28;  1 drivers
v0000000001535570_0 .net *"_ivl_32", 0 0, L_00000000015ab7c0;  1 drivers
v0000000001536150_0 .net *"_ivl_34", 0 0, L_00000000015a99c0;  1 drivers
v0000000001536290_0 .net *"_ivl_36", 31 0, L_00000000015a91a0;  1 drivers
L_000000000154fb70 .functor BUFT 1, C4<0000000000000000000000000000000>, C4<0>, C4<0>, C4<0>;
v0000000001535ed0_0 .net *"_ivl_39", 30 0, L_000000000154fb70;  1 drivers
L_000000000154f9c0 .functor BUFT 1, C4<01>, C4<0>, C4<0>, C4<0>;
v0000000001536ab0_0 .net/2s *"_ivl_4", 1 0, L_000000000154f9c0;  1 drivers
L_000000000154fbb8 .functor BUFT 1, C4<0100>, C4<0>, C4<0>, C4<0>;
v0000000001536510_0 .net/2u *"_ivl_40", 3 0, L_000000000154fbb8;  1 drivers
v0000000001537690_0 .net *"_ivl_42", 0 0, L_00000000015aab40;  1 drivers
v0000000001537410_0 .net *"_ivl_44", 31 0, L_00000000015a9a60;  1 drivers
v00000000015357f0_0 .net *"_ivl_46", 15 0, L_00000000015ab2c0;  1 drivers
L_000000000154fc00 .functor BUFT 1, C4<0000000000000000>, C4<0>, C4<0>, C4<0>;
v0000000001537230_0 .net *"_ivl_48", 15 0, L_000000000154fc00;  1 drivers
L_000000000154fc48 .functor BUFT 1, C4<0101>, C4<0>, C4<0>, C4<0>;
v0000000001535430_0 .net/2u *"_ivl_50", 3 0, L_000000000154fc48;  1 drivers
v0000000001536d30_0 .net *"_ivl_52", 0 0, L_00000000015a9380;  1 drivers
v0000000001536f10_0 .net *"_ivl_54", 31 0, L_00000000015aa500;  1 drivers
L_000000000154fc90 .functor BUFT 1, C4<0110>, C4<0>, C4<0>, C4<0>;
v0000000001536e70_0 .net/2u *"_ivl_56", 3 0, L_000000000154fc90;  1 drivers
v0000000001535390_0 .net *"_ivl_58", 0 0, L_00000000015aa6e0;  1 drivers
L_000000000154fa08 .functor BUFT 1, C4<00>, C4<0>, C4<0>, C4<0>;
v00000000015351b0_0 .net/2s *"_ivl_6", 1 0, L_000000000154fa08;  1 drivers
v0000000001535e30_0 .net *"_ivl_60", 0 0, L_00000000015a9c40;  1 drivers
v0000000001537190_0 .net *"_ivl_62", 31 0, L_00000000015ab5e0;  1 drivers
L_000000000154fcd8 .functor BUFT 1, C4<0000000000000000000000000000000>, C4<0>, C4<0>, C4<0>;
v0000000001537730_0 .net *"_ivl_65", 30 0, L_000000000154fcd8;  1 drivers
L_000000000154fd20 .functor BUFT 1, C4<0111>, C4<0>, C4<0>, C4<0>;
v00000000015365b0_0 .net/2u *"_ivl_66", 3 0, L_000000000154fd20;  1 drivers
v00000000015354d0_0 .net *"_ivl_68", 0 0, L_00000000015a9420;  1 drivers
v0000000001535070_0 .net *"_ivl_70", 0 0, L_00000000015aa960;  1 drivers
v0000000001535f70_0 .net *"_ivl_72", 31 0, L_00000000015a9ec0;  1 drivers
L_000000000154fd68 .functor BUFT 1, C4<0000000000000000000000000000000>, C4<0>, C4<0>, C4<0>;
v0000000001535890_0 .net *"_ivl_75", 30 0, L_000000000154fd68;  1 drivers
L_000000000154fdb0 .functor BUFT 1, C4<1000>, C4<0>, C4<0>, C4<0>;
v0000000001535610_0 .net/2u *"_ivl_76", 3 0, L_000000000154fdb0;  1 drivers
v0000000001536b50_0 .net *"_ivl_78", 0 0, L_00000000015a97e0;  1 drivers
v0000000001536330_0 .net *"_ivl_8", 1 0, L_00000000015aaf00;  1 drivers
L_000000000154fdf8 .functor BUFT 1, C4<00000000000000000000000000000000>, C4<0>, C4<0>, C4<0>;
v0000000001536010_0 .net/2s *"_ivl_80", 31 0, L_000000000154fdf8;  1 drivers
v0000000001537550_0 .net *"_ivl_82", 0 0, L_00000000015aabe0;  1 drivers
v00000000015363d0_0 .net *"_ivl_84", 31 0, L_00000000015a92e0;  1 drivers
L_000000000154fe40 .functor BUFT 1, C4<0000000000000000000000000000000>, C4<0>, C4<0>, C4<0>;
v0000000001536470_0 .net *"_ivl_87", 30 0, L_000000000154fe40;  1 drivers
L_000000000154fe88 .functor BUFT 1, C4<1001>, C4<0>, C4<0>, C4<0>;
v0000000001536c90_0 .net/2u *"_ivl_88", 3 0, L_000000000154fe88;  1 drivers
v0000000001535c50_0 .net *"_ivl_90", 0 0, L_00000000015ab720;  1 drivers
L_000000000154fed0 .functor BUFT 1, C4<00000000000000000000000000000000>, C4<0>, C4<0>, C4<0>;
v00000000015372d0_0 .net/2s *"_ivl_92", 31 0, L_000000000154fed0;  1 drivers
v0000000001535250_0 .net *"_ivl_94", 0 0, L_00000000015a9f60;  1 drivers
v0000000001535930_0 .net *"_ivl_96", 31 0, L_00000000015aa000;  1 drivers
L_000000000154ff18 .functor BUFT 1, C4<0000000000000000000000000000000>, C4<0>, C4<0>, C4<0>;
v00000000015359d0_0 .net *"_ivl_99", 30 0, L_000000000154ff18;  1 drivers
v0000000001536830_0 .net "shamt", 4 0, L_00000000015a9560;  alias, 1 drivers
L_00000000015a9e20 .cmp/eq 32, L_00000000015ab360, L_000000000154f978;
L_00000000015aaf00 .functor MUXZ 2, L_000000000154fa08, L_000000000154f9c0, L_00000000015a9e20, C4<>;
L_00000000015aa820 .part L_00000000015aaf00, 0, 1;
L_00000000015ab860 .cmp/eq 4, L_00000000015c0040, L_000000000154fa50;
L_00000000015aa460 .arith/sum 32, L_00000000014d9020, L_00000000015ad660;
L_00000000015aa640 .cmp/eq 4, L_00000000015c0040, L_000000000154fa98;
L_00000000015aae60 .arith/sub 32, L_00000000014d9020, L_00000000015ad660;
L_00000000015aa140 .cmp/eq 4, L_00000000015c0040, L_000000000154fae0;
L_00000000015ab7c0 .cmp/eq 4, L_00000000015c0040, L_000000000154fb28;
L_00000000015a99c0 .cmp/eq 32, L_00000000014d9020, L_00000000015ad660;
L_00000000015a91a0 .concat [ 1 31 0 0], L_00000000015a99c0, L_000000000154fb70;
L_00000000015aab40 .cmp/eq 4, L_00000000015c0040, L_000000000154fbb8;
L_00000000015ab2c0 .part L_00000000015ad660, 0, 16;
L_00000000015a9a60 .concat [ 16 16 0 0], L_000000000154fc00, L_00000000015ab2c0;
L_00000000015a9380 .cmp/eq 4, L_00000000015c0040, L_000000000154fc48;
L_00000000015aa500 .shift/l 32, L_00000000015ad660, L_00000000015a9560;
L_00000000015aa6e0 .cmp/eq 4, L_00000000015c0040, L_000000000154fc90;
L_00000000015a9c40 .cmp/gt 32, L_00000000015ad660, L_00000000014d9020;
L_00000000015ab5e0 .concat [ 1 31 0 0], L_00000000015a9c40, L_000000000154fcd8;
L_00000000015a9420 .cmp/eq 4, L_00000000015c0040, L_000000000154fd20;
L_00000000015aa960 .cmp/ge 32, L_00000000015ad660, L_00000000014d9020;
L_00000000015a9ec0 .concat [ 1 31 0 0], L_00000000015aa960, L_000000000154fd68;
L_00000000015a97e0 .cmp/eq 4, L_00000000015c0040, L_000000000154fdb0;
L_00000000015aabe0 .cmp/gt.s 32, L_000000000154fdf8, L_00000000014d9020;
L_00000000015a92e0 .concat [ 1 31 0 0], L_00000000015aabe0, L_000000000154fe40;
L_00000000015ab720 .cmp/eq 4, L_00000000015c0040, L_000000000154fe88;
L_00000000015a9f60 .cmp/ge.s 32, L_000000000154fed0, L_00000000014d9020;
L_00000000015aa000 .concat [ 1 31 0 0], L_00000000015a9f60, L_000000000154ff18;
L_00000000015a9240 .functor MUXZ 32, L_000000000154ff60, L_00000000015aa000, L_00000000015ab720, C4<>;
L_00000000015aa0a0 .functor MUXZ 32, L_00000000015a9240, L_00000000015a92e0, L_00000000015a97e0, C4<>;
L_00000000015ab400 .functor MUXZ 32, L_00000000015aa0a0, L_00000000015a9ec0, L_00000000015a9420, C4<>;
L_00000000015aaa00 .functor MUXZ 32, L_00000000015ab400, L_00000000015ab5e0, L_00000000015aa6e0, C4<>;
L_00000000015aac80 .functor MUXZ 32, L_00000000015aaa00, L_00000000015aa500, L_00000000015a9380, C4<>;
L_00000000015aafa0 .functor MUXZ 32, L_00000000015aac80, L_00000000015a9a60, L_00000000015aab40, C4<>;
L_00000000015aad20 .functor MUXZ 32, L_00000000015aafa0, L_00000000015a91a0, L_00000000015ab7c0, C4<>;
L_00000000015ab040 .functor MUXZ 32, L_00000000015aad20, L_00000000014d8b50, L_00000000015aa140, C4<>;
L_00000000015ab220 .functor MUXZ 32, L_00000000015ab040, L_00000000015aae60, L_00000000015aa640, C4<>;
L_00000000015ab360 .functor MUXZ 32, L_00000000015ab220, L_00000000015aa460, L_00000000015ab860, C4<>;
S_000000000104ccc0 .scope module, "ctrl" "Ctrl" 3 120, 5 22 0, S_0000000001078670;
 .timescale -9 -12;
    .port_info 0 /INPUT 32 "instr";
    .port_info 1 /OUTPUT 3 "NPCSel";
    .port_info 2 /OUTPUT 1 "ExtOp";
    .port_info 3 /OUTPUT 2 "GWDSel";
    .port_info 4 /OUTPUT 2 "A3Sel";
    .port_info 5 /OUTPUT 1 "GWE";
    .port_info 6 /OUTPUT 2 "SrcBSel";
    .port_info 7 /OUTPUT 4 "ALUControl";
    .port_info 8 /OUTPUT 1 "DWE";
    .port_info 9 /OUTPUT 3 "DMSel";
L_00000000014d8c30 .functor AND 1, L_00000000015af8c0, L_00000000015af280, C4<1>, C4<1>;
L_00000000014d9250 .functor AND 1, L_00000000015ae740, L_00000000015b0860, C4<1>, C4<1>;
L_00000000014d8ae0 .functor AND 1, L_00000000015b05e0, L_00000000015ae420, C4<1>, C4<1>;
L_00000000014d8bc0 .functor AND 1, L_00000000015af820, L_00000000015ae880, C4<1>, C4<1>;
L_00000000014d86f0 .functor OR 1, L_00000000015ae100, L_00000000015af6e0, C4<0>, C4<0>;
L_0000000001551d30 .functor BUFT 1, C4<0>, C4<0>, C4<0>, C4<0>;
L_00000000014d8ca0 .functor OR 1, L_00000000014d86f0, L_0000000001551d30, C4<0>, C4<0>;
L_00000000014d8530 .functor OR 1, L_00000000015ae240, L_00000000015b07c0, C4<0>, C4<0>;
L_00000000014d8d10 .functor OR 1, L_00000000014d8530, L_00000000015af6e0, C4<0>, C4<0>;
L_0000000001551d78 .functor BUFT 1, C4<0>, C4<0>, C4<0>, C4<0>;
L_00000000014d8d80 .functor OR 1, L_00000000014d8d10, L_0000000001551d78, C4<0>, C4<0>;
L_0000000001551dc0 .functor BUFT 1, C4<0>, C4<0>, C4<0>, C4<0>;
L_00000000014d8df0 .functor OR 1, L_00000000015aef60, L_0000000001551dc0, C4<0>, C4<0>;
L_00000000014d8f40 .functor OR 1, L_00000000015afaa0, L_00000000015b0f40, C4<0>, C4<0>;
L_00000000014d9410 .functor OR 1, L_00000000014d8f40, L_00000000015b0ae0, C4<0>, C4<0>;
L_00000000014d93a0 .functor OR 1, L_00000000014d9410, L_00000000015c0720, C4<0>, C4<0>;
L_00000000014d8680 .functor OR 1, L_00000000014d93a0, L_00000000015aee20, C4<0>, C4<0>;
L_00000000014d8e60 .functor OR 1, L_00000000014d8680, L_00000000015b0fe0, C4<0>, C4<0>;
L_00000000014d8610 .functor OR 1, L_00000000014d8e60, L_00000000015b0c20, C4<0>, C4<0>;
L_0000000001083660 .functor OR 1, L_00000000014d8610, L_00000000015ae7e0, C4<0>, C4<0>;
L_0000000001083a50 .functor OR 1, L_0000000001083660, L_00000000015ae380, C4<0>, C4<0>;
L_0000000001551e08 .functor BUFT 1, C4<0>, C4<0>, C4<0>, C4<0>;
L_00000000015c4e50 .functor OR 1, L_0000000001083a50, L_0000000001551e08, C4<0>, C4<0>;
L_00000000015c4130 .functor OR 1, L_00000000015aee20, L_00000000015b0fe0, C4<0>, C4<0>;
L_00000000015c48a0 .functor OR 1, L_00000000015c4130, L_00000000015b0f40, C4<0>, C4<0>;
L_00000000015c4bb0 .functor OR 1, L_00000000015c48a0, L_00000000015b0ae0, C4<0>, C4<0>;
L_00000000015c4b40 .functor OR 1, L_00000000015c4bb0, L_00000000015ae380, C4<0>, C4<0>;
L_0000000001551e50 .functor BUFT 1, C4<0>, C4<0>, C4<0>, C4<0>;
L_00000000015c4750 .functor OR 1, L_00000000015c4b40, L_0000000001551e50, C4<0>, C4<0>;
L_0000000001551e98 .functor BUFT 1, C4<0>, C4<0>, C4<0>, C4<0>;
L_00000000015c42f0 .functor OR 1, L_00000000015b07c0, L_0000000001551e98, C4<0>, C4<0>;
L_00000000015c4d70 .functor OR 1, L_00000000015afaa0, L_00000000015aee20, C4<0>, C4<0>;
L_00000000015c4210 .functor OR 1, L_00000000015c4d70, L_00000000015b0fe0, C4<0>, C4<0>;
L_00000000015c4ec0 .functor OR 1, L_00000000015c4210, L_00000000015b0f40, C4<0>, C4<0>;
L_00000000015c4d00 .functor OR 1, L_00000000015c4ec0, L_00000000015b0ae0, C4<0>, C4<0>;
L_00000000015c4830 .functor OR 1, L_00000000015c4d00, L_00000000015aece0, C4<0>, C4<0>;
L_00000000015c4980 .functor OR 1, L_00000000015c4830, L_00000000015afc80, C4<0>, C4<0>;
L_00000000015c40c0 .functor OR 1, L_00000000015c4980, L_00000000015ae380, C4<0>, C4<0>;
L_0000000001551ee0 .functor BUFT 1, C4<0>, C4<0>, C4<0>, C4<0>;
L_00000000015c4de0 .functor OR 1, L_00000000015c40c0, L_0000000001551ee0, C4<0>, C4<0>;
L_0000000001551f28 .functor BUFT 1, C4<0>, C4<0>, C4<0>, C4<0>;
L_00000000015c3fe0 .functor OR 1, L_00000000015b07c0, L_0000000001551f28, C4<0>, C4<0>;
L_00000000015c44b0 .functor OR 1, L_00000000015afaa0, L_00000000015b0720, C4<0>, C4<0>;
L_00000000015c4a60 .functor OR 1, L_00000000015c44b0, L_00000000015aee20, C4<0>, C4<0>;
L_00000000015c46e0 .functor OR 1, L_00000000015c4a60, L_00000000015b0fe0, C4<0>, C4<0>;
L_00000000015c4910 .functor OR 1, L_00000000015c46e0, L_00000000015b0f40, C4<0>, C4<0>;
L_00000000015c4360 .functor OR 1, L_00000000015c4910, L_00000000015b0ae0, C4<0>, C4<0>;
L_00000000015c4050 .functor OR 1, L_00000000015c4360, L_00000000015af500, C4<0>, C4<0>;
L_00000000015c43d0 .functor OR 1, L_00000000015c4050, L_00000000015ae560, C4<0>, C4<0>;
L_00000000015c49f0 .functor OR 1, L_00000000015c43d0, L_00000000015aece0, C4<0>, C4<0>;
L_00000000015c4440 .functor OR 1, L_00000000015c49f0, L_00000000015afc80, C4<0>, C4<0>;
L_00000000015c4c20 .functor OR 1, L_00000000015c4440, L_00000000015ae380, C4<0>, C4<0>;
L_00000000015c4520 .functor OR 1, L_00000000015c4c20, L_00000000015b07c0, C4<0>, C4<0>;
L_0000000001551f70 .functor BUFT 1, C4<0>, C4<0>, C4<0>, C4<0>;
L_00000000015c4ad0 .functor OR 1, L_00000000015c4520, L_0000000001551f70, C4<0>, C4<0>;
L_00000000015c4c90 .functor OR 1, L_00000000015afaa0, L_00000000015aee20, C4<0>, C4<0>;
L_00000000015c4590 .functor OR 1, L_00000000015c4c90, L_00000000015b0fe0, C4<0>, C4<0>;
L_00000000015c41a0 .functor OR 1, L_00000000015c4590, L_00000000015b0c20, C4<0>, C4<0>;
L_00000000015c4280 .functor OR 1, L_00000000015c41a0, L_00000000015b0f40, C4<0>, C4<0>;
L_00000000015c4600 .functor OR 1, L_00000000015c4280, L_00000000015b0ae0, C4<0>, C4<0>;
L_00000000015c4670 .functor OR 1, L_00000000015c4600, L_00000000015c0720, C4<0>, C4<0>;
L_00000000015c47c0 .functor OR 1, L_00000000015c4670, L_00000000015aece0, C4<0>, C4<0>;
L_00000000015c5520 .functor OR 1, L_00000000015c47c0, L_00000000015afc80, C4<0>, C4<0>;
L_00000000015c5ad0 .functor OR 1, L_00000000015c5520, L_00000000015ae7e0, C4<0>, C4<0>;
L_00000000015c5980 .functor OR 1, L_00000000015c5ad0, L_00000000015ae380, C4<0>, C4<0>;
L_0000000001551fb8 .functor BUFT 1, C4<0>, C4<0>, C4<0>, C4<0>;
L_00000000015c6da0 .functor OR 1, L_00000000015c5980, L_0000000001551fb8, C4<0>, C4<0>;
L_00000000015c5b40 .functor OR 1, L_00000000015aef60, L_00000000015b0720, C4<0>, C4<0>;
L_00000000015c6630 .functor OR 1, L_00000000015c5b40, L_00000000015ae560, C4<0>, C4<0>;
L_00000000015c5a60 .functor OR 1, L_00000000015c6630, L_00000000015ae100, C4<0>, C4<0>;
L_0000000001552048 .functor BUFT 1, C4<0>, C4<0>, C4<0>, C4<0>;
L_00000000015c59f0 .functor OR 1, L_00000000015c5a60, L_0000000001552048, C4<0>, C4<0>;
L_00000000015c5de0 .functor OR 1, L_00000000015afaa0, L_00000000015aece0, C4<0>, C4<0>;
L_00000000015c6d30 .functor OR 1, L_00000000015c5de0, L_00000000015ae100, C4<0>, C4<0>;
L_0000000001552090 .functor BUFT 1, C4<0>, C4<0>, C4<0>, C4<0>;
L_00000000015c68d0 .functor OR 1, L_00000000015c6d30, L_0000000001552090, C4<0>, C4<0>;
L_00000000015c6320 .functor OR 1, L_00000000015afaa0, L_00000000015b0720, C4<0>, C4<0>;
L_00000000015c5670 .functor OR 1, L_00000000015c6320, L_00000000015afc80, C4<0>, C4<0>;
L_00000000015520d8 .functor BUFT 1, C4<0>, C4<0>, C4<0>, C4<0>;
L_00000000015c69b0 .functor OR 1, L_00000000015c5670, L_00000000015520d8, C4<0>, C4<0>;
L_0000000001552120 .functor BUFT 1, C4<0>, C4<0>, C4<0>, C4<0>;
L_00000000015c6470 .functor OR 1, L_00000000015aef60, L_0000000001552120, C4<0>, C4<0>;
L_00000000015c65c0 .functor OR 1, L_00000000015b0c20, L_00000000015c0720, C4<0>, C4<0>;
L_00000000015c67f0 .functor OR 1, L_00000000015c65c0, L_00000000015ae7e0, C4<0>, C4<0>;
L_0000000001552168 .functor BUFT 1, C4<0>, C4<0>, C4<0>, C4<0>;
L_00000000015c60f0 .functor OR 1, L_00000000015c67f0, L_0000000001552168, C4<0>, C4<0>;
L_00000000015c66a0 .functor OR 1, L_00000000015b0c20, L_00000000015aee20, C4<0>, C4<0>;
L_00000000015c5d00 .functor OR 1, L_00000000015c66a0, L_00000000015b0fe0, C4<0>, C4<0>;
L_00000000015521b0 .functor BUFT 1, C4<0>, C4<0>, C4<0>, C4<0>;
L_00000000015c5ec0 .functor OR 1, L_00000000015c5d00, L_00000000015521b0, C4<0>, C4<0>;
L_00000000015c5280 .functor OR 1, L_00000000015c0720, L_00000000015b0f40, C4<0>, C4<0>;
L_00000000015c6400 .functor OR 1, L_00000000015c5280, L_00000000015b0fe0, C4<0>, C4<0>;
L_00000000015521f8 .functor BUFT 1, C4<0>, C4<0>, C4<0>, C4<0>;
L_00000000015c6080 .functor OR 1, L_00000000015c6400, L_00000000015521f8, C4<0>, C4<0>;
L_0000000001552240 .functor BUFT 1, C4<0>, C4<0>, C4<0>, C4<0>;
L_00000000015c5e50 .functor OR 1, L_00000000015b0ae0, L_0000000001552240, C4<0>, C4<0>;
v0000000001535a70_0 .net "A3Sel", 1 0, L_00000000015bfb40;  alias, 1 drivers
v0000000001535b10_0 .net "ALUControl", 3 0, L_00000000015c0040;  alias, 1 drivers
v0000000001535cf0_0 .net "DMSel", 2 0, L_00000000015bed80;  alias, 1 drivers
v00000000015366f0_0 .net "DWE", 0 0, L_00000000015c60f0;  alias, 1 drivers
v0000000001536790_0 .net "ExtOp", 0 0, L_00000000015c4e50;  alias, 1 drivers
v00000000015368d0_0 .net "GWDSel", 1 0, L_00000000015c07c0;  alias, 1 drivers
v0000000001536bf0_0 .net "GWE", 0 0, L_00000000015c4ad0;  alias, 1 drivers
v0000000001537b90_0 .net "NPCSel", 2 0, L_00000000015bece0;  alias, 1 drivers
v0000000001538db0_0 .net "SrcBSel", 1 0, L_00000000015be7e0;  alias, 1 drivers
v0000000001537af0_0 .net *"_ivl_10", 0 0, L_00000000015af280;  1 drivers
L_0000000001551238 .functor BUFT 1, C4<001010>, C4<0>, C4<0>, C4<0>;
v0000000001538810_0 .net/2u *"_ivl_100", 5 0, L_0000000001551238;  1 drivers
v0000000001537c30_0 .net *"_ivl_102", 0 0, L_00000000015afa00;  1 drivers
L_0000000001551280 .functor BUFT 1, C4<01>, C4<0>, C4<0>, C4<0>;
v0000000001538950_0 .net/2s *"_ivl_104", 1 0, L_0000000001551280;  1 drivers
L_00000000015512c8 .functor BUFT 1, C4<00>, C4<0>, C4<0>, C4<0>;
v00000000015386d0_0 .net/2s *"_ivl_106", 1 0, L_00000000015512c8;  1 drivers
v0000000001537cd0_0 .net *"_ivl_108", 1 0, L_00000000015aeb00;  1 drivers
L_0000000001551310 .functor BUFT 1, C4<000100>, C4<0>, C4<0>, C4<0>;
v0000000001537f50_0 .net/2u *"_ivl_112", 5 0, L_0000000001551310;  1 drivers
v0000000001538270_0 .net *"_ivl_114", 0 0, L_00000000015aff00;  1 drivers
L_0000000001551358 .functor BUFT 1, C4<01>, C4<0>, C4<0>, C4<0>;
v0000000001538090_0 .net/2s *"_ivl_116", 1 0, L_0000000001551358;  1 drivers
L_00000000015513a0 .functor BUFT 1, C4<00>, C4<0>, C4<0>, C4<0>;
v0000000001538b30_0 .net/2s *"_ivl_118", 1 0, L_00000000015513a0;  1 drivers
v0000000001538770_0 .net *"_ivl_120", 1 0, L_00000000015af1e0;  1 drivers
L_00000000015513e8 .functor BUFT 1, C4<000111>, C4<0>, C4<0>, C4<0>;
v0000000001537d70_0 .net/2u *"_ivl_124", 5 0, L_00000000015513e8;  1 drivers
v0000000001538310_0 .net *"_ivl_126", 0 0, L_00000000015afb40;  1 drivers
L_0000000001551430 .functor BUFT 1, C4<01>, C4<0>, C4<0>, C4<0>;
v0000000001538130_0 .net/2s *"_ivl_128", 1 0, L_0000000001551430;  1 drivers
v0000000001537870_0 .net *"_ivl_13", 0 0, L_00000000014d8c30;  1 drivers
L_0000000001551478 .functor BUFT 1, C4<00>, C4<0>, C4<0>, C4<0>;
v00000000015389f0_0 .net/2s *"_ivl_130", 1 0, L_0000000001551478;  1 drivers
v00000000015383b0_0 .net *"_ivl_132", 1 0, L_00000000015afbe0;  1 drivers
L_00000000015514c0 .functor BUFT 1, C4<000011>, C4<0>, C4<0>, C4<0>;
v0000000001538a90_0 .net/2u *"_ivl_136", 5 0, L_00000000015514c0;  1 drivers
v0000000001538c70_0 .net *"_ivl_138", 0 0, L_00000000015af000;  1 drivers
L_0000000001550c98 .functor BUFT 1, C4<01>, C4<0>, C4<0>, C4<0>;
v0000000001538e50_0 .net/2s *"_ivl_14", 1 0, L_0000000001550c98;  1 drivers
L_0000000001551508 .functor BUFT 1, C4<01>, C4<0>, C4<0>, C4<0>;
v0000000001537eb0_0 .net/2s *"_ivl_140", 1 0, L_0000000001551508;  1 drivers
L_0000000001551550 .functor BUFT 1, C4<00>, C4<0>, C4<0>, C4<0>;
v0000000001538bd0_0 .net/2s *"_ivl_142", 1 0, L_0000000001551550;  1 drivers
v0000000001537e10_0 .net *"_ivl_144", 1 0, L_00000000015afd20;  1 drivers
L_0000000001551598 .functor BUFT 1, C4<000010>, C4<0>, C4<0>, C4<0>;
v0000000001538630_0 .net/2u *"_ivl_148", 5 0, L_0000000001551598;  1 drivers
v0000000001537ff0_0 .net *"_ivl_150", 0 0, L_00000000015aeba0;  1 drivers
L_00000000015515e0 .functor BUFT 1, C4<01>, C4<0>, C4<0>, C4<0>;
v0000000001538ef0_0 .net/2s *"_ivl_152", 1 0, L_00000000015515e0;  1 drivers
L_0000000001551628 .functor BUFT 1, C4<00>, C4<0>, C4<0>, C4<0>;
v0000000001538d10_0 .net/2s *"_ivl_154", 1 0, L_0000000001551628;  1 drivers
v00000000015379b0_0 .net *"_ivl_156", 1 0, L_00000000015ae1a0;  1 drivers
L_0000000001550ce0 .functor BUFT 1, C4<00>, C4<0>, C4<0>, C4<0>;
v00000000015381d0_0 .net/2s *"_ivl_16", 1 0, L_0000000001550ce0;  1 drivers
L_0000000001551670 .functor BUFT 1, C4<100011>, C4<0>, C4<0>, C4<0>;
v0000000001537910_0 .net/2u *"_ivl_160", 5 0, L_0000000001551670;  1 drivers
v0000000001538450_0 .net *"_ivl_162", 0 0, L_00000000015aec40;  1 drivers
L_00000000015516b8 .functor BUFT 1, C4<01>, C4<0>, C4<0>, C4<0>;
v0000000001537a50_0 .net/2s *"_ivl_164", 1 0, L_00000000015516b8;  1 drivers
L_0000000001551700 .functor BUFT 1, C4<00>, C4<0>, C4<0>, C4<0>;
v00000000015384f0_0 .net/2s *"_ivl_166", 1 0, L_0000000001551700;  1 drivers
v0000000001538590_0 .net *"_ivl_168", 1 0, L_00000000015ae2e0;  1 drivers
L_0000000001551748 .functor BUFT 1, C4<101011>, C4<0>, C4<0>, C4<0>;
v00000000015388b0_0 .net/2u *"_ivl_172", 5 0, L_0000000001551748;  1 drivers
v000000000153ac00_0 .net *"_ivl_174", 0 0, L_00000000015ae4c0;  1 drivers
L_0000000001551790 .functor BUFT 1, C4<01>, C4<0>, C4<0>, C4<0>;
v000000000153b6a0_0 .net/2s *"_ivl_176", 1 0, L_0000000001551790;  1 drivers
L_00000000015517d8 .functor BUFT 1, C4<00>, C4<0>, C4<0>, C4<0>;
v00000000015393a0_0 .net/2s *"_ivl_178", 1 0, L_00000000015517d8;  1 drivers
v000000000153a2a0_0 .net *"_ivl_18", 1 0, L_00000000015b02c0;  1 drivers
v000000000153a520_0 .net *"_ivl_180", 1 0, L_00000000015ae6a0;  1 drivers
L_0000000001551820 .functor BUFT 1, C4<100001>, C4<0>, C4<0>, C4<0>;
v0000000001539580_0 .net/2u *"_ivl_184", 5 0, L_0000000001551820;  1 drivers
v000000000153a480_0 .net *"_ivl_186", 0 0, L_00000000015ae9c0;  1 drivers
L_0000000001551868 .functor BUFT 1, C4<01>, C4<0>, C4<0>, C4<0>;
v000000000153ab60_0 .net/2s *"_ivl_188", 1 0, L_0000000001551868;  1 drivers
L_00000000015518b0 .functor BUFT 1, C4<00>, C4<0>, C4<0>, C4<0>;
v000000000153b240_0 .net/2s *"_ivl_190", 1 0, L_00000000015518b0;  1 drivers
v000000000153b740_0 .net *"_ivl_192", 1 0, L_00000000015aed80;  1 drivers
L_00000000015518f8 .functor BUFT 1, C4<100101>, C4<0>, C4<0>, C4<0>;
v000000000153b560_0 .net/2u *"_ivl_196", 5 0, L_00000000015518f8;  1 drivers
v000000000153b100_0 .net *"_ivl_198", 0 0, L_00000000015aeec0;  1 drivers
L_0000000001551940 .functor BUFT 1, C4<01>, C4<0>, C4<0>, C4<0>;
v0000000001539440_0 .net/2s *"_ivl_200", 1 0, L_0000000001551940;  1 drivers
L_0000000001551988 .functor BUFT 1, C4<00>, C4<0>, C4<0>, C4<0>;
v000000000153a340_0 .net/2s *"_ivl_202", 1 0, L_0000000001551988;  1 drivers
v000000000153b380_0 .net *"_ivl_204", 1 0, L_00000000015b0cc0;  1 drivers
L_00000000015519d0 .functor BUFT 1, C4<101001>, C4<0>, C4<0>, C4<0>;
v000000000153a5c0_0 .net/2u *"_ivl_208", 5 0, L_00000000015519d0;  1 drivers
v000000000153b2e0_0 .net *"_ivl_210", 0 0, L_00000000015b0b80;  1 drivers
L_0000000001551a18 .functor BUFT 1, C4<01>, C4<0>, C4<0>, C4<0>;
v0000000001539ee0_0 .net/2s *"_ivl_212", 1 0, L_0000000001551a18;  1 drivers
L_0000000001551a60 .functor BUFT 1, C4<00>, C4<0>, C4<0>, C4<0>;
v000000000153a8e0_0 .net/2s *"_ivl_214", 1 0, L_0000000001551a60;  1 drivers
v00000000015399e0_0 .net *"_ivl_216", 1 0, L_00000000015b0e00;  1 drivers
L_0000000001550d28 .functor BUFT 1, C4<000000>, C4<0>, C4<0>, C4<0>;
v000000000153a3e0_0 .net/2u *"_ivl_22", 5 0, L_0000000001550d28;  1 drivers
L_0000000001551aa8 .functor BUFT 1, C4<100000>, C4<0>, C4<0>, C4<0>;
v000000000153a660_0 .net/2u *"_ivl_220", 5 0, L_0000000001551aa8;  1 drivers
v000000000153aca0_0 .net *"_ivl_222", 0 0, L_00000000015b0ea0;  1 drivers
L_0000000001551af0 .functor BUFT 1, C4<01>, C4<0>, C4<0>, C4<0>;
v00000000015394e0_0 .net/2s *"_ivl_224", 1 0, L_0000000001551af0;  1 drivers
L_0000000001551b38 .functor BUFT 1, C4<00>, C4<0>, C4<0>, C4<0>;
v000000000153afc0_0 .net/2s *"_ivl_226", 1 0, L_0000000001551b38;  1 drivers
v000000000153b420_0 .net *"_ivl_228", 1 0, L_00000000015b0d60;  1 drivers
L_0000000001551b80 .functor BUFT 1, C4<100100>, C4<0>, C4<0>, C4<0>;
v000000000153a700_0 .net/2u *"_ivl_232", 5 0, L_0000000001551b80;  1 drivers
v00000000015396c0_0 .net *"_ivl_234", 0 0, L_00000000015b0a40;  1 drivers
L_0000000001551bc8 .functor BUFT 1, C4<01>, C4<0>, C4<0>, C4<0>;
v000000000153a840_0 .net/2s *"_ivl_236", 1 0, L_0000000001551bc8;  1 drivers
L_0000000001551c10 .functor BUFT 1, C4<00>, C4<0>, C4<0>, C4<0>;
v0000000001539bc0_0 .net/2s *"_ivl_238", 1 0, L_0000000001551c10;  1 drivers
v000000000153a200_0 .net *"_ivl_24", 0 0, L_00000000015ae740;  1 drivers
v000000000153af20_0 .net *"_ivl_240", 1 0, L_00000000015b09a0;  1 drivers
L_0000000001551c58 .functor BUFT 1, C4<101000>, C4<0>, C4<0>, C4<0>;
v000000000153a160_0 .net/2u *"_ivl_244", 5 0, L_0000000001551c58;  1 drivers
v000000000153b4c0_0 .net *"_ivl_246", 0 0, L_00000000015b0900;  1 drivers
L_0000000001551ca0 .functor BUFT 1, C4<01>, C4<0>, C4<0>, C4<0>;
v0000000001539a80_0 .net/2s *"_ivl_248", 1 0, L_0000000001551ca0;  1 drivers
L_0000000001551ce8 .functor BUFT 1, C4<00>, C4<0>, C4<0>, C4<0>;
v000000000153b600_0 .net/2s *"_ivl_250", 1 0, L_0000000001551ce8;  1 drivers
v0000000001539260_0 .net *"_ivl_252", 1 0, L_00000000015c02c0;  1 drivers
v0000000001539c60_0 .net *"_ivl_258", 0 0, L_00000000014d86f0;  1 drivers
L_0000000001550d70 .functor BUFT 1, C4<100011>, C4<0>, C4<0>, C4<0>;
v0000000001539300_0 .net/2u *"_ivl_26", 5 0, L_0000000001550d70;  1 drivers
v0000000001539760_0 .net/2u *"_ivl_260", 0 0, L_0000000001551d30;  1 drivers
v000000000153aac0_0 .net *"_ivl_262", 0 0, L_00000000014d8ca0;  1 drivers
v000000000153a7a0_0 .net *"_ivl_266", 0 0, L_00000000014d8530;  1 drivers
v000000000153b060_0 .net *"_ivl_268", 0 0, L_00000000014d8d10;  1 drivers
v0000000001539d00_0 .net/2u *"_ivl_270", 0 0, L_0000000001551d78;  1 drivers
v0000000001539da0_0 .net *"_ivl_272", 0 0, L_00000000014d8d80;  1 drivers
v000000000153ade0_0 .net/2u *"_ivl_277", 0 0, L_0000000001551dc0;  1 drivers
v000000000153aa20_0 .net *"_ivl_279", 0 0, L_00000000014d8df0;  1 drivers
v0000000001539620_0 .net *"_ivl_28", 0 0, L_00000000015b0860;  1 drivers
v0000000001539800_0 .net *"_ivl_281", 0 0, L_00000000014d8f40;  1 drivers
v000000000153b7e0_0 .net *"_ivl_283", 0 0, L_00000000014d9410;  1 drivers
v0000000001539f80_0 .net *"_ivl_285", 0 0, L_00000000014d93a0;  1 drivers
v000000000153a0c0_0 .net *"_ivl_287", 0 0, L_00000000014d8680;  1 drivers
v000000000153a020_0 .net *"_ivl_289", 0 0, L_00000000014d8e60;  1 drivers
v0000000001539080_0 .net *"_ivl_291", 0 0, L_00000000014d8610;  1 drivers
v000000000153a980_0 .net *"_ivl_293", 0 0, L_0000000001083660;  1 drivers
v000000000153ad40_0 .net *"_ivl_295", 0 0, L_0000000001083a50;  1 drivers
v0000000001539120_0 .net/2u *"_ivl_297", 0 0, L_0000000001551e08;  1 drivers
v000000000153ae80_0 .net *"_ivl_303", 0 0, L_00000000015c4130;  1 drivers
v000000000153b1a0_0 .net *"_ivl_305", 0 0, L_00000000015c48a0;  1 drivers
v00000000015391c0_0 .net *"_ivl_307", 0 0, L_00000000015c4bb0;  1 drivers
v00000000015398a0_0 .net *"_ivl_309", 0 0, L_00000000015c4b40;  1 drivers
v0000000001539940_0 .net *"_ivl_31", 0 0, L_00000000014d9250;  1 drivers
v0000000001539b20_0 .net/2u *"_ivl_311", 0 0, L_0000000001551e50;  1 drivers
v0000000001539e40_0 .net *"_ivl_313", 0 0, L_00000000015c4750;  1 drivers
v000000000153bb00_0 .net/2u *"_ivl_318", 0 0, L_0000000001551e98;  1 drivers
L_0000000001550db8 .functor BUFT 1, C4<01>, C4<0>, C4<0>, C4<0>;
v000000000153cb40_0 .net/2s *"_ivl_32", 1 0, L_0000000001550db8;  1 drivers
v000000000153cbe0_0 .net *"_ivl_320", 0 0, L_00000000015c42f0;  1 drivers
v000000000153be20_0 .net *"_ivl_324", 0 0, L_00000000015c4d70;  1 drivers
v000000000153bf60_0 .net *"_ivl_326", 0 0, L_00000000015c4210;  1 drivers
v000000000153cd20_0 .net *"_ivl_328", 0 0, L_00000000015c4ec0;  1 drivers
v000000000153bba0_0 .net *"_ivl_330", 0 0, L_00000000015c4d00;  1 drivers
v000000000153c320_0 .net *"_ivl_332", 0 0, L_00000000015c4830;  1 drivers
v000000000153cdc0_0 .net *"_ivl_334", 0 0, L_00000000015c4980;  1 drivers
v000000000153bd80_0 .net *"_ivl_336", 0 0, L_00000000015c40c0;  1 drivers
v000000000153ca00_0 .net/2u *"_ivl_338", 0 0, L_0000000001551ee0;  1 drivers
L_0000000001550e00 .functor BUFT 1, C4<00>, C4<0>, C4<0>, C4<0>;
v000000000153b880_0 .net/2s *"_ivl_34", 1 0, L_0000000001550e00;  1 drivers
v000000000153caa0_0 .net *"_ivl_340", 0 0, L_00000000015c4de0;  1 drivers
v000000000153cf00_0 .net/2u *"_ivl_345", 0 0, L_0000000001551f28;  1 drivers
v000000000153ba60_0 .net *"_ivl_347", 0 0, L_00000000015c3fe0;  1 drivers
v000000000153c3c0_0 .net *"_ivl_349", 0 0, L_00000000015c44b0;  1 drivers
v000000000153c500_0 .net *"_ivl_351", 0 0, L_00000000015c4a60;  1 drivers
v000000000153bc40_0 .net *"_ivl_353", 0 0, L_00000000015c46e0;  1 drivers
v000000000153c460_0 .net *"_ivl_355", 0 0, L_00000000015c4910;  1 drivers
v000000000153cc80_0 .net *"_ivl_357", 0 0, L_00000000015c4360;  1 drivers
v000000000153c8c0_0 .net *"_ivl_359", 0 0, L_00000000015c4050;  1 drivers
v000000000153c640_0 .net *"_ivl_36", 1 0, L_00000000015afdc0;  1 drivers
v000000000153bce0_0 .net *"_ivl_361", 0 0, L_00000000015c43d0;  1 drivers
v000000000153ce60_0 .net *"_ivl_363", 0 0, L_00000000015c49f0;  1 drivers
v000000000153b920_0 .net *"_ivl_365", 0 0, L_00000000015c4440;  1 drivers
v000000000153b9c0_0 .net *"_ivl_367", 0 0, L_00000000015c4c20;  1 drivers
v000000000153c5a0_0 .net *"_ivl_369", 0 0, L_00000000015c4520;  1 drivers
v000000000153bec0_0 .net/2u *"_ivl_371", 0 0, L_0000000001551f70;  1 drivers
v000000000153c000_0 .net *"_ivl_377", 0 0, L_00000000015c4c90;  1 drivers
v000000000153c0a0_0 .net *"_ivl_379", 0 0, L_00000000015c4590;  1 drivers
v000000000153c6e0_0 .net *"_ivl_381", 0 0, L_00000000015c41a0;  1 drivers
v000000000153c140_0 .net *"_ivl_383", 0 0, L_00000000015c4280;  1 drivers
v000000000153c1e0_0 .net *"_ivl_385", 0 0, L_00000000015c4600;  1 drivers
v000000000153c280_0 .net *"_ivl_387", 0 0, L_00000000015c4670;  1 drivers
v000000000153c780_0 .net *"_ivl_389", 0 0, L_00000000015c47c0;  1 drivers
v000000000153c820_0 .net *"_ivl_391", 0 0, L_00000000015c5520;  1 drivers
v000000000153c960_0 .net *"_ivl_393", 0 0, L_00000000015c5ad0;  1 drivers
v000000000153f1e0_0 .net *"_ivl_395", 0 0, L_00000000015c5980;  1 drivers
v0000000001540a40_0 .net/2u *"_ivl_397", 0 0, L_0000000001551fb8;  1 drivers
v000000000153fa00_0 .net *"_ivl_399", 0 0, L_00000000015c6da0;  1 drivers
L_0000000001550c08 .functor BUFT 1, C4<000000>, C4<0>, C4<0>, C4<0>;
v000000000153ff00_0 .net/2u *"_ivl_4", 5 0, L_0000000001550c08;  1 drivers
L_0000000001550e48 .functor BUFT 1, C4<000000>, C4<0>, C4<0>, C4<0>;
v0000000001540900_0 .net/2u *"_ivl_40", 5 0, L_0000000001550e48;  1 drivers
L_0000000001552000 .functor BUFT 1, C4<0>, C4<0>, C4<0>, C4<0>;
v000000000153faa0_0 .net/2s *"_ivl_404", 0 0, L_0000000001552000;  1 drivers
v0000000001540360_0 .net *"_ivl_408", 0 0, L_00000000015c5b40;  1 drivers
v0000000001540400_0 .net *"_ivl_410", 0 0, L_00000000015c6630;  1 drivers
v0000000001540cc0_0 .net *"_ivl_412", 0 0, L_00000000015c5a60;  1 drivers
v000000000153fc80_0 .net/2u *"_ivl_414", 0 0, L_0000000001552048;  1 drivers
v0000000001541580_0 .net *"_ivl_416", 0 0, L_00000000015c59f0;  1 drivers
v00000000015402c0_0 .net *"_ivl_42", 0 0, L_00000000015b05e0;  1 drivers
v00000000015405e0_0 .net *"_ivl_420", 0 0, L_00000000015c5de0;  1 drivers
v000000000153f6e0_0 .net *"_ivl_422", 0 0, L_00000000015c6d30;  1 drivers
v000000000153f320_0 .net/2u *"_ivl_424", 0 0, L_0000000001552090;  1 drivers
v0000000001540fe0_0 .net *"_ivl_426", 0 0, L_00000000015c68d0;  1 drivers
v00000000015404a0_0 .net *"_ivl_430", 0 0, L_00000000015c6320;  1 drivers
v0000000001541760_0 .net *"_ivl_432", 0 0, L_00000000015c5670;  1 drivers
v0000000001541440_0 .net/2u *"_ivl_434", 0 0, L_00000000015520d8;  1 drivers
v000000000153fb40_0 .net *"_ivl_436", 0 0, L_00000000015c69b0;  1 drivers
L_0000000001550e90 .functor BUFT 1, C4<001000>, C4<0>, C4<0>, C4<0>;
v0000000001541260_0 .net/2u *"_ivl_44", 5 0, L_0000000001550e90;  1 drivers
v000000000153f280_0 .net/2u *"_ivl_441", 0 0, L_0000000001552120;  1 drivers
v000000000153fd20_0 .net *"_ivl_443", 0 0, L_00000000015c6470;  1 drivers
v000000000153f3c0_0 .net *"_ivl_445", 0 0, L_00000000015c65c0;  1 drivers
v000000000153f780_0 .net *"_ivl_447", 0 0, L_00000000015c67f0;  1 drivers
v0000000001540ae0_0 .net/2u *"_ivl_449", 0 0, L_0000000001552168;  1 drivers
v0000000001540540_0 .net *"_ivl_455", 0 0, L_00000000015c66a0;  1 drivers
v0000000001540f40_0 .net *"_ivl_457", 0 0, L_00000000015c5d00;  1 drivers
v000000000153fbe0_0 .net/2u *"_ivl_459", 0 0, L_00000000015521b0;  1 drivers
v000000000153fdc0_0 .net *"_ivl_46", 0 0, L_00000000015ae420;  1 drivers
v000000000153f960_0 .net *"_ivl_461", 0 0, L_00000000015c5ec0;  1 drivers
v0000000001540b80_0 .net *"_ivl_465", 0 0, L_00000000015c5280;  1 drivers
v0000000001540680_0 .net *"_ivl_467", 0 0, L_00000000015c6400;  1 drivers
v000000000153f5a0_0 .net/2u *"_ivl_469", 0 0, L_00000000015521f8;  1 drivers
v0000000001541620_0 .net *"_ivl_471", 0 0, L_00000000015c6080;  1 drivers
v000000000153ffa0_0 .net/2u *"_ivl_476", 0 0, L_0000000001552240;  1 drivers
v00000000015400e0_0 .net *"_ivl_478", 0 0, L_00000000015c5e50;  1 drivers
v0000000001540040_0 .net *"_ivl_49", 0 0, L_00000000014d8ae0;  1 drivers
L_0000000001550ed8 .functor BUFT 1, C4<01>, C4<0>, C4<0>, C4<0>;
v000000000153f140_0 .net/2s *"_ivl_50", 1 0, L_0000000001550ed8;  1 drivers
L_0000000001550f20 .functor BUFT 1, C4<00>, C4<0>, C4<0>, C4<0>;
v0000000001540180_0 .net/2s *"_ivl_52", 1 0, L_0000000001550f20;  1 drivers
v000000000153fe60_0 .net *"_ivl_54", 1 0, L_00000000015b0180;  1 drivers
L_0000000001550f68 .functor BUFT 1, C4<000000>, C4<0>, C4<0>, C4<0>;
v0000000001540220_0 .net/2u *"_ivl_58", 5 0, L_0000000001550f68;  1 drivers
v0000000001540d60_0 .net *"_ivl_6", 0 0, L_00000000015af8c0;  1 drivers
v0000000001540720_0 .net *"_ivl_60", 0 0, L_00000000015af820;  1 drivers
L_0000000001550fb0 .functor BUFT 1, C4<000000>, C4<0>, C4<0>, C4<0>;
v0000000001541120_0 .net/2u *"_ivl_62", 5 0, L_0000000001550fb0;  1 drivers
v00000000015407c0_0 .net *"_ivl_64", 0 0, L_00000000015ae880;  1 drivers
v0000000001541300_0 .net *"_ivl_67", 0 0, L_00000000014d8bc0;  1 drivers
L_0000000001550ff8 .functor BUFT 1, C4<01>, C4<0>, C4<0>, C4<0>;
v00000000015416c0_0 .net/2s *"_ivl_68", 1 0, L_0000000001550ff8;  1 drivers
L_0000000001551040 .functor BUFT 1, C4<00>, C4<0>, C4<0>, C4<0>;
v0000000001540860_0 .net/2s *"_ivl_70", 1 0, L_0000000001551040;  1 drivers
v0000000001541080_0 .net *"_ivl_72", 1 0, L_00000000015ae920;  1 drivers
L_0000000001551088 .functor BUFT 1, C4<001101>, C4<0>, C4<0>, C4<0>;
v000000000153f640_0 .net/2u *"_ivl_76", 5 0, L_0000000001551088;  1 drivers
v00000000015409a0_0 .net *"_ivl_78", 0 0, L_00000000015ae600;  1 drivers
L_0000000001550c50 .functor BUFT 1, C4<100001>, C4<0>, C4<0>, C4<0>;
v0000000001540c20_0 .net/2u *"_ivl_8", 5 0, L_0000000001550c50;  1 drivers
L_00000000015510d0 .functor BUFT 1, C4<01>, C4<0>, C4<0>, C4<0>;
v00000000015414e0_0 .net/2s *"_ivl_80", 1 0, L_00000000015510d0;  1 drivers
L_0000000001551118 .functor BUFT 1, C4<00>, C4<0>, C4<0>, C4<0>;
v0000000001540e00_0 .net/2s *"_ivl_82", 1 0, L_0000000001551118;  1 drivers
v000000000153f460_0 .net *"_ivl_84", 1 0, L_00000000015af0a0;  1 drivers
L_0000000001551160 .functor BUFT 1, C4<001111>, C4<0>, C4<0>, C4<0>;
v0000000001540ea0_0 .net/2u *"_ivl_88", 5 0, L_0000000001551160;  1 drivers
v000000000153f0a0_0 .net *"_ivl_90", 0 0, L_00000000015b0400;  1 drivers
L_00000000015511a8 .functor BUFT 1, C4<01>, C4<0>, C4<0>, C4<0>;
v00000000015411c0_0 .net/2s *"_ivl_92", 1 0, L_00000000015511a8;  1 drivers
L_00000000015511f0 .functor BUFT 1, C4<00>, C4<0>, C4<0>, C4<0>;
v0000000001541800_0 .net/2s *"_ivl_94", 1 0, L_00000000015511f0;  1 drivers
v00000000015413a0_0 .net *"_ivl_96", 1 0, L_00000000015af960;  1 drivers
v000000000153f500_0 .net "addu", 0 0, L_00000000015af500;  1 drivers
v000000000153f820_0 .net "beq", 0 0, L_00000000015ae100;  1 drivers
v000000000153f8c0_0 .net "bgtz", 0 0, L_00000000015aef60;  1 drivers
v0000000001542a20_0 .net "func", 5 0, L_00000000015b0040;  1 drivers
v0000000001542e80_0 .net "instr", 31 0, L_00000000014d8a70;  alias, 1 drivers
v00000000015419e0_0 .net "j", 0 0, L_00000000015ae240;  1 drivers
v0000000001541ee0_0 .net "jal", 0 0, L_00000000015b07c0;  1 drivers
v0000000001542480_0 .net "jr", 0 0, L_00000000015af6e0;  1 drivers
v0000000001542520_0 .net "lb", 0 0, L_00000000015b0f40;  1 drivers
v0000000001542ca0_0 .net "lbu", 0 0, L_00000000015b0ae0;  1 drivers
v0000000001541d00_0 .net "lh", 0 0, L_00000000015aee20;  1 drivers
v00000000015423e0_0 .net "lhu", 0 0, L_00000000015b0fe0;  1 drivers
v0000000001542840_0 .net "lui", 0 0, L_00000000015afc80;  1 drivers
v00000000015422a0_0 .net "lw", 0 0, L_00000000015ae380;  1 drivers
v0000000001542980_0 .net "op", 5 0, L_00000000015af320;  1 drivers
v0000000001541f80_0 .net "ori", 0 0, L_00000000015aece0;  1 drivers
v00000000015425c0_0 .net "sb", 0 0, L_00000000015c0720;  1 drivers
v0000000001541a80_0 .net "sh", 0 0, L_00000000015b0c20;  1 drivers
v0000000001542de0_0 .net "sll", 0 0, L_00000000015b0720;  1 drivers
v0000000001542d40_0 .net "slti", 0 0, L_00000000015afaa0;  1 drivers
v00000000015418a0_0 .net "subu", 0 0, L_00000000015ae560;  1 drivers
v0000000001541da0_0 .net "sw", 0 0, L_00000000015ae7e0;  1 drivers
L_00000000015af320 .part L_00000000014d8a70, 26, 6;
L_00000000015b0040 .part L_00000000014d8a70, 0, 6;
L_00000000015af8c0 .cmp/eq 6, L_00000000015af320, L_0000000001550c08;
L_00000000015af280 .cmp/eq 6, L_00000000015b0040, L_0000000001550c50;
L_00000000015b02c0 .functor MUXZ 2, L_0000000001550ce0, L_0000000001550c98, L_00000000014d8c30, C4<>;
L_00000000015af500 .part L_00000000015b02c0, 0, 1;
L_00000000015ae740 .cmp/eq 6, L_00000000015af320, L_0000000001550d28;
L_00000000015b0860 .cmp/eq 6, L_00000000015b0040, L_0000000001550d70;
L_00000000015afdc0 .functor MUXZ 2, L_0000000001550e00, L_0000000001550db8, L_00000000014d9250, C4<>;
L_00000000015ae560 .part L_00000000015afdc0, 0, 1;
L_00000000015b05e0 .cmp/eq 6, L_00000000015af320, L_0000000001550e48;
L_00000000015ae420 .cmp/eq 6, L_00000000015b0040, L_0000000001550e90;
L_00000000015b0180 .functor MUXZ 2, L_0000000001550f20, L_0000000001550ed8, L_00000000014d8ae0, C4<>;
L_00000000015af6e0 .part L_00000000015b0180, 0, 1;
L_00000000015af820 .cmp/eq 6, L_00000000015af320, L_0000000001550f68;
L_00000000015ae880 .cmp/eq 6, L_00000000015b0040, L_0000000001550fb0;
L_00000000015ae920 .functor MUXZ 2, L_0000000001551040, L_0000000001550ff8, L_00000000014d8bc0, C4<>;
L_00000000015b0720 .part L_00000000015ae920, 0, 1;
L_00000000015ae600 .cmp/eq 6, L_00000000015af320, L_0000000001551088;
L_00000000015af0a0 .functor MUXZ 2, L_0000000001551118, L_00000000015510d0, L_00000000015ae600, C4<>;
L_00000000015aece0 .part L_00000000015af0a0, 0, 1;
L_00000000015b0400 .cmp/eq 6, L_00000000015af320, L_0000000001551160;
L_00000000015af960 .functor MUXZ 2, L_00000000015511f0, L_00000000015511a8, L_00000000015b0400, C4<>;
L_00000000015afc80 .part L_00000000015af960, 0, 1;
L_00000000015afa00 .cmp/eq 6, L_00000000015af320, L_0000000001551238;
L_00000000015aeb00 .functor MUXZ 2, L_00000000015512c8, L_0000000001551280, L_00000000015afa00, C4<>;
L_00000000015afaa0 .part L_00000000015aeb00, 0, 1;
L_00000000015aff00 .cmp/eq 6, L_00000000015af320, L_0000000001551310;
L_00000000015af1e0 .functor MUXZ 2, L_00000000015513a0, L_0000000001551358, L_00000000015aff00, C4<>;
L_00000000015ae100 .part L_00000000015af1e0, 0, 1;
L_00000000015afb40 .cmp/eq 6, L_00000000015af320, L_00000000015513e8;
L_00000000015afbe0 .functor MUXZ 2, L_0000000001551478, L_0000000001551430, L_00000000015afb40, C4<>;
L_00000000015aef60 .part L_00000000015afbe0, 0, 1;
L_00000000015af000 .cmp/eq 6, L_00000000015af320, L_00000000015514c0;
L_00000000015afd20 .functor MUXZ 2, L_0000000001551550, L_0000000001551508, L_00000000015af000, C4<>;
L_00000000015b07c0 .part L_00000000015afd20, 0, 1;
L_00000000015aeba0 .cmp/eq 6, L_00000000015af320, L_0000000001551598;
L_00000000015ae1a0 .functor MUXZ 2, L_0000000001551628, L_00000000015515e0, L_00000000015aeba0, C4<>;
L_00000000015ae240 .part L_00000000015ae1a0, 0, 1;
L_00000000015aec40 .cmp/eq 6, L_00000000015af320, L_0000000001551670;
L_00000000015ae2e0 .functor MUXZ 2, L_0000000001551700, L_00000000015516b8, L_00000000015aec40, C4<>;
L_00000000015ae380 .part L_00000000015ae2e0, 0, 1;
L_00000000015ae4c0 .cmp/eq 6, L_00000000015af320, L_0000000001551748;
L_00000000015ae6a0 .functor MUXZ 2, L_00000000015517d8, L_0000000001551790, L_00000000015ae4c0, C4<>;
L_00000000015ae7e0 .part L_00000000015ae6a0, 0, 1;
L_00000000015ae9c0 .cmp/eq 6, L_00000000015af320, L_0000000001551820;
L_00000000015aed80 .functor MUXZ 2, L_00000000015518b0, L_0000000001551868, L_00000000015ae9c0, C4<>;
L_00000000015aee20 .part L_00000000015aed80, 0, 1;
L_00000000015aeec0 .cmp/eq 6, L_00000000015af320, L_00000000015518f8;
L_00000000015b0cc0 .functor MUXZ 2, L_0000000001551988, L_0000000001551940, L_00000000015aeec0, C4<>;
L_00000000015b0fe0 .part L_00000000015b0cc0, 0, 1;
L_00000000015b0b80 .cmp/eq 6, L_00000000015af320, L_00000000015519d0;
L_00000000015b0e00 .functor MUXZ 2, L_0000000001551a60, L_0000000001551a18, L_00000000015b0b80, C4<>;
L_00000000015b0c20 .part L_00000000015b0e00, 0, 1;
L_00000000015b0ea0 .cmp/eq 6, L_00000000015af320, L_0000000001551aa8;
L_00000000015b0d60 .functor MUXZ 2, L_0000000001551b38, L_0000000001551af0, L_00000000015b0ea0, C4<>;
L_00000000015b0f40 .part L_00000000015b0d60, 0, 1;
L_00000000015b0a40 .cmp/eq 6, L_00000000015af320, L_0000000001551b80;
L_00000000015b09a0 .functor MUXZ 2, L_0000000001551c10, L_0000000001551bc8, L_00000000015b0a40, C4<>;
L_00000000015b0ae0 .part L_00000000015b09a0, 0, 1;
L_00000000015b0900 .cmp/eq 6, L_00000000015af320, L_0000000001551c58;
L_00000000015c02c0 .functor MUXZ 2, L_0000000001551ce8, L_0000000001551ca0, L_00000000015b0900, C4<>;
L_00000000015c0720 .part L_00000000015c02c0, 0, 1;
L_00000000015bece0 .concat8 [ 1 1 1 0], L_00000000014d8ca0, L_00000000014d8d80, L_00000000014d8df0;
L_00000000015c07c0 .concat8 [ 1 1 0 0], L_00000000015c4750, L_00000000015c42f0;
L_00000000015bfb40 .concat8 [ 1 1 0 0], L_00000000015c4de0, L_00000000015c3fe0;
L_00000000015be7e0 .concat8 [ 1 1 0 0], L_00000000015c6da0, L_0000000001552000;
L_00000000015c0040 .concat8 [ 1 1 1 1], L_00000000015c59f0, L_00000000015c68d0, L_00000000015c69b0, L_00000000015c6470;
L_00000000015bed80 .concat8 [ 1 1 1 0], L_00000000015c5ec0, L_00000000015c6080, L_00000000015c5e50;
S_000000000104ce50 .scope module, "dm" "DM" 3 109, 6 22 0, S_0000000001078670;
 .timescale -9 -12;
    .port_info 0 /INPUT 1 "clk";
    .port_info 1 /INPUT 1 "reset";
    .port_info 2 /INPUT 1 "DWE";
    .port_info 3 /OUTPUT 32 "DMOut";
    .port_info 4 /INPUT 3 "DMSel";
    .port_info 5 /INPUT 32 "RD2";
    .port_info 6 /INPUT 32 "Addr";
    .port_info 7 /INPUT 32 "PC";
v00000000015427a0_0 .net "Addr", 31 0, L_00000000015ab360;  alias, 1 drivers
v0000000001541b20_0 .net "DMOut", 31 0, L_00000000015aea60;  alias, 1 drivers
v0000000001541940_0 .net "DMSel", 2 0, L_00000000015bed80;  alias, 1 drivers
v0000000001542660_0 .net "DWE", 0 0, L_00000000015c60f0;  alias, 1 drivers
v0000000001542700_0 .net "PC", 31 0, v000000000154d4c0_0;  alias, 1 drivers
v0000000001541bc0_0 .net "RD2", 31 0, L_00000000014d9170;  alias, 1 drivers
L_0000000001550080 .functor BUFT 1, C4<000>, C4<0>, C4<0>, C4<0>;
v00000000015420c0_0 .net/2u *"_ivl_0", 2 0, L_0000000001550080;  1 drivers
v0000000001541c60_0 .net *"_ivl_100", 31 0, L_00000000015abf40;  1 drivers
v0000000001542020_0 .net *"_ivl_103", 0 0, L_00000000015acee0;  1 drivers
v0000000001542160_0 .net *"_ivl_104", 23 0, L_00000000015abfe0;  1 drivers
v0000000001542200_0 .net *"_ivl_106", 31 0, L_00000000015abb80;  1 drivers
v0000000001542340_0 .net *"_ivl_109", 9 0, L_00000000015ac9e0;  1 drivers
L_00000000015500c8 .functor BUFT 1, C4<00>, C4<0>, C4<0>, C4<0>;
v00000000015447d0_0 .net *"_ivl_11", 1 0, L_00000000015500c8;  1 drivers
v0000000001544410_0 .net *"_ivl_110", 11 0, L_00000000015ac3a0;  1 drivers
L_0000000001550590 .functor BUFT 1, C4<00>, C4<0>, C4<0>, C4<0>;
v0000000001543470_0 .net *"_ivl_113", 1 0, L_0000000001550590;  1 drivers
L_00000000015505d8 .functor BUFT 1, C4<00000000000000000000000000000111>, C4<0>, C4<0>, C4<0>;
v0000000001544230_0 .net/2u *"_ivl_114", 31 0, L_00000000015505d8;  1 drivers
v00000000015438d0_0 .net *"_ivl_117", 1 0, L_00000000015ad480;  1 drivers
v0000000001543830_0 .net *"_ivl_118", 31 0, L_00000000015ac440;  1 drivers
L_0000000001550110 .functor BUFT 1, C4<001>, C4<0>, C4<0>, C4<0>;
v00000000015436f0_0 .net/2u *"_ivl_12", 2 0, L_0000000001550110;  1 drivers
L_0000000001550620 .functor BUFT 1, C4<000000000000000000000000000000>, C4<0>, C4<0>, C4<0>;
v00000000015435b0_0 .net *"_ivl_121", 29 0, L_0000000001550620;  1 drivers
L_0000000001550668 .functor BUFT 1, C4<00000000000000000000000000001000>, C4<0>, C4<0>, C4<0>;
v0000000001544cd0_0 .net/2u *"_ivl_122", 31 0, L_0000000001550668;  1 drivers
v0000000001544ff0_0 .net *"_ivl_125", 31 0, L_00000000015ac620;  1 drivers
v0000000001543650_0 .net *"_ivl_126", 31 0, L_00000000015ada20;  1 drivers
v0000000001544eb0_0 .net *"_ivl_128", 33 0, L_00000000015acb20;  1 drivers
L_00000000015506b0 .functor BUFT 1, C4<00>, C4<0>, C4<0>, C4<0>;
v0000000001545090_0 .net *"_ivl_131", 1 0, L_00000000015506b0;  1 drivers
L_00000000015506f8 .functor BUFT 1, C4<0000000000000000000000000000000111>, C4<0>, C4<0>, C4<0>;
v00000000015453b0_0 .net/2s *"_ivl_132", 33 0, L_00000000015506f8;  1 drivers
v0000000001545450_0 .net/s *"_ivl_134", 33 0, L_00000000015adc00;  1 drivers
v0000000001543970_0 .net *"_ivl_137", 7 0, L_00000000015ac6c0;  1 drivers
v0000000001543790_0 .net *"_ivl_138", 31 0, L_00000000015ac760;  1 drivers
v0000000001543510_0 .net *"_ivl_14", 0 0, L_00000000015ad200;  1 drivers
L_0000000001550740 .functor BUFT 1, C4<011>, C4<0>, C4<0>, C4<0>;
v00000000015442d0_0 .net/2u *"_ivl_140", 2 0, L_0000000001550740;  1 drivers
v0000000001544550_0 .net *"_ivl_142", 0 0, L_00000000015ad5c0;  1 drivers
L_0000000001550788 .functor BUFT 1, C4<0000000000000000>, C4<0>, C4<0>, C4<0>;
v00000000015445f0_0 .net/2u *"_ivl_144", 15 0, L_0000000001550788;  1 drivers
v0000000001543a10_0 .net *"_ivl_146", 31 0, L_00000000015adf20;  1 drivers
v00000000015444b0_0 .net *"_ivl_149", 9 0, L_00000000015acc60;  1 drivers
v0000000001544f50_0 .net *"_ivl_150", 11 0, L_00000000015acd00;  1 drivers
L_00000000015507d0 .functor BUFT 1, C4<00>, C4<0>, C4<0>, C4<0>;
v0000000001544e10_0 .net *"_ivl_153", 1 0, L_00000000015507d0;  1 drivers
L_0000000001550818 .functor BUFT 1, C4<00000000000000000000000000001111>, C4<0>, C4<0>, C4<0>;
v0000000001543b50_0 .net/2u *"_ivl_154", 31 0, L_0000000001550818;  1 drivers
v0000000001544690_0 .net *"_ivl_157", 0 0, L_00000000015acf80;  1 drivers
v0000000001545630_0 .net *"_ivl_158", 31 0, L_00000000015ad7a0;  1 drivers
v0000000001544730_0 .net *"_ivl_16", 31 0, L_00000000015ad8e0;  1 drivers
L_0000000001550860 .functor BUFT 1, C4<0000000000000000000000000000000>, C4<0>, C4<0>, C4<0>;
v0000000001543ab0_0 .net *"_ivl_161", 30 0, L_0000000001550860;  1 drivers
L_00000000015508a8 .functor BUFT 1, C4<00000000000000000000000000010000>, C4<0>, C4<0>, C4<0>;
v0000000001544870_0 .net/2u *"_ivl_162", 31 0, L_00000000015508a8;  1 drivers
v0000000001543bf0_0 .net *"_ivl_165", 31 0, L_00000000015ad020;  1 drivers
v0000000001545130_0 .net *"_ivl_166", 31 0, L_00000000015adb60;  1 drivers
v0000000001543d30_0 .net *"_ivl_168", 33 0, L_00000000015adfc0;  1 drivers
L_00000000015508f0 .functor BUFT 1, C4<00>, C4<0>, C4<0>, C4<0>;
v00000000015451d0_0 .net *"_ivl_171", 1 0, L_00000000015508f0;  1 drivers
L_0000000001550938 .functor BUFT 1, C4<0000000000000000000000000000001111>, C4<0>, C4<0>, C4<0>;
v00000000015431f0_0 .net/2s *"_ivl_172", 33 0, L_0000000001550938;  1 drivers
v0000000001543dd0_0 .net/s *"_ivl_174", 33 0, L_00000000015ab900;  1 drivers
v0000000001545770_0 .net *"_ivl_177", 15 0, L_00000000015ad840;  1 drivers
v0000000001545590_0 .net *"_ivl_178", 31 0, L_00000000015aba40;  1 drivers
L_0000000001550980 .functor BUFT 1, C4<100>, C4<0>, C4<0>, C4<0>;
v0000000001545270_0 .net/2u *"_ivl_180", 2 0, L_0000000001550980;  1 drivers
v0000000001543e70_0 .net *"_ivl_182", 0 0, L_00000000015abc20;  1 drivers
L_00000000015509c8 .functor BUFT 1, C4<000000000000000000000000>, C4<0>, C4<0>, C4<0>;
v0000000001545310_0 .net/2u *"_ivl_184", 23 0, L_00000000015509c8;  1 drivers
v00000000015454f0_0 .net *"_ivl_186", 31 0, L_00000000015abe00;  1 drivers
v0000000001544910_0 .net *"_ivl_189", 9 0, L_00000000015b04a0;  1 drivers
v00000000015456d0_0 .net *"_ivl_19", 9 0, L_00000000015ac4e0;  1 drivers
v0000000001544370_0 .net *"_ivl_190", 11 0, L_00000000015af3c0;  1 drivers
L_0000000001550a10 .functor BUFT 1, C4<00>, C4<0>, C4<0>, C4<0>;
v0000000001543fb0_0 .net *"_ivl_193", 1 0, L_0000000001550a10;  1 drivers
L_0000000001550a58 .functor BUFT 1, C4<00000000000000000000000000000111>, C4<0>, C4<0>, C4<0>;
v0000000001545810_0 .net/2u *"_ivl_194", 31 0, L_0000000001550a58;  1 drivers
v0000000001544af0_0 .net *"_ivl_197", 1 0, L_00000000015b0360;  1 drivers
v00000000015449b0_0 .net *"_ivl_198", 31 0, L_00000000015af5a0;  1 drivers
v0000000001544a50_0 .net *"_ivl_2", 0 0, L_00000000015ac8a0;  1 drivers
v0000000001543c90_0 .net *"_ivl_20", 11 0, L_00000000015ac260;  1 drivers
L_0000000001550aa0 .functor BUFT 1, C4<000000000000000000000000000000>, C4<0>, C4<0>, C4<0>;
v00000000015430b0_0 .net *"_ivl_201", 29 0, L_0000000001550aa0;  1 drivers
L_0000000001550ae8 .functor BUFT 1, C4<00000000000000000000000000001000>, C4<0>, C4<0>, C4<0>;
v0000000001544b90_0 .net/2u *"_ivl_202", 31 0, L_0000000001550ae8;  1 drivers
v0000000001543150_0 .net *"_ivl_205", 31 0, L_00000000015affa0;  1 drivers
v0000000001543290_0 .net *"_ivl_206", 31 0, L_00000000015af140;  1 drivers
v0000000001543330_0 .net *"_ivl_208", 33 0, L_00000000015b00e0;  1 drivers
L_0000000001550b30 .functor BUFT 1, C4<00>, C4<0>, C4<0>, C4<0>;
v0000000001544c30_0 .net *"_ivl_211", 1 0, L_0000000001550b30;  1 drivers
L_0000000001550b78 .functor BUFT 1, C4<0000000000000000000000000000000111>, C4<0>, C4<0>, C4<0>;
v00000000015433d0_0 .net/2s *"_ivl_212", 33 0, L_0000000001550b78;  1 drivers
v0000000001544190_0 .net/s *"_ivl_214", 33 0, L_00000000015b0680;  1 drivers
v0000000001543f10_0 .net *"_ivl_217", 7 0, L_00000000015b0220;  1 drivers
v0000000001544050_0 .net *"_ivl_218", 31 0, L_00000000015afe60;  1 drivers
L_0000000001550bc0 .functor BUFT 1, C4<00000000000000000000000000000000>, C4<0>, C4<0>, C4<0>;
v00000000015440f0_0 .net/2u *"_ivl_220", 31 0, L_0000000001550bc0;  1 drivers
v0000000001544d70_0 .net *"_ivl_222", 31 0, L_00000000015af640;  1 drivers
v00000000015463f0_0 .net *"_ivl_224", 31 0, L_00000000015af460;  1 drivers
v0000000001546490_0 .net *"_ivl_226", 31 0, L_00000000015b0540;  1 drivers
v0000000001546a30_0 .net *"_ivl_228", 31 0, L_00000000015af780;  1 drivers
L_0000000001550158 .functor BUFT 1, C4<00>, C4<0>, C4<0>, C4<0>;
v0000000001546990_0 .net *"_ivl_23", 1 0, L_0000000001550158;  1 drivers
L_00000000015501a0 .functor BUFT 1, C4<00000000000000000000000000001111>, C4<0>, C4<0>, C4<0>;
v0000000001545ef0_0 .net/2u *"_ivl_24", 31 0, L_00000000015501a0;  1 drivers
v0000000001546530_0 .net *"_ivl_27", 0 0, L_00000000015ac300;  1 drivers
v0000000001546df0_0 .net *"_ivl_28", 31 0, L_00000000015adca0;  1 drivers
L_00000000015501e8 .functor BUFT 1, C4<0000000000000000000000000000000>, C4<0>, C4<0>, C4<0>;
v0000000001546350_0 .net *"_ivl_31", 30 0, L_00000000015501e8;  1 drivers
L_0000000001550230 .functor BUFT 1, C4<00000000000000000000000000010000>, C4<0>, C4<0>, C4<0>;
v0000000001545d10_0 .net/2u *"_ivl_32", 31 0, L_0000000001550230;  1 drivers
v00000000015465d0_0 .net *"_ivl_35", 31 0, L_00000000015ad0c0;  1 drivers
v0000000001545db0_0 .net *"_ivl_36", 31 0, L_00000000015aca80;  1 drivers
v0000000001546ad0_0 .net *"_ivl_39", 0 0, L_00000000015acbc0;  1 drivers
v0000000001545f90_0 .net *"_ivl_4", 31 0, L_00000000015abea0;  1 drivers
v0000000001546b70_0 .net *"_ivl_40", 15 0, L_00000000015acda0;  1 drivers
v0000000001545950_0 .net *"_ivl_42", 31 0, L_00000000015abae0;  1 drivers
v0000000001546030_0 .net *"_ivl_45", 9 0, L_00000000015ac580;  1 drivers
v0000000001546e90_0 .net *"_ivl_46", 11 0, L_00000000015add40;  1 drivers
L_0000000001550278 .functor BUFT 1, C4<00>, C4<0>, C4<0>, C4<0>;
v0000000001546f30_0 .net *"_ivl_49", 1 0, L_0000000001550278;  1 drivers
L_00000000015502c0 .functor BUFT 1, C4<00000000000000000000000000001111>, C4<0>, C4<0>, C4<0>;
v0000000001546c10_0 .net/2u *"_ivl_50", 31 0, L_00000000015502c0;  1 drivers
v00000000015460d0_0 .net *"_ivl_53", 0 0, L_00000000015ad340;  1 drivers
v0000000001546cb0_0 .net *"_ivl_54", 31 0, L_00000000015ae060;  1 drivers
L_0000000001550308 .functor BUFT 1, C4<0000000000000000000000000000000>, C4<0>, C4<0>, C4<0>;
v0000000001545c70_0 .net *"_ivl_57", 30 0, L_0000000001550308;  1 drivers
L_0000000001550350 .functor BUFT 1, C4<00000000000000000000000000010000>, C4<0>, C4<0>, C4<0>;
v0000000001545b30_0 .net/2u *"_ivl_58", 31 0, L_0000000001550350;  1 drivers
v00000000015467b0_0 .net *"_ivl_61", 31 0, L_00000000015ad980;  1 drivers
v0000000001545e50_0 .net *"_ivl_62", 31 0, L_00000000015ad2a0;  1 drivers
v0000000001546d50_0 .net *"_ivl_64", 33 0, L_00000000015ad3e0;  1 drivers
L_0000000001550398 .functor BUFT 1, C4<00>, C4<0>, C4<0>, C4<0>;
v00000000015459f0_0 .net *"_ivl_67", 1 0, L_0000000001550398;  1 drivers
L_00000000015503e0 .functor BUFT 1, C4<0000000000000000000000000000001111>, C4<0>, C4<0>, C4<0>;
v0000000001546670_0 .net/2s *"_ivl_68", 33 0, L_00000000015503e0;  1 drivers
v00000000015458b0_0 .net *"_ivl_7", 9 0, L_00000000015adde0;  1 drivers
v0000000001546170_0 .net/s *"_ivl_70", 33 0, L_00000000015ade80;  1 drivers
v0000000001545a90_0 .net *"_ivl_73", 15 0, L_00000000015adac0;  1 drivers
v0000000001545bd0_0 .net *"_ivl_74", 31 0, L_00000000015ad700;  1 drivers
L_0000000001550428 .functor BUFT 1, C4<010>, C4<0>, C4<0>, C4<0>;
v0000000001546210_0 .net/2u *"_ivl_76", 2 0, L_0000000001550428;  1 drivers
v0000000001546710_0 .net *"_ivl_78", 0 0, L_00000000015ac940;  1 drivers
v00000000015462b0_0 .net *"_ivl_8", 11 0, L_00000000015ac1c0;  1 drivers
v0000000001546850_0 .net *"_ivl_80", 31 0, L_00000000015ac800;  1 drivers
v00000000015468f0_0 .net *"_ivl_83", 9 0, L_00000000015ab9a0;  1 drivers
v0000000001549b40_0 .net *"_ivl_84", 11 0, L_00000000015ad520;  1 drivers
L_0000000001550470 .functor BUFT 1, C4<00>, C4<0>, C4<0>, C4<0>;
v0000000001549dc0_0 .net *"_ivl_87", 1 0, L_0000000001550470;  1 drivers
L_00000000015504b8 .functor BUFT 1, C4<00000000000000000000000000000111>, C4<0>, C4<0>, C4<0>;
v000000000154ad60_0 .net/2u *"_ivl_88", 31 0, L_00000000015504b8;  1 drivers
v000000000154ba80_0 .net *"_ivl_91", 1 0, L_00000000015ace40;  1 drivers
v0000000001549aa0_0 .net *"_ivl_92", 31 0, L_00000000015ad160;  1 drivers
L_0000000001550500 .functor BUFT 1, C4<000000000000000000000000000000>, C4<0>, C4<0>, C4<0>;
v000000000154a4a0_0 .net *"_ivl_95", 29 0, L_0000000001550500;  1 drivers
L_0000000001550548 .functor BUFT 1, C4<00000000000000000000000000001000>, C4<0>, C4<0>, C4<0>;
v0000000001549be0_0 .net/2u *"_ivl_96", 31 0, L_0000000001550548;  1 drivers
v0000000001549f00_0 .net *"_ivl_99", 31 0, L_00000000015abd60;  1 drivers
v000000000154b300_0 .net "clk", 0 0, v0000000001547d40_0;  alias, 1 drivers
v000000000154c020 .array "dm", 0 1023, 31 0;
v000000000154be40_0 .var/i "i", 31 0;
v000000000154bbc0_0 .net "reset", 0 0, v0000000001547a20_0;  alias, 1 drivers
E_00000000014c3f90 .event posedge, v000000000154b300_0;
L_00000000015ac8a0 .cmp/eq 3, L_00000000015bed80, L_0000000001550080;
L_00000000015abea0 .array/port v000000000154c020, L_00000000015ac1c0;
L_00000000015adde0 .part L_00000000015ab360, 2, 10;
L_00000000015ac1c0 .concat [ 10 2 0 0], L_00000000015adde0, L_00000000015500c8;
L_00000000015ad200 .cmp/eq 3, L_00000000015bed80, L_0000000001550110;
L_00000000015ad8e0 .array/port v000000000154c020, L_00000000015ac260;
L_00000000015ac4e0 .part L_00000000015ab360, 2, 10;
L_00000000015ac260 .concat [ 10 2 0 0], L_00000000015ac4e0, L_0000000001550158;
L_00000000015ac300 .part L_00000000015ab360, 1, 1;
L_00000000015adca0 .concat [ 1 31 0 0], L_00000000015ac300, L_00000000015501e8;
L_00000000015ad0c0 .arith/mult 32, L_00000000015adca0, L_0000000001550230;
L_00000000015aca80 .arith/sum 32, L_00000000015501a0, L_00000000015ad0c0;
L_00000000015acbc0 .part/v L_00000000015ad8e0, L_00000000015aca80, 1;
LS_00000000015acda0_0_0 .concat [ 1 1 1 1], L_00000000015acbc0, L_00000000015acbc0, L_00000000015acbc0, L_00000000015acbc0;
LS_00000000015acda0_0_4 .concat [ 1 1 1 1], L_00000000015acbc0, L_00000000015acbc0, L_00000000015acbc0, L_00000000015acbc0;
LS_00000000015acda0_0_8 .concat [ 1 1 1 1], L_00000000015acbc0, L_00000000015acbc0, L_00000000015acbc0, L_00000000015acbc0;
LS_00000000015acda0_0_12 .concat [ 1 1 1 1], L_00000000015acbc0, L_00000000015acbc0, L_00000000015acbc0, L_00000000015acbc0;
L_00000000015acda0 .concat [ 4 4 4 4], LS_00000000015acda0_0_0, LS_00000000015acda0_0_4, LS_00000000015acda0_0_8, LS_00000000015acda0_0_12;
L_00000000015abae0 .array/port v000000000154c020, L_00000000015add40;
L_00000000015ac580 .part L_00000000015ab360, 2, 10;
L_00000000015add40 .concat [ 10 2 0 0], L_00000000015ac580, L_0000000001550278;
L_00000000015ad340 .part L_00000000015ab360, 1, 1;
L_00000000015ae060 .concat [ 1 31 0 0], L_00000000015ad340, L_0000000001550308;
L_00000000015ad980 .arith/mult 32, L_00000000015ae060, L_0000000001550350;
L_00000000015ad2a0 .arith/sum 32, L_00000000015502c0, L_00000000015ad980;
L_00000000015ad3e0 .concat [ 32 2 0 0], L_00000000015ad2a0, L_0000000001550398;
L_00000000015ade80 .arith/sub 34, L_00000000015ad3e0, L_00000000015503e0;
L_00000000015adac0 .part/v.s L_00000000015abae0, L_00000000015ade80, 16;
L_00000000015ad700 .concat [ 16 16 0 0], L_00000000015adac0, L_00000000015acda0;
L_00000000015ac940 .cmp/eq 3, L_00000000015bed80, L_0000000001550428;
L_00000000015ac800 .array/port v000000000154c020, L_00000000015ad520;
L_00000000015ab9a0 .part L_00000000015ab360, 2, 10;
L_00000000015ad520 .concat [ 10 2 0 0], L_00000000015ab9a0, L_0000000001550470;
L_00000000015ace40 .part L_00000000015ab360, 0, 2;
L_00000000015ad160 .concat [ 2 30 0 0], L_00000000015ace40, L_0000000001550500;
L_00000000015abd60 .arith/mult 32, L_00000000015ad160, L_0000000001550548;
L_00000000015abf40 .arith/sum 32, L_00000000015504b8, L_00000000015abd60;
L_00000000015acee0 .part/v L_00000000015ac800, L_00000000015abf40, 1;
LS_00000000015abfe0_0_0 .concat [ 1 1 1 1], L_00000000015acee0, L_00000000015acee0, L_00000000015acee0, L_00000000015acee0;
LS_00000000015abfe0_0_4 .concat [ 1 1 1 1], L_00000000015acee0, L_00000000015acee0, L_00000000015acee0, L_00000000015acee0;
LS_00000000015abfe0_0_8 .concat [ 1 1 1 1], L_00000000015acee0, L_00000000015acee0, L_00000000015acee0, L_00000000015acee0;
LS_00000000015abfe0_0_12 .concat [ 1 1 1 1], L_00000000015acee0, L_00000000015acee0, L_00000000015acee0, L_00000000015acee0;
LS_00000000015abfe0_0_16 .concat [ 1 1 1 1], L_00000000015acee0, L_00000000015acee0, L_00000000015acee0, L_00000000015acee0;
LS_00000000015abfe0_0_20 .concat [ 1 1 1 1], L_00000000015acee0, L_00000000015acee0, L_00000000015acee0, L_00000000015acee0;
LS_00000000015abfe0_1_0 .concat [ 4 4 4 4], LS_00000000015abfe0_0_0, LS_00000000015abfe0_0_4, LS_00000000015abfe0_0_8, LS_00000000015abfe0_0_12;
LS_00000000015abfe0_1_4 .concat [ 4 4 0 0], LS_00000000015abfe0_0_16, LS_00000000015abfe0_0_20;
L_00000000015abfe0 .concat [ 16 8 0 0], LS_00000000015abfe0_1_0, LS_00000000015abfe0_1_4;
L_00000000015abb80 .array/port v000000000154c020, L_00000000015ac3a0;
L_00000000015ac9e0 .part L_00000000015ab360, 2, 10;
L_00000000015ac3a0 .concat [ 10 2 0 0], L_00000000015ac9e0, L_0000000001550590;
L_00000000015ad480 .part L_00000000015ab360, 0, 2;
L_00000000015ac440 .concat [ 2 30 0 0], L_00000000015ad480, L_0000000001550620;
L_00000000015ac620 .arith/mult 32, L_00000000015ac440, L_0000000001550668;
L_00000000015ada20 .arith/sum 32, L_00000000015505d8, L_00000000015ac620;
L_00000000015acb20 .concat [ 32 2 0 0], L_00000000015ada20, L_00000000015506b0;
L_00000000015adc00 .arith/sub 34, L_00000000015acb20, L_00000000015506f8;
L_00000000015ac6c0 .part/v.s L_00000000015abb80, L_00000000015adc00, 8;
L_00000000015ac760 .concat [ 8 24 0 0], L_00000000015ac6c0, L_00000000015abfe0;
L_00000000015ad5c0 .cmp/eq 3, L_00000000015bed80, L_0000000001550740;
L_00000000015adf20 .array/port v000000000154c020, L_00000000015acd00;
L_00000000015acc60 .part L_00000000015ab360, 2, 10;
L_00000000015acd00 .concat [ 10 2 0 0], L_00000000015acc60, L_00000000015507d0;
L_00000000015acf80 .part L_00000000015ab360, 1, 1;
L_00000000015ad7a0 .concat [ 1 31 0 0], L_00000000015acf80, L_0000000001550860;
L_00000000015ad020 .arith/mult 32, L_00000000015ad7a0, L_00000000015508a8;
L_00000000015adb60 .arith/sum 32, L_0000000001550818, L_00000000015ad020;
L_00000000015adfc0 .concat [ 32 2 0 0], L_00000000015adb60, L_00000000015508f0;
L_00000000015ab900 .arith/sub 34, L_00000000015adfc0, L_0000000001550938;
L_00000000015ad840 .part/v.s L_00000000015adf20, L_00000000015ab900, 16;
L_00000000015aba40 .concat [ 16 16 0 0], L_00000000015ad840, L_0000000001550788;
L_00000000015abc20 .cmp/eq 3, L_00000000015bed80, L_0000000001550980;
L_00000000015abe00 .array/port v000000000154c020, L_00000000015af3c0;
L_00000000015b04a0 .part L_00000000015ab360, 2, 10;
L_00000000015af3c0 .concat [ 10 2 0 0], L_00000000015b04a0, L_0000000001550a10;
L_00000000015b0360 .part L_00000000015ab360, 0, 2;
L_00000000015af5a0 .concat [ 2 30 0 0], L_00000000015b0360, L_0000000001550aa0;
L_00000000015affa0 .arith/mult 32, L_00000000015af5a0, L_0000000001550ae8;
L_00000000015af140 .arith/sum 32, L_0000000001550a58, L_00000000015affa0;
L_00000000015b00e0 .concat [ 32 2 0 0], L_00000000015af140, L_0000000001550b30;
L_00000000015b0680 .arith/sub 34, L_00000000015b00e0, L_0000000001550b78;
L_00000000015b0220 .part/v.s L_00000000015abe00, L_00000000015b0680, 8;
L_00000000015afe60 .concat [ 8 24 0 0], L_00000000015b0220, L_00000000015509c8;
L_00000000015af640 .functor MUXZ 32, L_0000000001550bc0, L_00000000015afe60, L_00000000015abc20, C4<>;
L_00000000015af460 .functor MUXZ 32, L_00000000015af640, L_00000000015aba40, L_00000000015ad5c0, C4<>;
L_00000000015b0540 .functor MUXZ 32, L_00000000015af460, L_00000000015ac760, L_00000000015ac940, C4<>;
L_00000000015af780 .functor MUXZ 32, L_00000000015b0540, L_00000000015ad700, L_00000000015ad200, C4<>;
L_00000000015aea60 .functor MUXZ 32, L_00000000015af780, L_00000000015abea0, L_00000000015ac8a0, C4<>;
S_000000000104cfe0 .scope function.vec4.s32, "out_byte" "out_byte" 6 42, 6 42 0, S_000000000104ce50;
 .timescale -9 -12;
v0000000001542ac0_0 .var "Byte", 7 0;
; Variable out_byte is vec4 return value of scope S_000000000104cfe0
v00000000015428e0_0 .var "word", 31 0;
TD_mips_tb.uut.dm.out_byte ;
    %load/vec4 v00000000015428e0_0;
    %ret/vec4 0, 0, 32;  Assign to out_byte (store_vec4_to_lval)
    %load/vec4 v0000000001542ac0_0;
    %pushi/vec4 7, 0, 32;
    %load/vec4 v00000000015427a0_0;
    %parti/s 2, 0, 2;
    %pad/u 32;
    %muli 8, 0, 32;
    %add;
    %pad/u 34;
    %subi 7, 0, 34;
    %ix/vec4/s 4;
    %ret/vec4 0, 4, 8; Assign to out_byte (store_vec4_to_lval)
    %end;
S_0000000001047430 .scope function.vec4.s32, "out_half" "out_half" 6 33, 6 33 0, S_000000000104ce50;
 .timescale -9 -12;
v0000000001542b60_0 .var "Half", 15 0;
; Variable out_half is vec4 return value of scope S_0000000001047430
v0000000001541e40_0 .var "word", 31 0;
TD_mips_tb.uut.dm.out_half ;
    %load/vec4 v0000000001541e40_0;
    %ret/vec4 0, 0, 32;  Assign to out_half (store_vec4_to_lval)
    %load/vec4 v0000000001542b60_0;
    %pushi/vec4 15, 0, 32;
    %load/vec4 v00000000015427a0_0;
    %parti/s 1, 1, 2;
    %pad/u 32;
    %muli 16, 0, 32;
    %add;
    %pad/u 34;
    %subi 15, 0, 34;
    %ix/vec4/s 4;
    %ret/vec4 0, 4, 16; Assign to out_half (store_vec4_to_lval)
    %end;
S_00000000010475c0 .scope module, "ext" "EXT" 3 92, 7 22 0, S_0000000001078670;
 .timescale -9 -12;
    .port_info 0 /INPUT 16 "im16";
    .port_info 1 /INPUT 1 "ExtOp";
    .port_info 2 /OUTPUT 32 "ExtOut";
v0000000001549d20_0 .net "ExtOp", 0 0, L_00000000015c4e50;  alias, 1 drivers
v000000000154a540_0 .net "ExtOut", 31 0, L_00000000015a9740;  alias, 1 drivers
v000000000154bc60_0 .net *"_ivl_1", 0 0, L_00000000015a9d80;  1 drivers
v000000000154a900_0 .net *"_ivl_2", 15 0, L_00000000015aa1e0;  1 drivers
v000000000154a7c0_0 .net *"_ivl_4", 31 0, L_00000000015ab680;  1 drivers
L_000000000154f930 .functor BUFT 1, C4<0000000000000000>, C4<0>, C4<0>, C4<0>;
v000000000154a0e0_0 .net/2u *"_ivl_6", 15 0, L_000000000154f930;  1 drivers
v000000000154aae0_0 .net *"_ivl_8", 31 0, L_00000000015a9920;  1 drivers
v000000000154b8a0_0 .net "im16", 15 0, L_00000000015aadc0;  alias, 1 drivers
L_00000000015a9d80 .part L_00000000015aadc0, 15, 1;
LS_00000000015aa1e0_0_0 .concat [ 1 1 1 1], L_00000000015a9d80, L_00000000015a9d80, L_00000000015a9d80, L_00000000015a9d80;
LS_00000000015aa1e0_0_4 .concat [ 1 1 1 1], L_00000000015a9d80, L_00000000015a9d80, L_00000000015a9d80, L_00000000015a9d80;
LS_00000000015aa1e0_0_8 .concat [ 1 1 1 1], L_00000000015a9d80, L_00000000015a9d80, L_00000000015a9d80, L_00000000015a9d80;
LS_00000000015aa1e0_0_12 .concat [ 1 1 1 1], L_00000000015a9d80, L_00000000015a9d80, L_00000000015a9d80, L_00000000015a9d80;
L_00000000015aa1e0 .concat [ 4 4 4 4], LS_00000000015aa1e0_0_0, LS_00000000015aa1e0_0_4, LS_00000000015aa1e0_0_8, LS_00000000015aa1e0_0_12;
L_00000000015ab680 .concat [ 16 16 0 0], L_00000000015aadc0, L_00000000015aa1e0;
L_00000000015a9920 .concat [ 16 16 0 0], L_00000000015aadc0, L_000000000154f930;
L_00000000015a9740 .functor MUXZ 32, L_00000000015a9920, L_00000000015ab680, L_00000000015c4e50, C4<>;
S_0000000001047750 .scope module, "grf" "GRF" 3 73, 8 22 0, S_0000000001078670;
 .timescale -9 -12;
    .port_info 0 /INPUT 5 "A1";
    .port_info 1 /INPUT 5 "A2";
    .port_info 2 /INPUT 5 "A3";
    .port_info 3 /INPUT 32 "GWD";
    .port_info 4 /OUTPUT 32 "RD1";
    .port_info 5 /OUTPUT 32 "RD2";
    .port_info 6 /INPUT 1 "GWE";
    .port_info 7 /INPUT 1 "reset";
    .port_info 8 /INPUT 1 "clk";
    .port_info 9 /INPUT 32 "PC";
L_00000000014d9020 .functor BUFZ 32, L_00000000015a9600, C4<00000000000000000000000000000000>, C4<00000000000000000000000000000000>, C4<00000000000000000000000000000000>;
L_00000000014d9170 .functor BUFZ 32, L_00000000015ab4a0, C4<00000000000000000000000000000000>, C4<00000000000000000000000000000000>, C4<00000000000000000000000000000000>;
v000000000154b620_0 .net "A1", 4 0, L_00000000015472a0;  alias, 1 drivers
v000000000154afe0_0 .net "A2", 4 0, L_00000000015ab180;  alias, 1 drivers
v000000000154a9a0_0 .net "A3", 4 0, L_00000000015ab540;  1 drivers
v000000000154b4e0_0 .net "GWD", 31 0, L_00000000015aa280;  1 drivers
v0000000001549e60_0 .net "GWE", 0 0, L_00000000015c4ad0;  alias, 1 drivers
v000000000154b940_0 .net "PC", 31 0, v000000000154d4c0_0;  alias, 1 drivers
v000000000154b9e0_0 .net "RD1", 31 0, L_00000000014d9020;  alias, 1 drivers
v000000000154a2c0_0 .net "RD2", 31 0, L_00000000014d9170;  alias, 1 drivers
v000000000154a5e0_0 .net *"_ivl_0", 31 0, L_00000000015a9600;  1 drivers
v000000000154a860_0 .net *"_ivl_10", 6 0, L_00000000015aa3c0;  1 drivers
L_000000000154f660 .functor BUFT 1, C4<00>, C4<0>, C4<0>, C4<0>;
v00000000015498c0_0 .net *"_ivl_13", 1 0, L_000000000154f660;  1 drivers
v000000000154a680_0 .net *"_ivl_2", 6 0, L_00000000015aa320;  1 drivers
L_000000000154f618 .functor BUFT 1, C4<00>, C4<0>, C4<0>, C4<0>;
v000000000154b440_0 .net *"_ivl_5", 1 0, L_000000000154f618;  1 drivers
v0000000001549fa0_0 .net *"_ivl_8", 31 0, L_00000000015ab4a0;  1 drivers
v000000000154b080_0 .net "clk", 0 0, v0000000001547d40_0;  alias, 1 drivers
v0000000001549960 .array "grf", 0 31, 31 0;
v000000000154a180_0 .var/i "i", 31 0;
v000000000154bee0_0 .net "reset", 0 0, v0000000001547a20_0;  alias, 1 drivers
L_00000000015a9600 .array/port v0000000001549960, L_00000000015aa320;
L_00000000015aa320 .concat [ 5 2 0 0], L_00000000015472a0, L_000000000154f618;
L_00000000015ab4a0 .array/port v0000000001549960, L_00000000015aa3c0;
L_00000000015aa3c0 .concat [ 5 2 0 0], L_00000000015ab180, L_000000000154f660;
S_000000000105a520 .scope module, "im" "IM" 3 62, 9 22 0, S_0000000001078670;
 .timescale -9 -12;
    .port_info 0 /INPUT 32 "PC";
    .port_info 1 /OUTPUT 32 "instr";
    .port_info 2 /OUTPUT 5 "rs";
    .port_info 3 /OUTPUT 5 "rt";
    .port_info 4 /OUTPUT 5 "rd";
    .port_info 5 /OUTPUT 16 "im16";
    .port_info 6 /OUTPUT 26 "im26";
    .port_info 7 /OUTPUT 5 "shamt";
L_00000000014d8a70 .functor BUFZ 32, L_0000000001549820, C4<00000000000000000000000000000000>, C4<00000000000000000000000000000000>, C4<00000000000000000000000000000000>;
v000000000154b760_0 .net "PC", 31 0, v000000000154d4c0_0;  alias, 1 drivers
v000000000154b3a0_0 .net *"_ivl_0", 31 0, L_0000000001549820;  1 drivers
v000000000154a220_0 .net *"_ivl_3", 9 0, L_0000000001547160;  1 drivers
v000000000154b260_0 .net *"_ivl_4", 11 0, L_0000000001547200;  1 drivers
L_000000000154f5d0 .functor BUFT 1, C4<00>, C4<0>, C4<0>, C4<0>;
v000000000154a040_0 .net *"_ivl_7", 1 0, L_000000000154f5d0;  1 drivers
v000000000154aa40 .array "im", 0 1023, 31 0;
v000000000154ab80_0 .net "im16", 15 0, L_00000000015aadc0;  alias, 1 drivers
v000000000154a720_0 .net "im26", 25 0, L_00000000015aaaa0;  alias, 1 drivers
v000000000154bb20_0 .net "instr", 31 0, L_00000000014d8a70;  alias, 1 drivers
v0000000001549a00_0 .net "rd", 4 0, L_00000000015a9b00;  alias, 1 drivers
v000000000154ac20_0 .net "rs", 4 0, L_00000000015472a0;  alias, 1 drivers
v000000000154acc0_0 .net "rt", 4 0, L_00000000015ab180;  alias, 1 drivers
v000000000154ae00_0 .net "shamt", 4 0, L_00000000015a9560;  alias, 1 drivers
L_0000000001549820 .array/port v000000000154aa40, L_0000000001547200;
L_0000000001547160 .part v000000000154d4c0_0, 2, 10;
L_0000000001547200 .concat [ 10 2 0 0], L_0000000001547160, L_000000000154f5d0;
L_00000000015472a0 .part L_00000000014d8a70, 21, 5;
L_00000000015ab180 .part L_00000000014d8a70, 16, 5;
L_00000000015a9b00 .part L_00000000014d8a70, 11, 5;
L_00000000015aadc0 .part L_00000000014d8a70, 0, 16;
L_00000000015aaaa0 .part L_00000000014d8a70, 0, 26;
L_00000000015a9560 .part L_00000000014d8a70, 6, 5;
S_000000000105a6b0 .scope module, "npc" "NPC" 3 44, 10 22 0, S_0000000001078670;
 .timescale -9 -12;
    .port_info 0 /INPUT 32 "RD1";
    .port_info 1 /INPUT 16 "im16";
    .port_info 2 /INPUT 26 "im26";
    .port_info 3 /INPUT 32 "PC";
    .port_info 4 /INPUT 1 "ALUZero";
    .port_info 5 /INPUT 3 "NPCSel";
    .port_info 6 /OUTPUT 32 "PC4";
    .port_info 7 /OUTPUT 32 "NPC";
v000000000154a360_0 .net "ALUZero", 0 0, L_00000000015aa820;  alias, 1 drivers
v000000000154bd00_0 .net "NPC", 31 0, L_0000000001549780;  alias, 1 drivers
v000000000154aea0_0 .net "NPCSel", 2 0, L_00000000015bece0;  alias, 1 drivers
v000000000154b120_0 .net "PC", 31 0, v000000000154d4c0_0;  alias, 1 drivers
v000000000154af40_0 .net "PC4", 31 0, L_00000000015482e0;  alias, 1 drivers
v000000000154a400_0 .net "RD1", 31 0, L_00000000014d9020;  alias, 1 drivers
L_000000000154f078 .functor BUFT 1, C4<00000000000000000000000000000100>, C4<0>, C4<0>, C4<0>;
v000000000154b1c0_0 .net/2u *"_ivl_0", 31 0, L_000000000154f078;  1 drivers
v000000000154b580_0 .net *"_ivl_10", 31 0, L_0000000001548600;  1 drivers
v000000000154b800_0 .net *"_ivl_100", 31 0, L_00000000015496e0;  1 drivers
L_000000000154f150 .functor BUFT 1, C4<001>, C4<0>, C4<0>, C4<0>;
v000000000154b6c0_0 .net/2u *"_ivl_12", 2 0, L_000000000154f150;  1 drivers
v000000000154bda0_0 .net *"_ivl_14", 0 0, L_00000000015484c0;  1 drivers
v000000000154bf80_0 .net *"_ivl_16", 31 0, L_0000000001549280;  1 drivers
L_000000000154f198 .functor BUFT 1, C4<0000000000000000000000000000000>, C4<0>, C4<0>, C4<0>;
v0000000001549c80_0 .net *"_ivl_19", 30 0, L_000000000154f198;  1 drivers
L_000000000154f1e0 .functor BUFT 1, C4<00000000000000000000000000000001>, C4<0>, C4<0>, C4<0>;
v000000000154e460_0 .net/2u *"_ivl_20", 31 0, L_000000000154f1e0;  1 drivers
v000000000154c980_0 .net *"_ivl_22", 0 0, L_0000000001548f60;  1 drivers
L_000000000154f228 .functor BUFT 1, C4<00000000000000000000000000000100>, C4<0>, C4<0>, C4<0>;
v000000000154dc40_0 .net/2u *"_ivl_24", 31 0, L_000000000154f228;  1 drivers
v000000000154c7a0_0 .net *"_ivl_26", 31 0, L_00000000015473e0;  1 drivers
v000000000154cca0_0 .net *"_ivl_29", 0 0, L_0000000001549000;  1 drivers
v000000000154ca20_0 .net *"_ivl_30", 13 0, L_0000000001549640;  1 drivers
L_000000000154f270 .functor BUFT 1, C4<00>, C4<0>, C4<0>, C4<0>;
v000000000154e3c0_0 .net/2u *"_ivl_32", 1 0, L_000000000154f270;  1 drivers
v000000000154d240_0 .net *"_ivl_34", 31 0, L_0000000001547de0;  1 drivers
v000000000154dba0_0 .net *"_ivl_36", 31 0, L_0000000001547ac0;  1 drivers
L_000000000154f2b8 .functor BUFT 1, C4<00000000000000000000000000000100>, C4<0>, C4<0>, C4<0>;
v000000000154cd40_0 .net/2u *"_ivl_38", 31 0, L_000000000154f2b8;  1 drivers
L_000000000154f0c0 .functor BUFT 1, C4<000>, C4<0>, C4<0>, C4<0>;
v000000000154d1a0_0 .net/2u *"_ivl_4", 2 0, L_000000000154f0c0;  1 drivers
v000000000154d880_0 .net *"_ivl_40", 31 0, L_0000000001548380;  1 drivers
v000000000154e820_0 .net *"_ivl_42", 31 0, L_0000000001547b60;  1 drivers
L_000000000154f300 .functor BUFT 1, C4<010>, C4<0>, C4<0>, C4<0>;
v000000000154e500_0 .net/2u *"_ivl_44", 2 0, L_000000000154f300;  1 drivers
v000000000154c840_0 .net *"_ivl_46", 0 0, L_00000000015495a0;  1 drivers
v000000000154e320_0 .net *"_ivl_49", 3 0, L_0000000001547520;  1 drivers
L_000000000154f348 .functor BUFT 1, C4<00>, C4<0>, C4<0>, C4<0>;
v000000000154cde0_0 .net/2u *"_ivl_50", 1 0, L_000000000154f348;  1 drivers
v000000000154dd80_0 .net *"_ivl_52", 31 0, L_00000000015490a0;  1 drivers
L_000000000154f390 .functor BUFT 1, C4<011>, C4<0>, C4<0>, C4<0>;
v000000000154df60_0 .net/2u *"_ivl_54", 2 0, L_000000000154f390;  1 drivers
v000000000154de20_0 .net *"_ivl_56", 0 0, L_00000000015486a0;  1 drivers
L_000000000154f3d8 .functor BUFT 1, C4<100>, C4<0>, C4<0>, C4<0>;
v000000000154e0a0_0 .net/2u *"_ivl_58", 2 0, L_000000000154f3d8;  1 drivers
v000000000154c200_0 .net *"_ivl_6", 0 0, L_0000000001548e20;  1 drivers
v000000000154c520_0 .net *"_ivl_60", 0 0, L_0000000001548100;  1 drivers
v000000000154e000_0 .net *"_ivl_62", 31 0, L_00000000015489c0;  1 drivers
L_000000000154f420 .functor BUFT 1, C4<0000000000000000000000000000000>, C4<0>, C4<0>, C4<0>;
v000000000154d6a0_0 .net *"_ivl_65", 30 0, L_000000000154f420;  1 drivers
L_000000000154f468 .functor BUFT 1, C4<00000000000000000000000000000000>, C4<0>, C4<0>, C4<0>;
v000000000154c8e0_0 .net/2u *"_ivl_66", 31 0, L_000000000154f468;  1 drivers
v000000000154e1e0_0 .net *"_ivl_68", 0 0, L_0000000001548a60;  1 drivers
L_000000000154f4b0 .functor BUFT 1, C4<00000000000000000000000000000100>, C4<0>, C4<0>, C4<0>;
v000000000154ce80_0 .net/2u *"_ivl_70", 31 0, L_000000000154f4b0;  1 drivers
v000000000154dec0_0 .net *"_ivl_72", 31 0, L_0000000001549320;  1 drivers
v000000000154c700_0 .net *"_ivl_75", 0 0, L_0000000001547c00;  1 drivers
v000000000154c5c0_0 .net *"_ivl_76", 13 0, L_0000000001548ec0;  1 drivers
L_000000000154f4f8 .functor BUFT 1, C4<00>, C4<0>, C4<0>, C4<0>;
v000000000154db00_0 .net/2u *"_ivl_78", 1 0, L_000000000154f4f8;  1 drivers
L_000000000154f108 .functor BUFT 1, C4<00000000000000000000000000000100>, C4<0>, C4<0>, C4<0>;
v000000000154cac0_0 .net/2u *"_ivl_8", 31 0, L_000000000154f108;  1 drivers
v000000000154e5a0_0 .net *"_ivl_80", 31 0, L_0000000001547e80;  1 drivers
v000000000154c340_0 .net *"_ivl_82", 31 0, L_0000000001547f20;  1 drivers
L_000000000154f540 .functor BUFT 1, C4<00000000000000000000000000000100>, C4<0>, C4<0>, C4<0>;
v000000000154d420_0 .net/2u *"_ivl_84", 31 0, L_000000000154f540;  1 drivers
v000000000154e640_0 .net *"_ivl_86", 31 0, L_0000000001547340;  1 drivers
v000000000154c480_0 .net *"_ivl_88", 31 0, L_0000000001548b00;  1 drivers
L_000000000154f588 .functor BUFT 1, C4<00000000000000000000000000000100>, C4<0>, C4<0>, C4<0>;
v000000000154e140_0 .net/2u *"_ivl_90", 31 0, L_000000000154f588;  1 drivers
v000000000154e6e0_0 .net *"_ivl_92", 31 0, L_0000000001547fc0;  1 drivers
v000000000154d600_0 .net *"_ivl_94", 31 0, L_0000000001549500;  1 drivers
v000000000154cb60_0 .net *"_ivl_96", 31 0, L_0000000001548ba0;  1 drivers
v000000000154c3e0_0 .net *"_ivl_98", 31 0, L_00000000015493c0;  1 drivers
v000000000154e280_0 .net "im16", 15 0, L_00000000015aadc0;  alias, 1 drivers
v000000000154d2e0_0 .net "im26", 25 0, L_00000000015aaaa0;  alias, 1 drivers
L_00000000015482e0 .arith/sum 32, v000000000154d4c0_0, L_000000000154f078;
L_0000000001548e20 .cmp/eq 3, L_00000000015bece0, L_000000000154f0c0;
L_0000000001548600 .arith/sum 32, v000000000154d4c0_0, L_000000000154f108;
L_00000000015484c0 .cmp/eq 3, L_00000000015bece0, L_000000000154f150;
L_0000000001549280 .concat [ 1 31 0 0], L_00000000015aa820, L_000000000154f198;
L_0000000001548f60 .cmp/eq 32, L_0000000001549280, L_000000000154f1e0;
L_00000000015473e0 .arith/sum 32, v000000000154d4c0_0, L_000000000154f228;
L_0000000001549000 .part L_00000000015aadc0, 15, 1;
LS_0000000001549640_0_0 .concat [ 1 1 1 1], L_0000000001549000, L_0000000001549000, L_0000000001549000, L_0000000001549000;
LS_0000000001549640_0_4 .concat [ 1 1 1 1], L_0000000001549000, L_0000000001549000, L_0000000001549000, L_0000000001549000;
LS_0000000001549640_0_8 .concat [ 1 1 1 1], L_0000000001549000, L_0000000001549000, L_0000000001549000, L_0000000001549000;
LS_0000000001549640_0_12 .concat [ 1 1 0 0], L_0000000001549000, L_0000000001549000;
L_0000000001549640 .concat [ 4 4 4 2], LS_0000000001549640_0_0, LS_0000000001549640_0_4, LS_0000000001549640_0_8, LS_0000000001549640_0_12;
L_0000000001547de0 .concat [ 2 16 14 0], L_000000000154f270, L_00000000015aadc0, L_0000000001549640;
L_0000000001547ac0 .arith/sum 32, L_00000000015473e0, L_0000000001547de0;
L_0000000001548380 .arith/sum 32, v000000000154d4c0_0, L_000000000154f2b8;
L_0000000001547b60 .functor MUXZ 32, L_0000000001548380, L_0000000001547ac0, L_0000000001548f60, C4<>;
L_00000000015495a0 .cmp/eq 3, L_00000000015bece0, L_000000000154f300;
L_0000000001547520 .part v000000000154d4c0_0, 28, 4;
L_00000000015490a0 .concat [ 2 26 4 0], L_000000000154f348, L_00000000015aaaa0, L_0000000001547520;
L_00000000015486a0 .cmp/eq 3, L_00000000015bece0, L_000000000154f390;
L_0000000001548100 .cmp/eq 3, L_00000000015bece0, L_000000000154f3d8;
L_00000000015489c0 .concat [ 1 31 0 0], L_00000000015aa820, L_000000000154f420;
L_0000000001548a60 .cmp/eq 32, L_00000000015489c0, L_000000000154f468;
L_0000000001549320 .arith/sum 32, v000000000154d4c0_0, L_000000000154f4b0;
L_0000000001547c00 .part L_00000000015aadc0, 15, 1;
LS_0000000001548ec0_0_0 .concat [ 1 1 1 1], L_0000000001547c00, L_0000000001547c00, L_0000000001547c00, L_0000000001547c00;
LS_0000000001548ec0_0_4 .concat [ 1 1 1 1], L_0000000001547c00, L_0000000001547c00, L_0000000001547c00, L_0000000001547c00;
LS_0000000001548ec0_0_8 .concat [ 1 1 1 1], L_0000000001547c00, L_0000000001547c00, L_0000000001547c00, L_0000000001547c00;
LS_0000000001548ec0_0_12 .concat [ 1 1 0 0], L_0000000001547c00, L_0000000001547c00;
L_0000000001548ec0 .concat [ 4 4 4 2], LS_0000000001548ec0_0_0, LS_0000000001548ec0_0_4, LS_0000000001548ec0_0_8, LS_0000000001548ec0_0_12;
L_0000000001547e80 .concat [ 2 16 14 0], L_000000000154f4f8, L_00000000015aadc0, L_0000000001548ec0;
L_0000000001547f20 .arith/sum 32, L_0000000001549320, L_0000000001547e80;
L_0000000001547340 .arith/sum 32, v000000000154d4c0_0, L_000000000154f540;
L_0000000001548b00 .functor MUXZ 32, L_0000000001547340, L_0000000001547f20, L_0000000001548a60, C4<>;
L_0000000001547fc0 .arith/sum 32, v000000000154d4c0_0, L_000000000154f588;
L_0000000001549500 .functor MUXZ 32, L_0000000001547fc0, L_0000000001548b00, L_0000000001548100, C4<>;
L_0000000001548ba0 .functor MUXZ 32, L_0000000001549500, L_00000000014d9020, L_00000000015486a0, C4<>;
L_00000000015493c0 .functor MUXZ 32, L_0000000001548ba0, L_00000000015490a0, L_00000000015495a0, C4<>;
L_00000000015496e0 .functor MUXZ 32, L_00000000015493c0, L_0000000001547b60, L_00000000015484c0, C4<>;
L_0000000001549780 .functor MUXZ 32, L_00000000015496e0, L_0000000001548600, L_0000000001548e20, C4<>;
S_000000000105a840 .scope module, "pc" "PC" 3 55, 11 22 0, S_0000000001078670;
 .timescale -9 -12;
    .port_info 0 /INPUT 32 "NPC";
    .port_info 1 /OUTPUT 32 "PC";
    .port_info 2 /INPUT 1 "reset";
    .port_info 3 /INPUT 1 "clk";
v000000000154c2a0_0 .net "NPC", 31 0, L_0000000001549780;  alias, 1 drivers
v000000000154d4c0_0 .var "PC", 31 0;
v000000000154e780_0 .net "clk", 0 0, v0000000001547d40_0;  alias, 1 drivers
v000000000154c160_0 .net "reset", 0 0, v0000000001547a20_0;  alias, 1 drivers
    .scope S_000000000105a840;
T_2 ;
    %wait E_00000000014c3f90;
    %load/vec4 v000000000154c160_0;
    %flag_set/vec4 8;
    %jmp/0xz  T_2.0, 8;
    %pushi/vec4 12288, 0, 32;
    %assign/vec4 v000000000154d4c0_0, 0;
    %jmp T_2.1;
T_2.0 ;
    %load/vec4 v000000000154c2a0_0;
    %assign/vec4 v000000000154d4c0_0, 0;
T_2.1 ;
    %jmp T_2;
    .thread T_2;
    .scope S_000000000105a520;
T_3 ;
    %vpi_call 9 35 "$readmemh", "code.txt", v000000000154aa40, 32'sb00000000000000000000000000000000, 32'sb00000000000000000000001111111111 {0 0 0};
    %end;
    .thread T_3;
    .scope S_0000000001047750;
T_4 ;
    %wait E_00000000014c3f90;
    %load/vec4 v000000000154bee0_0;
    %flag_set/vec4 8;
    %jmp/0xz  T_4.0, 8;
    %pushi/vec4 0, 0, 32;
    %store/vec4 v000000000154a180_0, 0, 32;
T_4.2 ;
    %load/vec4 v000000000154a180_0;
    %cmpi/s 32, 0, 32;
    %jmp/0xz T_4.3, 5;
    %pushi/vec4 0, 0, 32;
    %ix/getv/s 3, v000000000154a180_0;
    %ix/load 4, 0, 0; Constant delay
    %assign/vec4/a/d v0000000001549960, 0, 4;
    %load/vec4 v000000000154a180_0;
    %addi 1, 0, 32;
    %store/vec4 v000000000154a180_0, 0, 32;
    %jmp T_4.2;
T_4.3 ;
    %jmp T_4.1;
T_4.0 ;
    %load/vec4 v0000000001549e60_0;
    %flag_set/vec4 8;
    %jmp/0xz  T_4.4, 8;
    %load/vec4 v000000000154a9a0_0;
    %pad/u 32;
    %cmpi/ne 0, 0, 32;
    %jmp/0xz  T_4.6, 4;
    %load/vec4 v000000000154b4e0_0;
    %load/vec4 v000000000154a9a0_0;
    %pad/u 7;
    %ix/vec4 3;
    %ix/load 4, 0, 0; Constant delay
    %assign/vec4/a/d v0000000001549960, 0, 4;
    %vpi_call 8 49 "$display", "@%h: $%d <= %h", v000000000154b940_0, v000000000154a9a0_0, v000000000154b4e0_0 {0 0 0};
T_4.6 ;
T_4.4 ;
T_4.1 ;
    %jmp T_4;
    .thread T_4;
    .scope S_000000000104ce50;
T_5 ;
    %wait E_00000000014c3f90;
    %load/vec4 v000000000154bbc0_0;
    %flag_set/vec4 8;
    %jmp/0xz  T_5.0, 8;
    %pushi/vec4 0, 0, 32;
    %store/vec4 v000000000154be40_0, 0, 32;
T_5.2 ;
    %load/vec4 v000000000154be40_0;
    %cmpi/s 1024, 0, 32;
    %jmp/0xz T_5.3, 5;
    %pushi/vec4 0, 0, 32;
    %ix/getv/s 3, v000000000154be40_0;
    %ix/load 4, 0, 0; Constant delay
    %assign/vec4/a/d v000000000154c020, 0, 4;
    %load/vec4 v000000000154be40_0;
    %addi 1, 0, 32;
    %store/vec4 v000000000154be40_0, 0, 32;
    %jmp T_5.2;
T_5.3 ;
    %jmp T_5.1;
T_5.0 ;
    %load/vec4 v0000000001542660_0;
    %flag_set/vec4 8;
    %jmp/0xz  T_5.4, 8;
    %load/vec4 v0000000001541940_0;
    %cmpi/e 0, 0, 3;
    %jmp/0xz  T_5.6, 4;
    %load/vec4 v0000000001541bc0_0;
    %load/vec4 v00000000015427a0_0;
    %parti/s 10, 2, 3;
    %pad/u 12;
    %ix/vec4 3;
    %ix/load 4, 0, 0; Constant delay
    %assign/vec4/a/d v000000000154c020, 0, 4;
    %vpi_call 6 69 "$display", "@%h: *%h <= %h", v0000000001542700_0, v00000000015427a0_0, v0000000001541bc0_0 {0 0 0};
    %jmp T_5.7;
T_5.6 ;
    %load/vec4 v0000000001541940_0;
    %cmpi/e 1, 0, 3;
    %jmp/0xz  T_5.8, 4;
    %load/vec4 v0000000001541bc0_0;
    %parti/s 16, 0, 2;
    %load/vec4 v00000000015427a0_0;
    %parti/s 10, 2, 3;
    %pad/u 12;
    %ix/vec4 4;
    %flag_mov 8, 4;
    %pushi/vec4 15, 0, 32;
    %load/vec4 v00000000015427a0_0;
    %parti/s 1, 1, 2;
    %pad/u 32;
    %muli 16, 0, 32;
    %add;
    %pad/u 34;
    %subi 15, 0, 34;
    %ix/vec4/s 5;
    %flag_or 8, 4;
    %ix/load 6, 0, 0; Constant delay
    %ix/mov 3, 4;
    %flag_mov 4, 8;
    %assign/vec4/a/d v000000000154c020, 5, 6;
    %load/vec4 v00000000015427a0_0;
    %parti/s 30, 2, 3;
    %concati/vec4 0, 0, 2;
    %load/vec4 v00000000015427a0_0;
    %parti/s 10, 2, 3;
    %pad/u 12;
    %ix/vec4 4;
    %load/vec4a v000000000154c020, 4;
    %load/vec4 v0000000001541bc0_0;
    %parti/s 16, 0, 2;
    %store/vec4 v0000000001542b60_0, 0, 16;
    %store/vec4 v0000000001541e40_0, 0, 32;
    %callf/vec4 TD_mips_tb.uut.dm.out_half, S_0000000001047430;
    %vpi_call 6 73 "$display", "@%h: *%h <= %h", v0000000001542700_0, S<1,vec4,u32>, S<0,vec4,u32> {2 0 0};
    %jmp T_5.9;
T_5.8 ;
    %load/vec4 v0000000001541940_0;
    %cmpi/e 2, 0, 3;
    %jmp/0xz  T_5.10, 4;
    %load/vec4 v0000000001541bc0_0;
    %parti/s 8, 0, 2;
    %load/vec4 v00000000015427a0_0;
    %parti/s 10, 2, 3;
    %pad/u 12;
    %ix/vec4 4;
    %flag_mov 8, 4;
    %pushi/vec4 7, 0, 32;
    %load/vec4 v00000000015427a0_0;
    %parti/s 2, 0, 2;
    %pad/u 32;
    %muli 8, 0, 32;
    %add;
    %pad/u 34;
    %subi 7, 0, 34;
    %ix/vec4/s 5;
    %flag_or 8, 4;
    %ix/load 6, 0, 0; Constant delay
    %ix/mov 3, 4;
    %flag_mov 4, 8;
    %assign/vec4/a/d v000000000154c020, 5, 6;
    %load/vec4 v00000000015427a0_0;
    %parti/s 30, 2, 3;
    %concati/vec4 0, 0, 2;
    %load/vec4 v00000000015427a0_0;
    %parti/s 10, 2, 3;
    %pad/u 12;
    %ix/vec4 4;
    %load/vec4a v000000000154c020, 4;
    %load/vec4 v0000000001541bc0_0;
    %parti/s 8, 0, 2;
    %store/vec4 v0000000001542ac0_0, 0, 8;
    %store/vec4 v00000000015428e0_0, 0, 32;
    %callf/vec4 TD_mips_tb.uut.dm.out_byte, S_000000000104cfe0;
    %vpi_call 6 77 "$display", "@%h: *%h <= %h", v0000000001542700_0, S<1,vec4,u32>, S<0,vec4,u32> {2 0 0};
T_5.10 ;
T_5.9 ;
T_5.7 ;
T_5.4 ;
T_5.1 ;
    %jmp T_5;
    .thread T_5;
    .scope S_00000000010784e0;
T_6 ;
    %delay 1000, 0;
    %load/vec4 v0000000001547d40_0;
    %inv;
    %store/vec4 v0000000001547d40_0, 0, 1;
    %jmp T_6;
    .thread T_6;
    .scope S_00000000010784e0;
T_7 ;
    %vpi_call 2 40 "$dumpfile", "mips_tb.vcd" {0 0 0};
    %vpi_call 2 41 "$dumpvars" {0 0 0};
    %pushi/vec4 0, 0, 1;
    %store/vec4 v0000000001547d40_0, 0, 1;
    %pushi/vec4 1, 0, 1;
    %store/vec4 v0000000001547a20_0, 0, 1;
    %delay 10000, 0;
    %pushi/vec4 0, 0, 1;
    %store/vec4 v0000000001547a20_0, 0, 1;
    %delay 4096000, 0;
    %vpi_call 2 50 "$finish" {0 0 0};
    %end;
    .thread T_7;
# The file index is used to find the file name in the following table.
:file_names 12;
    "N/A";
    "<interactive>";
    "mips_tb.v";
    "./mips.v";
    "./ALU.v";
    "./Ctrl.v";
    "./DM.v";
    "./EXT.v";
    "./GRF.v";
    "./IM.v";
    "./NPC.v";
    "./PC.v";
