WARNING: .\src\mips_tb.v:56: $readmemh(code.txt): Not enough words in the file for the requested range [0:4095].
                  38@00003000: $ 1 <= 00000001
                  42@00003004: $ 2 <= 00000006
                  46@00003008: $ 3 <= 00000008
                  50@0000300c: $ 4 <= 00000005
                  50@00003010: *00000000 <= 00000006
                  54@00003014: *00000004 <= 00000005
                  58@00003018: *00000008 <= 00000005
                  62@0000301c: *0000000c <= 00000008
                  66@00003020: *00000010 <= 00000005
                  70@00003024: *00000014 <= 00000001
                  74@00003028: *00000018 <= 00000006
                  78@0000302c: *0000001c <= 00000001
                  82@00003030: *00000020 <= 00000005
                  86@00003034: *00000024 <= 00000005
                  90@00003038: *00000028 <= 00000005
                  94@0000303c: *0000002c <= 00000008
                  98@00003040: *00000030 <= 00000008
                 102@00003044: *00000034 <= 00000001
                 106@00003048: *00000038 <= 00000005
                 110@0000304c: *0000003c <= 00000005
                 114@00003050: *00000040 <= 00000001
                 118@00003054: *00000044 <= 00000005
                 122@00003058: *00000048 <= 00000006
                 126@0000305c: *0000004c <= 00000006
                 130@00003060: *00000050 <= 00000008
                 134@00003064: *00000054 <= 00000006
                 138@00003068: *00000058 <= 00000008
                 142@0000306c: *0000005c <= 00000006
                 146@00003070: *00000060 <= 00000001
                 150@00003074: *00000064 <= 00000005
                 154@00003078: *00000068 <= 00000001
                 158@0000307c: *0000006c <= 00000006
                 162@00003080: *00000070 <= 00000001
                 166@00003084: *00000074 <= 00000008
                 170@00003088: *00000078 <= 00000001
                 174@0000308c: *0000007c <= 00000005
                 186@00003094: $ 1 <= 00000000
                 190@0000309c: *00000004 <= 00000005
                 226@000030ac: *00000000 <= 00000000
                 234@000030b0: $ 4 <= 00000000
                 234@000030b4: *00000000 <= 00000000
                 246@000030bc: $ 2 <= 00000000
                 250@000030c0: $ 4 <= 00060000
                 250@000030c4: *00000000 <= 00000000
                 262@000030cc: $ 4 <= 00010000
                 278@000030e0: $ 1 <= 00000000
                 386@000030f4: $ 1 <= 00000000
                 390@000030f8: $ 4 <= 00000000
                 398@00003100: $ 1 <= 00000000
                 402@00003104: $ 4 <= 00030000
                 406@00003108: $ 2 <= 0003000d
                 410@0000310c: $ 2 <= 00000000
                 422@00003114: $ 4 <= 00000000
                 426@00003118: $ 3 <= 00000000
                 434@00003120: $ 4 <= 00000000
                 442@00003128: $ 2 <= 00010000
                 442@0000312c: *00000000 <= 00000000
                 450@00003130: $ 2 <= 00010001
                 454@00003134: $ 2 <= 00080000
                 458@00003138: $ 3 <= 00040000
                 470@00003144: $ 2 <= 00060000
                 474@00003148: $ 1 <= 00000000
                 478@0000314c: $ 4 <= 000d0000
                 494@0000315c: $ 1 <= 00000000
                 498@00003160: $ 1 <= 00000000
                 510@00003164: $ 1 <= 00000000
                 514@0000316c: *00000000 <= 00000000
                 546@00003174: $ 3 <= 00000000
                 558@00003180: $ 2 <= 00020000
                 614@00003198: $ 4 <= 00020000
                 642@000031ac: $ 1 <= 00080000
                 646@000031b0: $ 1 <= 00000004
                 650@000031b4: $ 1 <= 00030000
                 654@000031b8: $ 1 <= 00020000
                 686@000031d0: $ 4 <= 00020000
                 690@000031d4: $ 2 <= 00040000
                 694@000031d8: $ 2 <= fff9ffff
                 706@000031e0: $ 4 <= 00060000
                 730@000031e8: $ 2 <= fff9ffff
                 742@000031f0: $ 1 <= 00000000
                 746@000031f4: $ 4 <= 00000000
                 790@00003214: $ 4 <= 00000000
                 798@00003218: $ 4 <= 00000000
                 802@0000321c: *00000000 <= 00000000
                 810@00003224: *00000000 <= 00000000
                 818@00003228: $ 1 <= 00000000
                 842@00003230: $ 1 <= 00000000
                 878@0000323c: *00000000 <= 00000000
                 878@00003238: $ 2 <= 00000000
                 914@00003244: $ 4 <= 00000000
                 918@00003248: $ 4 <= 00000000
                 922@0000324c: $ 1 <= 00000001
                 926@00003254: *00000000 <= 00000100
                 926@00003250: $ 2 <= 00000001
                 934@00003258: $ 3 <= 00001000
                 938@0000325c: $ 2 <= 00000001
                 942@00003260: $ 3 <= 00000001
                 950@00003264: $ 1 <= 00000001
                 954@00003268: $ 3 <= 00000000
                 958@0000326c: $ 1 <= 000f0000
                 962@00003270: $ 4 <= 00000000
                 966@00003274: $ 3 <= 00000000
                 970@00003278: $ 1 <= 00020000
                 974@0000327c: $ 3 <= 00000000
                 978@00003280: $ 1 <= 00000100
                 994@00003288: $ 2 <= 000e0000
                 998@0000328c: $ 1 <= 00000100
                1002@00003290: $ 1 <= 00000000
                1014@00003298: $ 3 <= 00000001
                1022@000032a4: $ 4 <= 00000000
                1030@000032ac: *00000000 <= 00000000
                1038@000032b4: *00000000 <= 00000000
                1046@000032b8: $ 2 <= 00000000
                1050@000032bc: *00000000 <= 00000000
                1058@000032c0: $ 1 <= 00000000
                1066@000032c4: $ 3 <= 00000001
                1078@000032cc: $ 4 <= 00000000
                1094@000032d8: $ 2 <= 00000000
                1098@000032dc: $ 3 <= 00000000
                1106@000032e0: $ 3 <= 00000000
                1118@000032e8: $ 2 <= 00000000
                1154@000032f4: $ 2 <= 00000000
                1158@000032f8: $ 2 <= 00000000
                1162@000032fc: $ 3 <= 00030000
                1166@00003300: $ 3 <= 00060000
                1198@00003308: $ 2 <= 00000024
                1210@00003310: $ 2 <= 00000000
                1214@00003310: $ 2 <= 00000000
                1218@00003314: $ 1 <= 00000000
                1222@00003318: $ 3 <= 00000000
                1230@00003320: $ 3 <= 00000000
                1234@00003324: $ 3 <= 00000000
                1234@00003328: *00000000 <= 00000000
                1242@0000332c: $ 1 <= 00010000
                1246@00003330: $ 4 <= 00080000
                1258@0000333c: $ 4 <= 00010000
                1262@00003340: $ 2 <= 00010000
                1266@00003344: $ 1 <= 000d0000
                1270@00003348: $ 2 <= 000d0000
                1274@0000334c: $ 4 <= 00030000
                1282@00003354: $ 1 <= 00000000
                1298@00003360: $ 2 <= 00000000
                1302@00003364: $ 1 <= 00000000
                1306@00003368: $ 1 <= 0000000f
                1398@00003384: $ 1 <= 00010000
                1422@00003398: $ 1 <= 00000000
                1430@000033a4: $ 4 <= 00000000
                1458@000033ac: $ 2 <= 00000000
                1462@000033b0: $ 2 <= 00000000
                1470@000033b8: $ 2 <= 00000000
                1474@000033bc: *00000000 <= 00000000
                1482@000033c0: $ 3 <= 00000000
                1486@000033c4: $ 4 <= 00000000
                1490@000033c8: $ 1 <= 00000000
                1490@000033cc: *00000000 <= 00000000
                1498@000033d0: $ 3 <= 0000000c
                1498@000033d4: *0000000c <= 00000000
                1502@000033d8: *00000000 <= 00000000
                1510@000033dc: $ 4 <= 00000000
                1514@000033e0: $ 3 <= 00000000
                1518@000033e4: $ 2 <= 00000000
                1522@000033e8: $ 4 <= 00000000
                1534@000033f0: $ 3 <= 00000000
                1538@000033f0: $ 3 <= 00000000
                1590@00003410: $ 3 <= 00000000
                1594@00003414: $ 4 <= 00000000
                1618@0000341c: $ 1 <= 00000000
                1626@00003424: *00000000 <= 00000000
                1646@0000343c: *00000000 <= 00000000
                1646@00003438: $ 3 <= 00000000
                1658@00003444: $ 3 <= 00050000
                1670@0000344c: $ 4 <= 00060000
                1678@00003454: $ 3 <= 00000000
                1694@00003460: $ 3 <= 00000000
                1698@00003464: $ 3 <= 00000000
                1702@00003468: $ 3 <= 00000000
                1710@0000346c: $ 4 <= ffffffff
                1722@00003478: $ 4 <= 001fffff
                1726@00003480: $ 2 <= 00000000
                1730@00003484: $ 3 <= 00000001
                1734@00003488: $ 1 <= 00000000
                1738@0000348c: $ 2 <= fffffffe
                1750@00003494: $ 1 <= fffffffe
                1754@000034a0: $ 3 <= 80000000
                1758@000034a4: $ 3 <= 00000000
                1762@000034a8: $ 3 <= 00070000
                1778@000034b8: $ 2 <= 00000007
                1778@000034c0: *00000004 <= 07000005
                1786@000034c4: $ 1 <= 00000007
                1842@000034dc: $ 4 <= 00007000
                1854@000034e4: $ 2 <= 00000000
                1886@000034e8: $ 3 <= 00000001
                1894@000034f0: $ 1 <= fffffffe
                1898@000034f4: $ 2 <= ffffffff
                1902@000034f8: $ 4 <= 00000000
                1906@000034fc: $ 3 <= 00090000
                1938@00003514: $ 1 <= 00000000
                1954@00003520: $ 2 <= 00000051
                1962@00003528: $ 3 <= 00090051
                2018@00003534: $ 2 <= 00000004
                2022@0000353c: *00000000 <= 00000000
                2022@00003538: $ 3 <= 00000000
                2034@00003544: $ 2 <= 00000000
                2066@00003564: *00000000 <= 00000000
                2098@00003574: *00000000 <= 00000000
                2110@00003590: *00000000 <= 00000000
                2110@00003584: $ 2 <= 00060000
                2122@00003598: *00000000 <= 00000000
                2126@0000359c: *00000000 <= 00000000
                2154@000035a4: $ 3 <= 00000000
                2154@000035a8: *00000000 <= 00000000
                2210@000035b4: $ 3 <= 00000000
                2290@000035c4: $ 4 <= 00000000
                2290@000035c8: *00000000 <= 00000000
                2326@000035d4: *00000000 <= 00000000
                2326@000035d0: $ 2 <= 00000000
                2338@000035dc: $ 2 <= 000d0000
                2342@000035e0: $ 4 <= 00000000
                2350@000035e8: $ 4 <= 000d0000
                2382@000035f4: $ 1 <= 001a0000
                2426@000035fc: $ 1 <= 00030000
                2522@00003618: $ 4 <= 00000001
                2530@00003624: $ 2 <= 00000000
                2534@00003628: $ 4 <= 000d0000
                2538@0000362c: $ 1 <= 000d0006
                2550@00003638: $ 4 <= 000d0001
                2586@0000364c: $ 4 <= 000d0006
                2590@00003650: $ 3 <= 000d0001
                2610@00003664: $ 4 <= 00060000
                2614@00003668: $ 3 <= 009c0024
                2626@00003670: $ 2 <= 000d0001
                2630@00003670: $ 2 <= 000d0001
                2646@00003680: $ 2 <= 00090000
                2666@00003690: $ 3 <= 00090000
                2734@00003698: $ 1 <= 00000051
                2778@000036a4: $ 4 <= 00000058
                2782@000036a8: $ 4 <= 00000056
                2786@000036ac: $ 2 <= 00000051
                2786@000036b0: *00000050 <= 00005108
                2818@000036c8: $ 4 <= 00000051
                2822@000036cc: *00000050 <= 00005108
                2906@000036d8: $ 4 <= 00000001
                2910@000036dc: $ 2 <= 00000000
                2918@000036e0: $ 2 <= 00000000
                2922@000036e8: *00000000 <= 00000000
                2930@000036ec: $ 4 <= 00000000
                2934@000036f0: $ 2 <= 00000000
                2970@000036f8: $ 1 <= 00000000
                2970@000036fc: *00000000 <= 00000000
                2978@00003700: $ 4 <= 00000000
                2990@00003708: $ 1 <= 00000000
                2994@0000370c: $ 3 <= 00000000
                3002@00003710: $ 3 <= 00000000
                3010@00003714: $ 1 <= 0000000d
                3014@00003718: $ 1 <= 00000000
                3018@0000371c: $ 4 <= 00000000
                3026@00003720: $ 4 <= 00000001
                3034@00003728: $ 3 <= 00000000
                3058@0000372c: $ 4 <= 00000000
                3070@00003734: $ 2 <= 00000000
                3074@00003740: $ 1 <= 00000000
                3074@00003744: *00000000 <= 00000000
                3082@00003748: $ 3 <= 00000000
                3094@00003750: $ 3 <= 00000000
                3098@00003758: *00000000 <= 00000000
                3142@00003764: $ 4 <= 00000000
                3166@00003768: $ 1 <= 00000000
                3170@0000376c: $ 3 <= 000a0000
                3182@00003774: $ 3 <= 00000000
                3186@00003780: $ 2 <= 00000000
                3190@00003784: *00000000 <= 00000000
                3202@0000378c: $ 2 <= 000a0000
                3206@00003790: $ 4 <= 00000000
                3214@00003798: $ 1 <= 00000000
                3222@0000379c: $ 3 <= 000a0000
                3230@000037a4: $ 1 <= 000d0000
                3238@000037ac: $ 3 <= 00050000
                3266@000037d0: $ 1 <= 00050000
                3270@000037d4: $ 2 <= 00050000
                3290@000037d8: $ 4 <= 00000000
                3294@000037dc: $ 3 <= 00050000
                3302@000037e4: $ 3 <= 00040000
                3334@000037f4: $ 4 <= 00000010
                3338@000037f8: $ 2 <= ffffffef
                3390@00003804: $ 1 <= 00000000
                3446@00003810: $ 3 <= 00000000
                3450@00003814: $ 2 <= 00000000
                3458@0000381c: $ 4 <= 00000000
                3474@00003824: $ 1 <= 00080000
                3474@00003828: *00000000 <= 00000000
                3482@0000382c: $ 2 <= 000f0000
                3490@00003834: $ 1 <= 000f0000
                3498@0000383c: $ 3 <= 000f0000
                3506@00003844: $ 1 <= 000f0000
                3514@0000384c: $ 1 <= 001e0000
                3570@00003868: $ 1 <= 001e0000
                3574@0000386c: $ 1 <= 001e0000
                3606@00003874: $ 1 <= 00000000
                3610@00003878: $ 3 <= 00010000
                3614@0000387c: $ 3 <= 000d0000
                3626@00003884: $ 4 <= 00040000
                3630@00003890: $ 4 <= 00040007
                3634@00003894: $ 2 <= 00040007
                3638@00003898: $ 2 <= 00000000
                3642@0000389c: $ 3 <= 00000000
                3654@000038a4: *00000000 <= 00000000
                3670@000038b8: $ 3 <= 00040016
                3674@000038bc: $ 4 <= 02000b00
                3682@000038c4: $ 1 <= 00000000
                3686@000038cc: *00000000 <= 03000000
                3686@000038c8: $ 1 <= 00000003
                3694@000038d0: $ 4 <= 00000003
                3706@000038d8: $ 4 <= 00090000
                3710@000038dc: $ 4 <= 00000000
                3714@000038e0: $ 3 <= 03000000
                3754@000038e8: $ 2 <= 00000000
                3758@000038ec: $ 4 <= 03000000
                3794@0000391c: $ 1 <= 03000000
                3798@00003920: $ 2 <= 000a0000
                3802@00003924: $ 1 <= 03000000
                3818@0000392c: $ 2 <= 00020000
                3826@00003934: $ 3 <= 00000000
                3842@00003944: $ 3 <= 00000000
                3846@00003948: $ 1 <= 00000000
                3850@0000394c: $ 4 <= 03000000
                3922@00003964: $ 1 <= 03000000
                3946@0000396c: $ 1 <= 00000000
                3950@00003970: $ 4 <= 00000000
                3958@00003974: $ 2 <= 00000000
                3962@00003978: $ 2 <= 00000000
                3966@0000397c: $ 3 <= 00000007
                3974@00003984: $ 4 <= 00000380
                3978@00003988: $ 1 <= 00000000
                3982@0000398c: $ 3 <= 00000007
                4018@00003994: *00000004 <= 07000005
                4026@00003998: $ 1 <= 00000000
                4030@0000399c: $ 1 <= 00000000
                4070@000039a4: $ 4 <= 00000000
                4110@000039b8: $ 1 <= 00000000
                4146@000039c4: $ 4 <= 00050000
                4174@000039cc: $ 4 <= 00050000
                4274@000039e4: $ 4 <= 00000019
                4278@000039e8: $ 2 <= ffffffe7
                4290@000039f4: $ 3 <= 000a0000
                4294@00003a00: $ 1 <= 00040000
                4334@00003a0c: $ 3 <= 00000001
                4346@00003a14: $ 4 <= 0000000b
                4358@00003a18: $ 4 <= 00640000
                4366@00003a20: $ 2 <= 00040000
                4370@00003a20: $ 2 <= 00040000
                4374@00003a24: $ 2 <= 00000000
                4386@00003a30: $ 3 <= 00640000
                4390@00003a30: $ 3 <= 00640000
                4398@00003a38: $ 4 <= 00640000
                4402@00003a44: *00000000 <= 03000000
                4438@00003a50: $ 1 <= 00000000
                4470@00003a58: $ 4 <= 00000000
                4474@00003a5c: $ 4 <= 00080000
                4478@00003a60: $ 4 <= 00070000
                4490@00003a68: $ 1 <= 00090000
                4562@00003a84: $ 4 <= 00000000
                4574@00003a90: $ 2 <= 00000000
                4582@00003a98: $ 2 <= 00030000
                4610@00003aac: $ 1 <= 00090000
                4614@00003ab0: $ 1 <= 00000000
                4618@00003ab4: $ 2 <= 00030000
                4630@00003ac0: $ 2 <= 00000000
                4634@00003ac4: $ 1 <= 00000000
                4670@00003ad4: *00000000 <= 00000000
                4678@00003ad8: $ 4 <= 00000000
                4682@00003adc: $ 3 <= 00000000
                4694@00003ae8: $ 4 <= 00000000
                4698@00003af0: $ 2 <= 00070000
                4702@00003af4: $ 3 <= 00000000
                4710@00003afc: $ 2 <= 00000000
                4754@00003b04: *00000000 <= 00000000
                4794@00003b10: $ 1 <= 00000000
                4798@00003b14: $ 1 <= 00000000
                4818@00003b18: $ 1 <= 00000000
                4822@00003b1c: $ 2 <= 00000000
                4838@00003b24: $ 4 <= 00000000
                4842@00003b30: $ 3 <= 00000000
                4846@00003b34: $ 1 <= 00000000
                4854@00003b38: $ 1 <= 00000000
                4858@00003b3c: $ 4 <= 00000000
                4862@00003b40: $ 1 <= 00000000
                4866@00003b44: $ 4 <= 00000000
                4870@00003b4c: *00000000 <= 00000000
                4870@00003b48: $ 2 <= 000e0000
                4894@00003b60: $ 4 <= 000e0008
                4898@00003b60: $ 4 <= 000e0008
                4934@00003b70: $ 3 <= 00000000
                4954@00003b80: $ 4 <= 00060000
                4962@00003b88: $ 1 <= 00060006
                4966@00003b8c: $ 3 <= 000a0000
                4978@00003b90: $ 1 <= 00000000
                4982@00003b94: $ 4 <= 00050000
                5050@00003bac: $ 1 <= 00050005
                5054@00003bb0: $ 3 <= 00050011
                5058@00003bb4: $ 2 <= 000d0000
                5066@00003bbc: $ 1 <= 00070000
                5078@00003bc4: $ 3 <= 00070000
                5106@00003bf0: $ 4 <= 00000000
                5110@00003bf0: $ 4 <= 00000000
                5114@00003bf4: $ 1 <= 00000000
                5118@00003bf8: $ 2 <= 00030000
                5122@00003bfc: $ 2 <= 000d0000
                5126@00003c00: $ 1 <= 00001a00
                5130@00003c04: $ 1 <= 000d1a00
                5134@00003c08: $ 1 <= 000d1a00
                5138@00003c0c: $ 4 <= 000d0000
                5142@00003c10: $ 1 <= 000d0000
                5146@00003c14: $ 4 <= 000d0000
                5158@00003c20: $ 1 <= 00000000
                5170@00003c28: $ 1 <= 00000000
                5178@00003c34: $ 1 <= 00000340
                5182@00003c38: $ 3 <= 000e0000
                5190@00003c40: $ 1 <= 000d0000
                5194@00003c44: $ 3 <= 000b0000
                5222@00003c68: $ 3 <= 00060000
                5230@00003c70: $ 1 <= 000d0000
                5242@00003c7c: $ 3 <= 00000000
                5246@00003c80: $ 4 <= 00000000
                5250@00003c84: $ 2 <= 00000000
                5254@00003c88: $ 2 <= 00000000
                5258@00003c8c: $ 2 <= 00000000
                5262@00003c90: *00000000 <= 00000000
                5270@00003c94: $ 2 <= 00000000
                5278@00003c98: $ 4 <= 00000000
                5290@00003ca0: $ 1 <= 00000000
                5294@00003ca4: $ 4 <= 000d0000
                5298@00003ca8: $ 3 <= 000d0000
                5302@00003cac: $ 1 <= 00080000
                5306@00003cb0: $ 2 <= 00020000
                5318@00003cbc: $ 2 <= 00080009
                5330@00003cc4: $ 1 <= 00080000
                5338@00003ccc: $ 3 <= 00000000
                5414@00003cdc: $ 2 <= 00000000
                5418@00003ce0: $ 4 <= 00000000
                5430@00003ce8: $ 3 <= 00000000
                5434@00003cec: $ 3 <= 00000000
                5442@00003cf4: $ 2 <= 00090000
                5446@00003cf8: $ 3 <= 00000000
                5450@00003cfc: $ 4 <= 00000000
                5454@00003d00: $ 3 <= 00090000
                5494@00003d0c: $ 1 <= 00000000
                5506@00003d14: $ 3 <= 00000000
                5518@00003d20: $ 4 <= 00000000
                5522@00003d20: $ 4 <= 00000000
                5526@00003d24: $ 3 <= 00000000
                5534@00003d2c: *00000000 <= 00000000
                5542@00003d30: $ 2 <= 00000000
                5546@00003d34: $ 3 <= 000e0000
                5550@00003d38: $ 1 <= 000e0000
                5558@00003d40: $ 1 <= 00000000
                5566@00003d48: $ 4 <= 00000000
                5570@00003d4c: $ 4 <= 00070000
                5574@00003d50: $ 4 <= 00080000
                5598@00003d5c: $ 3 <= 00080000
                5602@00003d60: $ 4 <= 00100000
                5606@00003d64: $ 3 <= 00010000
                5626@00003d80: $ 3 <= 00100000
                5630@00003d84: $ 3 <= 00000000
                5634@00003d88: $ 2 <= 00000000
                5638@00003d8c: $ 2 <= ffffffff
                5646@00003d94: $ 3 <= 00000000
                5650@00003d98: $ 4 <= 000d0000
                5654@00003d9c: $ 2 <= 000d0000
                5682@00003dac: $ 4 <= 000c0000
                5726@00003db4: $ 2 <= 00000001
                5734@00003dc4: $ 4 <= 00000001
                5782@00003dd0: $ 2 <= 00000000
                5786@00003dd4: $ 3 <= 00000001
                5806@00003de4: $ 4 <= 00000001
                5814@00003dec: $ 4 <= 00000001
                5818@00003df0: $ 3 <= 00000001
                5818@00003df4: *00000000 <= 00000100
                5826@00003dfc: *00000000 <= 00000100
                5834@00003e00: $ 4 <= 00070000
                5846@00003e0c: $ 3 <= 00000000
                5850@00003e10: $ 3 <= 00000100
                5866@00003e18: $ 4 <= 00000100
                5870@00003e1c: *00000000 <= 00000100
                5882@00003e28: *00000000 <= 00000100
                5894@00003e30: $ 2 <= 0000010e
                5902@00003e38: $ 2 <= 00000100
                5918@00003e44: $ 1 <= 00000000
                5922@00003e50: $ 3 <= ffffffff
                5970@00003e5c: $ 1 <= ffffffff
                5978@00003e64: $ 3 <= 00000000
                6002@00003e68: $ 1 <= 00000001
                6006@00003e6c: $ 4 <= 00090000
                6014@00003e74: $ 2 <= 00000000
                6022@00003e7c: $ 4 <= 00070000
                6034@00003e84: $ 2 <= 000e0000
                6038@00003e88: $ 4 <= 00000000
                6062@00003e90: $ 3 <= 00000000
                6070@00003e98: $ 2 <= 000d0000
                6074@00003e9c: $ 2 <= 000d0000
                6078@00003ea0: $ 3 <= 00010000
                6090@00003ea8: $ 2 <= 00000000
                6098@00003eb4: $ 2 <= 00000100
                6098@00003eb8: *00000000 <= 00000100
                6102@00003ebc: *00000000 <= 00000100
                6114@00003ec4: $ 4 <= 000d0000
                6114@00003ec8: *00000000 <= 00000000
                6122@00003ecc: $ 2 <= 00000001
                6126@00003ed0: $ 2 <= 00000000
                6146@00003edc: $ 1 <= 00000000
                6154@00003ee4: *00000000 <= 00000000
                6162@00003ee8: $ 4 <= 00000000
                6170@00003eec: $ 3 <= 0000000b
                6174@00003ef0: $ 3 <= 00000000
                6182@00003ef8: *00000000 <= 00000000
                6194@00003f00: $ 1 <= 00000000
                6198@00003f00: $ 1 <= 00000000
                6202@00003f04: $ 1 <= 00080000
                6210@00003f0c: $ 3 <= 000e0000
                6214@00003f10: $ 3 <= 00000000
                6218@00003f14: $ 2 <= 00070000
                6222@00003f18: $ 1 <= 0000000e
                6226@00003f1c: $ 3 <= 00010000
                6238@00003f24: $ 4 <= 00000000
                6250@00003f30: $ 4 <= 00000001
                6254@00003f34: $ 4 <= 00000000
                6258@00003f38: $ 3 <= 00040000
                6306@00003f48: $ 4 <= 00000000
                6402@00003f58: $ 4 <= 00000000
                6418@00003f60: $ 3 <= 00000000
                6430@00003f6c: *00000000 <= 00000000
                6430@00003f68: $ 4 <= 00000000
                6438@00003f70: $ 1 <= 00020000
                6454@00003f80: $ 4 <= 00010000
                6462@00003f88: $ 3 <= 000a0000
                6470@00003f90: $ 3 <= 000f0000
                6474@00003f94: $ 4 <= 00020000
                6534@00003fa4: $ 2 <= 00090000
                6538@00003fa8: $ 2 <= 00000000
                6602@00003fb8: $ 1 <= 00000000
                6626@00003fc0: $ 1 <= 00000000
                6626@00003fc4: *00000000 <= 00000000
                6634@00003fc8: $ 4 <= 00020000
                6646@00003fd4: $ 1 <= 00000001
                6650@00003fd8: $ 2 <= 00000001
                6670@00003fe0: $ 1 <= 00000001
                6706@00003ff0: $ 2 <= 00090000
                6710@00003ff4: $ 3 <= 0000000d
                6714@00003ff8: $ 1 <= 00070000
                6718@00003ffc: $ 4 <= 00030000
                6734@00004004: $ 3 <= 00003000
                6738@00004008: $ 2 <= 00033000
                6742@0000400c: $ 2 <= 00001800
                6758@00004014: *00000008 <= 00000905
                6758@00004010: $ 2 <= 00000009
                6766@0000401c: *00000008 <= 00000905
                6806@0000402c: *00000000 <= 00000000
                6806@00004028: $ 2 <= 00000000
                6814@00004030: $ 1 <= 00000000
                6822@00004038: $ 1 <= 00000000
                6850@00004040: $ 3 <= ffffffff
                6854@00004044: $ 2 <= 000c0000
                6866@0000404c: $ 3 <= 007fffff
                6878@00004058: $ 2 <= 0080000d
                6910@00004060: $ 1 <= 0d0000a9
                6918@00004068: $ 2 <= 0d0000a9
                6938@00004080: $ 2 <= 00000000
                6982@00004084: $ 3 <= 00000000
                6990@0000408c: $ 2 <= 00000000
                6998@00004094: $ 2 <= 00000000
                7002@00004098: $ 1 <= 000c0000
                7042@000040b0: $ 4 <= 000c0000
                7046@000040b4: $ 3 <= 000c000a
                7054@000040bc: $ 3 <= 00000005
                7058@000040c0: $ 1 <= 000c0000
                7070@000040c8: $ 1 <= 00000000
                7082@000040d4: $ 4 <= 00000000
                7086@000040d8: $ 3 <= 00000000
                7102@000040e0: $ 4 <= 00000000
                7142@000040f0: $ 1 <= 00000000
                7154@000040f8: $ 4 <= 00000000
                7170@00004104: $ 4 <= 000c0000
                7182@00004110: $ 4 <= 00000000
                7186@00004114: $ 3 <= 00000000
                7194@00004118: $ 1 <= 00000009
                7202@00004120: $ 3 <= fffffff6
                7242@00004130: $ 4 <= fffffff7
                7246@00004134: $ 1 <= 00000000
                7250@00004138: $ 1 <= fffffffd
                7262@00004140: $ 2 <= ffffffff
                7270@00004148: $ 1 <= 00060000
                7274@0000414c: $ 2 <= 00000000
                7290@00004154: $ 3 <= ffffffff
                7290@00004158: *00000000 <= ffffffff
                7298@0000415c: $ 1 <= ffffffff
                7310@00004168: $ 3 <= 00000007
                7314@00004170: $ 2 <= ffffffff
                7318@00004174: $ 1 <= 00000003
                7322@00004178: $ 3 <= 0000000c
                7326@0000417c: $ 2 <= 00000000
                7330@00004180: $ 3 <= 00000000
                7342@00004188: $ 4 <= 000000ff
                7354@00004190: *00000000 <= ffff00ff
                7358@00004190: *00000000 <= ffff00ff
                7366@00004194: $ 1 <= 0000010c
                7374@0000419c: $ 2 <= 000000ff
                7398@000041a4: $ 3 <= 00011890
                7410@000041b0: $ 3 <= 00000000
                7422@000041b8: $ 3 <= 00000000
                7426@000041bc: $ 3 <= 000000ff
                7434@000041c0: $ 3 <= 000000ff
                7438@000041c4: $ 4 <= 00011890
                7446@000041cc: $ 1 <= 000000ff
                7454@000041d0: $ 3 <= 80000000
                7458@000041d4: $ 2 <= 800000ff
                7470@000041e0: $ 3 <= ffffffff
                7478@000041e8: $ 1 <= 00070000
                7486@000041f0: $ 4 <= 00000000
                7490@000041f0: $ 4 <= 00000000
                7510@000041fc: $ 3 <= 00000000
                7514@00004200: $ 2 <= 00000001
                7518@00004204: $ 4 <= 00000001
                7522@00004208: $ 3 <= 00000000
                7526@0000420c: $ 4 <= 000a0000
                7546@00004220: $ 1 <= 000a0000
                7558@00004228: $ 4 <= 00000000
                7562@00004230: $ 1 <= 00090000
                7566@00004234: $ 3 <= ffff00ff
                7570@00004238: $ 3 <= 00000000
                7586@00004248: $ 3 <= 000000ff
                7590@0000424c: *00000000 <= ffff00ff
                7598@00004250: $ 4 <= 00090000
                7602@00004254: $ 4 <= 00000000
                7614@0000425c: $ 4 <= 00000000
                7618@00004260: $ 2 <= 0000000f
                7626@00004268: $ 1 <= 00000000
                7638@00004274: *00000000 <= 00000000
                7638@00004270: $ 2 <= 00000000
                7650@0000427c: $ 4 <= 00000000
                7654@00004280: $ 3 <= 000e0000
                7658@00004284: $ 2 <= 000e0004
                7662@00004288: $ 4 <= 00000000
                7670@00004290: $ 3 <= 00080000
                7674@00004290: $ 3 <= 00080000
                7678@00004294: $ 3 <= 00000000
                7686@0000429c: $ 2 <= 00000001
                7690@000042a0: $ 3 <= 000d0000
                7694@000042a4: $ 4 <= 00000000
                7698@000042a8: *00000000 <= 00000000
                7706@000042ac: $ 1 <= 00000000
                7714@000042b4: $ 3 <= 00000008
                7722@000042bc: $ 3 <= 00050000
                7734@000042c4: $ 4 <= 00050007
                7746@000042d0: $ 3 <= 00000000
                7750@000042d4: $ 3 <= 00000a00
                7754@000042d8: $ 1 <= 00060000
                7758@000042dc: $ 4 <= 000e0000
                7762@000042e0: $ 1 <= 000e0000
                7766@000042e4: $ 1 <= 00000040
                7770@000042e8: $ 1 <= 00007000
                7794@00004300: $ 1 <= 00070000
                7882@00004318: $ 1 <= 00000000
                7886@0000431c: $ 1 <= 00000000
                7890@00004320: $ 3 <= 00080000
                7902@00004328: $ 2 <= 000a0000
                7918@0000433c: $ 3 <= 000e0000
                7966@00004348: $ 1 <= 00000000
                7978@00004350: $ 3 <= 00000000
                7990@00004360: $ 2 <= 00000000
                7994@00004364: $ 1 <= 00000000
                8002@0000436c: $ 1 <= 00000000
                8006@00004370: $ 2 <= 00000000
                8010@00004374: $ 4 <= 00000000
                8010@00004378: *00000000 <= 00000000
                8050@00004384: $ 2 <= 00000000
                8066@0000438c: $ 4 <= 00000000
                8082@00004394: $ 1 <= 0000000f
                8086@000043a0: $ 1 <= 00000000
                8094@000043a8: $ 3 <= 00000000
                8098@000043ac: $ 1 <= 00000000
                8106@000043b0: $ 2 <= 00000000
                8106@000043b4: *00000000 <= 00000000
                8114@000043b8: $ 3 <= 00000001
                8114@000043bc: *00000000 <= 00000000
                8122@000043c4: *00000000 <= 00000100
                8130@000043cc: *00000000 <= 00000100
                8162@000043d4: $ 1 <= 00040000
                8282@000043e4: $ 2 <= 00000010
                8286@000043e8: $ 3 <= 00000005
                8298@000043f0: $ 2 <= 00000000
                8350@000043fc: $ 3 <= 00000000
                8362@00004404: $ 4 <= 00000000
                8370@00004408: $ 2 <= 00000000
                8374@0000440c: $ 1 <= 00000019
                8378@00004410: $ 2 <= 00000000
                8382@00004414: $ 4 <= 00000000
                8398@00004420: $ 1 <= ffffffff
                8402@00004420: $ 1 <= ffffffff
                8402@00004424: *00000000 <= 00000000
                8410@00004428: $ 1 <= 000b0000
                8426@00004434: $ 4 <= 000b0004
                8446@00004448: $ 4 <= 00160008
                8454@00004450: $ 3 <= 00050000
                8462@00004458: $ 3 <= 000a0000
                8478@0000445c: $ 3 <= 000001e4
                8494@00004468: $ 1 <= 000d0000
                8498@0000446c: $ 4 <= 0000000f
                8510@00004480: *0000000c <= 0f000000
                8510@00004474: $ 3 <= 0000001e
                8522@00004488: $ 3 <= 0000000f
                8526@00004490: *0000000c <= 0f000000
                8534@00004494: $ 4 <= 00030000
                8542@0000449c: $ 4 <= 0000000f
                8546@000044a0: $ 3 <= 00000000
                8578@000044a8: $ 4 <= 00000000
                8582@000044ac: $ 1 <= 00000000
                8586@000044b0: $ 4 <= 000c0000
                8598@000044b8: $ 1 <= 00000000
                8610@000044c0: $ 3 <= 000a0000
                8610@000044c4: *00000000 <= 00000000
                8634@000044cc: $ 4 <= 00000000
                8638@000044d0: $ 1 <= 00000000
                8646@000044dc: *00000000 <= 00000000
                8646@000044d8: $ 2 <= 00000000
                8658@000044e4: $ 1 <= 00000000
                8662@000044e8: $ 1 <= 00000001
                8666@000044ec: $ 4 <= 0000000e
                8670@000044f0: $ 1 <= 00038000
                8698@0000450c: $ 2 <= 00010000
                8702@00004510: $ 1 <= 00020000
                8710@00004518: $ 3 <= 00000000
                8770@00004528: *00000000 <= 00000000
                8778@0000452c: $ 4 <= 00000000
                8806@00004538: $ 1 <= 00010000
                8810@00004540: $ 1 <= 00000000
                8814@00004544: $ 4 <= 00000000
                8834@00004554: $ 1 <= 00000000
                8842@00004558: $ 3 <= 00000000
                8846@0000455c: $ 2 <= 00000000
                8854@00004564: *00000000 <= 00000000
                8862@00004568: $ 4 <= 00000000
                8866@0000456c: $ 2 <= 00000000
                8870@00004570: $ 2 <= 00000000
                8874@00004574: $ 3 <= 00000000
                8878@00004578: $ 1 <= 000d0000
                8882@0000457c: $ 4 <= 00000000
                8882@00004580: *00000000 <= 00000000
                8918@00004588: $ 1 <= 00000000
                8922@0000458c: $ 3 <= 00000000
                8934@0000459c: *00000000 <= 00000000
                8946@000045a4: $ 4 <= 00080000
                8950@000045b0: $ 4 <= 000c0000
                8958@000045b8: $ 4 <= 00000000
                8966@000045c0: *00000000 <= 00000000
                8974@000045c4: $ 4 <= 00000000
                8986@000045cc: $ 4 <= 00000000
                8998@000045d4: $ 2 <= 00090000
                9006@000045e4: $ 2 <= 00000000
                9010@000045e8: $ 3 <= 00000000
                9014@000045ec: *00000000 <= 00000000
                9018@000045f0: *00000000 <= 00000000
                9022@000045f4: *00000000 <= 00000000
                9038@00004600: $ 4 <= 000d0000
                9042@00004604: $ 4 <= 00000000
                9054@00004610: $ 4 <= 00000000
                9082@00004618: $ 2 <= 00000000
                9090@00004620: $ 4 <= 00000000
                9094@00004620: $ 4 <= 00000000
                9098@00004624: $ 4 <= 00000000
                9098@00004628: *00000000 <= 00000000
                9102@0000462c: *00000000 <= 00000000
                9110@00004634: *00000000 <= 00000000
                9110@00004630: $ 2 <= 00080000
                9134@00004648: $ 4 <= 00080000
                9150@00004658: $ 4 <= 00000000
                9154@0000465c: $ 2 <= 00000000
                9158@00004660: $ 1 <= 00090000
                9170@0000466c: $ 4 <= 00090000
                9174@00004670: $ 4 <= 00090000
                9178@00004674: $ 3 <= 00080000
                9230@0000467c: $ 2 <= 00000000
                9278@00004698: $ 2 <= 000b0000
                9306@000046ac: $ 2 <= 00000000
                9314@000046b4: *00000000 <= 00000000
                9326@000046bc: $ 2 <= 000b0000
                9342@000046cc: $ 1 <= 000b0000
                9354@000046d4: $ 1 <= 0000002c
                9362@000046e4: $ 3 <= 00160000
                9422@00004700: *00000000 <= 00000000
                9422@000046fc: $ 3 <= 00000000
                9430@00004704: $ 2 <= 00000000
                9434@00004708: $ 4 <= 00040000
                9438@0000470c: $ 3 <= ffffffff
                9442@00004710: $ 2 <= 00090000
                9446@00004714: $ 1 <= 00000000
                9450@00004718: $ 4 <= 00000079
                9454@0000471c: $ 2 <= 00000079
                9458@00004720: $ 1 <= 000e0000
                9466@00004728: $ 3 <= 000e0000
                9546@00004738: $ 3 <= 00000000
                9550@0000473c: $ 3 <= 00000001
                9598@00004748: $ 3 <= 00000000
                9602@0000474c: $ 4 <= 00000001
                9610@00004754: $ 2 <= 00000000
                9638@00004760: $ 1 <= 00000000
                9718@0000476c: $ 3 <= 00000000
                9722@00004770: $ 1 <= 00000000
                9726@00004774: $ 4 <= 00000000
                9730@00004778: $ 2 <= 00000003
                9734@0000477c: $ 2 <= 00000000
                9738@00004780: $ 2 <= 00000000
                9742@00004784: $ 3 <= 00000000
                9750@0000478c: $ 3 <= 00000008
                9754@00004790: $ 4 <= 00000016
                9758@00004794: $ 1 <= 00000160
                9766@0000479c: $ 3 <= 00060000
                9790@000047b0: $ 4 <= 00060000
                9802@000047bc: $ 1 <= 000e0000
                9858@000047c4: $ 1 <= 00000000
                9858@000047c8: *00000000 <= 00000000
                9870@000047d0: $ 1 <= 00000000
                9874@000047d4: $ 2 <= 00000001
                9878@000047d8: $ 4 <= 00000000
                9890@000047e4: $ 4 <= 00000001
                9894@000047e8: $ 3 <= 00000000
                9902@000047ec: $ 1 <= 00000000
                9906@000047f0: $ 2 <= 00000000
                9914@000047f4: $ 4 <= 00000000
                9926@000047fc: $ 2 <= 00000000
                9930@00004800: $ 3 <= 00000007
                9930@00004804: *00000000 <= 00000007
                9942@00004810: *00000004 <= 07000005
                9942@0000480c: $ 2 <= 00000007
                9950@00004814: $ 3 <= fffffff8
                9954@00004818: $ 4 <= 00000007
                9958@0000481c: $ 4 <= 00000007
                9978@00004828: $ 1 <= 00000000
                9994@00004834: $ 3 <= 00000000
                9998@00004838: $ 3 <= 00040000
               10006@00004840: $ 4 <= 00020000
               10010@00004844: $ 3 <= 00040000
               10066@00004850: $ 1 <= 00000200
               10082@00004864: $ 3 <= 00000400
               10086@00004868: $ 4 <= 00040000
               10098@00004874: $ 3 <= 00000000
               10110@00004880: $ 2 <= 00000000
               10154@00004884: $ 1 <= 00000000
               10154@00004888: *00000000 <= 00000000
               10166@00004890: $ 4 <= 00000000
               10170@00004890: $ 4 <= 00000000
               10174@00004894: $ 3 <= 000d0000
               10190@000048a4: $ 1 <= ffffffff
               10194@000048a8: $ 3 <= 00000000
               10198@000048ac: $ 3 <= 00000000
               10210@000048b4: $ 3 <= ffffffff
               10262@000048c8: $ 1 <= 00000000
               10266@000048cc: $ 2 <= 00000000
               10274@000048d4: $ 3 <= 00000001
               10294@000048e4: $ 1 <= 00000000
               10298@000048f0: $ 2 <= 00000000
               10342@000048fc: $ 1 <= 00000000
               10350@00004904: $ 3 <= 00000000
               10354@00004908: $ 4 <= 00000007
               10358@0000490c: $ 3 <= 00080000
               10382@0000491c: $ 4 <= 00000005
               10406@00004930: $ 3 <= 00000000
               10410@00004934: $ 2 <= 000e0000
               10426@00004944: $ 2 <= 00000000
               10430@00004948: $ 1 <= 00000000
               10438@0000494c: $ 1 <= ffffffff
               10442@00004950: $ 2 <= 00000000
               10446@00004954: $ 4 <= 00000000
               10450@00004958: $ 1 <= 00000000
               10466@00004960: $ 3 <= 00000000
               10470@00004964: *00000000 <= 00000000
               10470@00004960: $ 3 <= 00000000
               10478@00004968: $ 3 <= 00060000
               10502@00004980: $ 3 <= 00000000
               10522@00004984: $ 4 <= 00000024
               10526@00004988: $ 3 <= 0000002d
               10530@0000498c: $ 4 <= 00000000
               10546@000049a0: $ 1 <= 000d0000
               10574@000049ac: *00000000 <= 00000000
               10574@000049a8: $ 3 <= 00000000
               10618@000049b0: $ 1 <= 00000001
               10622@000049b8: *00000000 <= 00000000
               10622@000049b4: $ 4 <= 00070000
               10626@000049bc: *00000000 <= 00000000
               10638@000049c4: $ 2 <= 00070006
               10646@000049d0: *00000000 <= 00000000
               10646@000049cc: $ 4 <= 00000000
               10690@000049e0: $ 2 <= 00000000
               10706@000049ec: $ 1 <= 00000000
               10710@000049f0: *00000000 <= 00000000
               10718@000049f4: $ 4 <= 000b0000
               10734@00004a04: $ 3 <= 00000000
               10738@00004a08: $ 3 <= 00000016
               10742@00004a0c: $ 2 <= 00000000
               10758@00004a18: $ 1 <= 00000000
               10766@00004a20: $ 2 <= 00000000
               10770@00004a20: $ 2 <= 00000000
               10774@00004a24: $ 3 <= 00000000
               10782@00004a2c: $ 1 <= 000f0000
               10794@00004a34: $ 1 <= 00000000
               10798@00004a40: $ 3 <= 00000000
               10830@00004a48: $ 1 <= 00000000
               10842@00004a50: $ 4 <= 00010000
               10846@00004a50: $ 4 <= 00010000
               10870@00004a68: $ 2 <= 00000000
               10886@00004a70: $ 1 <= 00000000
               10890@00004a74: $ 2 <= 000e0000
               10902@00004a80: $ 1 <= 00080000
               10906@00004a84: $ 3 <= 00000000
               10946@00004a94: $ 3 <= 00000000
               10962@00004aa0: $ 2 <= 00000000
               10966@00004aa4: $ 1 <= 00000000
               10970@00004aa8: $ 2 <= 00000001
               10974@00004aac: $ 1 <= 000d0000
               10994@00004ac0: $ 2 <= 01a00000
               11038@00004adc: $ 3 <= 00000000
               11050@00004ae4: $ 3 <= 00000000
               11054@00004ae8: $ 1 <= 000000a9
               11058@00004aec: $ 2 <= 01a00000
               11062@00004af0: $ 3 <= 01a00005
               11066@00004af4: $ 2 <= 000c0000
               11074@00004afc: $ 3 <= 000000a9
               11078@00004b00: $ 1 <= 00000000
               11082@00004b04: $ 4 <= 000000ad
               11094@00004b0c: $ 2 <= 00000000
               11102@00004b10: $ 4 <= 00000000
               11118@00004b18: $ 1 <= 01a00000
               11122@00004b20: $ 2 <= 00000000
               11134@00004b2c: $ 1 <= 03400000
               11146@00004b34: $ 2 <= 00000000
               11162@00004b44: $ 1 <= 00000000
               11166@00004b50: $ 1 <= 00030000
               11174@00004b58: $ 4 <= 00000000
               11218@00004b60: $ 2 <= 00000000
               11222@00004b64: $ 1 <= 00000000
               11226@00004b6c: *00000000 <= 00000000
               11238@00004b74: $ 1 <= 00000000
               11246@00004b7c: $ 2 <= 00000000
               11250@00004b80: *00000000 <= 00000000
               11258@00004b84: $ 4 <= 00040000
               11270@00004b90: $ 4 <= 0000000d
               11278@00004b98: $ 4 <= 00000000
               11282@00004b9c: $ 4 <= 00000000
               11294@00004ba4: $ 1 <= 0000000d
               11302@00004bac: $ 3 <= 00000000
               11314@00004bb4: $ 3 <= 00000000
               11318@00004bb8: $ 2 <= 00000000
               11322@00004bbc: $ 1 <= 000e0000
               11326@00004bc0: $ 2 <= 00001c00
               11342@00004bd0: $ 4 <= 00000000
               11358@00004be0: $ 2 <= 00000000
               11430@00004be8: $ 2 <= 00000000
               11434@00004bec: $ 2 <= 00020000
               11438@00004bf0: $ 3 <= 00020007
               11442@00004bf4: $ 1 <= 000a0000
               11462@00004c08: $ 4 <= 00020000
               11498@00004c14: $ 2 <= 00060000
               11506@00004c1c: $ 2 <= 00020000
               11510@00004c20: $ 2 <= 00000000
               11522@00004c28: $ 4 <= 00000000
               11526@00004c30: $ 2 <= 00030000
               11530@00004c34: $ 1 <= fffcffff
               11538@00004c3c: $ 1 <= ffffffff
               11546@00004c44: $ 3 <= fffffff1
               11550@00004c48: $ 3 <= 00070000
               11562@00004c54: $ 3 <= 00000000
               11566@00004c58: $ 4 <= 00000000
               11570@00004c5c: $ 2 <= 00000000
               11578@00004c60: $ 1 <= 00000000
               11578@00004c64: *00000000 <= 00000000
               11586@00004c68: $ 3 <= 00000000
               11590@00004c70: *00000000 <= 00000000
               11598@00004c74: $ 3 <= 00000000
               11610@00004c80: $ 4 <= 00000000
               11614@00004c80: $ 4 <= 00000000
               11618@00004c84: $ 4 <= 00020000
               11622@00004c88: $ 3 <= 00020000
               11626@00004c8c: $ 1 <= 00020000
               11654@00004ca4: $ 1 <= 00020000
               11658@00004ca8: $ 2 <= 00040000
               11670@00004cb4: $ 4 <= 00020003
               11686@00004cc4: $ 3 <= 00040000
               11698@00004cd0: $ 4 <= 00000000
               11714@00004cd8: $ 1 <= 00000000
               11718@00004ce0: *00000000 <= 00000000
               11718@00004cdc: $ 4 <= 00000000
               11726@00004ce4: $ 1 <= 00000000
               11746@00004cf0: $ 3 <= 00000006
               11750@00004cf0: $ 3 <= 00000006
               11754@00004cf4: $ 4 <= 00020000
               11766@00004cf8: $ 1 <= 00000000
               11770@00004d00: *00000000 <= 00000000
               11778@00004d08: *00000000 <= 00000000
               11786@00004d10: *00000000 <= 00000000
               11794@00004d14: $ 3 <= 00000000
               11806@00004d1c: $ 1 <= 00000000
               11810@00004d20: $ 3 <= 00000000
               11822@00004d2c: $ 4 <= 00000001
               11850@00004d38: $ 3 <= 00000000
               11862@00004d40: $ 4 <= 00000000
               11962@00004d54: $ 3 <= 00000000
               11966@00004d58: $ 2 <= 00000000
               11970@00004d5c: $ 3 <= 00000000
               11974@00004d60: $ 2 <= 00060000
               11978@00004d64: $ 1 <= 00000000
               11982@00004d68: *00000000 <= 00000000
               11990@00004d6c: $ 2 <= 00010000
               12006@00004d80: $ 1 <= 00000000
               12018@00004d88: $ 3 <= 00800000
               12026@00004d90: $ 4 <= 0080000a
               12062@00004db0: $ 3 <= 0080000f
               12070@00004db8: $ 2 <= 00000005
               12126@00004dc8: *00000000 <= 00000000
               12126@00004dc4: $ 2 <= 00000000
               12142@00004dd4: $ 3 <= 00030000
               12146@00004de0: $ 3 <= 01000014
               12150@00004de4: $ 3 <= 0080000a
               12154@00004de8: $ 3 <= 00050000
               12158@00004dec: $ 3 <= 00000000
               12162@00004df0: $ 3 <= ffffffff
               12202@00004e00: $ 1 <= 00000001
               12214@00004e08: $ 3 <= 00000000
               12230@00004e14: $ 4 <= 00000000
               12238@00004e28: *00000000 <= 00000000
               12246@00004e2c: $ 2 <= 000c0000
               12250@00004e30: $ 1 <= 000c0000
               12254@00004e34: $ 4 <= 00000030
               12270@00004e44: $ 1 <= 00000000
               12274@00004e50: $ 1 <= 00000030
               12278@00004e54: $ 1 <= 00000060
               12282@00004e58: $ 4 <= 00060000
               12282@00004e5c: *00000060 <= 00000060
               12294@00004e64: $ 2 <= 00060006
               12310@00004e74: $ 3 <= 000a0000
               12342@00004e7c: $ 2 <= 003c0000
               12354@00004e88: $ 3 <= 0006000c
               12366@00004e90: $ 4 <= fff9fff3
               12398@00004e98: $ 4 <= 00000000
               12402@00004e9c: $ 2 <= 00000000
               12418@00004eac: *00000000 <= 00000000
               12454@00004eb8: $ 3 <= 000a0000
               12570@00004ed0: *00000000 <= 00000000
               12578@00004ed4: $ 1 <= 00000000
               12582@00004ed8: $ 3 <= 00000000
               12590@00004edc: $ 2 <= 00000000
               12602@00004ee4: $ 3 <= 00000000
               12606@00004ee8: $ 1 <= 00000000
               12610@00004eec: $ 1 <= 00000000
               12622@00004ef4: $ 2 <= 000d0000
               12626@00004f00: $ 3 <= 000d0000
               12638@00004f0c: $ 1 <= 000e0000
               12642@00004f10: $ 3 <= 00000000
               12646@00004f18: *00000000 <= 00000000
               12690@00004f28: $ 1 <= 00000006
               12694@00004f30: $ 3 <= 000d0000
               12698@00004f34: $ 3 <= 000d0000
               12706@00004f3c: $ 1 <= 00000000
               12742@00004f48: $ 1 <= 000a0000
               12750@00004f50: $ 3 <= 00040000
               12762@00004f58: $ 1 <= 00000000
               12770@00004f64: $ 2 <= 00000000
               12774@00004f68: $ 4 <= 00000000
               12786@00004f70: $ 3 <= 00000002
               12790@00004f70: $ 3 <= 00000002
               12834@00004f80: $ 3 <= 00000000
               12846@00004f88: $ 3 <= 00000000
               12862@00004f94: $ 1 <= 00000001
               12866@00004f98: $ 3 <= 00000000
               12874@00004f9c: $ 4 <= ffffffff
               12894@00004fa8: $ 3 <= 0001ffff
               12974@00004fb8: $ 2 <= 00000003
               12978@00004fbc: $ 3 <= 00000000
               12982@00004fc4: *00000000 <= 00000100
               12982@00004fc0: $ 4 <= 00000001
               12990@00004fc8: $ 4 <= 000a0000
               12994@00004fcc: $ 2 <= fffc0001
               13010@00004fd8: $ 1 <= fffc0001
               13014@00004fdc: $ 2 <= fffc0001
               13022@00004fe4: $ 4 <= fff80002
               13034@00004ff0: $ 3 <= 00000000
               13038@00004ff4: $ 4 <= 00000008
               13042@00004ff8: $ 1 <= 00000008
               13062@00005000: $ 4 <= 00000008
               13082@00005014: $ 3 <= 00000000
               13090@00005024: $ 4 <= 00000010
               13138@0000502c: $ 4 <= 00000005
               13154@00005034: $ 4 <= 00000000
               13158@00005040: *00000000 <= 00000000
               13170@00005048: $ 4 <= 00000001
               13198@00005058: *00000000 <= 00000100
               13246@00005060: $ 1 <= 00000003
               13250@00005064: $ 1 <= 00000000
               13258@00005068: $ 1 <= 00000000
               13262@0000506c: $ 3 <= 00000000
               13266@00005070: $ 2 <= 00060000
               13270@00005074: $ 3 <= 00000000
               13274@00005078: $ 3 <= 00020000
               13278@0000507c: $ 3 <= 00000000
               13282@00005080: $ 2 <= 00000100
               13290@00005088: $ 1 <= 00000100
               13290@00005090: *00000000 <= 00000100
               13294@00005094: *00000000 <= 00000100
               13302@00005098: $ 2 <= 00000001
               13334@000050a0: $ 2 <= 00000001
               13338@000050a4: $ 1 <= 000a0000
               13358@000050b4: $ 4 <= 00000000
               13366@000050bc: $ 4 <= 00000000
               13370@000050c0: $ 4 <= 00090000
               13382@000050c8: $ 1 <= 00000000
               13398@000050d8: $ 1 <= 00000001
               13462@000050e4: $ 2 <= 00040000
               13474@000050ec: $ 2 <= 00000000
               13478@000050f0: $ 1 <= 000f0000
               13506@000050f8: *00000000 <= 00000000
               13514@000050fc: $ 1 <= 000f000f
               13522@00005104: $ 4 <= 00010000
               13562@0000510c: $ 1 <= 0000000f
               13566@00005110: $ 2 <= 0000000f
               13582@00005118: $ 2 <= 000f0000
               13594@00005124: $ 2 <= 0000003c
               13606@0000512c: $ 1 <= 00000000
               13610@00005130: $ 2 <= 00000000
               13658@00005148: $ 1 <= 00000000
               13678@00005154: $ 4 <= 00080000
               13690@0000515c: $ 4 <= 00000000
               13694@00005160: $ 4 <= 00070000
               13698@00005164: $ 2 <= 000c0000
               13706@0000516c: $ 4 <= 00000000
               13706@00005170: *00000000 <= 00000000
               13714@00005174: $ 4 <= 00000000
               13726@0000517c: $ 3 <= 00070000
               13730@00005180: $ 2 <= 00e00000
               13734@00005184: $ 4 <= 000a0000
               13742@0000518c: $ 1 <= 000b0000
               13758@0000519c: $ 4 <= 00080000
               13762@000051a0: $ 1 <= 00080000
               13770@000051a8: $ 3 <= 00080000
               13858@000051c8: $ 2 <= 00000000
               13866@000051d0: $ 2 <= 00030000
               13870@000051d4: $ 2 <= 00000000
               13878@000051dc: $ 1 <= 00000001
               13886@000051e4: *00000000 <= 00000100
               13894@000051f4: *00000000 <= 00000100
               13902@000051f8: $ 4 <= 00000001
               13918@00005200: $ 2 <= 00000001
               13922@00005200: $ 2 <= 00000001
               13930@00005204: $ 1 <= 00000001
               13942@0000520c: *00000000 <= 00000100
               13958@00005218: $ 1 <= 00000000
               13962@0000521c: $ 4 <= 00000006
               13966@00005220: $ 1 <= 00060000
               13978@00005228: $ 1 <= 00030000
               13982@00005230: $ 3 <= 00080000
               13990@00005238: *00000000 <= 00000100
               14002@00005240: $ 2 <= 00080000
               14006@00005244: $ 1 <= 00000000
               14010@00005248: $ 2 <= 00000000
               14030@00005250: $ 4 <= 00000001
               14034@00005254: $ 3 <= 00000006
               14038@0000525c: *00000004 <= 07010005
               14038@00005258: $ 1 <= 00000001
               14054@0000526c: *00000000 <= 00000100
               14054@00005268: $ 3 <= 00000001
               14062@00005270: $ 2 <= 00000001
               14066@00005274: $ 2 <= 00000001
               14070@00005278: $ 2 <= 00000000
               14078@00005284: *00000000 <= 00000000
               14078@00005280: $ 4 <= 00000000
               14082@00005288: *00000000 <= 00000000
               14090@0000528c: $ 3 <= 00000000
               14094@00005290: $ 2 <= 00000000
               14138@000052a8: $ 3 <= 00000000
               14142@000052b0: $ 1 <= 00040000
               14146@000052b4: $ 2 <= 00000000
               14158@000052c0: $ 1 <= 00080000
               14166@000052c8: $ 3 <= 00000000
               14174@000052cc: $ 4 <= 00080000
               14186@000052d4: $ 1 <= 000c0000
               14202@000052e4: $ 4 <= 00000000
               14214@000052ec: $ 2 <= 00000000
               14218@000052f0: $ 1 <= 000c0000
               14230@000052fc: $ 2 <= 00000005
               14234@00005300: $ 1 <= 00030000
               14250@00005310: $ 2 <= 00020000
               14254@00005314: $ 4 <= 00030000
               14262@00005320: *00000000 <= 00000000
               14262@0000531c: $ 1 <= 00000000
               14270@00005328: *00000000 <= 00000000
               14278@0000532c: $ 1 <= 00000000
               14286@00005330: $ 4 <= 00000000
               14326@00005340: $ 1 <= 00000000
               14330@00005340: $ 1 <= 00000000
               14334@00005344: $ 3 <= 00000000
               14342@0000534c: *00000000 <= 00000000
               14350@00005350: $ 4 <= 00000000
               14354@00005354: $ 1 <= 00020000
               14354@00005358: *00000000 <= 00020000
               14370@00005364: $ 2 <= 00000200
               14374@00005368: $ 3 <= 00020000
               14382@00005370: $ 1 <= 00040000
               14430@00005380: $ 1 <= 000b0000
               14434@00005384: $ 1 <= 000b0000
               14438@00005388: $ 4 <= 000b0003
               14442@0000538c: $ 4 <= 00050000
               14454@00005398: $ 1 <= 00000200
               14458@000053a0: $ 3 <= 00000004
               14462@000053a4: $ 1 <= fffffdff
               14474@000053a8: $ 3 <= 00000002
               14482@000053b0: $ 3 <= 00070000
               14486@000053b4: $ 2 <= 000f0000
               14490@000053b8: $ 3 <= 00080000
               14502@000053c4: $ 4 <= 00000000
               14506@000053c8: $ 2 <= 00080000
               14518@000053d0: $ 1 <= 0008000c
               14526@000053d8: $ 1 <= 00080000
               14570@000053ec: $ 2 <= 00000080
               14570@000053f0: *00000080 <= 00000080
               14578@000053f4: $ 3 <= 00000080
               14586@000053fc: $ 2 <= 00000000
               14590@00005400: $ 1 <= 00080000
               14594@00005404: $ 2 <= 00000000
               14598@00005408: $ 3 <= 00000001
               14610@00005410: $ 4 <= 00000001
               14618@00005418: $ 4 <= 00000001
               14622@0000541c: $ 2 <= 00030000
               14626@00005420: $ 4 <= 0003000a
               14630@00005424: $ 2 <= 00000c00
               14634@00005428: $ 2 <= 00000c04
               14662@0000542c: $ 1 <= 00000001
               14674@00005434: $ 4 <= 00000000
               14678@00005440: $ 2 <= 00000c0c
               14682@00005444: $ 2 <= 00001818
               14686@00005448: $ 1 <= 000b0000
               14690@0000544c: $ 2 <= 00000000
               14694@00005450: $ 2 <= 00000000
               14710@00005460: $ 1 <= 00000000
               14722@00005468: $ 1 <= 00000000
               14722@0000546c: *00000000 <= 00020000
               14734@00005474: $ 2 <= 00000000
               14738@00005478: $ 4 <= 00000000
               14742@0000547c: $ 2 <= 0000000e
               14750@00005484: $ 3 <= 0000000e
               14758@00005490: *0000000c <= 000e0000
               14806@00005494: $ 4 <= 00000001
               14810@00005498: $ 1 <= 00000005
               14814@000054a0: *00000000 <= 0002fffc
               14814@0000549c: $ 4 <= fffffffc
               14818@000054a4: *00000000 <= 0002fffc
               14834@000054b0: $ 4 <= 00070000
               14838@000054b4: $ 2 <= 00050000
               14862@000054bc: $ 1 <= 00070000
               14878@000054c8: $ 4 <= 00000380
               14882@000054cc: $ 2 <= 00000000
               14882@000054d0: *00000000 <= 00020000
               14890@000054d4: $ 4 <= 00000000
               14894@000054d8: $ 1 <= 00080000
               14902@000054e0: $ 3 <= 00070000
               14938@000054f4: $ 4 <= 00000040
               14950@00005508: $ 4 <= 00080000
               14994@0000551c: $ 3 <= 00000001
               14998@00005520: $ 4 <= 00000001
               15002@00005524: $ 1 <= 00000001
               15006@00005528: $ 3 <= 00070000
               15018@00005534: $ 1 <= 00060000
               15030@00005540: $ 1 <= 00000000
               15070@00005550: $ 2 <= 00000000
               15078@00005558: $ 1 <= 00000000
               15106@00005564: $ 1 <= 00000000
               15118@0000556c: *00000000 <= 00020000
               15126@00005570: $ 3 <= 00000000
               15130@00005574: $ 1 <= 00060000
               15142@00005580: $ 2 <= 00060000
               15146@00005580: $ 2 <= 00060000
               15166@0000558c: $ 3 <= 00000000
               15178@00005594: $ 4 <= 00000000
               15182@000055a0: $ 3 <= 00000030
               15186@000055a4: $ 2 <= 00000008
               15194@000055a8: $ 2 <= 00000001
               15198@000055ac: $ 1 <= 00000000
               15202@000055b0: $ 3 <= 00000000
               15210@000055b8: $ 1 <= 00000000
               15218@000055bc: $ 3 <= 00000000
               15226@000055c0: $ 3 <= 00000000
               15230@000055c4: $ 4 <= 00000001
               15234@000055c8: $ 1 <= 0000000c
               15238@000055cc: $ 4 <= 0000000c
               15246@000055d4: $ 3 <= 0000000c
               15274@000055dc: $ 4 <= 00000013
               15278@000055e0: $ 1 <= 00000000
               15314@000055f0: $ 4 <= 00020000
               15326@000055fc: $ 4 <= 00010000
               15330@00005600: $ 1 <= 000e0000
               15334@00005604: $ 3 <= 00000000
               15382@00005610: $ 2 <= 00080000
               15386@00005614: $ 3 <= 00000000
               15390@00005618: $ 1 <= 00000000
               15410@00005620: $ 1 <= 00000000
               15422@00005628: $ 1 <= 00000000
               15426@00005630: $ 3 <= 00060000
               15438@00005638: $ 2 <= 0008000a
               15442@0000563c: $ 2 <= 00080000
               15458@00005650: $ 3 <= 00080000
               15466@00005658: $ 4 <= fff7ffff
               15478@00005664: $ 3 <= 00000000
               15498@00005674: $ 1 <= 00080000
               15518@00005684: $ 4 <= 00080000
               15522@00005688: $ 4 <= 00000000
               15526@0000568c: $ 1 <= 00000001
               15538@00005694: $ 2 <= 00000000
               15594@000056a0: *00000000 <= 00000000
               15646@000056b0: $ 2 <= 00000000
               15650@000056b4: $ 3 <= 00000000
               15654@000056bc: *00000000 <= 00000000
               15654@000056b8: $ 4 <= 00000000
               15666@000056c4: $ 2 <= 00000000
               15698@000056d0: $ 4 <= 00010000
               15702@000056d4: $ 3 <= 00040000
               15718@000056dc: $ 4 <= 00000000
               15722@000056e0: $ 3 <= 00040000
               15730@000056e8: $ 2 <= 00000000
               15734@000056ec: $ 1 <= 00000000
               15738@000056f0: *00000000 <= 00000000
               15750@000056f8: $ 2 <= 00000000
               15862@0000570c: $ 3 <= 00000000
               15886@00005714: $ 1 <= 00000000
               15890@00005718: $ 3 <= 00000000
               15894@0000571c: $ 2 <= 00000000
               15898@00005720: $ 4 <= 00000000
               15902@00005724: $ 1 <= 00090000
               15906@00005728: $ 2 <= 00000000
               15910@0000572c: $ 1 <= 00000000
               15918@00005730: $ 4 <= 00000000
               15922@00005734: $ 1 <= 00000000
               15926@0000573c: *00000000 <= 00000000
               15926@00005738: $ 1 <= 00000000
               15934@00005740: $ 2 <= 00000000
               15942@0000574c: *00000000 <= 00000000
               15958@00005758: $ 2 <= 00000000
               15962@0000575c: $ 4 <= 000a0000
               15974@00005770: *00000000 <= 00000000
               15982@00005774: $ 3 <= ffffffff
               16034@00005788: $ 1 <= 00000000
               16042@00005790: $ 4 <= 00000001
               16134@00005798: $ 2 <= 00000001
               16146@000057a4: *00000000 <= 00000100
               16154@000057ac: *00000000 <= 00000100
               16162@000057b0: $ 1 <= 00070000
               16174@000057bc: $ 4 <= 00000000
               16178@000057c0: $ 1 <= 00000100
               16186@000057c4: $ 1 <= 00000000
               16194@000057c8: $ 2 <= ffffffff
               16218@000057cc: $ 1 <= 00000001
               16222@000057d0: $ 3 <= 00000002
               16226@000057d4: $ 1 <= 00080000
               16230@000057d8: $ 3 <= 0000000b
               16238@000057e0: $ 2 <= 00000001
               16242@000057e4: $ 3 <= 00000000
               16246@000057e8: $ 1 <= 000d0000
               16250@000057ec: $ 3 <= 000b0000
               16270@000057f8: $ 3 <= 000b0000
               16274@000057fc: $ 3 <= 00000000
               16282@00005804: $ 3 <= 00000004
               16282@00005808: *00000004 <= 00000004
               16366@00005824: *00000000 <= 00000100
               16374@00005828: $ 2 <= 00090000
               16382@00005834: *00000000 <= 00000000
               16382@00005830: $ 3 <= 00000240
               16390@00005838: $ 4 <= 00000240
               16394@0000583c: $ 3 <= 000d0000
               16402@00005844: $ 1 <= 00000010
               16406@00005848: $ 4 <= 00000000
               16410@0000584c: $ 2 <= 00040000
               16422@00005858: $ 1 <= 00040000
               16430@00005860: $ 1 <= 00020000
               16506@00005870: $ 3 <= 00000000
               16550@00005874: $ 3 <= 00000000
               16554@00005878: $ 4 <= 00000000
               16574@00005888: $ 4 <= 00000000
               16578@0000588c: $ 3 <= 00040000
               16582@00005890: $ 2 <= 00000001
               16586@00005894: $ 4 <= 00000000
               16594@0000589c: $ 4 <= fffbfffe
               16614@000058b0: $ 3 <= 00000020
               16618@000058b4: $ 3 <= 00000005
               16626@000058b8: $ 4 <= 0000000a
               16626@000058bc: *00000004 <= 00000504
               16634@000058c0: $ 4 <= 00100004
               16642@000058c8: $ 3 <= 00000000
               16646@000058cc: $ 4 <= 00100004
               16662@000058dc: $ 3 <= 00010000
               16710@000058e4: $ 1 <= 00010000
               16734@000058e8: $ 1 <= 00000000
               16806@000058f8: $ 1 <= 00010000
               16834@00005910: $ 2 <= 00000000
               16842@00005918: $ 3 <= 00000000
               16846@0000591c: $ 3 <= 00000000
               16850@00005920: $ 4 <= 00000000
               16850@00005924: *00000000 <= 00000000
               16854@00005928: *00000000 <= 00000000
               16862@0000592c: $ 2 <= 00000000
               16870@00005934: *00000000 <= 00000000
               16882@00005944: $ 1 <= 00040000
               16886@0000594c: *00000000 <= 00000000
               16898@00005954: $ 1 <= 00000000
               16902@00005958: $ 3 <= 00000000
               16914@00005964: $ 1 <= 00000000
               16918@00005970: $ 4 <= ffffffff
               16922@00005974: $ 1 <= 00000000
               16930@00005978: $ 2 <= ffffffff
               16934@0000597c: $ 2 <= ffffffff
               16946@00005984: $ 3 <= 00000000
               16958@0000598c: *00000000 <= 00000000
               16966@00005990: $ 1 <= 00000000
               16974@00005998: $ 2 <= 00020000
               16978@0000599c: $ 2 <= 00000000
               16982@000059a0: $ 1 <= 00000000
               16986@000059a4: $ 4 <= 00000000
               16990@000059a8: $ 3 <= 00050000
               16994@000059ac: $ 1 <= 00000000
               17030@000059b8: $ 2 <= 00000000
               17054@000059bc: $ 2 <= 00000000
               17058@000059c0: $ 1 <= 00010000
               17062@000059c4: $ 1 <= ffffffff
               17066@000059c8: $ 1 <= 00000000
               17074@000059d0: $ 1 <= 00000000
               17078@000059d4: $ 1 <= 00000000
               17086@000059d8: $ 3 <= 00000001
               17098@000059e4: $ 3 <= 00000000
               17102@000059e8: *00000000 <= 00000000
               17110@000059ec: $ 2 <= 000c0000
               17114@000059f0: $ 3 <= 00060000
               17142@000059f4: $ 2 <= 00000001
               17146@000059f8: $ 4 <= 00000001
               17154@00005a00: $ 2 <= 00020000
               17202@00005a08: $ 3 <= 00020001
               17226@00005a0c: $ 4 <= 00000004
               17230@00005a10: $ 4 <= 00000004
               17234@00005a14: $ 4 <= 00000000
               17250@00005a24: $ 3 <= 00000007
               17250@00005a28: *00000004 <= 00000504
               17274@00005a30: $ 4 <= 00000000
               17278@00005a34: $ 2 <= 00000001
               17282@00005a38: $ 4 <= 00000001
               17322@00005a44: *00000000 <= 00000100
               17378@00005a50: $ 3 <= 00000000
               17382@00005a50: $ 3 <= 00000000
               17414@00005a58: $ 3 <= 00000000
               17450@00005a64: $ 2 <= 00000000
               17454@00005a68: $ 1 <= 00000100
               17462@00005a6c: $ 2 <= 00000100
               17474@00005a78: $ 4 <= 00000000
               17486@00005a80: $ 4 <= 00000000
               17490@00005a80: $ 4 <= 00000000
               17494@00005a84: $ 2 <= 00010000
               17498@00005a8c: *00000000 <= 00000100
               17526@00005a90: $ 3 <= 00000000
               17530@00005a94: $ 2 <= 00060000
               17570@00005aa4: $ 3 <= 00000000
               17574@00005aa8: $ 3 <= 00060000
               17578@00005aac: $ 1 <= 0006000f
               17598@00005abc: $ 2 <= 6000f000
               17670@00005ac4: $ 2 <= 2400b400
               17778@00005adc: $ 1 <= 38000000
               17790@00005ae4: $ 4 <= 38000000
               17794@00005af0: $ 1 <= 0001c000
               17798@00005af4: $ 2 <= 00000000
               17806@00005afc: $ 1 <= 0001c000
               17854@00005b14: $ 2 <= 00000000
               17858@00005b18: $ 2 <= 00000000
               17862@00005b1c: $ 4 <= 0001c005
               17874@00005b28: $ 3 <= 00000000
               17902@00005b34: $ 1 <= 00000000
               17906@00005b38: $ 3 <= 00000000
               17926@00005b40: $ 1 <= 00000000
               17958@00005b4c: *00000000 <= 00000100
               17970@00005b54: $ 2 <= 00000000
               17994@00005b68: $ 3 <= 00000000
               17998@00005b6c: $ 1 <= 00000000
               18002@00005b70: $ 2 <= 00000100
               18006@00005b74: *00000000 <= 00000000
               18018@00005b7c: $ 3 <= 00000000
               18022@00005b80: $ 4 <= 00000000
               18026@00005b84: $ 2 <= 00000001
               18030@00005b8c: *00000000 <= 00000000
               18030@00005b88: $ 4 <= 000b0000
               18074@00005b9c: $ 1 <= 000d0000
               18078@00005ba0: $ 1 <= 00000079
               18090@00005ba8: $ 2 <= 00000000
               18094@00005bb0: $ 1 <= 00000079
               18098@00005bb4: $ 3 <= 00000000
               18106@00005bb8: $ 1 <= 00000000
               18110@00005bc0: *00000000 <= 00000000
               18110@00005bbc: $ 4 <= 00000000
               18118@00005bc4: $ 4 <= 000c0000
               18158@00005be8: *00000000 <= 000c0000
               18166@00005bec: $ 4 <= 000c0000
               18174@00005bf4: $ 1 <= 000c0000
               18182@00005bfc: $ 1 <= 00000000
               18186@00005c00: $ 1 <= 00000000
               18198@00005c08: $ 3 <= 00000000
               18202@00005c0c: $ 2 <= 000c0000
               18210@00005c10: $ 3 <= 000c0000
               18218@00005c18: $ 1 <= fff3ffff
               18226@00005c20: $ 4 <= 00000000
               18230@00005c24: $ 2 <= fff3ffff
               18238@00005c2c: $ 3 <= fff3ffff
               18246@00005c38: *00000000 <= ffffcfff
               18246@00005c34: $ 4 <= ffffcfff
               18262@00005c44: $ 2 <= fff3ffff
               18266@00005c48: $ 2 <= 00000000
               18278@00005c50: $ 4 <= fff3ffff
               18282@00005c50: $ 4 <= fff3ffff
               18302@00005c64: $ 2 <= 00070000
               18306@00005c68: $ 4 <= 00060000
               18334@00005c74: $ 2 <= 00060000
               18406@00005c98: $ 1 <= 00060000
               18410@00005c9c: $ 3 <= 00060000
               18430@00005cac: $ 4 <= 00060000
               18434@00005cb0: $ 3 <= 00000000
               18438@00005cb4: $ 4 <= ffffffff
               18442@00005cb8: *00000000 <= ffffffff
               18450@00005cbc: $ 4 <= 0000ffff
               18458@00005cc0: $ 2 <= 00000000
               18466@00005cc8: *00000000 <= ffffff00
               18478@00005cd0: $ 1 <= 00000000
               18482@00005cd4: $ 3 <= 00000000
               18486@00005cd8: $ 2 <= 00040000
               18490@00005cdc: $ 1 <= 000d0000
               18494@00005ce0: $ 1 <= 00000000
               18498@00005ce4: $ 2 <= 00000000
               18502@00005ce8: $ 3 <= 00000000
               18510@00005cf0: $ 3 <= 00060000
               18522@00005cf8: $ 1 <= 00000000
               18530@00005d00: $ 4 <= 00000000
               18534@00005d04: *00000000 <= ffffff00
               18542@00005d08: $ 3 <= ffffff00
               18546@00005d0c: $ 1 <= 00000000
               18582@00005d1c: $ 2 <= 0000ff00
               18614@00005d2c: $ 2 <= 0000ff00
               18646@00005d40: *00000000 <= ffffff00
               18654@00005d44: $ 2 <= 00000001
               18662@00005d4c: *00000000 <= ffff0100
               18674@00005d54: $ 2 <= 00010000
               18690@00005d64: $ 1 <= 00010000
               18694@00005d68: $ 2 <= 00010000
               18746@00005d7c: $ 1 <= 00000000
               18746@00005d80: *00000000 <= ffff0100
               18754@00005d84: $ 4 <= 0000000f
               18762@00005d8c: $ 1 <= 00000000
               18774@00005d94: $ 3 <= 00000005
               18782@00005da4: $ 3 <= 00000000
               18786@00005da8: $ 4 <= 08000000
               18790@00005db0: *00000000 <= ffff0000
               18790@00005dac: $ 2 <= 00000000
               18798@00005db4: $ 2 <= 00000001
               18802@00005db8: $ 1 <= 00000008
               18810@00005dc0: $ 1 <= 00000010
               18818@00005dc8: $ 3 <= 000a0000
               18830@00005dd4: $ 3 <= 00000000
               18834@00005dd8: $ 1 <= 00000000
               18838@00005ddc: $ 1 <= 00030000
               18842@00005de0: $ 1 <= 00000000
               18846@00005de4: $ 2 <= 00010000
               18858@00005dec: $ 3 <= 00000000
               18862@00005df0: $ 2 <= 00000000
               18882@00005e04: $ 2 <= 00030000
               18894@00005e10: $ 2 <= 00000000
               18898@00005e10: $ 2 <= 00000000
               18910@00005e18: $ 1 <= ffff0000
               18918@00005e20: $ 1 <= ffff000a
               18926@00005e28: $ 2 <= 00000000
               18930@00005e2c: $ 2 <= 00000000
               18946@00005e38: $ 4 <= 00000000
               18978@00005e40: $ 2 <= 00000000
               18978@00005e44: *00000000 <= ffff0000
               18986@00005e48: $ 2 <= 00000000
               18998@00005e50: $ 3 <= 0000000d
               19002@00005e54: $ 4 <= 0000000e
               19006@00005e58: $ 4 <= 00020000
               19010@00005e5c: $ 2 <= 00020008
               19014@00005e60: $ 3 <= 00000000
               19026@00005e6c: $ 1 <= 00000000
               19038@00005e74: $ 1 <= 00000000
               19054@00005e80: $ 4 <= 000d0000
               19058@00005e84: $ 2 <= 00000000
               19118@00005e98: $ 2 <= 00050000
               19126@00005ea4: $ 2 <= 0005000c
               19142@00005eb4: $ 2 <= 00000000
               19146@00005ebc: *00000000 <= ffff0000
               19162@00005ec8: $ 2 <= 00090000
               19186@00005ecc: $ 3 <= 00000000
               19198@00005ed4: $ 1 <= 00000000
               19210@00005ee8: $ 1 <= 000c0000
               19214@00005eec: $ 2 <= 80000000
               19234@00005ef0: $ 4 <= 00000000
               19238@00005ef4: $ 3 <= 00080000
               19242@00005ef8: $ 2 <= 00000000
               19246@00005efc: $ 2 <= 00000000
               19254@00005f00: $ 3 <= 00000000
               19266@00005f08: $ 2 <= 00000000
               19278@00005f10: $ 2 <= 00000000
               19290@00005f14: $ 4 <= 00000000
               19298@00005f1c: $ 1 <= 00000000
               19314@00005f24: $ 4 <= 00000002
               19318@00005f30: $ 4 <= 00000000
               19358@00005f44: $ 2 <= 00000000
               19370@00005f50: $ 3 <= 00000000
               19374@00005f54: $ 1 <= 00000000
               19382@00005f60: *00000000 <= ffff0000
               19390@00005f64: $ 4 <= ffffffff
               19394@00005f68: $ 3 <= 00000000
               19394@00005f6c: *00000000 <= 00000000
.\src\mips_tb.v:64: $finish called at 409620000 (1ps)
