WARNING: .\std/F_IFU.v:20: $readmemh(code.txt): Not enough words in the file for the requested range [0:4095].
                  38@00003000: $ 1 <= 00000001
                  42@00003004: $ 2 <= 00000006
                  46@00003008: $ 3 <= 00000008
                  50@00003010: *00000000 <= 00000006
                  50@0000300c: $ 4 <= 00000005
                  54@00003014: *00000004 <= 00000005
                  58@00003018: *00000008 <= 00000005
                  62@0000301c: *0000000c <= 00000008
                  66@00003020: *00000010 <= 00000005
                  70@00003024: *00000014 <= 00000001
                  74@00003028: *00000018 <= 00000006
                  78@0000302c: *0000001c <= 00000001
                  82@00003030: *00000020 <= 00000005
                  86@00003034: *00000024 <= 00000005
                  90@00003038: *00000028 <= 00000005
                  94@0000303c: *0000002c <= 00000008
                  98@00003040: *00000030 <= 00000008
                 102@00003044: *00000034 <= 00000001
                 106@00003048: *00000038 <= 00000005
                 110@0000304c: *0000003c <= 00000005
                 114@00003050: *00000040 <= 00000001
                 118@00003054: *00000044 <= 00000005
                 122@00003058: *00000048 <= 00000006
                 126@0000305c: *0000004c <= 00000006
                 130@00003060: *00000050 <= 00000008
                 134@00003064: *00000054 <= 00000006
                 138@00003068: *00000058 <= 00000008
                 142@0000306c: *0000005c <= 00000006
                 146@00003070: *00000060 <= 00000001
                 150@00003074: *00000064 <= 00000005
                 154@00003078: *00000068 <= 00000001
                 158@0000307c: *0000006c <= 00000006
                 162@00003080: *00000070 <= 00000001
                 166@00003084: *00000074 <= 00000008
                 170@00003088: *00000078 <= 00000001
                 174@0000308c: *0000007c <= 00000005
                 186@00003094: $ 1 <= 00000000
                 190@0000309c: *00000004 <= 00000005
                 226@000030ac: *00000000 <= 00000000
                 234@000030b4: *00000000 <= 00000000
                 234@000030b0: $ 4 <= 00000000
                 246@000030bc: $ 2 <= 00000000
                 250@000030c4: *00000000 <= 00000000
                 250@000030c0: $ 4 <= 00060000
                 262@000030cc: $ 4 <= 00010000
                 274@000030e0: $ 1 <= 00000000
                 382@000030f4: $ 1 <= 00000000
                 386@000030f8: $ 4 <= 00000000
                 394@00003100: $ 1 <= 00000000
                 398@00003104: $ 4 <= 00030000
                 402@00003108: $ 2 <= 0003000d
                 406@0000310c: $ 2 <= 00000000
                 418@00003114: $ 4 <= 00000000
                 422@00003118: $ 3 <= 00000000
                 430@00003120: $ 4 <= 00000000
                 438@00003128: $ 2 <= 00010000
                 438@0000312c: *00000000 <= 00000000
                 446@00003130: $ 2 <= 00010001
                 450@00003134: $ 2 <= 00080000
                 454@00003138: $ 3 <= 00040000
                 466@00003144: $ 2 <= 00060000
                 470@00003148: $ 1 <= 00000000
                 474@0000314c: $ 4 <= 000d0000
                 490@0000315c: $ 1 <= 00000000
                 494@00003160: $ 1 <= 00000000
                 506@00003164: $ 1 <= 00000000
                 510@0000316c: *00000000 <= 00000000
                 542@00003174: $ 3 <= 00000000
                 554@00003180: $ 2 <= 00020000
                 606@00003198: $ 4 <= 00020000
                 634@000031ac: $ 1 <= 00080000
                 638@000031b0: $ 1 <= 00000004
                 642@000031b4: $ 1 <= 00030000
                 646@000031b8: $ 1 <= 00020000
                 678@000031d0: $ 4 <= 00020000
                 682@000031d4: $ 2 <= 00040000
                 686@000031d8: $ 2 <= fff9ffff
                 698@000031e0: $ 4 <= 00060000
                 722@000031e8: $ 2 <= fff9ffff
                 734@000031f0: $ 1 <= 00000000
                 738@000031f4: $ 4 <= 00000000
                 782@00003214: $ 4 <= 00000000
                 790@00003218: $ 4 <= 00000000
                 794@0000321c: *00000000 <= 00000000
                 802@00003224: *00000000 <= 00000000
                 810@00003228: $ 1 <= 00000000
                 834@00003230: $ 1 <= 00000000
                 870@00003238: $ 2 <= 00000000
                 870@0000323c: *00000000 <= 00000000
                 906@00003244: $ 4 <= 00000000
                 910@00003248: $ 4 <= 00000000
                 914@0000324c: $ 1 <= 00000001
                 918@00003250: $ 2 <= 00000001
                 918@00003254: *00000000 <= 00000100
                 926@00003258: $ 3 <= 00001000
                 930@0000325c: $ 2 <= 00000001
                 934@00003260: $ 3 <= 00000001
                 942@00003264: $ 1 <= 00000001
                 946@00003268: $ 3 <= 00000000
                 950@0000326c: $ 1 <= 000f0000
                 954@00003270: $ 4 <= 00000000
                 958@00003274: $ 3 <= 00000000
                 962@00003278: $ 1 <= 00020000
                 966@0000327c: $ 3 <= 00000000
                 970@00003280: $ 1 <= 00000100
                 986@00003288: $ 2 <= 000e0000
                 990@0000328c: $ 1 <= 00000100
                 994@00003290: $ 1 <= 00000000
                1006@00003298: $ 3 <= 00000001
                1014@000032a4: $ 4 <= 00000000
                1022@000032ac: *00000000 <= 00000000
                1030@000032b4: *00000000 <= 00000000
                1038@000032b8: $ 2 <= 00000000
                1042@000032bc: *00000000 <= 00000000
                1050@000032c0: $ 1 <= 00000000
                1058@000032c4: $ 3 <= 00000001
                1070@000032cc: $ 4 <= 00000000
                1086@000032d8: $ 2 <= 00000000
                1090@000032dc: $ 3 <= 00000000
                1098@000032e0: $ 3 <= 00000000
                1110@000032e8: $ 2 <= 00000000
                1146@000032f4: $ 2 <= 00000000
                1150@000032f8: $ 2 <= 00000000
                1154@000032fc: $ 3 <= 00030000
                1158@00003300: $ 3 <= 00060000
                1190@00003308: $ 2 <= 00000024
                1202@00003310: $ 2 <= 00000000
                1206@00003310: $ 2 <= 00000000
                1210@00003314: $ 1 <= 00000000
                1214@00003318: $ 3 <= 00000000
                1222@00003320: $ 3 <= 00000000
                1226@00003328: *00000000 <= 00000000
                1226@00003324: $ 3 <= 00000000
                1234@0000332c: $ 1 <= 00010000
                1238@00003330: $ 4 <= 00080000
                1250@0000333c: $ 4 <= 00010000
                1254@00003340: $ 2 <= 00010000
                1258@00003344: $ 1 <= 000d0000
                1262@00003348: $ 2 <= 000d0000
                1266@0000334c: $ 4 <= 00030000
                1274@00003354: $ 1 <= 00000000
                1290@00003360: $ 2 <= 00000000
                1294@00003364: $ 1 <= 00000000
                1298@00003368: $ 1 <= 0000000f
                1390@00003384: $ 1 <= 00010000
                1410@00003398: $ 1 <= 00000000
                1418@000033a4: $ 4 <= 00000000
                1446@000033ac: $ 2 <= 00000000
                1450@000033b0: $ 2 <= 00000000
                1458@000033b8: $ 2 <= 00000000
                1462@000033bc: *00000000 <= 00000000
                1470@000033c0: $ 3 <= 00000000
                1474@000033c4: $ 4 <= 00000000
                1478@000033c8: $ 1 <= 00000000
                1478@000033cc: *00000000 <= 00000000
                1486@000033d0: $ 3 <= 0000000c
                1486@000033d4: *0000000c <= 00000000
                1490@000033d8: *00000000 <= 00000000
                1498@000033dc: $ 4 <= 00000000
                1502@000033e0: $ 3 <= 00000000
                1506@000033e4: $ 2 <= 00000000
                1510@000033e8: $ 4 <= 00000000
                1518@000033f0: $ 3 <= 00000000
                1522@000033f0: $ 3 <= 00000000
                1574@00003410: $ 3 <= 00000000
                1578@00003414: $ 4 <= 00000000
                1602@0000341c: $ 1 <= 00000000
                1610@00003424: *00000000 <= 00000000
                1630@00003438: $ 3 <= 00000000
                1630@0000343c: *00000000 <= 00000000
                1642@00003444: $ 3 <= 00050000
                1650@0000344c: $ 4 <= 00060000
                1658@00003454: $ 3 <= 00000000
                1674@00003460: $ 3 <= 00000000
                1678@00003464: $ 3 <= 00000000
                1682@00003468: $ 3 <= 00000000
                1690@0000346c: $ 4 <= ffffffff
                1702@00003478: $ 4 <= 001fffff
                1706@00003480: $ 2 <= 00000000
                1710@00003484: $ 3 <= 00000001
                1714@00003488: $ 1 <= 00000000
                1718@0000348c: $ 2 <= fffffffe
                1730@00003494: $ 1 <= fffffffe
                1734@000034a0: $ 3 <= 80000000
                1738@000034a4: $ 3 <= 00000000
                1742@000034a8: $ 3 <= 00070000
                1758@000034b8: $ 2 <= 00000007
                1758@000034c0: *00000004 <= 07000005
                1766@000034c4: $ 1 <= 00000007
                1822@000034dc: $ 4 <= 00007000
                1834@000034e4: $ 2 <= 00000000
                1866@000034e8: $ 3 <= 00000001
                1874@000034f0: $ 1 <= fffffffe
                1878@000034f4: $ 2 <= ffffffff
                1882@000034f8: $ 4 <= 00000000
                1886@000034fc: $ 3 <= 00090000
                1918@00003514: $ 1 <= 00000000
                1934@00003520: $ 2 <= 00000051
                1942@00003528: $ 3 <= 00090051
                1998@00003534: $ 2 <= 00000004
                2002@0000353c: *00000000 <= 00000000
                2002@00003538: $ 3 <= 00000000
                2014@00003544: $ 2 <= 00000000
                2046@00003564: *00000000 <= 00000000
                2078@00003574: *00000000 <= 00000000
                2090@00003590: *00000000 <= 00000000
                2090@00003584: $ 2 <= 00060000
                2102@00003598: *00000000 <= 00000000
                2106@0000359c: *00000000 <= 00000000
                2134@000035a4: $ 3 <= 00000000
                2134@000035a8: *00000000 <= 00000000
                2190@000035b4: $ 3 <= 00000000
                2270@000035c4: $ 4 <= 00000000
                2270@000035c8: *00000000 <= 00000000
                2306@000035d4: *00000000 <= 00000000
                2306@000035d0: $ 2 <= 00000000
                2318@000035dc: $ 2 <= 000d0000
                2322@000035e0: $ 4 <= 00000000
                2330@000035e8: $ 4 <= 000d0000
                2362@000035f4: $ 1 <= 001a0000
                2406@000035fc: $ 1 <= 00030000
                2502@00003618: $ 4 <= 00000001
                2510@00003624: $ 2 <= 00000000
                2514@00003628: $ 4 <= 000d0000
                2518@0000362c: $ 1 <= 000d0006
                2530@00003638: $ 4 <= 000d0001
                2566@0000364c: $ 4 <= 000d0006
                2570@00003650: $ 3 <= 000d0001
                2590@00003664: $ 4 <= 00060000
                2594@00003668: $ 3 <= 009c0024
                2606@00003670: $ 2 <= 000d0001
                2610@00003670: $ 2 <= 000d0001
                2626@00003680: $ 2 <= 00090000
                2642@00003690: $ 3 <= 00090000
                2710@00003698: $ 1 <= 00000051
                2754@000036a4: $ 4 <= 00000058
                2758@000036a8: $ 4 <= 00000056
                2762@000036b0: *00000050 <= 00005108
                2762@000036ac: $ 2 <= 00000051
                2794@000036c8: $ 4 <= 00000051
                2798@000036cc: *00000050 <= 00005108
                2882@000036d8: $ 4 <= 00000001
                2886@000036dc: $ 2 <= 00000000
                2894@000036e0: $ 2 <= 00000000
                2898@000036e8: *00000000 <= 00000000
                2906@000036ec: $ 4 <= 00000000
                2910@000036f0: $ 2 <= 00000000
                2946@000036fc: *00000000 <= 00000000
                2946@000036f8: $ 1 <= 00000000
                2954@00003700: $ 4 <= 00000000
                2966@00003708: $ 1 <= 00000000
                2970@0000370c: $ 3 <= 00000000
                2978@00003710: $ 3 <= 00000000
                2986@00003714: $ 1 <= 0000000d
                2990@00003718: $ 1 <= 00000000
                2994@0000371c: $ 4 <= 00000000
                3002@00003720: $ 4 <= 00000001
                3010@00003728: $ 3 <= 00000000
                3034@0000372c: $ 4 <= 00000000
                3046@00003734: $ 2 <= 00000000
                3050@00003744: *00000000 <= 00000000
                3050@00003740: $ 1 <= 00000000
                3058@00003748: $ 3 <= 00000000
                3070@00003750: $ 3 <= 00000000
                3074@00003758: *00000000 <= 00000000
                3118@00003764: $ 4 <= 00000000
                3142@00003768: $ 1 <= 00000000
                3146@0000376c: $ 3 <= 000a0000
                3154@00003774: $ 3 <= 00000000
                3158@00003780: $ 2 <= 00000000
                3162@00003784: *00000000 <= 00000000
                3174@0000378c: $ 2 <= 000a0000
                3178@00003790: $ 4 <= 00000000
                3186@00003798: $ 1 <= 00000000
                3194@0000379c: $ 3 <= 000a0000
                3202@000037a4: $ 1 <= 000d0000
                3210@000037ac: $ 3 <= 00050000
                3238@000037d0: $ 1 <= 00050000
                3242@000037d4: $ 2 <= 00050000
                3262@000037d8: $ 4 <= 00000000
                3266@000037dc: $ 3 <= 00050000
                3274@000037e4: $ 3 <= 00040000
                3306@000037f4: $ 4 <= 00000010
                3310@000037f8: $ 2 <= ffffffef
                3362@00003804: $ 1 <= 00000000
                3418@00003810: $ 3 <= 00000000
                3422@00003814: $ 2 <= 00000000
                3430@0000381c: $ 4 <= 00000000
                3446@00003824: $ 1 <= 00080000
                3446@00003828: *00000000 <= 00000000
                3454@0000382c: $ 2 <= 000f0000
                3462@00003834: $ 1 <= 000f0000
                3470@0000383c: $ 3 <= 000f0000
                3478@00003844: $ 1 <= 000f0000
                3486@0000384c: $ 1 <= 001e0000
                3542@00003868: $ 1 <= 001e0000
                3546@0000386c: $ 1 <= 001e0000
                3578@00003874: $ 1 <= 00000000
                3582@00003878: $ 3 <= 00010000
                3586@0000387c: $ 3 <= 000d0000
                3594@00003884: $ 4 <= 00040000
                3598@00003890: $ 4 <= 00040007
                3602@00003894: $ 2 <= 00040007
                3606@00003898: $ 2 <= 00000000
                3610@0000389c: $ 3 <= 00000000
                3622@000038a4: *00000000 <= 00000000
                3638@000038b8: $ 3 <= 00040016
                3642@000038bc: $ 4 <= 02000b00
                3650@000038c4: $ 1 <= 00000000
                3654@000038c8: $ 1 <= 00000003
                3654@000038cc: *00000000 <= 03000000
                3662@000038d0: $ 4 <= 00000003
                3674@000038d8: $ 4 <= 00090000
                3678@000038dc: $ 4 <= 00000000
                3682@000038e0: $ 3 <= 03000000
                3722@000038e8: $ 2 <= 00000000
                3726@000038ec: $ 4 <= 03000000
                3762@0000391c: $ 1 <= 03000000
                3766@00003920: $ 2 <= 000a0000
                3770@00003924: $ 1 <= 03000000
                3786@0000392c: $ 2 <= 00020000
                3794@00003934: $ 3 <= 00000000
                3810@00003944: $ 3 <= 00000000
                3814@00003948: $ 1 <= 00000000
                3818@0000394c: $ 4 <= 03000000
                3890@00003964: $ 1 <= 03000000
                3914@0000396c: $ 1 <= 00000000
                3918@00003970: $ 4 <= 00000000
                3926@00003974: $ 2 <= 00000000
                3930@00003978: $ 2 <= 00000000
                3934@0000397c: $ 3 <= 00000007
                3942@00003984: $ 4 <= 00000380
                3946@00003988: $ 1 <= 00000000
                3950@0000398c: $ 3 <= 00000007
                3986@00003994: *00000004 <= 07000005
                3994@00003998: $ 1 <= 00000000
                3998@0000399c: $ 1 <= 00000000
                4038@000039a4: $ 4 <= 00000000
                4078@000039b8: $ 1 <= 00000000
                4114@000039c4: $ 4 <= 00050000
                4142@000039cc: $ 4 <= 00050000
                4242@000039e4: $ 4 <= 00000019
                4246@000039e8: $ 2 <= ffffffe7
                4258@000039f4: $ 3 <= 000a0000
                4262@00003a00: $ 1 <= 00040000
                4302@00003a0c: $ 3 <= 00000001
                4314@00003a14: $ 4 <= 0000000b
                4326@00003a18: $ 4 <= 00640000
                4334@00003a20: $ 2 <= 00040000
                4338@00003a20: $ 2 <= 00040000
                4342@00003a24: $ 2 <= 00000000
                4354@00003a30: $ 3 <= 00640000
                4358@00003a30: $ 3 <= 00640000
                4366@00003a38: $ 4 <= 00640000
                4370@00003a44: *00000000 <= 03000000
                4406@00003a50: $ 1 <= 00000000
                4438@00003a58: $ 4 <= 00000000
                4442@00003a5c: $ 4 <= 00080000
                4446@00003a60: $ 4 <= 00070000
                4454@00003a68: $ 1 <= 00090000
                4526@00003a84: $ 4 <= 00000000
                4538@00003a90: $ 2 <= 00000000
                4546@00003a98: $ 2 <= 00030000
                4574@00003aac: $ 1 <= 00090000
                4578@00003ab0: $ 1 <= 00000000
                4582@00003ab4: $ 2 <= 00030000
                4594@00003ac0: $ 2 <= 00000000
                4598@00003ac4: $ 1 <= 00000000
                4634@00003ad4: *00000000 <= 00000000
                4642@00003ad8: $ 4 <= 00000000
                4646@00003adc: $ 3 <= 00000000
                4658@00003ae8: $ 4 <= 00000000
                4662@00003af0: $ 2 <= 00070000
                4666@00003af4: $ 3 <= 00000000
                4674@00003afc: $ 2 <= 00000000
                4718@00003b04: *00000000 <= 00000000
                4758@00003b10: $ 1 <= 00000000
                4762@00003b14: $ 1 <= 00000000
                4782@00003b18: $ 1 <= 00000000
                4786@00003b1c: $ 2 <= 00000000
                4802@00003b24: $ 4 <= 00000000
                4806@00003b30: $ 3 <= 00000000
                4810@00003b34: $ 1 <= 00000000
                4818@00003b38: $ 1 <= 00000000
                4822@00003b3c: $ 4 <= 00000000
                4826@00003b40: $ 1 <= 00000000
                4830@00003b44: $ 4 <= 00000000
                4834@00003b4c: *00000000 <= 00000000
                4834@00003b48: $ 2 <= 000e0000
                4858@00003b60: $ 4 <= 000e0008
                4862@00003b60: $ 4 <= 000e0008
                4898@00003b70: $ 3 <= 00000000
                4918@00003b80: $ 4 <= 00060000
                4926@00003b88: $ 1 <= 00060006
                4930@00003b8c: $ 3 <= 000a0000
                4942@00003b90: $ 1 <= 00000000
                4946@00003b94: $ 4 <= 00050000
                5014@00003bac: $ 1 <= 00050005
                5018@00003bb0: $ 3 <= 00050011
                5022@00003bb4: $ 2 <= 000d0000
                5030@00003bbc: $ 1 <= 00070000
                5038@00003bc4: $ 3 <= 00070000
                5066@00003bf0: $ 4 <= 00000000
                5070@00003bf0: $ 4 <= 00000000
                5074@00003bf4: $ 1 <= 00000000
                5078@00003bf8: $ 2 <= 00030000
                5082@00003bfc: $ 2 <= 000d0000
                5086@00003c00: $ 1 <= 00001a00
                5090@00003c04: $ 1 <= 000d1a00
                5094@00003c08: $ 1 <= 000d1a00
                5098@00003c0c: $ 4 <= 000d0000
                5102@00003c10: $ 1 <= 000d0000
                5106@00003c14: $ 4 <= 000d0000
                5118@00003c20: $ 1 <= 00000000
                5130@00003c28: $ 1 <= 00000000
                5138@00003c34: $ 1 <= 00000340
                5142@00003c38: $ 3 <= 000e0000
                5150@00003c40: $ 1 <= 000d0000
                5154@00003c44: $ 3 <= 000b0000
                5182@00003c68: $ 3 <= 00060000
                5190@00003c70: $ 1 <= 000d0000
                5202@00003c7c: $ 3 <= 00000000
                5206@00003c80: $ 4 <= 00000000
                5210@00003c84: $ 2 <= 00000000
                5214@00003c88: $ 2 <= 00000000
                5218@00003c8c: $ 2 <= 00000000
                5222@00003c90: *00000000 <= 00000000
                5230@00003c94: $ 2 <= 00000000
                5238@00003c98: $ 4 <= 00000000
                5250@00003ca0: $ 1 <= 00000000
                5254@00003ca4: $ 4 <= 000d0000
                5258@00003ca8: $ 3 <= 000d0000
                5262@00003cac: $ 1 <= 00080000
                5266@00003cb0: $ 2 <= 00020000
                5278@00003cbc: $ 2 <= 00080009
                5290@00003cc4: $ 1 <= 00080000
                5298@00003ccc: $ 3 <= 00000000
                5374@00003cdc: $ 2 <= 00000000
                5378@00003ce0: $ 4 <= 00000000
                5390@00003ce8: $ 3 <= 00000000
                5394@00003cec: $ 3 <= 00000000
                5402@00003cf4: $ 2 <= 00090000
                5406@00003cf8: $ 3 <= 00000000
                5410@00003cfc: $ 4 <= 00000000
                5414@00003d00: $ 3 <= 00090000
                5454@00003d0c: $ 1 <= 00000000
                5466@00003d14: $ 3 <= 00000000
                5478@00003d20: $ 4 <= 00000000
                5482@00003d20: $ 4 <= 00000000
                5486@00003d24: $ 3 <= 00000000
                5494@00003d2c: *00000000 <= 00000000
                5502@00003d30: $ 2 <= 00000000
                5506@00003d34: $ 3 <= 000e0000
                5510@00003d38: $ 1 <= 000e0000
                5518@00003d40: $ 1 <= 00000000
                5526@00003d48: $ 4 <= 00000000
                5530@00003d4c: $ 4 <= 00070000
                5534@00003d50: $ 4 <= 00080000
                5558@00003d5c: $ 3 <= 00080000
                5562@00003d60: $ 4 <= 00100000
                5566@00003d64: $ 3 <= 00010000
                5586@00003d80: $ 3 <= 00100000
                5590@00003d84: $ 3 <= 00000000
                5594@00003d88: $ 2 <= 00000000
                5598@00003d8c: $ 2 <= ffffffff
                5606@00003d94: $ 3 <= 00000000
                5610@00003d98: $ 4 <= 000d0000
                5614@00003d9c: $ 2 <= 000d0000
                5642@00003dac: $ 4 <= 000c0000
                5686@00003db4: $ 2 <= 00000001
                5694@00003dc4: $ 4 <= 00000001
                5742@00003dd0: $ 2 <= 00000000
                5746@00003dd4: $ 3 <= 00000001
                5766@00003de4: $ 4 <= 00000001
                5774@00003dec: $ 4 <= 00000001
                5778@00003df4: *00000000 <= 00000100
                5778@00003df0: $ 3 <= 00000001
                5786@00003dfc: *00000000 <= 00000100
                5794@00003e00: $ 4 <= 00070000
                5806@00003e0c: $ 3 <= 00000000
                5810@00003e10: $ 3 <= 00000100
                5826@00003e18: $ 4 <= 00000100
                5830@00003e1c: *00000000 <= 00000100
                5842@00003e28: *00000000 <= 00000100
                5854@00003e30: $ 2 <= 0000010e
                5862@00003e38: $ 2 <= 00000100
                5878@00003e44: $ 1 <= 00000000
                5882@00003e50: $ 3 <= ffffffff
                5930@00003e5c: $ 1 <= ffffffff
                5938@00003e64: $ 3 <= 00000000
                5962@00003e68: $ 1 <= 00000001
                5966@00003e6c: $ 4 <= 00090000
                5974@00003e74: $ 2 <= 00000000
                5982@00003e7c: $ 4 <= 00070000
                5990@00003e84: $ 2 <= 000e0000
                5994@00003e88: $ 4 <= 00000000
                6022@00003e90: $ 3 <= 00000000
                6030@00003e98: $ 2 <= 000d0000
                6034@00003e9c: $ 2 <= 000d0000
                6038@00003ea0: $ 3 <= 00010000
                6046@00003ea8: $ 2 <= 00000000
                6054@00003eb4: $ 2 <= 00000100
                6054@00003eb8: *00000000 <= 00000100
                6058@00003ebc: *00000000 <= 00000100
                6070@00003ec4: $ 4 <= 000d0000
                6070@00003ec8: *00000000 <= 00000000
                6078@00003ecc: $ 2 <= 00000001
                6082@00003ed0: $ 2 <= 00000000
                6102@00003edc: $ 1 <= 00000000
                6110@00003ee4: *00000000 <= 00000000
                6118@00003ee8: $ 4 <= 00000000
                6126@00003eec: $ 3 <= 0000000b
                6130@00003ef0: $ 3 <= 00000000
                6138@00003ef8: *00000000 <= 00000000
                6150@00003f00: $ 1 <= 00000000
                6154@00003f00: $ 1 <= 00000000
                6158@00003f04: $ 1 <= 00080000
                6166@00003f0c: $ 3 <= 000e0000
                6170@00003f10: $ 3 <= 00000000
                6174@00003f14: $ 2 <= 00070000
                6178@00003f18: $ 1 <= 0000000e
                6182@00003f1c: $ 3 <= 00010000
                6190@00003f24: $ 4 <= 00000000
                6202@00003f30: $ 4 <= 00000001
                6206@00003f34: $ 4 <= 00000000
                6210@00003f38: $ 3 <= 00040000
                6258@00003f48: $ 4 <= 00000000
                6354@00003f58: $ 4 <= 00000000
                6370@00003f60: $ 3 <= 00000000
                6382@00003f68: $ 4 <= 00000000
                6382@00003f6c: *00000000 <= 00000000
                6390@00003f70: $ 1 <= 00020000
                6406@00003f80: $ 4 <= 00010000
                6414@00003f88: $ 3 <= 000a0000
                6422@00003f90: $ 3 <= 000f0000
                6426@00003f94: $ 4 <= 00020000
                6486@00003fa4: $ 2 <= 00090000
                6490@00003fa8: $ 2 <= 00000000
                6554@00003fb8: $ 1 <= 00000000
                6578@00003fc4: *00000000 <= 00000000
                6578@00003fc0: $ 1 <= 00000000
                6586@00003fc8: $ 4 <= 00020000
                6598@00003fd4: $ 1 <= 00000001
                6602@00003fd8: $ 2 <= 00000001
                6622@00003fe0: $ 1 <= 00000001
                6658@00003ff0: $ 2 <= 00090000
                6662@00003ff4: $ 3 <= 0000000d
                6666@00003ff8: $ 1 <= 00070000
                6670@00003ffc: $ 4 <= 00030000
                6686@00004004: $ 3 <= 00003000
                6690@00004008: $ 2 <= 00033000
                6694@0000400c: $ 2 <= 00001800
                6710@00004010: $ 2 <= 00000009
                6710@00004014: *00000008 <= 00000905
                6718@0000401c: *00000008 <= 00000905
                6758@00004028: $ 2 <= 00000000
                6758@0000402c: *00000000 <= 00000000
                6766@00004030: $ 1 <= 00000000
                6774@00004038: $ 1 <= 00000000
                6802@00004040: $ 3 <= ffffffff
                6806@00004044: $ 2 <= 000c0000
                6814@0000404c: $ 3 <= 007fffff
                6826@00004058: $ 2 <= 0080000d
                6858@00004060: $ 1 <= 0d0000a9
                6866@00004068: $ 2 <= 0d0000a9
                6886@00004080: $ 2 <= 00000000
                6930@00004084: $ 3 <= 00000000
                6938@0000408c: $ 2 <= 00000000
                6946@00004094: $ 2 <= 00000000
                6950@00004098: $ 1 <= 000c0000
                6990@000040b0: $ 4 <= 000c0000
                6994@000040b4: $ 3 <= 000c000a
                7002@000040bc: $ 3 <= 00000005
                7006@000040c0: $ 1 <= 000c0000
                7018@000040c8: $ 1 <= 00000000
                7030@000040d4: $ 4 <= 00000000
                7034@000040d8: $ 3 <= 00000000
                7050@000040e0: $ 4 <= 00000000
                7090@000040f0: $ 1 <= 00000000
                7102@000040f8: $ 4 <= 00000000
                7118@00004104: $ 4 <= 000c0000
                7130@00004110: $ 4 <= 00000000
                7134@00004114: $ 3 <= 00000000
                7142@00004118: $ 1 <= 00000009
                7150@00004120: $ 3 <= fffffff6
                7190@00004130: $ 4 <= fffffff7
                7194@00004134: $ 1 <= 00000000
                7198@00004138: $ 1 <= fffffffd
                7210@00004140: $ 2 <= ffffffff
                7218@00004148: $ 1 <= 00060000
                7222@0000414c: $ 2 <= 00000000
                7238@00004154: $ 3 <= ffffffff
                7238@00004158: *00000000 <= ffffffff
                7246@0000415c: $ 1 <= ffffffff
                7258@00004168: $ 3 <= 00000007
                7262@00004170: $ 2 <= ffffffff
                7266@00004174: $ 1 <= 00000003
                7270@00004178: $ 3 <= 0000000c
                7274@0000417c: $ 2 <= 00000000
                7278@00004180: $ 3 <= 00000000
                7290@00004188: $ 4 <= 000000ff
                7302@00004190: *00000000 <= ffff00ff
                7306@00004190: *00000000 <= ffff00ff
                7314@00004194: $ 1 <= 0000010c
                7322@0000419c: $ 2 <= 000000ff
                7346@000041a4: $ 3 <= 00011890
                7358@000041b0: $ 3 <= 00000000
                7370@000041b8: $ 3 <= 00000000
                7374@000041bc: $ 3 <= 000000ff
                7382@000041c0: $ 3 <= 000000ff
                7386@000041c4: $ 4 <= 00011890
                7394@000041cc: $ 1 <= 000000ff
                7402@000041d0: $ 3 <= 80000000
                7406@000041d4: $ 2 <= 800000ff
                7418@000041e0: $ 3 <= ffffffff
                7426@000041e8: $ 1 <= 00070000
                7434@000041f0: $ 4 <= 00000000
                7438@000041f0: $ 4 <= 00000000
                7458@000041fc: $ 3 <= 00000000
                7462@00004200: $ 2 <= 00000001
                7466@00004204: $ 4 <= 00000001
                7470@00004208: $ 3 <= 00000000
                7474@0000420c: $ 4 <= 000a0000
                7494@00004220: $ 1 <= 000a0000
                7506@00004228: $ 4 <= 00000000
                7510@00004230: $ 1 <= 00090000
                7514@00004234: $ 3 <= ffff00ff
                7518@00004238: $ 3 <= 00000000
                7534@00004248: $ 3 <= 000000ff
                7538@0000424c: *00000000 <= ffff00ff
                7546@00004250: $ 4 <= 00090000
                7550@00004254: $ 4 <= 00000000
                7562@0000425c: $ 4 <= 00000000
                7566@00004260: $ 2 <= 0000000f
                7574@00004268: $ 1 <= 00000000
                7586@00004274: *00000000 <= 00000000
                7586@00004270: $ 2 <= 00000000
                7598@0000427c: $ 4 <= 00000000
                7602@00004280: $ 3 <= 000e0000
                7606@00004284: $ 2 <= 000e0004
                7610@00004288: $ 4 <= 00000000
                7618@00004290: $ 3 <= 00080000
                7622@00004290: $ 3 <= 00080000
                7626@00004294: $ 3 <= 00000000
                7634@0000429c: $ 2 <= 00000001
                7638@000042a0: $ 3 <= 000d0000
                7642@000042a4: $ 4 <= 00000000
                7646@000042a8: *00000000 <= 00000000
                7654@000042ac: $ 1 <= 00000000
                7662@000042b4: $ 3 <= 00000008
                7670@000042bc: $ 3 <= 00050000
                7678@000042c4: $ 4 <= 00050007
                7694@000042d0: $ 3 <= 00000000
                7698@000042d4: $ 3 <= 00000a00
                7702@000042d8: $ 1 <= 00060000
                7706@000042dc: $ 4 <= 000e0000
                7710@000042e0: $ 1 <= 000e0000
                7714@000042e4: $ 1 <= 00000040
                7718@000042e8: $ 1 <= 00007000
                7742@00004300: $ 1 <= 00070000
                7830@00004318: $ 1 <= 00000000
                7834@0000431c: $ 1 <= 00000000
                7838@00004320: $ 3 <= 00080000
                7846@00004328: $ 2 <= 000a0000
                7862@0000433c: $ 3 <= 000e0000
                7910@00004348: $ 1 <= 00000000
                7922@00004350: $ 3 <= 00000000
                7934@00004360: $ 2 <= 00000000
                7938@00004364: $ 1 <= 00000000
                7946@0000436c: $ 1 <= 00000000
                7950@00004370: $ 2 <= 00000000
                7954@00004378: *00000000 <= 00000000
                7954@00004374: $ 4 <= 00000000
                7994@00004384: $ 2 <= 00000000
                8010@0000438c: $ 4 <= 00000000
                8026@00004394: $ 1 <= 0000000f
                8030@000043a0: $ 1 <= 00000000
                8038@000043a8: $ 3 <= 00000000
                8042@000043ac: $ 1 <= 00000000
                8050@000043b4: *00000000 <= 00000000
                8050@000043b0: $ 2 <= 00000000
                8058@000043bc: *00000000 <= 00000000
                8058@000043b8: $ 3 <= 00000001
                8066@000043c4: *00000000 <= 00000100
                8074@000043cc: *00000000 <= 00000100
                8106@000043d4: $ 1 <= 00040000
                8226@000043e4: $ 2 <= 00000010
                8230@000043e8: $ 3 <= 00000005
                8242@000043f0: $ 2 <= 00000000
                8294@000043fc: $ 3 <= 00000000
                8306@00004404: $ 4 <= 00000000
                8314@00004408: $ 2 <= 00000000
                8318@0000440c: $ 1 <= 00000019
                8322@00004410: $ 2 <= 00000000
                8326@00004414: $ 4 <= 00000000
                8342@00004420: $ 1 <= ffffffff
                8346@00004424: *00000000 <= 00000000
                8346@00004420: $ 1 <= ffffffff
                8354@00004428: $ 1 <= 000b0000
                8366@00004434: $ 4 <= 000b0004
                8386@00004448: $ 4 <= 00160008
                8394@00004450: $ 3 <= 00050000
                8402@00004458: $ 3 <= 000a0000
                8418@0000445c: $ 3 <= 000001e4
                8434@00004468: $ 1 <= 000d0000
                8438@0000446c: $ 4 <= 0000000f
                8450@00004480: *0000000c <= 0f000000
                8450@00004474: $ 3 <= 0000001e
                8462@00004488: $ 3 <= 0000000f
                8466@00004490: *0000000c <= 0f000000
                8474@00004494: $ 4 <= 00030000
                8482@0000449c: $ 4 <= 0000000f
                8486@000044a0: $ 3 <= 00000000
                8518@000044a8: $ 4 <= 00000000
                8522@000044ac: $ 1 <= 00000000
                8526@000044b0: $ 4 <= 000c0000
                8538@000044b8: $ 1 <= 00000000
                8550@000044c0: $ 3 <= 000a0000
                8550@000044c4: *00000000 <= 00000000
                8574@000044cc: $ 4 <= 00000000
                8578@000044d0: $ 1 <= 00000000
                8586@000044dc: *00000000 <= 00000000
                8586@000044d8: $ 2 <= 00000000
                8598@000044e4: $ 1 <= 00000000
                8602@000044e8: $ 1 <= 00000001
                8606@000044ec: $ 4 <= 0000000e
                8610@000044f0: $ 1 <= 00038000
                8638@0000450c: $ 2 <= 00010000
                8642@00004510: $ 1 <= 00020000
                8650@00004518: $ 3 <= 00000000
                8710@00004528: *00000000 <= 00000000
                8718@0000452c: $ 4 <= 00000000
                8746@00004538: $ 1 <= 00010000
                8750@00004540: $ 1 <= 00000000
                8754@00004544: $ 4 <= 00000000
                8774@00004554: $ 1 <= 00000000
                8782@00004558: $ 3 <= 00000000
                8786@0000455c: $ 2 <= 00000000
                8794@00004564: *00000000 <= 00000000
                8802@00004568: $ 4 <= 00000000
                8806@0000456c: $ 2 <= 00000000
                8810@00004570: $ 2 <= 00000000
                8814@00004574: $ 3 <= 00000000
                8818@00004578: $ 1 <= 000d0000
                8822@0000457c: $ 4 <= 00000000
                8822@00004580: *00000000 <= 00000000
                8858@00004588: $ 1 <= 00000000
                8862@0000458c: $ 3 <= 00000000
                8874@0000459c: *00000000 <= 00000000
                8886@000045a4: $ 4 <= 00080000
                8890@000045b0: $ 4 <= 000c0000
                8898@000045b8: $ 4 <= 00000000
                8906@000045c0: *00000000 <= 00000000
                8914@000045c4: $ 4 <= 00000000
                8926@000045cc: $ 4 <= 00000000
                8938@000045d4: $ 2 <= 00090000
                8946@000045e4: $ 2 <= 00000000
                8950@000045e8: $ 3 <= 00000000
                8954@000045ec: *00000000 <= 00000000
                8958@000045f0: *00000000 <= 00000000
                8962@000045f4: *00000000 <= 00000000
                8978@00004600: $ 4 <= 000d0000
                8982@00004604: $ 4 <= 00000000
                8994@00004610: $ 4 <= 00000000
                9022@00004618: $ 2 <= 00000000
                9030@00004620: $ 4 <= 00000000
                9034@00004620: $ 4 <= 00000000
                9038@00004624: $ 4 <= 00000000
                9038@00004628: *00000000 <= 00000000
                9042@0000462c: *00000000 <= 00000000
                9050@00004634: *00000000 <= 00000000
                9050@00004630: $ 2 <= 00080000
                9074@00004648: $ 4 <= 00080000
                9090@00004658: $ 4 <= 00000000
                9094@0000465c: $ 2 <= 00000000
                9098@00004660: $ 1 <= 00090000
                9110@0000466c: $ 4 <= 00090000
                9114@00004670: $ 4 <= 00090000
                9118@00004674: $ 3 <= 00080000
                9170@0000467c: $ 2 <= 00000000
                9218@00004698: $ 2 <= 000b0000
                9242@000046ac: $ 2 <= 00000000
                9250@000046b4: *00000000 <= 00000000
                9262@000046bc: $ 2 <= 000b0000
                9278@000046cc: $ 1 <= 000b0000
                9290@000046d4: $ 1 <= 0000002c
                9298@000046e4: $ 3 <= 00160000
                9358@000046fc: $ 3 <= 00000000
                9358@00004700: *00000000 <= 00000000
                9366@00004704: $ 2 <= 00000000
                9370@00004708: $ 4 <= 00040000
                9374@0000470c: $ 3 <= ffffffff
                9378@00004710: $ 2 <= 00090000
                9382@00004714: $ 1 <= 00000000
                9386@00004718: $ 4 <= 00000079
                9390@0000471c: $ 2 <= 00000079
                9394@00004720: $ 1 <= 000e0000
                9402@00004728: $ 3 <= 000e0000
                9482@00004738: $ 3 <= 00000000
                9486@0000473c: $ 3 <= 00000001
                9534@00004748: $ 3 <= 00000000
                9538@0000474c: $ 4 <= 00000001
                9546@00004754: $ 2 <= 00000000
                9574@00004760: $ 1 <= 00000000
                9654@0000476c: $ 3 <= 00000000
                9658@00004770: $ 1 <= 00000000
                9662@00004774: $ 4 <= 00000000
                9666@00004778: $ 2 <= 00000003
                9670@0000477c: $ 2 <= 00000000
                9674@00004780: $ 2 <= 00000000
                9678@00004784: $ 3 <= 00000000
                9686@0000478c: $ 3 <= 00000008
                9690@00004790: $ 4 <= 00000016
                9694@00004794: $ 1 <= 00000160
                9702@0000479c: $ 3 <= 00060000
                9722@000047b0: $ 4 <= 00060000
                9734@000047bc: $ 1 <= 000e0000
                9790@000047c4: $ 1 <= 00000000
                9790@000047c8: *00000000 <= 00000000
                9802@000047d0: $ 1 <= 00000000
                9806@000047d4: $ 2 <= 00000001
                9810@000047d8: $ 4 <= 00000000
                9822@000047e4: $ 4 <= 00000001
                9826@000047e8: $ 3 <= 00000000
                9834@000047ec: $ 1 <= 00000000
                9838@000047f0: $ 2 <= 00000000
                9846@000047f4: $ 4 <= 00000000
                9858@000047fc: $ 2 <= 00000000
                9862@00004800: $ 3 <= 00000007
                9862@00004804: *00000000 <= 00000007
                9874@00004810: *00000004 <= 07000005
                9874@0000480c: $ 2 <= 00000007
                9882@00004814: $ 3 <= fffffff8
                9886@00004818: $ 4 <= 00000007
                9890@0000481c: $ 4 <= 00000007
                9910@00004828: $ 1 <= 00000000
                9926@00004834: $ 3 <= 00000000
                9930@00004838: $ 3 <= 00040000
                9938@00004840: $ 4 <= 00020000
                9942@00004844: $ 3 <= 00040000
                9998@00004850: $ 1 <= 00000200
               10014@00004864: $ 3 <= 00000400
               10018@00004868: $ 4 <= 00040000
               10030@00004874: $ 3 <= 00000000
               10042@00004880: $ 2 <= 00000000
               10086@00004884: $ 1 <= 00000000
               10086@00004888: *00000000 <= 00000000
               10098@00004890: $ 4 <= 00000000
               10102@00004890: $ 4 <= 00000000
               10106@00004894: $ 3 <= 000d0000
               10122@000048a4: $ 1 <= ffffffff
               10126@000048a8: $ 3 <= 00000000
               10130@000048ac: $ 3 <= 00000000
               10142@000048b4: $ 3 <= ffffffff
               10194@000048c8: $ 1 <= 00000000
               10198@000048cc: $ 2 <= 00000000
               10206@000048d4: $ 3 <= 00000001
               10226@000048e4: $ 1 <= 00000000
               10230@000048f0: $ 2 <= 00000000
               10274@000048fc: $ 1 <= 00000000
               10282@00004904: $ 3 <= 00000000
               10286@00004908: $ 4 <= 00000007
               10290@0000490c: $ 3 <= 00080000
               10314@0000491c: $ 4 <= 00000005
               10338@00004930: $ 3 <= 00000000
               10342@00004934: $ 2 <= 000e0000
               10358@00004944: $ 2 <= 00000000
               10362@00004948: $ 1 <= 00000000
               10370@0000494c: $ 1 <= ffffffff
               10374@00004950: $ 2 <= 00000000
               10378@00004954: $ 4 <= 00000000
               10382@00004958: $ 1 <= 00000000
               10398@00004960: $ 3 <= 00000000
               10402@00004964: *00000000 <= 00000000
               10402@00004960: $ 3 <= 00000000
               10410@00004968: $ 3 <= 00060000
               10434@00004980: $ 3 <= 00000000
               10454@00004984: $ 4 <= 00000024
               10458@00004988: $ 3 <= 0000002d
               10462@0000498c: $ 4 <= 00000000
               10478@000049a0: $ 1 <= 000d0000
               10506@000049ac: *00000000 <= 00000000
               10506@000049a8: $ 3 <= 00000000
               10550@000049b0: $ 1 <= 00000001
               10554@000049b8: *00000000 <= 00000000
               10554@000049b4: $ 4 <= 00070000
               10558@000049bc: *00000000 <= 00000000
               10570@000049c4: $ 2 <= 00070006
               10578@000049d0: *00000000 <= 00000000
               10578@000049cc: $ 4 <= 00000000
               10622@000049e0: $ 2 <= 00000000
               10638@000049ec: $ 1 <= 00000000
               10642@000049f0: *00000000 <= 00000000
               10650@000049f4: $ 4 <= 000b0000
               10666@00004a04: $ 3 <= 00000000
               10670@00004a08: $ 3 <= 00000016
               10674@00004a0c: $ 2 <= 00000000
               10690@00004a18: $ 1 <= 00000000
               10698@00004a20: $ 2 <= 00000000
               10702@00004a20: $ 2 <= 00000000
               10706@00004a24: $ 3 <= 00000000
               10714@00004a2c: $ 1 <= 000f0000
               10722@00004a34: $ 1 <= 00000000
               10726@00004a40: $ 3 <= 00000000
               10758@00004a48: $ 1 <= 00000000
               10770@00004a50: $ 4 <= 00010000
               10774@00004a50: $ 4 <= 00010000
               10798@00004a68: $ 2 <= 00000000
               10814@00004a70: $ 1 <= 00000000
               10818@00004a74: $ 2 <= 000e0000
               10830@00004a80: $ 1 <= 00080000
               10834@00004a84: $ 3 <= 00000000
               10874@00004a94: $ 3 <= 00000000
               10890@00004aa0: $ 2 <= 00000000
               10894@00004aa4: $ 1 <= 00000000
               10898@00004aa8: $ 2 <= 00000001
               10902@00004aac: $ 1 <= 000d0000
               10922@00004ac0: $ 2 <= 01a00000
               10966@00004adc: $ 3 <= 00000000
               10978@00004ae4: $ 3 <= 00000000
               10982@00004ae8: $ 1 <= 000000a9
               10986@00004aec: $ 2 <= 01a00000
               10990@00004af0: $ 3 <= 01a00005
               10994@00004af4: $ 2 <= 000c0000
               11002@00004afc: $ 3 <= 000000a9
               11006@00004b00: $ 1 <= 00000000
               11010@00004b04: $ 4 <= 000000ad
               11022@00004b0c: $ 2 <= 00000000
               11030@00004b10: $ 4 <= 00000000
               11046@00004b18: $ 1 <= 01a00000
               11050@00004b20: $ 2 <= 00000000
               11062@00004b2c: $ 1 <= 03400000
               11074@00004b34: $ 2 <= 00000000
               11090@00004b44: $ 1 <= 00000000
               11094@00004b50: $ 1 <= 00030000
               11102@00004b58: $ 4 <= 00000000
               11146@00004b60: $ 2 <= 00000000
               11150@00004b64: $ 1 <= 00000000
               11154@00004b6c: *00000000 <= 00000000
               11166@00004b74: $ 1 <= 00000000
               11174@00004b7c: $ 2 <= 00000000
               11178@00004b80: *00000000 <= 00000000
               11186@00004b84: $ 4 <= 00040000
               11198@00004b90: $ 4 <= 0000000d
               11206@00004b98: $ 4 <= 00000000
               11210@00004b9c: $ 4 <= 00000000
               11222@00004ba4: $ 1 <= 0000000d
               11230@00004bac: $ 3 <= 00000000
               11242@00004bb4: $ 3 <= 00000000
               11246@00004bb8: $ 2 <= 00000000
               11250@00004bbc: $ 1 <= 000e0000
               11254@00004bc0: $ 2 <= 00001c00
               11270@00004bd0: $ 4 <= 00000000
               11286@00004be0: $ 2 <= 00000000
               11358@00004be8: $ 2 <= 00000000
               11362@00004bec: $ 2 <= 00020000
               11366@00004bf0: $ 3 <= 00020007
               11370@00004bf4: $ 1 <= 000a0000
               11390@00004c08: $ 4 <= 00020000
               11426@00004c14: $ 2 <= 00060000
               11434@00004c1c: $ 2 <= 00020000
               11438@00004c20: $ 2 <= 00000000
               11450@00004c28: $ 4 <= 00000000
               11454@00004c30: $ 2 <= 00030000
               11458@00004c34: $ 1 <= fffcffff
               11466@00004c3c: $ 1 <= ffffffff
               11474@00004c44: $ 3 <= fffffff1
               11478@00004c48: $ 3 <= 00070000
               11490@00004c54: $ 3 <= 00000000
               11494@00004c58: $ 4 <= 00000000
               11498@00004c5c: $ 2 <= 00000000
               11506@00004c64: *00000000 <= 00000000
               11506@00004c60: $ 1 <= 00000000
               11514@00004c68: $ 3 <= 00000000
               11518@00004c70: *00000000 <= 00000000
               11526@00004c74: $ 3 <= 00000000
               11538@00004c80: $ 4 <= 00000000
               11542@00004c80: $ 4 <= 00000000
               11546@00004c84: $ 4 <= 00020000
               11550@00004c88: $ 3 <= 00020000
               11554@00004c8c: $ 1 <= 00020000
               11578@00004ca4: $ 1 <= 00020000
               11582@00004ca8: $ 2 <= 00040000
               11594@00004cb4: $ 4 <= 00020003
               11610@00004cc4: $ 3 <= 00040000
               11622@00004cd0: $ 4 <= 00000000
               11638@00004cd8: $ 1 <= 00000000
               11642@00004ce0: *00000000 <= 00000000
               11642@00004cdc: $ 4 <= 00000000
               11650@00004ce4: $ 1 <= 00000000
               11670@00004cf0: $ 3 <= 00000006
               11674@00004cf0: $ 3 <= 00000006
               11678@00004cf4: $ 4 <= 00020000
               11690@00004cf8: $ 1 <= 00000000
               11694@00004d00: *00000000 <= 00000000
               11702@00004d08: *00000000 <= 00000000
               11710@00004d10: *00000000 <= 00000000
               11718@00004d14: $ 3 <= 00000000
               11730@00004d1c: $ 1 <= 00000000
               11734@00004d20: $ 3 <= 00000000
               11746@00004d2c: $ 4 <= 00000001
               11774@00004d38: $ 3 <= 00000000
               11786@00004d40: $ 4 <= 00000000
               11886@00004d54: $ 3 <= 00000000
               11890@00004d58: $ 2 <= 00000000
               11894@00004d5c: $ 3 <= 00000000
               11898@00004d60: $ 2 <= 00060000
               11902@00004d64: $ 1 <= 00000000
               11906@00004d68: *00000000 <= 00000000
               11914@00004d6c: $ 2 <= 00010000
               11926@00004d80: $ 1 <= 00000000
               11938@00004d88: $ 3 <= 00800000
               11946@00004d90: $ 4 <= 0080000a
               11982@00004db0: $ 3 <= 0080000f
               11990@00004db8: $ 2 <= 00000005
               12046@00004dc4: $ 2 <= 00000000
               12046@00004dc8: *00000000 <= 00000000
               12062@00004dd4: $ 3 <= 00030000
               12066@00004de0: $ 3 <= 01000014
               12070@00004de4: $ 3 <= 0080000a
               12074@00004de8: $ 3 <= 00050000
               12078@00004dec: $ 3 <= 00000000
               12082@00004df0: $ 3 <= ffffffff
               12122@00004e00: $ 1 <= 00000001
               12134@00004e08: $ 3 <= 00000000
               12150@00004e14: $ 4 <= 00000000
               12158@00004e28: *00000000 <= 00000000
               12166@00004e2c: $ 2 <= 000c0000
               12170@00004e30: $ 1 <= 000c0000
               12174@00004e34: $ 4 <= 00000030
               12190@00004e44: $ 1 <= 00000000
               12194@00004e50: $ 1 <= 00000030
               12198@00004e54: $ 1 <= 00000060
               12202@00004e5c: *00000060 <= 00000060
               12202@00004e58: $ 4 <= 00060000
               12214@00004e64: $ 2 <= 00060006
               12230@00004e74: $ 3 <= 000a0000
               12262@00004e7c: $ 2 <= 003c0000
               12274@00004e88: $ 3 <= 0006000c
               12286@00004e90: $ 4 <= fff9fff3
               12318@00004e98: $ 4 <= 00000000
               12322@00004e9c: $ 2 <= 00000000
               12338@00004eac: *00000000 <= 00000000
               12374@00004eb8: $ 3 <= 000a0000
               12490@00004ed0: *00000000 <= 00000000
               12498@00004ed4: $ 1 <= 00000000
               12502@00004ed8: $ 3 <= 00000000
               12510@00004edc: $ 2 <= 00000000
               12522@00004ee4: $ 3 <= 00000000
               12526@00004ee8: $ 1 <= 00000000
               12530@00004eec: $ 1 <= 00000000
               12542@00004ef4: $ 2 <= 000d0000
               12546@00004f00: $ 3 <= 000d0000
               12558@00004f0c: $ 1 <= 000e0000
               12562@00004f10: $ 3 <= 00000000
               12566@00004f18: *00000000 <= 00000000
               12610@00004f28: $ 1 <= 00000006
               12614@00004f30: $ 3 <= 000d0000
               12618@00004f34: $ 3 <= 000d0000
               12626@00004f3c: $ 1 <= 00000000
               12662@00004f48: $ 1 <= 000a0000
               12670@00004f50: $ 3 <= 00040000
               12678@00004f58: $ 1 <= 00000000
               12686@00004f64: $ 2 <= 00000000
               12690@00004f68: $ 4 <= 00000000
               12702@00004f70: $ 3 <= 00000002
               12706@00004f70: $ 3 <= 00000002
               12750@00004f80: $ 3 <= 00000000
               12762@00004f88: $ 3 <= 00000000
               12778@00004f94: $ 1 <= 00000001
               12782@00004f98: $ 3 <= 00000000
               12790@00004f9c: $ 4 <= ffffffff
               12810@00004fa8: $ 3 <= 0001ffff
               12890@00004fb8: $ 2 <= 00000003
               12894@00004fbc: $ 3 <= 00000000
               12898@00004fc4: *00000000 <= 00000100
               12898@00004fc0: $ 4 <= 00000001
               12906@00004fc8: $ 4 <= 000a0000
               12910@00004fcc: $ 2 <= fffc0001
               12926@00004fd8: $ 1 <= fffc0001
               12930@00004fdc: $ 2 <= fffc0001
               12938@00004fe4: $ 4 <= fff80002
               12950@00004ff0: $ 3 <= 00000000
               12954@00004ff4: $ 4 <= 00000008
               12958@00004ff8: $ 1 <= 00000008
               12978@00005000: $ 4 <= 00000008
               12998@00005014: $ 3 <= 00000000
               13006@00005024: $ 4 <= 00000010
               13054@0000502c: $ 4 <= 00000005
               13070@00005034: $ 4 <= 00000000
               13074@00005040: *00000000 <= 00000000
               13086@00005048: $ 4 <= 00000001
               13114@00005058: *00000000 <= 00000100
               13162@00005060: $ 1 <= 00000003
               13166@00005064: $ 1 <= 00000000
               13174@00005068: $ 1 <= 00000000
               13178@0000506c: $ 3 <= 00000000
               13182@00005070: $ 2 <= 00060000
               13186@00005074: $ 3 <= 00000000
               13190@00005078: $ 3 <= 00020000
               13194@0000507c: $ 3 <= 00000000
               13198@00005080: $ 2 <= 00000100
               13206@00005088: $ 1 <= 00000100
               13206@00005090: *00000000 <= 00000100
               13210@00005094: *00000000 <= 00000100
               13218@00005098: $ 2 <= 00000001
               13250@000050a0: $ 2 <= 00000001
               13254@000050a4: $ 1 <= 000a0000
               13270@000050b4: $ 4 <= 00000000
               13278@000050bc: $ 4 <= 00000000
               13282@000050c0: $ 4 <= 00090000
               13294@000050c8: $ 1 <= 00000000
               13310@000050d8: $ 1 <= 00000001
               13374@000050e4: $ 2 <= 00040000
               13382@000050ec: $ 2 <= 00000000
               13386@000050f0: $ 1 <= 000f0000
               13418@000050f8: *00000000 <= 00000000
               13426@000050fc: $ 1 <= 000f000f
               13434@00005104: $ 4 <= 00010000
               13474@0000510c: $ 1 <= 0000000f
               13478@00005110: $ 2 <= 0000000f
               13494@00005118: $ 2 <= 000f0000
               13506@00005124: $ 2 <= 0000003c
               13518@0000512c: $ 1 <= 00000000
               13522@00005130: $ 2 <= 00000000
               13570@00005148: $ 1 <= 00000000
               13590@00005154: $ 4 <= 00080000
               13598@0000515c: $ 4 <= 00000000
               13602@00005160: $ 4 <= 00070000
               13606@00005164: $ 2 <= 000c0000
               13614@0000516c: $ 4 <= 00000000
               13614@00005170: *00000000 <= 00000000
               13622@00005174: $ 4 <= 00000000
               13634@0000517c: $ 3 <= 00070000
               13638@00005180: $ 2 <= 00e00000
               13642@00005184: $ 4 <= 000a0000
               13650@0000518c: $ 1 <= 000b0000
               13666@0000519c: $ 4 <= 00080000
               13670@000051a0: $ 1 <= 00080000
               13678@000051a8: $ 3 <= 00080000
               13766@000051c8: $ 2 <= 00000000
               13774@000051d0: $ 2 <= 00030000
               13778@000051d4: $ 2 <= 00000000
               13786@000051dc: $ 1 <= 00000001
               13794@000051e4: *00000000 <= 00000100
               13802@000051f4: *00000000 <= 00000100
               13810@000051f8: $ 4 <= 00000001
               13826@00005200: $ 2 <= 00000001
               13830@00005200: $ 2 <= 00000001
               13838@00005204: $ 1 <= 00000001
               13850@0000520c: *00000000 <= 00000100
               13866@00005218: $ 1 <= 00000000
               13870@0000521c: $ 4 <= 00000006
               13874@00005220: $ 1 <= 00060000
               13882@00005228: $ 1 <= 00030000
               13886@00005230: $ 3 <= 00080000
               13890@00005238: *00000000 <= 00000100
               13902@00005240: $ 2 <= 00080000
               13906@00005244: $ 1 <= 00000000
               13910@00005248: $ 2 <= 00000000
               13930@00005250: $ 4 <= 00000001
               13934@00005254: $ 3 <= 00000006
               13938@0000525c: *00000004 <= 07010005
               13938@00005258: $ 1 <= 00000001
               13954@0000526c: *00000000 <= 00000100
               13954@00005268: $ 3 <= 00000001
               13962@00005270: $ 2 <= 00000001
               13966@00005274: $ 2 <= 00000001
               13970@00005278: $ 2 <= 00000000
               13978@00005284: *00000000 <= 00000000
               13978@00005280: $ 4 <= 00000000
               13982@00005288: *00000000 <= 00000000
               13990@0000528c: $ 3 <= 00000000
               13994@00005290: $ 2 <= 00000000
               14038@000052a8: $ 3 <= 00000000
               14042@000052b0: $ 1 <= 00040000
               14046@000052b4: $ 2 <= 00000000
               14058@000052c0: $ 1 <= 00080000
               14066@000052c8: $ 3 <= 00000000
               14074@000052cc: $ 4 <= 00080000
               14086@000052d4: $ 1 <= 000c0000
               14102@000052e4: $ 4 <= 00000000
               14114@000052ec: $ 2 <= 00000000
               14118@000052f0: $ 1 <= 000c0000
               14130@000052fc: $ 2 <= 00000005
               14134@00005300: $ 1 <= 00030000
               14146@00005310: $ 2 <= 00020000
               14150@00005314: $ 4 <= 00030000
               14158@0000531c: $ 1 <= 00000000
               14158@00005320: *00000000 <= 00000000
               14166@00005328: *00000000 <= 00000000
               14174@0000532c: $ 1 <= 00000000
               14182@00005330: $ 4 <= 00000000
               14222@00005340: $ 1 <= 00000000
               14226@00005340: $ 1 <= 00000000
               14230@00005344: $ 3 <= 00000000
               14238@0000534c: *00000000 <= 00000000
               14246@00005350: $ 4 <= 00000000
               14250@00005358: *00000000 <= 00020000
               14250@00005354: $ 1 <= 00020000
               14266@00005364: $ 2 <= 00000200
               14270@00005368: $ 3 <= 00020000
               14278@00005370: $ 1 <= 00040000
               14326@00005380: $ 1 <= 000b0000
               14330@00005384: $ 1 <= 000b0000
               14334@00005388: $ 4 <= 000b0003
               14338@0000538c: $ 4 <= 00050000
               14350@00005398: $ 1 <= 00000200
               14354@000053a0: $ 3 <= 00000004
               14358@000053a4: $ 1 <= fffffdff
               14370@000053a8: $ 3 <= 00000002
               14378@000053b0: $ 3 <= 00070000
               14382@000053b4: $ 2 <= 000f0000
               14386@000053b8: $ 3 <= 00080000
               14398@000053c4: $ 4 <= 00000000
               14402@000053c8: $ 2 <= 00080000
               14414@000053d0: $ 1 <= 0008000c
               14422@000053d8: $ 1 <= 00080000
               14466@000053f0: *00000080 <= 00000080
               14466@000053ec: $ 2 <= 00000080
               14474@000053f4: $ 3 <= 00000080
               14482@000053fc: $ 2 <= 00000000
               14486@00005400: $ 1 <= 00080000
               14490@00005404: $ 2 <= 00000000
               14494@00005408: $ 3 <= 00000001
               14506@00005410: $ 4 <= 00000001
               14514@00005418: $ 4 <= 00000001
               14518@0000541c: $ 2 <= 00030000
               14522@00005420: $ 4 <= 0003000a
               14526@00005424: $ 2 <= 00000c00
               14530@00005428: $ 2 <= 00000c04
               14558@0000542c: $ 1 <= 00000001
               14570@00005434: $ 4 <= 00000000
               14574@00005440: $ 2 <= 00000c0c
               14578@00005444: $ 2 <= 00001818
               14582@00005448: $ 1 <= 000b0000
               14586@0000544c: $ 2 <= 00000000
               14590@00005450: $ 2 <= 00000000
               14606@00005460: $ 1 <= 00000000
               14618@0000546c: *00000000 <= 00020000
               14618@00005468: $ 1 <= 00000000
               14630@00005474: $ 2 <= 00000000
               14634@00005478: $ 4 <= 00000000
               14638@0000547c: $ 2 <= 0000000e
               14646@00005484: $ 3 <= 0000000e
               14654@00005490: *0000000c <= 000e0000
               14702@00005494: $ 4 <= 00000001
               14706@00005498: $ 1 <= 00000005
               14710@0000549c: $ 4 <= fffffffc
               14710@000054a0: *00000000 <= 0002fffc
               14714@000054a4: *00000000 <= 0002fffc
               14730@000054b0: $ 4 <= 00070000
               14734@000054b4: $ 2 <= 00050000
               14758@000054bc: $ 1 <= 00070000
               14774@000054c8: $ 4 <= 00000380
               14778@000054d0: *00000000 <= 00020000
               14778@000054cc: $ 2 <= 00000000
               14786@000054d4: $ 4 <= 00000000
               14790@000054d8: $ 1 <= 00080000
               14798@000054e0: $ 3 <= 00070000
               14834@000054f4: $ 4 <= 00000040
               14846@00005508: $ 4 <= 00080000
               14890@0000551c: $ 3 <= 00000001
               14894@00005520: $ 4 <= 00000001
               14898@00005524: $ 1 <= 00000001
               14902@00005528: $ 3 <= 00070000
               14914@00005534: $ 1 <= 00060000
               14926@00005540: $ 1 <= 00000000
               14966@00005550: $ 2 <= 00000000
               14974@00005558: $ 1 <= 00000000
               15002@00005564: $ 1 <= 00000000
               15014@0000556c: *00000000 <= 00020000
               15022@00005570: $ 3 <= 00000000
               15026@00005574: $ 1 <= 00060000
               15038@00005580: $ 2 <= 00060000
               15042@00005580: $ 2 <= 00060000
               15062@0000558c: $ 3 <= 00000000
               15074@00005594: $ 4 <= 00000000
               15078@000055a0: $ 3 <= 00000030
               15082@000055a4: $ 2 <= 00000008
               15090@000055a8: $ 2 <= 00000001
               15094@000055ac: $ 1 <= 00000000
               15098@000055b0: $ 3 <= 00000000
               15106@000055b8: $ 1 <= 00000000
               15114@000055bc: $ 3 <= 00000000
               15122@000055c0: $ 3 <= 00000000
               15126@000055c4: $ 4 <= 00000001
               15130@000055c8: $ 1 <= 0000000c
               15134@000055cc: $ 4 <= 0000000c
               15142@000055d4: $ 3 <= 0000000c
               15170@000055dc: $ 4 <= 00000013
               15174@000055e0: $ 1 <= 00000000
               15210@000055f0: $ 4 <= 00020000
               15222@000055fc: $ 4 <= 00010000
               15226@00005600: $ 1 <= 000e0000
               15230@00005604: $ 3 <= 00000000
               15278@00005610: $ 2 <= 00080000
               15282@00005614: $ 3 <= 00000000
               15286@00005618: $ 1 <= 00000000
               15306@00005620: $ 1 <= 00000000
               15314@00005628: $ 1 <= 00000000
               15318@00005630: $ 3 <= 00060000
               15334@00005638: $ 2 <= 0008000a
               15338@0000563c: $ 2 <= 00080000
               15350@00005650: $ 3 <= 00080000
               15358@00005658: $ 4 <= fff7ffff
               15370@00005664: $ 3 <= 00000000
               15390@00005674: $ 1 <= 00080000
               15410@00005684: $ 4 <= 00080000
               15414@00005688: $ 4 <= 00000000
               15418@0000568c: $ 1 <= 00000001
               15430@00005694: $ 2 <= 00000000
               15486@000056a0: *00000000 <= 00000000
               15538@000056b0: $ 2 <= 00000000
               15542@000056b4: $ 3 <= 00000000
               15546@000056bc: *00000000 <= 00000000
               15546@000056b8: $ 4 <= 00000000
               15558@000056c4: $ 2 <= 00000000
               15590@000056d0: $ 4 <= 00010000
               15594@000056d4: $ 3 <= 00040000
               15610@000056dc: $ 4 <= 00000000
               15614@000056e0: $ 3 <= 00040000
               15622@000056e8: $ 2 <= 00000000
               15626@000056ec: $ 1 <= 00000000
               15630@000056f0: *00000000 <= 00000000
               15642@000056f8: $ 2 <= 00000000
               15754@0000570c: $ 3 <= 00000000
               15778@00005714: $ 1 <= 00000000
               15782@00005718: $ 3 <= 00000000
               15786@0000571c: $ 2 <= 00000000
               15790@00005720: $ 4 <= 00000000
               15794@00005724: $ 1 <= 00090000
               15798@00005728: $ 2 <= 00000000
               15802@0000572c: $ 1 <= 00000000
               15810@00005730: $ 4 <= 00000000
               15814@00005734: $ 1 <= 00000000
               15818@0000573c: *00000000 <= 00000000
               15818@00005738: $ 1 <= 00000000
               15826@00005740: $ 2 <= 00000000
               15834@0000574c: *00000000 <= 00000000
               15850@00005758: $ 2 <= 00000000
               15854@0000575c: $ 4 <= 000a0000
               15862@00005770: *00000000 <= 00000000
               15870@00005774: $ 3 <= ffffffff
               15922@00005788: $ 1 <= 00000000
               15930@00005790: $ 4 <= 00000001
               16022@00005798: $ 2 <= 00000001
               16034@000057a4: *00000000 <= 00000100
               16042@000057ac: *00000000 <= 00000100
               16050@000057b0: $ 1 <= 00070000
               16062@000057bc: $ 4 <= 00000000
               16066@000057c0: $ 1 <= 00000100
               16074@000057c4: $ 1 <= 00000000
               16082@000057c8: $ 2 <= ffffffff
               16106@000057cc: $ 1 <= 00000001
               16110@000057d0: $ 3 <= 00000002
               16114@000057d4: $ 1 <= 00080000
               16118@000057d8: $ 3 <= 0000000b
               16126@000057e0: $ 2 <= 00000001
               16130@000057e4: $ 3 <= 00000000
               16134@000057e8: $ 1 <= 000d0000
               16138@000057ec: $ 3 <= 000b0000
               16158@000057f8: $ 3 <= 000b0000
               16162@000057fc: $ 3 <= 00000000
               16170@00005808: *00000004 <= 00000004
               16170@00005804: $ 3 <= 00000004
               16254@00005824: *00000000 <= 00000100
               16262@00005828: $ 2 <= 00090000
               16270@00005830: $ 3 <= 00000240
               16270@00005834: *00000000 <= 00000000
               16278@00005838: $ 4 <= 00000240
               16282@0000583c: $ 3 <= 000d0000
               16290@00005844: $ 1 <= 00000010
               16294@00005848: $ 4 <= 00000000
               16298@0000584c: $ 2 <= 00040000
               16310@00005858: $ 1 <= 00040000
               16318@00005860: $ 1 <= 00020000
               16394@00005870: $ 3 <= 00000000
               16438@00005874: $ 3 <= 00000000
               16442@00005878: $ 4 <= 00000000
               16462@00005888: $ 4 <= 00000000
               16466@0000588c: $ 3 <= 00040000
               16470@00005890: $ 2 <= 00000001
               16474@00005894: $ 4 <= 00000000
               16482@0000589c: $ 4 <= fffbfffe
               16502@000058b0: $ 3 <= 00000020
               16506@000058b4: $ 3 <= 00000005
               16514@000058bc: *00000004 <= 00000504
               16514@000058b8: $ 4 <= 0000000a
               16522@000058c0: $ 4 <= 00100004
               16530@000058c8: $ 3 <= 00000000
               16534@000058cc: $ 4 <= 00100004
               16550@000058dc: $ 3 <= 00010000
               16598@000058e4: $ 1 <= 00010000
               16622@000058e8: $ 1 <= 00000000
               16694@000058f8: $ 1 <= 00010000
               16718@00005910: $ 2 <= 00000000
               16726@00005918: $ 3 <= 00000000
               16730@0000591c: $ 3 <= 00000000
               16734@00005920: $ 4 <= 00000000
               16734@00005924: *00000000 <= 00000000
               16738@00005928: *00000000 <= 00000000
               16746@0000592c: $ 2 <= 00000000
               16754@00005934: *00000000 <= 00000000
               16766@00005944: $ 1 <= 00040000
               16770@0000594c: *00000000 <= 00000000
               16782@00005954: $ 1 <= 00000000
               16786@00005958: $ 3 <= 00000000
               16798@00005964: $ 1 <= 00000000
               16802@00005970: $ 4 <= ffffffff
               16806@00005974: $ 1 <= 00000000
               16814@00005978: $ 2 <= ffffffff
               16818@0000597c: $ 2 <= ffffffff
               16830@00005984: $ 3 <= 00000000
               16842@0000598c: *00000000 <= 00000000
               16850@00005990: $ 1 <= 00000000
               16858@00005998: $ 2 <= 00020000
               16862@0000599c: $ 2 <= 00000000
               16866@000059a0: $ 1 <= 00000000
               16870@000059a4: $ 4 <= 00000000
               16874@000059a8: $ 3 <= 00050000
               16878@000059ac: $ 1 <= 00000000
               16914@000059b8: $ 2 <= 00000000
               16938@000059bc: $ 2 <= 00000000
               16942@000059c0: $ 1 <= 00010000
               16946@000059c4: $ 1 <= ffffffff
               16950@000059c8: $ 1 <= 00000000
               16958@000059d0: $ 1 <= 00000000
               16962@000059d4: $ 1 <= 00000000
               16970@000059d8: $ 3 <= 00000001
               16982@000059e4: $ 3 <= 00000000
               16986@000059e8: *00000000 <= 00000000
               16994@000059ec: $ 2 <= 000c0000
               16998@000059f0: $ 3 <= 00060000
               17026@000059f4: $ 2 <= 00000001
               17030@000059f8: $ 4 <= 00000001
               17038@00005a00: $ 2 <= 00020000
               17086@00005a08: $ 3 <= 00020001
               17110@00005a0c: $ 4 <= 00000004
               17114@00005a10: $ 4 <= 00000004
               17118@00005a14: $ 4 <= 00000000
               17134@00005a24: $ 3 <= 00000007
               17134@00005a28: *00000004 <= 00000504
               17158@00005a30: $ 4 <= 00000000
               17162@00005a34: $ 2 <= 00000001
               17166@00005a38: $ 4 <= 00000001
               17206@00005a44: *00000000 <= 00000100
               17262@00005a50: $ 3 <= 00000000
               17266@00005a50: $ 3 <= 00000000
               17298@00005a58: $ 3 <= 00000000
               17334@00005a64: $ 2 <= 00000000
               17338@00005a68: $ 1 <= 00000100
               17346@00005a6c: $ 2 <= 00000100
               17358@00005a78: $ 4 <= 00000000
               17370@00005a80: $ 4 <= 00000000
               17374@00005a80: $ 4 <= 00000000
               17378@00005a84: $ 2 <= 00010000
               17382@00005a8c: *00000000 <= 00000100
               17410@00005a90: $ 3 <= 00000000
               17414@00005a94: $ 2 <= 00060000
               17450@00005aa4: $ 3 <= 00000000
               17454@00005aa8: $ 3 <= 00060000
               17458@00005aac: $ 1 <= 0006000f
               17478@00005abc: $ 2 <= 6000f000
               17550@00005ac4: $ 2 <= 2400b400
               17658@00005adc: $ 1 <= 38000000
               17670@00005ae4: $ 4 <= 38000000
               17674@00005af0: $ 1 <= 0001c000
               17678@00005af4: $ 2 <= 00000000
               17686@00005afc: $ 1 <= 0001c000
               17734@00005b14: $ 2 <= 00000000
               17738@00005b18: $ 2 <= 00000000
               17742@00005b1c: $ 4 <= 0001c005
               17754@00005b28: $ 3 <= 00000000
               17782@00005b34: $ 1 <= 00000000
               17786@00005b38: $ 3 <= 00000000
               17806@00005b40: $ 1 <= 00000000
               17838@00005b4c: *00000000 <= 00000100
               17850@00005b54: $ 2 <= 00000000
               17874@00005b68: $ 3 <= 00000000
               17878@00005b6c: $ 1 <= 00000000
               17882@00005b70: $ 2 <= 00000100
               17886@00005b74: *00000000 <= 00000000
               17898@00005b7c: $ 3 <= 00000000
               17902@00005b80: $ 4 <= 00000000
               17906@00005b84: $ 2 <= 00000001
               17910@00005b88: $ 4 <= 000b0000
               17910@00005b8c: *00000000 <= 00000000
               17954@00005b9c: $ 1 <= 000d0000
               17958@00005ba0: $ 1 <= 00000079
               17970@00005ba8: $ 2 <= 00000000
               17974@00005bb0: $ 1 <= 00000079
               17978@00005bb4: $ 3 <= 00000000
               17986@00005bb8: $ 1 <= 00000000
               17990@00005bbc: $ 4 <= 00000000
               17990@00005bc0: *00000000 <= 00000000
               17998@00005bc4: $ 4 <= 000c0000
               18034@00005be8: *00000000 <= 000c0000
               18042@00005bec: $ 4 <= 000c0000
               18050@00005bf4: $ 1 <= 000c0000
               18058@00005bfc: $ 1 <= 00000000
               18062@00005c00: $ 1 <= 00000000
               18074@00005c08: $ 3 <= 00000000
               18078@00005c0c: $ 2 <= 000c0000
               18086@00005c10: $ 3 <= 000c0000
               18094@00005c18: $ 1 <= fff3ffff
               18102@00005c20: $ 4 <= 00000000
               18106@00005c24: $ 2 <= fff3ffff
               18114@00005c2c: $ 3 <= fff3ffff
               18122@00005c38: *00000000 <= ffffcfff
               18122@00005c34: $ 4 <= ffffcfff
               18138@00005c44: $ 2 <= fff3ffff
               18142@00005c48: $ 2 <= 00000000
               18154@00005c50: $ 4 <= fff3ffff
               18158@00005c50: $ 4 <= fff3ffff
               18178@00005c64: $ 2 <= 00070000
               18182@00005c68: $ 4 <= 00060000
               18210@00005c74: $ 2 <= 00060000
               18282@00005c98: $ 1 <= 00060000
               18286@00005c9c: $ 3 <= 00060000
               18306@00005cac: $ 4 <= 00060000
               18310@00005cb0: $ 3 <= 00000000
               18314@00005cb4: $ 4 <= ffffffff
               18318@00005cb8: *00000000 <= ffffffff
               18326@00005cbc: $ 4 <= 0000ffff
               18334@00005cc0: $ 2 <= 00000000
               18342@00005cc8: *00000000 <= ffffff00
               18354@00005cd0: $ 1 <= 00000000
               18358@00005cd4: $ 3 <= 00000000
               18362@00005cd8: $ 2 <= 00040000
               18366@00005cdc: $ 1 <= 000d0000
               18370@00005ce0: $ 1 <= 00000000
               18374@00005ce4: $ 2 <= 00000000
               18378@00005ce8: $ 3 <= 00000000
               18386@00005cf0: $ 3 <= 00060000
               18398@00005cf8: $ 1 <= 00000000
               18406@00005d00: $ 4 <= 00000000
               18410@00005d04: *00000000 <= ffffff00
               18418@00005d08: $ 3 <= ffffff00
               18422@00005d0c: $ 1 <= 00000000
               18458@00005d1c: $ 2 <= 0000ff00
               18490@00005d2c: $ 2 <= 0000ff00
               18522@00005d40: *00000000 <= ffffff00
               18530@00005d44: $ 2 <= 00000001
               18538@00005d4c: *00000000 <= ffff0100
               18550@00005d54: $ 2 <= 00010000
               18566@00005d64: $ 1 <= 00010000
               18570@00005d68: $ 2 <= 00010000
               18622@00005d7c: $ 1 <= 00000000
               18622@00005d80: *00000000 <= ffff0100
               18630@00005d84: $ 4 <= 0000000f
               18638@00005d8c: $ 1 <= 00000000
               18650@00005d94: $ 3 <= 00000005
               18658@00005da4: $ 3 <= 00000000
               18662@00005da8: $ 4 <= 08000000
               18666@00005db0: *00000000 <= ffff0000
               18666@00005dac: $ 2 <= 00000000
               18674@00005db4: $ 2 <= 00000001
               18678@00005db8: $ 1 <= 00000008
               18686@00005dc0: $ 1 <= 00000010
               18694@00005dc8: $ 3 <= 000a0000
               18706@00005dd4: $ 3 <= 00000000
               18710@00005dd8: $ 1 <= 00000000
               18714@00005ddc: $ 1 <= 00030000
               18718@00005de0: $ 1 <= 00000000
               18722@00005de4: $ 2 <= 00010000
               18730@00005dec: $ 3 <= 00000000
               18734@00005df0: $ 2 <= 00000000
               18754@00005e04: $ 2 <= 00030000
               18766@00005e10: $ 2 <= 00000000
               18770@00005e10: $ 2 <= 00000000
               18782@00005e18: $ 1 <= ffff0000
               18790@00005e20: $ 1 <= ffff000a
               18798@00005e28: $ 2 <= 00000000
               18802@00005e2c: $ 2 <= 00000000
               18818@00005e38: $ 4 <= 00000000
               18850@00005e44: *00000000 <= ffff0000
               18850@00005e40: $ 2 <= 00000000
               18858@00005e48: $ 2 <= 00000000
               18870@00005e50: $ 3 <= 0000000d
               18874@00005e54: $ 4 <= 0000000e
               18878@00005e58: $ 4 <= 00020000
               18882@00005e5c: $ 2 <= 00020008
               18886@00005e60: $ 3 <= 00000000
               18898@00005e6c: $ 1 <= 00000000
               18910@00005e74: $ 1 <= 00000000
               18926@00005e80: $ 4 <= 000d0000
               18930@00005e84: $ 2 <= 00000000
               18990@00005e98: $ 2 <= 00050000
               18998@00005ea4: $ 2 <= 0005000c
               19014@00005eb4: $ 2 <= 00000000
               19018@00005ebc: *00000000 <= ffff0000
               19034@00005ec8: $ 2 <= 00090000
               19058@00005ecc: $ 3 <= 00000000
               19070@00005ed4: $ 1 <= 00000000
               19082@00005ee8: $ 1 <= 000c0000
               19086@00005eec: $ 2 <= 80000000
               19106@00005ef0: $ 4 <= 00000000
               19110@00005ef4: $ 3 <= 00080000
               19114@00005ef8: $ 2 <= 00000000
               19118@00005efc: $ 2 <= 00000000
               19126@00005f00: $ 3 <= 00000000
               19138@00005f08: $ 2 <= 00000000
               19150@00005f10: $ 2 <= 00000000
               19162@00005f14: $ 4 <= 00000000
               19170@00005f1c: $ 1 <= 00000000
               19186@00005f24: $ 4 <= 00000002
               19190@00005f30: $ 4 <= 00000000
               19230@00005f44: $ 2 <= 00000000
               19242@00005f50: $ 3 <= 00000000
               19246@00005f54: $ 1 <= 00000000
               19254@00005f60: *00000000 <= ffff0000
               19262@00005f64: $ 4 <= ffffffff
               19266@00005f6c: *00000000 <= 00000000
               19266@00005f68: $ 3 <= 00000000
