@00003000: $28 <= 00000000
@00003004: $29 <= 00000000
@00003008: $ 3 <= 00000001
@00003010: $ 3 <= 00000000
@00003014: $10 <= 00000000
@0000301c: $ 3 <= 00000000
@00003020: $18 <= 00000000
@00003024: $ 3 <= 00000001
@0000302c: $10 <= 00000001
@00003030: $18 <= 00000001
@00003034: $10 <= 00000001
@0000303c: $ 3 <= 00000001
@00003044: $18 <= 00000004
@00003050: $10 <= 00000000
@00003054: $10 <= 0000e5e7
@00003058: $18 <= 00000000
@00003060: $ 3 <= 00000000
@00003064: *00000000 <= 00000000
@00003068: $18 <= 00000000
@0000306c: $18 <= 00000000
@00003070: $10 <= 00000000
@00003074: $10 <= 00000000
@00003078: $10 <= 00000000
@00003084: $10 <= 00000000
@00003088: *00000008 <= 00000000
@0000308c: $ 3 <= ffffffff
@00003090: $10 <= 00000000
@00003094: *00000000 <= ff000000
@00003098: $10 <= 00000000
@0000309c: *0000000c <= 000000ff
@000030a4: $ 3 <= 00000000
@000030a8: $10 <= 00000000
@000030ac: $ 3 <= 00000000
@000030b0: $18 <= 00000000
@000030b4: $ 3 <= fffff22f
@000030b8: $18 <= ffffffff
@000030bc: $ 3 <= ffffffff
@000030c0: $10 <= 00000000
@000030c4: $ 3 <= 00000001
@000030c8: $ 3 <= 00000000
@000030cc: $10 <= 0000ff00
@000030d0: $ 3 <= ffffffff
@000030d4: $18 <= 00000000
@000030d8: $18 <= 00000000
@000030dc: $18 <= 00000000
@000030e0: *00000004 <= ffff0000
@000030e4: $ 3 <= 00000000
@000030e8: $10 <= ffff0000
@000030ec: $18 <= fffedf30
@000030f0: $10 <= fffee62f
@000030f8: $ 3 <= 00000000
@000030fc: *00000000 <= e62f0000
@00003100: $10 <= 00000000
@00003104: $18 <= ffffffff
@00003108: $10 <= 00000000
@0000310c: $18 <= 00000001
@00003110: $18 <= 00000000
@00003114: $10 <= 00000000
@00003118: *00000008 <= 00000000
@0000311c: $18 <= ffffffff
@00003124: $10 <= 08780000
@0000312c: $18 <= 00000000
@00003130: $10 <= 0000002f
@00003138: $18 <= 00000000
@00003140: $ 3 <= 56da0000
@00003144: $31 <= 0000314c
@00003148: $10 <= 00000010
@00003150: $10 <= 0000315c
@00003154: $18 <= 0000315c
@0000315c: $10 <= 00000000
@00003160: $18 <= e62f0000
@00003164: $ 3 <= 00000000
@00003168: $18 <= 00000000
@0000316c: $10 <= 00000000
@00003170: $10 <= 00000000
@00003174: *00000000 <= 00000000
@00003178: $ 3 <= 00000000
@0000317c: $18 <= 0000b613
@00003180: $ 3 <= 00000000
@00003184: $10 <= 0000b613
@0000318c: $18 <= 00000000
@00003190: $18 <= 00000000
@00003198: $ 3 <= 00000001
@000031a0: $18 <= 00000000
@000031a4: $ 3 <= 00000000
@000031a8: $18 <= 00000001
@000031ac: $18 <= 00000000
@000031b0: $18 <= 00000000
@000031b4: $10 <= ffffffff
@000031b8: $18 <= 00000000
@000031bc: $10 <= ffffffff
@000031c0: $18 <= 00000001
@000031c4: $ 3 <= 00000001
@000031c8: $ 3 <= 00000000
@000031cc: $ 3 <= 00000000
@000031d4: $ 3 <= 00000001
@000031dc: $18 <= 00000000
@000031e0: $ 3 <= 00000000
@000031e4: *00000004 <= 00000000
@000031e8: $18 <= 00000000
@000031ec: *00000008 <= 00000000
@000031f0: $10 <= 00000000
@000031f4: $18 <= ffffffff
@000031fc: $ 3 <= 00000000
@00003200: *00000000 <= 00000000
@00003204: $10 <= 00000000
@00003208: $18 <= 00000000
@0000320c: $10 <= 00000000
@00003210: $18 <= 00000000
@00003214: $ 3 <= 00000000
@00003218: $10 <= ffffffff
@00003220: $ 3 <= 00000000
@00003224: *00000000 <= 00000000
@00003228: $ 3 <= 00000000
@00003230: $18 <= 00000000
@00003234: $10 <= 00000000
@00003238: $10 <= 00000000
@0000323c: $10 <= 00000000
@00003244: $ 3 <= 00000000
@00003248: $18 <= 00000000
@0000324c: $10 <= 00000000
@00003254: $10 <= 00004747
@0000325c: $18 <= 00001efa
@00003260: $18 <= 00004402
@0000326c: $10 <= 00000000
@00003270: $10 <= 00000000
@00003274: $ 3 <= 00000000
@00003278: $ 3 <= 000000ff
@0000327c: $10 <= 00000000
@00003280: *00000000 <= 44020000
@00003284: $ 3 <= 00000000
@00003288: $10 <= 00000000
@0000328c: $ 3 <= 00000000
@00003290: $ 3 <= ffffffff
@00003294: $10 <= ffffbbfd
@00003298: $10 <= 00000000
@0000329c: $18 <= 00000000
@000032a0: $ 3 <= 00000000
@000032a4: $ 3 <= 00000000
@000032b4: $18 <= ffffffff
@000032bc: $ 3 <= 00000000
@000032c0: $10 <= 00000000
@000032c4: $10 <= fffffffe
@000032cc: $10 <= ffffffff
@000032d0: $ 3 <= 00000000
@000032d4: $ 3 <= 00000000
@000032dc: $10 <= fffffffe
@000032e0: $31 <= 000032e8
@000032e4: $ 3 <= 00000010
@000032ec: $ 3 <= 000032f8
@000032f8: $10 <= 00000000
@000032fc: *0000000c <= 000000ff
@00003300: $10 <= 00000000
@00003304: $18 <= 00004402
@00003308: $18 <= 00000000
@0000330c: $18 <= 00000000
@00003310: $18 <= 00000000
@00003314: $31 <= 0000331c
@00003318: $10 <= 00000010
@00003320: $10 <= 0000332c
@00003324: $18 <= 0000332c
@00003330: $18 <= 0332c000
@00003338: $18 <= 000032f8
@0000333c: $18 <= 00000000
@00003340: $18 <= 00000000
@00003344: $18 <= ffffcd07
@00003348: $18 <= 000032f8
@0000334c: $18 <= 00000034
@00003350: $31 <= 00003358
@00003354: $ 3 <= 00000010
@0000335c: $ 3 <= 00003368
@00003360: $ 3 <= 00003368
@00003368: $10 <= 00000000
@0000336c: $10 <= 000000ff
@00003370: $10 <= 00000000
@00003378: $10 <= 000073ab
@00003380: $10 <= 0000019b
@0000338c: $10 <= 00000000
@00003390: $ 3 <= 00003369
@00003398: $18 <= 0000001a
@000033a0: $18 <= 00003369
@000033a8: $18 <= 00000000
@000033ac: *00000000 <= 00000000
@000033b4: $10 <= 0000377d
@000033b8: $ 3 <= 00000000
@000033bc: $18 <= 00000000
@000033c0: $18 <= 00000000
@000033c4: *00000008 <= 00000000
@000033cc: $ 3 <= 00000000
@000033d0: *0000000c <= 000000ff
@000033d4: $18 <= 00000001
@000033d8: $18 <= 00000000
@000033dc: $10 <= 00000000
@000033e0: $10 <= 00000001
@000033e8: $18 <= 00000002
@000033ec: $10 <= 00000004
@000033f0: $ 3 <= 00000000
@000033f4: $18 <= 00000000
@000033f8: $31 <= 00003400
@000033fc: $ 3 <= 00000010
@00003404: $ 3 <= 00003410
@00003408: $ 3 <= 00003410
@00003410: $10 <= 00000000
@00003414: $10 <= 00000000
@00003418: $18 <= 00000000
@0000341c: $ 3 <= 00000000
@00003424: $ 3 <= 00000000
@0000342c: $ 3 <= 0000fc84
@00003430: $ 3 <= 00000000
@00003434: *0000000c <= 00000000
@0000343c: $10 <= 00000000
@00003440: $18 <= 00000000
@00003444: $10 <= 00000000
@00003448: $ 3 <= 00000000
@00003454: $10 <= 00000000
@00003458: $18 <= 00000000
@0000345c: $10 <= 00000000
@00003464: $ 3 <= 00000000
@00003468: $ 3 <= 00000001
@00003470: $ 3 <= 00000000
@00003478: $18 <= 00000000
@0000347c: *0000000c <= 00000000
@00003480: $10 <= 00000000
@00003484: $18 <= 00000000
@0000348c: $ 3 <= 00000000
@00003490: $18 <= 00000000
@00003494: $ 3 <= 00000000
@00003498: $ 3 <= 00000000
@0000349c: $ 3 <= 00000000
@000034a0: *00000000 <= 00000000
@000034a4: $ 3 <= ffff8522
@000034a8: $10 <= 00000000
@000034ac: $10 <= 00000000
@000034b0: $ 3 <= 00000000
@000034b8: $10 <= 00000000
@000034c0: $18 <= 00000000
@000034c4: $10 <= 00000000
@000034c8: $10 <= 00000000
@000034cc: $10 <= 00000000
@000034d0: *0000000c <= 00000000
@000034d4: $ 3 <= 00000000
@000034d8: $18 <= 00000000
@000034dc: $18 <= 00000000
@000034e4: $18 <= 00000000
@000034ec: $10 <= 00000000
@000034f0: $10 <= 00000000
@000034f4: *00000008 <= 00000000
@000034f8: $10 <= 00000000
@000034fc: $18 <= ffffffff
@00003504: $ 3 <= 00000000
@00003508: *00000000 <= ffffffff
@0000350c: $ 3 <= ffc00000
@00003510: $10 <= 00000000
@00003518: $10 <= 00000000
@00003524: $18 <= 00000001
@00003528: $18 <= 00000000
@0000352c: $ 3 <= 00000000
@00003530: $10 <= 00000000
@00003534: $ 3 <= 00000000
@0000353c: $ 3 <= 00000000
@00003540: $18 <= 00000000
@00003544: *00000008 <= 00000000
@00003548: $ 3 <= 00000000
@0000354c: $ 3 <= 00000001
@00003550: $ 3 <= 2c940000
@00003554: $10 <= 00000000
@00003558: $18 <= 00000000
@0000355c: $ 3 <= 00000001
@00003560: $18 <= 00000000
@00003564: $10 <= ffffffff
@00003568: $18 <= 00000000
@0000356c: $18 <= 000000ff
@00003570: $18 <= 00000000
@00003584: $18 <= 00000000
@00003588: $ 3 <= 00000001
@0000358c: $31 <= 00003594
@00003590: $10 <= 00000010
@00003598: $10 <= 000035a4
@000035a4: $18 <= ffffba0c
@000035ac: $ 3 <= 00000000
@000035b4: $18 <= 00000000
@000035c4: $18 <= 00000001
@000035cc: $ 3 <= 00035a40
@000035d8: $10 <= 000035a5
@000035e0: $ 3 <= 000035a6
@000035e4: $ 3 <= 000035a7
@000035e8: $ 3 <= 00000000
@000035ec: *00000008 <= 00000000
@000035f0: $18 <= 00000000
@000035f8: $ 3 <= 00000000
@00003604: $10 <= 00000001
@0000360c: $18 <= fffffffe
@00003610: $ 3 <= 00000002
@00003614: $ 3 <= 00000000
@00003618: $18 <= 00000000
@0000361c: $10 <= 00000000
@00003620: $10 <= 00000001
@00003628: $10 <= 00000000
@0000362c: $ 3 <= 00000000
@00003630: $ 3 <= 00000000
@00003638: $10 <= 00000000
@0000363c: $ 3 <= 00000000
@00003640: $18 <= 00000000
@00003644: $ 3 <= 00000001
@0000364c: $ 3 <= 00000000
@00003650: $18 <= 00000000
@00003654: $18 <= 00000000
@0000365c: $ 3 <= 00000000
@00003668: $18 <= 00000000
@00003670: $ 3 <= 00000000
@00003678: $ 3 <= 00003c7f
@0000367c: $18 <= 00000000
@00003680: $18 <= 00000000
@00003688: $10 <= 00003f90
@0000368c: $18 <= 00003080
@00003694: $10 <= 00000000
@00003698: $10 <= 00000000
@000036a0: $10 <= 00000000
@000036a4: $10 <= 00000000
@000036a8: $ 3 <= 00003080
@000036ac: $18 <= 00000000
@000036b0: $ 3 <= 0c960000
@000036b4: $18 <= 00000001
@000036bc: $10 <= 00000000
@000036c8: $ 3 <= 00000000
@000036cc: $18 <= 00000000
@000036d0: *00000004 <= 00000000
@000036d8: $10 <= 00000000
@000036dc: $ 3 <= 00000000
@000036e0: $10 <= 00000000
@000036e4: $ 3 <= 00000000
@000036e8: $ 3 <= 00000000
@000036f4: $10 <= 00000000
@000036f8: $18 <= 00000000
@000036fc: $ 3 <= 00000000
@00003700: $ 3 <= 00000000
@00003704: $18 <= ffffffff
@0000370c: $10 <= 00000000
@00003714: $10 <= 1c060000
@0000371c: $ 3 <= 00000000
@00003720: $10 <= 00000000
@00003724: $18 <= 00000000
@00003728: $ 3 <= 00000000
@0000372c: $10 <= 00000000
@00003730: $31 <= 00003738
@00003734: $18 <= 00000010
@0000373c: $18 <= 00003748
@0000374c: $10 <= 00000000
@00003758: $10 <= 00000000
@0000375c: $18 <= 00003748
@00003760: $ 3 <= 00000000
@00003764: $ 3 <= 00000001
@00003768: $ 3 <= 00003748
@00003770: $10 <= 00000000
@00003774: $18 <= 00000000
@00003778: $10 <= 00000000
@0000377c: $18 <= 00000000
@00003780: $10 <= 000000ff
@00003784: $ 3 <= 000037ff
@00003788: $10 <= 000000ff
@00003790: $ 3 <= 00000000
@00003798: $ 3 <= 000000ff
@0000379c: $10 <= 00000001
@000037a0: $ 3 <= 0000f2ff
@000037a4: $10 <= 00000000
@000037a8: $10 <= 00000000
@000037ac: $ 3 <= 00000001
@000037b0: $18 <= 00000001
@000037b8: $18 <= 00000000
@000037c0: $ 3 <= 00000000
@000037c4: $10 <= 00000000
@000037c8: *00000004 <= 00000000
@000037cc: $18 <= 00000000
@000037d8: $18 <= 00000000
@000037dc: $10 <= 00000000
@000037e0: *00000000 <= 00000000
@000037e8: $ 3 <= 00000000
@000037f0: $18 <= 00000000
@000037f4: $ 3 <= 00000000
@000037f8: $10 <= 00000000
@000037fc: *00000004 <= 00000000
@00003800: $10 <= 00000000
@00003804: $18 <= 00000000
@0000380c: $18 <= f05f0000
@00003814: $10 <= 00000001
@00003818: $31 <= 00003820
@0000381c: $18 <= 00000010
@00003824: $18 <= 00003830
@00003828: $10 <= 00003830
@00003830: $18 <= 00003831
@00003838: $18 <= 00000000
@0000383c: $ 3 <= 00000000
@00003840: $10 <= 00000000
@00003844: $18 <= bddb0000
@00003848: $ 3 <= 00003830
@0000384c: $18 <= 00000000
@00003850: $ 3 <= 00000000
@00003854: $ 3 <= 0000418c
@00003858: $10 <= 00000000
@0000385c: $18 <= 00000000
@00003860: $10 <= 0000418c
@00003864: $ 3 <= 0000418c
@00003868: $18 <= 00000000
@0000386c: $10 <= 0000418c
@00003870: $10 <= 0000400c
@00003874: $ 3 <= 00000000
@00003878: $ 3 <= 00000000
@0000387c: $10 <= ffffbff3
@00003880: $10 <= 00000000
@00003884: $ 3 <= 00000000
@00003888: $18 <= 00000001
@00003890: $ 3 <= 00000000
@00003894: $18 <= ffffffff
@00003898: $18 <= 00000000
@0000389c: $18 <= 00000000
@000038a0: $18 <= 00000000
@000038a4: $18 <= 00000000
@000038a8: $18 <= 00000000
@000038b0: $18 <= 00000000
@000038b8: $ 3 <= 00000000
@000038bc: $10 <= 00000a06
@000038c0: $31 <= 000038c8
@000038c4: $18 <= 00000010
@000038cc: $18 <= 000038d8
@000038d0: $18 <= 000038d8
@000038d8: $10 <= 00000a06
@000038dc: $31 <= 000038e4
@000038e0: $ 3 <= 00000010
@000038e8: $ 3 <= 000038f4
@000038f4: $10 <= 000038f4
@000038f8: $ 3 <= 00000000
@000038fc: $10 <= 00000000
@00003900: $18 <= ffffc727
@00003904: $18 <= 000038d8
@0000390c: $10 <= 00000000
@00003910: $18 <= 00000000
@00003914: $ 3 <= 00000000
@00003918: $18 <= 00000000
@0000391c: *0000000c <= 00000000
@00003920: $ 3 <= 00000000
@00003928: $18 <= 000027b7
@00003930: $18 <= 0000a9ce
@00003934: $10 <= 00000000
@00003938: $31 <= 00003940
@0000393c: $18 <= 00000010
@00003944: $18 <= 00003950
@00003950: $ 3 <= 80000000
@00003954: $18 <= 00000000
@00003958: $ 3 <= 00000000
@00003960: $ 3 <= 00000000
@00003968: $18 <= 0000b677
@0000396c: $ 3 <= 00000001
@00003970: $10 <= 00000000
@00003974: $10 <= 00000000
@0000397c: $18 <= 00000000
@00003980: $ 3 <= 00000001
@00003984: $10 <= 00000000
@00003988: $10 <= 00000000
@0000398c: $ 3 <= 000076e2
@00003998: $18 <= 00000000
@0000399c: $10 <= 00000000
@000039a0: $31 <= 000039a8
@000039a4: $18 <= 00000010
@000039ac: $18 <= 000039b8
@000039b8: $ 3 <= 00000000
@000039bc: *0000000c <= 00000000
@000039c4: $18 <= 00000000
@000039c8: *00000004 <= 00000000
@000039d0: $10 <= 00000000
@000039d4: $18 <= 00000000
@000039d8: *00000004 <= 00000000
@000039dc: $ 3 <= 00000000
@000039e0: *00000008 <= 00000000
@000039e8: $10 <= 00000000
@000039f4: $10 <= 00000000
@000039f8: $18 <= 00000001
@000039fc: $ 3 <= 00000000
@00003a00: $10 <= 00000000
@00003a04: $ 3 <= 00000000
@00003a08: $18 <= 00000000
@00003a0c: *00000008 <= 00000000
@00003a10: $18 <= 2e530000
@00003a14: $ 3 <= 2e530000
@00003a18: $18 <= 00000000
@00003a1c: $10 <= 00000000
@00003a24: $ 3 <= 2e52df6f
@00003a28: $18 <= 00000000
@00003a2c: $ 3 <= 00000000
@00003a30: $18 <= 00000000
@00003a34: $10 <= 00000001
@00003a38: $ 3 <= 00000000
@00003a3c: *00000004 <= 00000000
@00003a44: $10 <= 00000001
@00003a4c: $ 3 <= 00000000
@00003a50: $18 <= 00000000
@00003a54: *0000000c <= 00010000
@00003a60: $ 3 <= 00000000
@00003a64: $18 <= 00000000
@00003a68: *0000000c <= 01010000
@00003a6c: $18 <= 000030e7
@00003a70: $ 3 <= 00000000
@00003a74: $ 3 <= 00000000
@00003a7c: $18 <= 00000001
@00003a80: $10 <= 00000002
@00003a84: $ 3 <= 00000000
@00003a8c: $31 <= 00003a94
@00003a90: $10 <= 00000010
@00003a98: $10 <= 00003aa4
@00003aa8: $18 <= 00000000
@00003aac: $18 <= 00003aa4
@00003ab0: $10 <= 00003aa4
@00003ab4: $18 <= 00000000
@00003abc: $ 3 <= 00000000
@00003ac0: $ 3 <= 00003aa4
@00003ac4: $10 <= 00000000
@00003acc: $10 <= 00000000
@00003ad0: $10 <= 00000001
@00003ad4: $ 3 <= 00000000
@00003ad8: $10 <= 00000000
@00003adc: $31 <= 00003ae4
@00003ae0: $ 3 <= 00000010
@00003ae8: $ 3 <= 00003af4
@00003af4: $18 <= 00000000
@00003af8: $ 3 <= 00000000
@00003afc: $ 3 <= 00000000
@00003b00: *00000000 <= 00000000
@00003b04: $ 3 <= 00000000
@00003b08: $18 <= 00000000
@00003b0c: $18 <= 00000000
@00003b10: $ 3 <= fffff429
@00003b14: $10 <= 00000001
@00003b1c: $18 <= fffff429
@00003b20: $ 3 <= 00000000
@00003b24: *00000004 <= 0000f429
@00003b28: $10 <= 00000000
@00003b2c: *00000004 <= 0000f429
@00003b30: $10 <= 00000000
@00003b34: *00000000 <= 00000000
@00003b38: $10 <= fffff429
@00003b3c: $10 <= fffffcc9
@00003b44: $ 3 <= 00000000
@00003b50: $10 <= fa148000
@00003b54: $10 <= 00000000
@00003b58: $18 <= 00000000
@00003b5c: $ 3 <= 00000000
@00003b60: $ 3 <= 00000000
@00003b68: $18 <= 00000000
@00003b6c: $10 <= 00000000
@00003b70: $ 3 <= 00006c88
@00003b78: $ 3 <= 00000000
@00003b80: $18 <= 0000d678
@00003b84: $18 <= 00000000
@00003b88: $18 <= fffffff4
@00003b90: $18 <= 752e0000
@00003b98: $10 <= 752e0000
@00003ba0: $ 3 <= 00000001
@00003ba4: $ 3 <= 752df45c
@00003ba8: $ 3 <= 00000000
@00003bac: $ 3 <= 0000f429
@00003bb0: $10 <= 00000000
@00003bb8: $ 3 <= 00000000
@00003bc0: $18 <= 00000000
@00003bc4: $ 3 <= 00000000
@00003bc8: $ 3 <= 00000000
@00003bcc: $18 <= 3bf80000
@00003bd0: $18 <= 3bf80000
@00003bd8: $18 <= 00000000
@00003bdc: $ 3 <= 00000000
@00003be0: $18 <= 00000000
@00003be4: $10 <= fffff429
@00003bec: $ 3 <= 00005beb
@00003bf0: $18 <= 00005beb
@00003bf4: $10 <= fffff429
@00003bf8: $10 <= 00b7d600
@00003bfc: $18 <= 00000000
@00003c00: *00000000 <= 00b7d600
@00003c04: $18 <= 00000000
@00003c08: $18 <= 00000000
@00003c0c: $ 3 <= 00000000
@00003c14: $18 <= 00000000
@00003c1c: $10 <= 00000000
@00003c20: $18 <= 00000000
@00003c24: $18 <= 00000001
@00003c30: $ 3 <= 00000000
@00003c34: $10 <= 00000000
@00003c38: $ 3 <= 00b7d600
@00003c3c: $10 <= 00000001
@00003c44: $18 <= 00000000
@00003c48: $ 3 <= 00000000
@00003c4c: *0000000c <= 01000000
@00003c50: $ 3 <= ffffffff
@00003c58: $ 3 <= 00000000
@00003c5c: $10 <= 00000000
@00003c60: $10 <= 00000000
@00003c64: $ 3 <= 00000000
@00003c6c: $10 <= 00000000
@00003c70: $18 <= 00000000
@00003c74: $18 <= 00000000
@00003c78: $18 <= 00000000
@00003c7c: $10 <= 00000000
@00003c80: $ 3 <= 0000d897
@00003c88: $ 3 <= 00000000
@00003c8c: *00000008 <= 00000000
@00003c90: $18 <= 00000000
@00003c98: $18 <= 00000001
@00003c9c: $10 <= 00000000
@00003ca0: $10 <= 00000000
@00003ca4: $18 <= 00000000
@00003ca8: $31 <= 00003cb0
@00003cac: $10 <= 00000010
@00003cb4: $10 <= 00003cc0
@00003cc0: $10 <= 00000000
@00003cc4: $18 <= 00000000
@00003cc8: $18 <= 00000000
@00003ccc: $18 <= b30c0000
@00003cd0: $18 <= 00000000
@00003cd4: *0000000c <= 00000000
@00003cd8: $31 <= 00003ce0
@00003cdc: $18 <= 00000010
@00003ce4: $18 <= 00003cf0
@00003cf0: $ 3 <= 00000001
@00003cf4: $18 <= 00000000
@00003cfc: $10 <= 00000001
@00003d08: $ 3 <= 00000000
@00003d0c: $10 <= 00000000
@00003d10: $ 3 <= 00000000
@00003d14: *00000004 <= 00000029
@00003d18: $ 3 <= 00000000
@00003d1c: $ 3 <= 00000000
@00003d20: $18 <= 00000000
@00003d24: $18 <= 00000000
@00003d28: $18 <= 00000000
@00003d2c: $31 <= 00003d34
@00003d30: $10 <= 00000010
@00003d38: $10 <= 00003d44
@00003d3c: $18 <= 00003d44
@00003d44: $ 3 <= 00000000
@00003d48: $ 3 <= 00b7d600
@00003d50: $10 <= 00000000
@00003d54: $10 <= 00000000
@00003d58: $10 <= 00b7d600
@00003d5c: $18 <= 00b76102
@00003d60: $ 3 <= 00000000
@00003d64: $ 3 <= 00000000
@00003d68: $10 <= 00000029
@00003d6c: $ 3 <= 00000001
@00003d74: $ 3 <= 00000000
@00003d78: $18 <= 00b76102
@00003d80: $ 3 <= 00000000
@00003d84: *00000004 <= 00000029
@00003d88: $18 <= 0000000a
@00003d8c: $10 <= 00000000
@00003d90: $10 <= 00000000
@00003d94: $10 <= 00000000
@00003d98: $18 <= ffffd89a
@00003d9c: $18 <= ffffd89b
@00003da8: $18 <= ffffd89b
@00003db8: $18 <= ffffd89b
@00003dbc: $18 <= 00000000
@00003dc0: $10 <= 00000000
@00003dc4: $10 <= 00000000
@00003dc8: $31 <= 00003dd0
@00003dcc: $10 <= 00000010
@00003dd4: $10 <= 00003de0
@00003de0: $ 3 <= 00000000
@00003de4: $18 <= 00000000
@00003de8: $18 <= 00000000
@00003dec: $10 <= 00000000
@00003df0: $18 <= 00000000
@00003df4: $10 <= 00000000
@00003df8: $31 <= 00003e00
@00003dfc: $10 <= 00000010
@00003e04: $10 <= 00003e10
@00003e08: $10 <= 00003e10
@00003e10: $18 <= 00000000
@00003e24: $ 3 <= 00000000
@00003e28: $18 <= 00000000
@00003e2c: $10 <= ffffffff
@00003e40: $18 <= 00000001
@00003e48: $ 3 <= 00000000
@00003e4c: $ 3 <= 00000000
@00003e58: $18 <= ffff6755
@00003e5c: $18 <= ffffffff
@00003e60: $18 <= 00000000
@00003e64: $ 3 <= 00000000

