@00003000: $28 <= 00000000
@00003004: $29 <= 00000000
@00003008: $ 2 <= 00000000
@0000300c: *00000004 <= 00000000
@00003014: $ 2 <= 00000000
@00003018: $29 <= 00000000
@0000301c: $ 2 <= 00000000
@00003020: $11 <= 00000001
@00003028: $ 2 <= 00000000
@0000302c: $ 2 <= 00000000
@00003030: $11 <= 00000000
@00003034: *00000008 <= 00000000
@0000303c: $11 <= 00000000
@00003040: $ 2 <= 00000000
@00003044: $29 <= 00000001
@0000304c: $29 <= 37c20000
@00003050: $11 <= 00000000
@00003054: $29 <= 00000000
@00003058: *00000000 <= 00000000
@0000305c: $11 <= 00000000
@00003060: *00000004 <= 00000000
@00003064: $ 2 <= 00000000
@00003068: $ 2 <= 00000000
@0000306c: $ 2 <= 00000000
@00003070: $ 2 <= 00000000
@00003078: $29 <= 00000000
@0000307c: $29 <= 00000000
@00003080: $11 <= 00000000
@00003084: $ 2 <= 00000000
@0000308c: $11 <= 00000000
@00003090: $ 2 <= ffffbf13
@00003094: $29 <= 00000000
@00003098: $11 <= 00000000
@000030a0: $ 2 <= 00000000
@000030ac: $11 <= 00000000
@000030b0: *00000000 <= 00000000
@000030b4: $ 2 <= 00000000
@000030b8: $29 <= 00000000
@000030bc: $29 <= 00000000
@000030c0: $11 <= 00000000
@000030c4: *00000008 <= 00000000
@000030c8: $29 <= 00000000
@000030cc: $29 <= 00000000
@000030d4: $11 <= 00000000
@000030d8: $ 2 <= 00000000
@000030dc: $11 <= 00000000
@000030e0: $11 <= 00000001
@000030e8: $29 <= 00000001
@000030ec: $29 <= 00000000
@000030f0: *00000000 <= 00000001
@000030f8: $29 <= 00000000
@00003104: $11 <= 00000000
@00003108: $29 <= 00000000
@0000310c: $29 <= 00000000
@00003110: *00000004 <= 00000000
@00003114: $29 <= 00000000
@00003118: *00000000 <= 00000001
@0000311c: $29 <= 00000000
@00003120: $11 <= 00000000
@00003124: $11 <= 73f50000
@00003128: $ 2 <= 0e7ea000
@0000312c: $11 <= 00000000
@00003140: $ 2 <= 00000000
@00003144: *0000000c <= 00000000
@00003148: $29 <= 00000000
@0000314c: $11 <= 00000000
@00003150: $ 2 <= 00000000
@00003160: $ 2 <= 00000000
@00003164: $ 2 <= 00000001
@0000316c: $ 2 <= 000002d3
@00003180: $11 <= 000002d3
@00003184: $ 2 <= 00000000
@00003188: $ 2 <= 00000001
@0000318c: $29 <= 00000000
@00003190: $11 <= 00000000
@00003194: $11 <= 00000000
@0000319c: $ 2 <= 517d0000
@000031a0: $11 <= 0000a250
@000031a8: $11 <= 00000000
@000031ac: $ 2 <= 00000000
@000031b0: $ 2 <= 00000001
@000031b8: $ 2 <= 0000ca67
@000031bc: $29 <= 00000000
@000031c0: $29 <= 00000000
@000031c4: $31 <= 000031cc
@000031c8: $ 2 <= 00000010
@000031d0: $ 2 <= 000031dc
@000031dc: $11 <= 00000000
@000031ec: $ 2 <= 00000000
@000031f0: $ 2 <= 00000000
@000031f4: $11 <= 00000000
@000031f8: $11 <= 00000000
@000031fc: $ 2 <= 00000000
@00003200: $29 <= 00000000
@00003204: $11 <= 00000000
@00003208: $29 <= 00000000
@0000320c: $31 <= 00003214
@00003210: $11 <= 00000010
@00003218: $11 <= 00003224
@00003224: $ 2 <= 00003000
@00003228: $29 <= 00000000
@0000322c: $ 2 <= 00000000
@00003230: *0000000c <= 00000000
@00003234: $ 2 <= ffffcddc
@00003238: $11 <= 00000000
@0000323c: $ 2 <= ffffcddc
@00003240: $29 <= 00000000
@00003244: $ 2 <= 00000000
@0000324c: $ 2 <= 00000000
@00003250: $ 2 <= 00000000
@00003254: $29 <= 00000000
@00003258: $29 <= 00000000
@0000325c: *00000000 <= 00000000
@00003260: $11 <= 00000000
@00003264: *00000008 <= 00000000
@00003268: $ 2 <= 00000000
@0000326c: $ 2 <= 00007890
@00003270: $29 <= 00000000
@00003274: $11 <= 00000000
@00003278: *0000000c <= 00007890
@0000327c: $29 <= 00007890
@00003280: $29 <= 00000000
@00003284: *00000008 <= 00007890
@00003288: $11 <= 00000000
@0000328c: $11 <= 00000000
@00003290: $11 <= ffffad72
@00003294: $31 <= 0000329c
@00003298: $11 <= 00000010
@000032a0: $11 <= 000032ac
@000032a4: $29 <= 000032ac
@000032b0: $29 <= 00000000
@000032b4: $11 <= 00000000
@000032b8: $11 <= 00000000
@000032bc: $29 <= 00000000
@000032c0: $ 2 <= 00007890
@000032c4: $11 <= 00000000
@000032c8: *0000000c <= 00000000
@000032cc: $29 <= 00000001
@000032d0: $29 <= 08000000
@000032d4: $29 <= 00000000
@000032d8: $11 <= 00000000
@000032dc: $ 2 <= 00007890
@000032e0: $29 <= 00000000
@000032e4: $29 <= 00000000
@000032e8: $11 <= 00009a27
@000032ec: $29 <= 00000001
@000032f0: $29 <= 00009a27
@000032f4: $11 <= 00000000
@000032f8: $29 <= 00000134
@000032fc: $29 <= 00000000
@00003300: $ 2 <= 00000000
@00003310: $29 <= 051c0000
@00003314: $29 <= 00000000
@00003318: $29 <= 00007890
@0000331c: $ 2 <= 00000000
@00003328: $29 <= 00003c0b
@0000332c: $11 <= 00000000
@00003330: *00000000 <= 00000000
@00003334: $11 <= 00000000
@0000333c: $29 <= 00000000
@00003340: *00000008 <= 00007890
@00003344: $29 <= 00005aee
@00003348: $29 <= c9ad0000
@0000334c: $11 <= 00005ac7
@00003350: $11 <= 00000000
@00003354: $11 <= 36530000
@0000335c: $29 <= 00000001
@0000336c: $ 2 <= 00000000
@00003370: $29 <= 00000000
@0000337c: $29 <= 00000000
@00003380: *00000008 <= 00007890
@00003388: $ 2 <= 00000000
@0000338c: $11 <= 62180000
@00003394: $ 2 <= 00000000
@0000339c: $11 <= 00000000
@000033a4: $ 2 <= 00000000
@000033ac: $11 <= 00000000
@000033b0: $29 <= 00000001
@000033b8: $ 2 <= 00000000
@000033c0: $11 <= 00000000
@000033c8: $29 <= 00000000
@000033d0: $29 <= 079a0000
@000033d4: $ 2 <= 00000001
@000033d8: $ 2 <= b9010000
@000033dc: $11 <= 51150000
@000033e0: $ 2 <= 7c0f0000
@000033e8: $11 <= 00000000
@000033ec: $11 <= 00000001
@000033f4: $ 2 <= 00000000
@000033f8: *00000000 <= 00010000
@000033fc: $29 <= 00000000
@00003400: $ 2 <= 00007890
@00003404: $11 <= 00000000
@00003408: $ 2 <= 00000000
@0000340c: $11 <= 00000000
@00003410: *00000004 <= 00000000
@0000341c: $11 <= 00000000
@00003428: $29 <= 00000000
@0000342c: $11 <= 00000000
@00003430: $ 2 <= 00000000
@00003438: $ 2 <= 00000000
@0000343c: $29 <= 00000000
@00003440: $11 <= 00000000
@00003444: $29 <= 00000000
@00003448: $ 2 <= 00000000
@0000344c: $31 <= 00003454
@00003450: $ 2 <= 00000010
@00003458: $ 2 <= 00003464
@00003464: $ 2 <= 00000000
@0000346c: $29 <= 00000000
@00003470: $11 <= 00000000
@00003474: $ 2 <= 00000000
@00003478: $11 <= 00000000
@00003480: $11 <= 00000000
@0000348c: $29 <= 00000001
@00003490: $ 2 <= 00000000
@00003494: $29 <= 00000000
@00003498: $29 <= 00000000
@0000349c: $ 2 <= 00000000
@000034a0: $ 2 <= 00000001
@000034a8: $29 <= 00000000
@000034ac: *00000004 <= 00000000
@000034b0: $29 <= 00000000
@000034b4: $11 <= 00000001
@000034b8: $29 <= 00000000
@000034bc: $29 <= 00000001
@000034c0: $ 2 <= 00000001
@000034c4: $ 2 <= 00000001
@000034d0: $29 <= 00000000
@000034d8: $ 2 <= 00000000
@000034dc: *00000000 <= 00010000
@000034e4: $29 <= 00000000
@000034e8: $ 2 <= 00000001
@000034ec: $ 2 <= 00000001
@000034f0: $11 <= 00000000
@000034f8: $ 2 <= ffffffff
@00003500: $ 2 <= ffffffff
@00003510: $11 <= ffffffff
@00003514: $11 <= 00000000
@00003518: $ 2 <= ffffffff
@0000351c: $29 <= 00000000
@00003520: $11 <= 00000000
@00003524: *00000004 <= 00000000
@00003534: $29 <= 00000000
@00003538: $11 <= 00000001
@00003540: $11 <= 00000001
@0000354c: $11 <= 000041d1
@00003550: $ 2 <= 000041d0
@00003558: $11 <= 0000a972
@00003560: $ 2 <= 000041d1
@00003568: $ 2 <= 000041d1
@00003570: $11 <= 000041d1
@00003574: $11 <= 00001074
@00003578: $29 <= 00001074
@0000357c: $ 2 <= 00000000
@00003580: $ 2 <= 00001074
@00003588: $ 2 <= 00001074
@00003590: $11 <= 00001074
@00003594: $11 <= 00000000
@00003598: $11 <= 00000001
@000035a0: $11 <= 00000000
@000035a4: $ 2 <= 00000000
@000035a8: $29 <= 0000147c
@000035ac: $11 <= 00000001
@000035b4: $ 2 <= 00000000
@000035b8: $29 <= 00000000
@000035c0: $ 2 <= 00000000
@000035c4: $11 <= 00000001
@000035cc: $11 <= 00000000
@000035d0: $11 <= 00000000
@000035d8: $ 2 <= 00000000
@000035e8: $ 2 <= 00000000
@000035ec: $ 2 <= 00000000
@000035f0: $29 <= 00000000
@000035f4: $31 <= 000035fc
@000035f8: $ 2 <= 00000010
@00003600: $ 2 <= 0000360c
@00003604: $29 <= 0000360c
@0000360c: $11 <= 0000bf9c
@00003614: $29 <= 1ab70000
@0000361c: $29 <= 0000d18c
@00003620: $29 <= 0d18c000
@00003624: $ 2 <= 00000000
@00003628: $11 <= 00000000
@0000362c: *00000004 <= 00000000
@00003630: $29 <= 00000000
@00003634: $11 <= 00000000
@00003638: $ 2 <= 00000000
@0000363c: *0000000c <= 00000000
@00003640: $29 <= 00000000
@00003644: $11 <= 00000001
@0000364c: $ 2 <= 00000000
@00003654: $29 <= 00000000
@00003658: $29 <= 00000000
@0000365c: $ 2 <= 00000000
@00003660: *00000008 <= 00017890
@00003668: $ 2 <= 00000000
@0000366c: $11 <= 00000000
@00003670: $29 <= 00000000
@00003674: $11 <= 00000000
@00003678: $ 2 <= 00000000
@0000367c: $29 <= 00000000
@00003680: $11 <= 00000000
@00003684: $11 <= ffffffff
@00003688: $ 2 <= 00000001
@00003694: $29 <= ffffffff
@00003698: $11 <= ffffffff
@0000369c: $11 <= 00000002
@000036a0: $31 <= 000036a8
@000036a4: $29 <= 00000010
@000036ac: $29 <= 000036b8
@000036b8: $29 <= ffffc945
@000036bc: $11 <= ffffc945
@000036c8: $ 2 <= 00000000
@000036cc: $11 <= 00000000
@000036d0: $11 <= ffffffff
@000036d8: $11 <= 00000000
@000036e0: $ 2 <= 00000000
@000036e8: $ 2 <= 00000000
@000036ec: $29 <= 00000000
@000036f4: $11 <= 0000547d
@000036f8: $29 <= 00000000
@000036fc: $29 <= 00000000
@00003700: $11 <= 00000000
@00003708: $29 <= 00000000
@00003710: $11 <= 00000000
@00003714: $29 <= 00000000
@00003718: $29 <= 00000000
@00003720: $11 <= 00000000
@00003728: $11 <= 00000001
@00003730: $ 2 <= 00000000
@00003734: $ 2 <= 00000000
@0000373c: $29 <= 00000001
@00003744: $ 2 <= 00000000
@0000374c: $29 <= 00000000
@00003750: $11 <= 00007890
@00003758: $11 <= 00000000
@0000375c: $ 2 <= 00000000
@00003760: $11 <= 00000090
@00003764: $ 2 <= 00000000
@00003768: $29 <= 0000fc5b
@00003770: $29 <= 0000fc5b
@00003778: $11 <= 00000000
@0000377c: $11 <= 00000001
@00003780: $29 <= 00000000
@00003784: $29 <= 00000000
@00003788: $29 <= 00000001
@0000378c: $11 <= 00008595
@00003790: $11 <= fffffffe
@00003798: $11 <= ffffffff
@0000379c: $29 <= ffff87ce
@000037a0: $11 <= fffffffe
@000037a8: $29 <= 00000000
@000037ac: $11 <= 00000004
@000037b0: $11 <= 00000000
@000037b4: $ 2 <= 88400000
@000037b8: $11 <= 00000000
@000037bc: $11 <= 00000000
@000037c0: $29 <= 88404b9e
@000037c4: $29 <= 00000000
@000037c8: $ 2 <= 00000000
@000037cc: $ 2 <= 00000000
@000037d0: $29 <= 00000000
@000037d4: $29 <= 00000000
@000037d8: $11 <= 00000004
@000037dc: $11 <= 00000004
@000037e4: $ 2 <= 0000051c
@000037ec: $29 <= 0000051c
@000037f8: $ 2 <= 00000000
@00003804: $11 <= 000017c7
@00003808: $ 2 <= 00000000
@0000380c: $29 <= 00000000
@00003810: $29 <= 000017c7
@00003814: $11 <= 000017c7
@00003820: $29 <= 00000000
@00003824: $ 2 <= 00000000
@00003828: $11 <= 00000000
@00003830: $29 <= 00000000
@00003834: $ 2 <= 00000000
@00003838: $11 <= 00000000
@0000383c: $11 <= f6180000
@00003840: $29 <= fffff301
@00003844: $31 <= 0000384c
@00003848: $29 <= 00000010
@00003850: $29 <= 0000385c
@0000385c: $29 <= e2790000
@00003860: $11 <= 00000001
@00003868: $ 2 <= 0000259f
@0000386c: $29 <= 00000000
@00003870: *0000000c <= 0000259f
@00003874: $29 <= 00000001
@00003880: $ 2 <= 00000000
@00003884: $ 2 <= 00000000
@00003888: $11 <= 00000000
@00003890: $29 <= 00000000
@00003898: $ 2 <= 00000001
@000038a0: $ 2 <= 00000002
@000038a4: $ 2 <= 0000a917
@000038ac: $29 <= 00000000
@000038b0: $29 <= 00000000
@000038b4: $ 2 <= 00000000
@000038b8: $11 <= 00000001
@000038c4: $ 2 <= 00000000
@000038cc: $29 <= 00000001
@000038d0: $29 <= 00005862
@000038d4: $31 <= 000038dc
@000038d8: $11 <= 00000010
@000038e0: $11 <= 000038ec
@000038e4: $11 <= 000038ec
@000038f0: $29 <= 00005863
@000038f8: $29 <= 00000000
@000038fc: $ 2 <= 00000000
@00003904: $29 <= 00000000
@0000390c: $ 2 <= 00001589
@00003914: $11 <= 000038ed
@0000391c: $ 2 <= 000038ed
@00003920: $11 <= 00002861
@00003928: $29 <= 00000000
@00003938: $ 2 <= 00000000
@00003944: $29 <= 00000000
@0000394c: $29 <= 00000001
@00003950: $11 <= 00000000
@00003954: $ 2 <= 00000000
@00003958: $29 <= 00000000
@0000395c: $11 <= 00000000
@00003960: $29 <= 00000000
@00003964: $11 <= 00017890
@0000396c: $11 <= 00000000
@00003970: $11 <= 00007818
@00003974: $11 <= 00000000
@00003978: $29 <= 00000000
@00003980: $ 2 <= f18b0000
@00003988: $29 <= 00000000
@0000398c: $29 <= 00000001
@00003994: $ 2 <= 00000001
@000039a0: $29 <= 00000001
@000039a4: $29 <= fffffffe
@000039a8: $11 <= fffffffe
@000039ac: $29 <= 00000000
@000039b0: $11 <= fffffffe
@000039b4: $29 <= 00000003
@000039bc: $29 <= 00000003
@000039c4: $ 2 <= 40000000
@000039c8: $11 <= 3ffffffe
@000039cc: $ 2 <= 00000000
@000039d0: $11 <= 00000000
@000039d4: $29 <= 00000000
@000039d8: $29 <= 00000001
@000039e0: $ 2 <= 00000000
@000039e4: *00000000 <= 00010000
@000039e8: $29 <= 0000b451
@000039ec: $ 2 <= 00000000
@000039f0: $11 <= 00000000
@000039f8: $ 2 <= 3cfa0000
@00003a00: $ 2 <= 58a90000
@00003a04: $11 <= 00000000
@00003a0c: $11 <= ffff4bae
@00003a14: $29 <= 68ad0000
@00003a18: $29 <= 00000000
@00003a1c: $29 <= 00000000
@00003a20: $ 2 <= 58a90001
@00003a28: $ 2 <= 58a90001
@00003a30: $29 <= 00000001
@00003a34: $11 <= 00000002
@00003a38: $11 <= 00000000
@00003a3c: $ 2 <= 00000001
@00003a40: $ 2 <= 00000001
@00003a44: $11 <= 00000001
@00003a4c: $11 <= 00000010
@00003a54: $ 2 <= 00000000
@00003a64: $ 2 <= 00000000
@00003a68: $ 2 <= 00000000
@00003a6c: $29 <= ffffed2f
@00003a7c: $29 <= 00000010
@00003a8c: $ 2 <= 00000000
@00003a90: $11 <= 00000000
@00003a94: $ 2 <= 00000001
@00003a98: $11 <= 0000d1dc
@00003a9c: $ 2 <= 00000010
@00003aa0: $29 <= 0000d1dc
@00003aa4: $11 <= c0000000
@00003aa8: $11 <= 00000000
@00003aac: $ 2 <= 00000000
@00003ab0: *00000000 <= 00000000
@00003ab4: $ 2 <= 00000000
@00003abc: $29 <= ffffdf4f
@00003ac0: $ 2 <= 00000000
@00003ac4: $11 <= 00000000
@00003ac8: $11 <= 00000000
@00003acc: $11 <= 000ffffd
@00003ad0: $29 <= 00000000
@00003ad4: $29 <= 00000000
@00003ad8: $11 <= 00000000
@00003adc: $11 <= 00000001
@00003ae4: $29 <= 00000001
@00003af0: $11 <= 00000000
@00003af8: $ 2 <= 00000001
@00003b00: $11 <= 00000000
@00003b04: $29 <= 00000000
@00003b08: $11 <= 00000000
@00003b0c: $29 <= 00000000
@00003b10: $ 2 <= 00000001
@00003b14: $29 <= 00000001
@00003b18: $11 <= 00000000
@00003b24: $11 <= 0000e4df
@00003b28: $29 <= 00000000
@00003b2c: $11 <= 0000009f
@00003b30: $ 2 <= 00040000
@00003b38: $29 <= fffbffff
@00003b3c: $29 <= 00000000
@00003b40: $ 2 <= 00004d9f
@00003b48: $ 2 <= 0000c0cf
@00003b4c: $29 <= 0000c0cf
@00003b54: $11 <= 00000000
@00003b64: $ 2 <= 00000001
@00003b68: $11 <= 00000000
@00003b6c: $ 2 <= 00000000
@00003b70: $11 <= 00000000
@00003b74: *00000004 <= 00000000
@00003b78: $11 <= 00000000
@00003b7c: $29 <= 00000000
@00003b80: $ 2 <= 00000000
@00003b84: $11 <= 00000000
@00003b88: $11 <= 00000000
@00003b8c: $11 <= 00000000
@00003b90: $ 2 <= 00000000
@00003b94: $29 <= 00000000
@00003b98: $ 2 <= 00000000
@00003b9c: $29 <= 00000000
@00003ba0: $11 <= 00000000
@00003ba4: $29 <= 00000000
@00003bac: $29 <= 00000000
@00003bc4: $29 <= 00000000
@00003bc8: $ 2 <= 00000000
@00003bcc: $ 2 <= 00000000
@00003bd0: *00000004 <= 00000000
@00003bd8: $11 <= 00000000
@00003bdc: *00000008 <= 00007890
@00003be0: $11 <= 00000000
@00003be4: $29 <= 000036ff
@00003be8: $11 <= 000030d7
@00003bec: $29 <= 000036ff
@00003bf4: $ 2 <= 00000000
@00003bf8: $11 <= 00000000
@00003c00: $29 <= 00000000
@00003c10: $29 <= 00000000
@00003c14: $29 <= 00000000
@00003c18: $11 <= 00000000
@00003c1c: $ 2 <= 00000000
@00003c20: $29 <= 00000001
@00003c28: $29 <= 00000001
@00003c2c: $ 2 <= 00000000
@00003c30: $11 <= 00000000
@00003c34: $29 <= 06830000
@00003c38: $31 <= 00003c40
@00003c3c: $11 <= 00000010
@00003c44: $11 <= 00003c50
@00003c50: $29 <= 06830001
@00003c58: $ 2 <= 00000000
@00003c5c: *00000004 <= 00003c50
@00003c60: $ 2 <= 00000000
@00003c64: *0000000c <= 0000259f
@00003c68: $ 2 <= 00007efc
@00003c6c: $29 <= 00000000
@00003c70: *00000004 <= 00003cfc
@00003c78: $11 <= 00000000
@00003c7c: $ 2 <= 00000000
@00003c80: $11 <= 00000000
@00003c84: $ 2 <= 00006b66
@00003c88: $ 2 <= 00006b66
@00003c8c: $ 2 <= 00006b67
@00003c98: $ 2 <= 00006b67
@00003ca0: $11 <= 00000000
@00003ca4: $29 <= 00000000
@00003ca8: $11 <= 00000001
@00003cac: $29 <= 006b6700
@00003cb0: $29 <= 00000000
@00003cb4: $29 <= 00000000
@00003cb8: $11 <= 00000000
@00003cbc: $29 <= 00000000
@00003cc0: $11 <= 0000259f
@00003cc8: $ 2 <= 00000000
@00003cd4: $11 <= 1cc50000
@00003cdc: $11 <= 00000000
@00003ce0: $29 <= 00000000
@00003ce4: $11 <= 00000000
@00003cec: $ 2 <= 00000000
@00003cfc: $29 <= 00000000
@00003d08: $11 <= ffffc630
@00003d0c: $ 2 <= 00000000
@00003d10: $11 <= 0000003c
@00003d18: $11 <= 00000000
@00003d24: $11 <= 00000000
@00003d28: $ 2 <= 00000000
@00003d2c: $11 <= fffffffc
@00003d30: $11 <= 00000000
@00003d34: $11 <= 00000000
@00003d3c: $11 <= 00000000
@00003d40: $11 <= 00000000
@00003d44: $11 <= 00000000
@00003d48: $29 <= 00003cfc
@00003d4c: $11 <= ffffd49d
@00003d50: $ 2 <= 00000000
@00003d58: $11 <= 000079f8
@00003d64: $11 <= 00003cd4
@00003d6c: $11 <= 00004318
@00003d74: $ 2 <= 00004318
@00003d7c: $29 <= 00000000
@00003d84: $29 <= 00004318
@00003d88: $11 <= 00000000
@00003d8c: $11 <= 00000078
@00003d90: $ 2 <= 00000000
@00003d98: $29 <= 00000000
@00003da4: $29 <= 00000000
@00003da8: $11 <= 00000078
@00003dac: $ 2 <= 0000ec5c
@00003db0: $29 <= ffffff88
@00003db4: $29 <= 0000ebe4
@00003db8: $29 <= 00000000
@00003dbc: *00000000 <= 00000078
@00003dc0: $11 <= 00000000
@00003dc4: $ 2 <= 00000000
@00003dc8: $11 <= 00000000
@00003dcc: $11 <= 00000000
@00003dd0: $11 <= 00000001
@00003dd4: $11 <= 00000000
@00003ddc: $11 <= 00000000
@00003de4: $11 <= 00000000
@00003df8: $11 <= 00000000
@00003dfc: $11 <= 00007890
@00003e00: $11 <= 00000000
@00003e04: $11 <= 00000000
@00003e08: $29 <= 00000000
@00003e0c: $29 <= 00003cfc
@00003e10: $11 <= d2f50000
@00003e14: $11 <= 00000000
@00003e18: $ 2 <= 00000000
@00003e1c: $ 2 <= 0000259f
@00003e20: $29 <= 000079f8
@00003e24: $29 <= 00000000
@00003e28: *00000000 <= 0000259f
@00003e2c: $ 2 <= 00000000
@00003e30: *0000000c <= 0000009f
@00003e38: $11 <= 00000001
@00003e40: $29 <= 0000170d
@00003e44: $11 <= 00000000
